Copyright 1986-2020 Xilinx, Inc. All Rights Reserved.
-------------------------------------------------------------------------------------------------------------------------------------
| Tool Version : Vivado v.2020.1 (win64) Build 2902540 Wed May 27 19:54:49 MDT 2020
| Date         : Fri Nov 13 12:39:33 2020
| Host         : DESKTOP-0FF260C running 64-bit major release  (build 9200)
| Command      : report_utilization -file design_1_axi_vdma_1_0_utilization_synth.rpt -pb design_1_axi_vdma_1_0_utilization_synth.pb
| Design       : design_1_axi_vdma_1_0
| Device       : xczu2cgsfvc784-1
| Design State : Synthesized
-------------------------------------------------------------------------------------------------------------------------------------

Utilization Design Information

Table of Contents
-----------------
1. CLB Logic
1.1 Summary of Registers by Type
2. BLOCKRAM
3. ARITHMETIC
4. I/O
5. CLOCK
6. ADVANCED
7. CONFIGURATION
8. Primitives
9. Black Boxes
10. Instantiated Netlists

1. CLB Logic
------------

+----------------------------+------+-------+-----------+-------+
|          Site Type         | Used | Fixed | Available | Util% |
+----------------------------+------+-------+-----------+-------+
| CLB LUTs*                  | 2212 |     0 |     47232 |  4.68 |
|   LUT as Logic             | 1958 |     0 |     47232 |  4.15 |
|   LUT as Memory            |  254 |     0 |     28800 |  0.88 |
|     LUT as Distributed RAM |    8 |     0 |           |       |
|     LUT as Shift Register  |  246 |     0 |           |       |
| CLB Registers              | 3029 |     0 |     94464 |  3.21 |
|   Register as Flip Flop    | 3029 |     0 |     94464 |  3.21 |
|   Register as Latch        |    0 |     0 |     94464 |  0.00 |
| CARRY8                     |   31 |     0 |      8820 |  0.35 |
| F7 Muxes                   |    0 |     0 |     35280 |  0.00 |
| F8 Muxes                   |    0 |     0 |     17640 |  0.00 |
| F9 Muxes                   |    0 |     0 |      8820 |  0.00 |
+----------------------------+------+-------+-----------+-------+
* Warning! The Final LUT count, after physical optimizations and full implementation, is typically lower. Run opt_design after synthesis, if not already completed, for a more realistic count.


1.1 Summary of Registers by Type
--------------------------------

+-------+--------------+-------------+--------------+
| Total | Clock Enable | Synchronous | Asynchronous |
+-------+--------------+-------------+--------------+
| 0     |            _ |           - |            - |
| 0     |            _ |           - |          Set |
| 0     |            _ |           - |        Reset |
| 0     |            _ |         Set |            - |
| 0     |            _ |       Reset |            - |
| 0     |          Yes |           - |            - |
| 0     |          Yes |           - |          Set |
| 0     |          Yes |           - |        Reset |
| 76    |          Yes |         Set |            - |
| 2953  |          Yes |       Reset |            - |
+-------+--------------+-------------+--------------+


2. BLOCKRAM
-----------

+-------------------+------+-------+-----------+-------+
|     Site Type     | Used | Fixed | Available | Util% |
+-------------------+------+-------+-----------+-------+
| Block RAM Tile    |  7.5 |     0 |       150 |  5.00 |
|   RAMB36/FIFO*    |    7 |     0 |       150 |  4.67 |
|     FIFO36E2 only |    5 |       |           |       |
|     RAMB36E2 only |    2 |       |           |       |
|   RAMB18          |    1 |     0 |       300 |  0.33 |
|     RAMB18E2 only |    1 |       |           |       |
+-------------------+------+-------+-----------+-------+
* Note: Each Block RAM Tile only has one FIFO logic available and therefore can accommodate only one FIFO36E2 or one FIFO18E2. However, if a FIFO18E2 occupies a Block RAM Tile, that tile can still accommodate a RAMB18E2


3. ARITHMETIC
-------------

+-----------+------+-------+-----------+-------+
| Site Type | Used | Fixed | Available | Util% |
+-----------+------+-------+-----------+-------+
| DSPs      |    0 |     0 |       240 |  0.00 |
+-----------+------+-------+-----------+-------+


4. I/O
------

+------------+------+-------+-----------+-------+
|  Site Type | Used | Fixed | Available | Util% |
+------------+------+-------+-----------+-------+
| Bonded IOB |    0 |     0 |       252 |  0.00 |
+------------+------+-------+-----------+-------+


5. CLOCK
--------

+----------------------+------+-------+-----------+-------+
|       Site Type      | Used | Fixed | Available | Util% |
+----------------------+------+-------+-----------+-------+
| GLOBAL CLOCK BUFFERs |    0 |     0 |       196 |  0.00 |
|   BUFGCE             |    0 |     0 |        88 |  0.00 |
|   BUFGCE_DIV         |    0 |     0 |        12 |  0.00 |
|   BUFG_PS            |    0 |     0 |        72 |  0.00 |
|   BUFGCTRL*          |    0 |     0 |        24 |  0.00 |
| PLL                  |    0 |     0 |         6 |  0.00 |
| MMCM                 |    0 |     0 |         3 |  0.00 |
+----------------------+------+-------+-----------+-------+
* Note: Each used BUFGCTRL counts as two GLOBAL CLOCK BUFFERs. This table does not include global clocking resources, only buffer cell usage. See the Clock Utilization Report (report_clock_utilization) for detailed accounting of global clocking resource availability.


6. ADVANCED
-----------

+-----------+------+-------+-----------+-------+
| Site Type | Used | Fixed | Available | Util% |
+-----------+------+-------+-----------+-------+
| PS8       |    0 |     0 |         1 |  0.00 |
| SYSMONE4  |    0 |     0 |         1 |  0.00 |
+-----------+------+-------+-----------+-------+


7. CONFIGURATION
----------------

+-------------+------+-------+-----------+-------+
|  Site Type  | Used | Fixed | Available | Util% |
+-------------+------+-------+-----------+-------+
| BSCANE2     |    0 |     0 |         4 |  0.00 |
| DNA_PORTE2  |    0 |     0 |         1 |  0.00 |
| EFUSE_USR   |    0 |     0 |         1 |  0.00 |
| FRAME_ECCE4 |    0 |     0 |         1 |  0.00 |
| ICAPE3      |    0 |     0 |         2 |  0.00 |
| MASTER_JTAG |    0 |     0 |         1 |  0.00 |
| STARTUPE3   |    0 |     0 |         1 |  0.00 |
+-------------+------+-------+-----------+-------+


8. Primitives
-------------

+----------+------+---------------------+
| Ref Name | Used | Functional Category |
+----------+------+---------------------+
| FDRE     | 2953 |            Register |
| LUT6     |  473 |                 CLB |
| LUT3     |  434 |                 CLB |
| LUT5     |  405 |                 CLB |
| LUT4     |  358 |                 CLB |
| LUT2     |  337 |                 CLB |
| SRL16E   |  246 |                 CLB |
| LUT1     |  229 |                 CLB |
| FDSE     |   76 |            Register |
| CARRY8   |   31 |                 CLB |
| RAMD32   |   14 |                 CLB |
| FIFO36E2 |    5 |           Block Ram |
| RAMS32   |    2 |                 CLB |
| RAMB36E2 |    2 |           Block Ram |
| RAMB18E2 |    1 |           Block Ram |
+----------+------+---------------------+


9. Black Boxes
--------------

+----------+------+
| Ref Name | Used |
+----------+------+


10. Instantiated Netlists
-------------------------

+----------+------+
| Ref Name | Used |
+----------+------+


