Copyright 1986-2020 Xilinx, Inc. All Rights Reserved.
---------------------------------------------------------------------------------------------
| Tool Version : Vivado v.2020.1 (win64) Build 2902540 Wed May 27 19:54:49 MDT 2020
| Date         : Fri Nov 13 09:37:30 2020
| Host         : DESKTOP-0FF260C running 64-bit major release  (build 9200)
| Command      : report_control_sets -verbose -file design_1_wrapper_control_sets_placed.rpt
| Design       : design_1_wrapper
| Device       : xczu2cg
---------------------------------------------------------------------------------------------

Control Set Information

Table of Contents
-----------------
1. Summary
2. Histogram
3. Flip-Flop Distribution
4. Detailed Control Set Information

1. Summary
----------

+----------------------------------------------------------+-------+
|                          Status                          | Count |
+----------------------------------------------------------+-------+
| Total control sets                                       |    48 |
|    Minimum number of control sets                        |    48 |
|    Addition due to synthesis replication                 |     0 |
|    Addition due to physical synthesis replication        |     0 |
| Unused register locations in slices containing registers |    34 |
+----------------------------------------------------------+-------+
* Control sets can be merged at opt_design using control_set_merge or merge_equivalent_drivers
** Run report_qor_suggestions for automated merging and remapping suggestions


2. Histogram
------------

+--------------------+-------+
|       Fanout       | Count |
+--------------------+-------+
| Total control sets |    48 |
| >= 0 to < 4        |     4 |
| >= 4 to < 6        |     9 |
| >= 6 to < 8        |     2 |
| >= 8 to < 10       |    17 |
| >= 10 to < 12      |     0 |
| >= 12 to < 14      |     0 |
| >= 14 to < 16      |     0 |
| >= 16              |    16 |
+--------------------+-------+
* Control sets can be remapped at either synth_design or opt_design


3. Flip-Flop Distribution
-------------------------

+--------------+-----------------------+------------------------+-----------------+--------------+
| Clock Enable | Synchronous Set/Reset | Asynchronous Set/Reset | Total Registers | Total Slices |
+--------------+-----------------------+------------------------+-----------------+--------------+
| No           | No                    | No                     |             121 |           36 |
| No           | No                    | Yes                    |              97 |           16 |
| No           | Yes                   | No                     |              26 |           11 |
| Yes          | No                    | No                     |             318 |           43 |
| Yes          | No                    | Yes                    |               0 |            0 |
| Yes          | Yes                   | No                     |             192 |           31 |
+--------------+-----------------------+------------------------+-----------------+--------------+


4. Detailed Control Set Information
-----------------------------------

+--------------------------------------------+----------------------------------------------------------------------------------------------------------------------------------------------------------+------------------------------------------------------------------------------------------------------------------------------------+------------------+----------------+--------------+
|                Clock Signal                |                                                                       Enable Signal                                                                      |                                                          Set/Reset Signal                                                          | Slice Load Count | Bel Load Count | Bels / Slice |
+--------------------------------------------+----------------------------------------------------------------------------------------------------------------------------------------------------------+------------------------------------------------------------------------------------------------------------------------------------+------------------+----------------+--------------+
|  design_1_i/zynq_ultra_ps_e_0/inst/pl_clk0 | design_1_i/ax_pwm_0/inst/ax_pwm_v1_0_S00_AXI_inst/axi_arready0                                                                                           | design_1_i/rst_ps8_0_99M/U0/peripheral_aresetn[0]                                                                                  |                1 |              2 |         2.00 |
|  design_1_i/zynq_ultra_ps_e_0/inst/pl_clk0 | design_1_i/ps8_0_axi_periph/s00_couplers/auto_pc/inst/gen_axilite.gen_b2s_conv.axilite_b2s/WR.b_channel_0/bid_fifo_0/cnt_read[1]_i_1_n_0                 | design_1_i/ps8_0_axi_periph/s00_couplers/auto_pc/inst/gen_axilite.gen_b2s_conv.axilite_b2s/areset_d1                               |                1 |              2 |         2.00 |
|  design_1_i/zynq_ultra_ps_e_0/inst/pl_clk0 | design_1_i/ps8_0_axi_periph/s00_couplers/auto_pc/inst/gen_axilite.gen_b2s_conv.axilite_b2s/WR.b_channel_0/bid_fifo_0/E[0]                                | design_1_i/ps8_0_axi_periph/s00_couplers/auto_pc/inst/gen_axilite.gen_b2s_conv.axilite_b2s/areset_d1                               |                1 |              2 |         2.00 |
|  design_1_i/zynq_ultra_ps_e_0/inst/pl_clk0 | design_1_i/ax_pwm_0/inst/ax_pwm_v1_0_S00_AXI_inst/axi_awready0                                                                                           | design_1_i/rst_ps8_0_99M/U0/peripheral_aresetn[0]                                                                                  |                1 |              2 |         2.00 |
|  design_1_i/zynq_ultra_ps_e_0/inst/pl_clk0 |                                                                                                                                                          | design_1_i/rst_ps8_0_99M/U0/EXT_LPF/lpf_int                                                                                        |                1 |              4 |         4.00 |
|  design_1_i/zynq_ultra_ps_e_0/inst/pl_clk0 | design_1_i/ps8_0_axi_periph/s00_couplers/auto_pc/inst/gen_axilite.gen_b2s_conv.axilite_b2s/WR.aw_channel_0/aw_cmd_fsm_0/FSM_sequential_state_reg[0]_0[0] |                                                                                                                                    |                2 |              4 |         2.00 |
|  design_1_i/zynq_ultra_ps_e_0/inst/pl_clk0 |                                                                                                                                                          | design_1_i/ps8_0_axi_periph/s00_couplers/auto_pc/inst/gen_axilite.gen_b2s_conv.axilite_b2s/SI_REG/aw.aw_pipe/aresetn_d_reg[0]_1    |                2 |              4 |         2.00 |
|  design_1_i/zynq_ultra_ps_e_0/inst/pl_clk0 |                                                                                                                                                          | design_1_i/ps8_0_axi_periph/s00_couplers/auto_pc/inst/gen_axilite.gen_b2s_conv.axilite_b2s/SI_REG/ar.ar_pipe/aresetn_d_reg_n_0_[1] |                2 |              4 |         2.00 |
|  design_1_i/zynq_ultra_ps_e_0/inst/pl_clk0 | design_1_i/ps8_0_axi_periph/s00_couplers/auto_pc/inst/gen_axilite.gen_b2s_conv.axilite_b2s/WR.aw_channel_0/aw_cmd_fsm_0/sel_first_reg[0]                 |                                                                                                                                    |                2 |              4 |         2.00 |
|  design_1_i/zynq_ultra_ps_e_0/inst/pl_clk0 | design_1_i/ps8_0_axi_periph/s00_couplers/auto_pc/inst/gen_axilite.gen_b2s_conv.axilite_b2s/RD.ar_channel_0/ar_cmd_fsm_0/E[0]                             |                                                                                                                                    |                2 |              4 |         2.00 |
|  design_1_i/zynq_ultra_ps_e_0/inst/pl_clk0 | design_1_i/ps8_0_axi_periph/s00_couplers/auto_pc/inst/gen_axilite.gen_b2s_conv.axilite_b2s/RD.ar_channel_0/ar_cmd_fsm_0/sel_first_reg[0]                 |                                                                                                                                    |                2 |              4 |         2.00 |
|  design_1_i/zynq_ultra_ps_e_0/inst/pl_clk0 | design_1_i/ps8_0_axi_periph/s00_couplers/auto_pc/inst/gen_axilite.gen_b2s_conv.axilite_b2s/RD.r_channel_0/rd_data_fifo_0/cnt_read[4]_i_1_n_0             | design_1_i/ps8_0_axi_periph/s00_couplers/auto_pc/inst/gen_axilite.gen_b2s_conv.axilite_b2s/areset_d1                               |                1 |              5 |         5.00 |
|  design_1_i/zynq_ultra_ps_e_0/inst/pl_clk0 | design_1_i/ps8_0_axi_periph/s00_couplers/auto_pc/inst/gen_axilite.gen_b2s_conv.axilite_b2s/RD.r_channel_0/transaction_fifo_0/cnt_read[4]_i_1__0_n_0      | design_1_i/ps8_0_axi_periph/s00_couplers/auto_pc/inst/gen_axilite.gen_b2s_conv.axilite_b2s/areset_d1                               |                1 |              5 |         5.00 |
|  design_1_i/zynq_ultra_ps_e_0/inst/pl_clk0 |                                                                                                                                                          | design_1_i/ps8_0_axi_periph/s00_couplers/auto_pc/inst/gen_axilite.gen_b2s_conv.axilite_b2s/areset_d1                               |                4 |              6 |         1.50 |
|  design_1_i/zynq_ultra_ps_e_0/inst/pl_clk0 | design_1_i/rst_ps8_0_99M/U0/SEQ/seq_cnt_en                                                                                                               | design_1_i/rst_ps8_0_99M/U0/SEQ/seq_clr                                                                                            |                1 |              6 |         6.00 |
|  design_1_i/zynq_ultra_ps_e_0/inst/pl_clk0 | design_1_i/ax_pwm_0/inst/ax_pwm_v1_0_S00_AXI_inst/p_1_in[7]                                                                                              | design_1_i/rst_ps8_0_99M/U0/peripheral_aresetn[0]                                                                                  |                4 |              8 |         2.00 |
|  design_1_i/zynq_ultra_ps_e_0/inst/pl_clk0 | design_1_i/ax_pwm_0/inst/ax_pwm_v1_0_S00_AXI_inst/p_1_in[31]                                                                                             | design_1_i/rst_ps8_0_99M/U0/peripheral_aresetn[0]                                                                                  |                4 |              8 |         2.00 |
|  design_1_i/zynq_ultra_ps_e_0/inst/pl_clk0 | design_1_i/ax_pwm_0/inst/ax_pwm_v1_0_S00_AXI_inst/slv_reg0[31]_i_1_n_0                                                                                   | design_1_i/rst_ps8_0_99M/U0/peripheral_aresetn[0]                                                                                  |                5 |              8 |         1.60 |
|  design_1_i/zynq_ultra_ps_e_0/inst/pl_clk0 | design_1_i/ax_pwm_0/inst/ax_pwm_v1_0_S00_AXI_inst/slv_reg0[7]_i_1_n_0                                                                                    | design_1_i/rst_ps8_0_99M/U0/peripheral_aresetn[0]                                                                                  |                2 |              8 |         4.00 |
|  design_1_i/zynq_ultra_ps_e_0/inst/pl_clk0 | design_1_i/ax_pwm_0/inst/ax_pwm_v1_0_S00_AXI_inst/slv_reg0[23]_i_1_n_0                                                                                   | design_1_i/rst_ps8_0_99M/U0/peripheral_aresetn[0]                                                                                  |                2 |              8 |         4.00 |
|  design_1_i/zynq_ultra_ps_e_0/inst/pl_clk0 | design_1_i/ax_pwm_0/inst/ax_pwm_v1_0_S00_AXI_inst/slv_reg2[7]_i_1_n_0                                                                                    | design_1_i/rst_ps8_0_99M/U0/peripheral_aresetn[0]                                                                                  |                3 |              8 |         2.67 |
|  design_1_i/zynq_ultra_ps_e_0/inst/pl_clk0 | design_1_i/ax_pwm_0/inst/ax_pwm_v1_0_S00_AXI_inst/slv_reg1[23]_i_1_n_0                                                                                   | design_1_i/rst_ps8_0_99M/U0/peripheral_aresetn[0]                                                                                  |                2 |              8 |         4.00 |
|  design_1_i/zynq_ultra_ps_e_0/inst/pl_clk0 | design_1_i/ax_pwm_0/inst/ax_pwm_v1_0_S00_AXI_inst/slv_reg2[31]_i_1_n_0                                                                                   | design_1_i/rst_ps8_0_99M/U0/peripheral_aresetn[0]                                                                                  |                4 |              8 |         2.00 |
|  design_1_i/zynq_ultra_ps_e_0/inst/pl_clk0 | design_1_i/ax_pwm_0/inst/ax_pwm_v1_0_S00_AXI_inst/slv_reg2[15]_i_1_n_0                                                                                   | design_1_i/rst_ps8_0_99M/U0/peripheral_aresetn[0]                                                                                  |                5 |              8 |         1.60 |
|  design_1_i/zynq_ultra_ps_e_0/inst/pl_clk0 | design_1_i/ax_pwm_0/inst/ax_pwm_v1_0_S00_AXI_inst/slv_reg0[15]_i_1_n_0                                                                                   | design_1_i/rst_ps8_0_99M/U0/peripheral_aresetn[0]                                                                                  |                4 |              8 |         2.00 |
|  design_1_i/zynq_ultra_ps_e_0/inst/pl_clk0 | design_1_i/ax_pwm_0/inst/ax_pwm_v1_0_S00_AXI_inst/p_1_in[15]                                                                                             | design_1_i/rst_ps8_0_99M/U0/peripheral_aresetn[0]                                                                                  |                5 |              8 |         1.60 |
|  design_1_i/zynq_ultra_ps_e_0/inst/pl_clk0 | design_1_i/ax_pwm_0/inst/ax_pwm_v1_0_S00_AXI_inst/slv_reg1[7]_i_1_n_0                                                                                    | design_1_i/rst_ps8_0_99M/U0/peripheral_aresetn[0]                                                                                  |                3 |              8 |         2.67 |
|  design_1_i/zynq_ultra_ps_e_0/inst/pl_clk0 | design_1_i/ps8_0_axi_periph/s00_couplers/auto_pc/inst/gen_axilite.gen_b2s_conv.axilite_b2s/WR.b_channel_0/mhandshake_r                                   | design_1_i/ps8_0_axi_periph/s00_couplers/auto_pc/inst/gen_axilite.gen_b2s_conv.axilite_b2s/WR.b_channel_0/bid_fifo_0/SR[0]         |                2 |              8 |         4.00 |
|  design_1_i/zynq_ultra_ps_e_0/inst/pl_clk0 | design_1_i/ax_pwm_0/inst/ax_pwm_v1_0_S00_AXI_inst/slv_reg1[15]_i_1_n_0                                                                                   | design_1_i/rst_ps8_0_99M/U0/peripheral_aresetn[0]                                                                                  |                3 |              8 |         2.67 |
|  design_1_i/zynq_ultra_ps_e_0/inst/pl_clk0 | design_1_i/ax_pwm_0/inst/ax_pwm_v1_0_S00_AXI_inst/slv_reg1[31]_i_1_n_0                                                                                   | design_1_i/rst_ps8_0_99M/U0/peripheral_aresetn[0]                                                                                  |                4 |              8 |         2.00 |
|  design_1_i/zynq_ultra_ps_e_0/inst/pl_clk0 | design_1_i/ax_pwm_0/inst/ax_pwm_v1_0_S00_AXI_inst/p_1_in[23]                                                                                             | design_1_i/rst_ps8_0_99M/U0/peripheral_aresetn[0]                                                                                  |                4 |              8 |         2.00 |
|  design_1_i/zynq_ultra_ps_e_0/inst/pl_clk0 | design_1_i/ax_pwm_0/inst/ax_pwm_v1_0_S00_AXI_inst/slv_reg2[23]_i_1_n_0                                                                                   | design_1_i/rst_ps8_0_99M/U0/peripheral_aresetn[0]                                                                                  |                4 |              8 |         2.00 |
|  design_1_i/zynq_ultra_ps_e_0/inst/pl_clk0 | design_1_i/ps8_0_axi_periph/s00_couplers/auto_pc/inst/gen_axilite.gen_b2s_conv.axilite_b2s/SI_REG/b.b_pipe/p_1_in                                        |                                                                                                                                    |                3 |             16 |         5.33 |
|  design_1_i/zynq_ultra_ps_e_0/inst/pl_clk0 | design_1_i/ps8_0_axi_periph/s00_couplers/auto_pc/inst/gen_axilite.gen_b2s_conv.axilite_b2s/SI_REG/b.b_pipe/s_ready_i_reg_0                               |                                                                                                                                    |                3 |             16 |         5.33 |
|  design_1_i/zynq_ultra_ps_e_0/inst/pl_clk0 | design_1_i/ps8_0_axi_periph/s00_couplers/auto_pc/inst/gen_axilite.gen_b2s_conv.axilite_b2s/RD.ar_channel_0/ar_cmd_fsm_0/m_valid_i_reg[0]                 |                                                                                                                                    |                4 |             16 |         4.00 |
|  design_1_i/zynq_ultra_ps_e_0/inst/pl_clk0 | design_1_i/ps8_0_axi_periph/s00_couplers/auto_pc/inst/gen_axilite.gen_b2s_conv.axilite_b2s/WR.aw_channel_0/aw_cmd_fsm_0/E[0]                             |                                                                                                                                    |                5 |             16 |         3.20 |
|  design_1_i/zynq_ultra_ps_e_0/inst/pl_clk0 | design_1_i/ps8_0_axi_periph/s00_couplers/auto_pc/inst/gen_axilite.gen_b2s_conv.axilite_b2s/RD.r_channel_0/r_push_r                                       |                                                                                                                                    |                3 |             17 |         5.67 |
|  design_1_i/zynq_ultra_ps_e_0/inst/pl_clk0 | design_1_i/ps8_0_axi_periph/s00_couplers/auto_pc/inst/gen_axilite.gen_b2s_conv.axilite_b2s/WR.aw_channel_0/aw_cmd_fsm_0/cnt_read_reg[0]                  |                                                                                                                                    |                2 |             24 |        12.00 |
|  design_1_i/zynq_ultra_ps_e_0/inst/pl_clk0 | design_1_i/ax_pwm_0/inst/ax_pwm_v1_0_S00_AXI_inst/slv_reg_rden__0                                                                                        | design_1_i/rst_ps8_0_99M/U0/peripheral_aresetn[0]                                                                                  |               17 |             32 |         1.88 |
|  design_1_i/zynq_ultra_ps_e_0/inst/pl_clk0 | design_1_i/ps8_0_axi_periph/s00_couplers/auto_pc/inst/gen_axilite.gen_b2s_conv.axilite_b2s/RD.r_channel_0/rd_data_fifo_0/wr_en0                          |                                                                                                                                    |                4 |             32 |         8.00 |
|  design_1_i/zynq_ultra_ps_e_0/inst/pl_clk0 | design_1_i/ps8_0_axi_periph/s00_couplers/auto_pc/inst/gen_axilite.gen_b2s_conv.axilite_b2s/SI_REG/ar.ar_pipe/s_ready_i_reg_0                             |                                                                                                                                    |                9 |             35 |         3.89 |
|  design_1_i/zynq_ultra_ps_e_0/inst/pl_clk0 | design_1_i/ps8_0_axi_periph/s00_couplers/auto_pc/inst/gen_axilite.gen_b2s_conv.axilite_b2s/SI_REG/aw.aw_pipe/s_ready_i_reg_0                             |                                                                                                                                    |                9 |             35 |         3.89 |
|  design_1_i/zynq_ultra_ps_e_0/inst/pl_clk0 | design_1_i/ps8_0_axi_periph/s00_couplers/auto_pc/inst/gen_axilite.gen_b2s_conv.axilite_b2s/RD.ar_channel_0/ar_cmd_fsm_0/m_valid_i_reg_0[0]               |                                                                                                                                    |                9 |             35 |         3.89 |
|  design_1_i/zynq_ultra_ps_e_0/inst/pl_clk0 | design_1_i/ps8_0_axi_periph/s00_couplers/auto_pc/inst/gen_axilite.gen_b2s_conv.axilite_b2s/WR.aw_channel_0/aw_cmd_fsm_0/m_valid_i_reg[0]                 |                                                                                                                                    |                9 |             35 |         3.89 |
|  design_1_i/zynq_ultra_ps_e_0/inst/pl_clk0 | design_1_i/ps8_0_axi_periph/s00_couplers/auto_pc/inst/gen_axilite.gen_b2s_conv.axilite_b2s/SI_REG/r.r_pipe/si_rs_rready                                  |                                                                                                                                    |                9 |             49 |         5.44 |
|  design_1_i/zynq_ultra_ps_e_0/inst/pl_clk0 | design_1_i/ps8_0_axi_periph/s00_couplers/auto_pc/inst/gen_axilite.gen_b2s_conv.axilite_b2s/SI_REG/r.r_pipe/p_1_in                                        |                                                                                                                                    |                8 |             49 |         6.13 |
|  design_1_i/zynq_ultra_ps_e_0/inst/pl_clk0 |                                                                                                                                                          | design_1_i/rst_ps8_0_99M/U0/peripheral_aresetn[0]                                                                                  |               20 |            105 |         5.25 |
|  design_1_i/zynq_ultra_ps_e_0/inst/pl_clk0 |                                                                                                                                                          |                                                                                                                                    |               37 |            122 |         3.30 |
+--------------------------------------------+----------------------------------------------------------------------------------------------------------------------------------------------------------+------------------------------------------------------------------------------------------------------------------------------------+------------------+----------------+--------------+


