Copyright 1986-2020 Xilinx, Inc. All Rights Reserved.
-----------------------------------------------------------------------------------------
| Tool Version      : Vivado v.2020.1 (win64) Build 2902540 Wed May 27 19:54:49 MDT 2020
| Date              : Mon Nov  2 18:17:03 2020
| Host              : DESKTOP-0FF260C running 64-bit major release  (build 9200)
| Command           : report_clock_utilization -file led_clock_utilization_routed.rpt
| Design            : led
| Device            : xczu2cg-sfvc784
| Speed File        : -1  PRODUCTION 1.27 02-28-2020
| Temperature Grade : I
| Design State      : Routed
-----------------------------------------------------------------------------------------

Clock Utilization Report

Table of Contents
-----------------
1. Clock Primitive Utilization
2. Global Clock Resources
3. Global Clock Source Details
4. Clock Regions : Clock Primitives
5. Clock Regions : Load Primitives
6. Clock Regions : Global Clock Summary
7. Clock Regions : Routing Resource Utilization
8. Device Cell Placement Summary for Global Clock g0
9. Device Cell Placement Summary for Global Clock g1
10. Clock Region Cell Placement per Global Clock: Region X0Y1
11. Clock Region Cell Placement per Global Clock: Region X1Y1
12. Clock Region Cell Placement per Global Clock: Region X0Y2
13. Clock Region Cell Placement per Global Clock: Region X1Y2

1. Clock Primitive Utilization
------------------------------

+------------+------+-----------+-----+--------------+--------+
| Type       | Used | Available | LOC | Clock Region | Pblock |
+------------+------+-----------+-----+--------------+--------+
| BUFGCE     |    2 |        88 |   0 |            0 |      0 |
| BUFGCE_DIV |    0 |        12 |   0 |            0 |      0 |
| BUFGCTRL   |    0 |        24 |   0 |            0 |      0 |
| MMCM       |    0 |         3 |   0 |            0 |      0 |
| PLL        |    0 |         6 |   0 |            0 |      0 |
+------------+------+-----------+-----+--------------+--------+


2. Global Clock Resources
-------------------------

+-----------+-----------+-----------------+------------+------------------+--------------+------+-------------------+-------------------+-------------+-----------------+--------------+-----------------------------------------------------------------------------------------------------+----------------------------------------------------------------------+----------------------------------------+
| Global Id | Source Id | Driver Type/Pin | Constraint | Site             | Clock Region | Root | Clock Delay Group | Load Clock Region | Clock Loads | Non-Clock Loads | Clock Period | Clock                                                                                               | Driver Pin                                                           | Net                                    |
+-----------+-----------+-----------------+------------+------------------+--------------+------+-------------------+-------------------+-------------+-----------------+--------------+-----------------------------------------------------------------------------------------------------+----------------------------------------------------------------------+----------------------------------------+
| g0        | src0      | BUFGCE/O        | None       | BUFGCE_HDIO_X2Y0 | X1Y0         | X0Y1 |                   |                 4 |        1634 |               0 |       40.000 | sys_clk                                                                                             | sys_clk_IBUF_BUFG_inst/O                                             | sys_clk_IBUF_BUFG                      |
| g1        | src1      | BUFGCE/O        | None       | BUFGCE_X0Y8      | X1Y0         | X0Y1 |                   |                 4 |         460 |               0 |       50.000 | dbg_hub/inst/BSCANID.u_xsdbm_id/SWITCH_N_EXT_BSCAN.bscan_inst/SERIES7_BSCAN.bscan_inst/INTERNAL_TCK | dbg_hub/inst/BSCANID.u_xsdbm_id/SWITCH_N_EXT_BSCAN.u_bufg_icon_tck/O | dbg_hub/inst/BSCANID.u_xsdbm_id/itck_i |
+-----------+-----------+-----------------+------------+------------------+--------------+------+-------------------+-------------------+-------------+-----------------+--------------+-----------------------------------------------------------------------------------------------------+----------------------------------------------------------------------+----------------------------------------+
* Clock Loads column represents the clock pin loads (pin count)
** Non-Clock Loads column represents the non-clock pin loads (pin count)


3. Global Clock Source Details
------------------------------

+-----------+-----------+-----------------+------------+------------------+--------------+-------------+-----------------+---------------------+-----------------------------------------------------------------------------------------------------+--------------------------------------------------------------------------------------------+----------------------------------------------------------------------+
| Source Id | Global Id | Driver Type/Pin | Constraint | Site             | Clock Region | Clock Loads | Non-Clock Loads | Source Clock Period | Source Clock                                                                                        | Driver Pin                                                                                 | Net                                                                  |
+-----------+-----------+-----------------+------------+------------------+--------------+-------------+-----------------+---------------------+-----------------------------------------------------------------------------------------------------+--------------------------------------------------------------------------------------------+----------------------------------------------------------------------+
| src0      | g0        | IBUFCTRL/O      | IOB_X1Y28  | IOB_X1Y28        | X1Y0         |           1 |               0 |              40.000 | sys_clk                                                                                             | sys_clk_IBUF_inst/IBUFCTRL_INST/O                                                          | sys_clk_IBUF_inst/O                                                  |
| src1      | g1        | BSCANE2/TCK     | None       | CONFIG_SITE_X0Y0 | X1Y1         |           1 |               0 |              50.000 | dbg_hub/inst/BSCANID.u_xsdbm_id/SWITCH_N_EXT_BSCAN.bscan_inst/SERIES7_BSCAN.bscan_inst/INTERNAL_TCK | dbg_hub/inst/BSCANID.u_xsdbm_id/SWITCH_N_EXT_BSCAN.bscan_inst/SERIES7_BSCAN.bscan_inst/TCK | dbg_hub/inst/BSCANID.u_xsdbm_id/SWITCH_N_EXT_BSCAN.bscan_inst/tck_bs |
+-----------+-----------+-----------------+------------+------------------+--------------+-------------+-----------------+---------------------+-----------------------------------------------------------------------------------------------------+--------------------------------------------------------------------------------------------+----------------------------------------------------------------------+
* Clock Loads column represents the clock pin loads (pin count)
** Non-Clock Loads column represents the non-clock pin loads (pin count)


4. Clock Regions : Clock Primitives
-----------------------------------

+-------------------+---------------+---------------+---------------+---------------+---------------+---------------+---------------+
|                   |  Global Clock |     BUFGCE    |   BUFGCE_DIV  |    BUFGCTRL   |    BUFG_GT    |      MMCM     |      PLL      |
+-------------------+-------+-------+-------+-------+-------+-------+-------+-------+-------+-------+-------+-------+-------+-------+
| Clock Region Name | Used  | Avail | Used  | Avail | Used  | Avail | Used  | Avail | Used  | Avail | Used  | Avail | Used  | Avail |
+-------------------+-------+-------+-------+-------+-------+-------+-------+-------+-------+-------+-------+-------+-------+-------+
| X0Y0              |     0 |    24 |     0 |     4 |     0 |     0 |     0 |     0 |     0 |     0 |     0 |     0 |     0 |     0 |
| X1Y0              |     0 |    24 |     2 |    28 |     0 |     4 |     0 |     8 |     0 |     0 |     0 |     1 |     0 |     2 |
| X0Y1              |     2 |    24 |     0 |     4 |     0 |     0 |     0 |     0 |     0 |     0 |     0 |     0 |     0 |     0 |
| X1Y1              |     2 |    24 |     0 |    24 |     0 |     4 |     0 |     8 |     0 |     0 |     0 |     1 |     0 |     2 |
| X0Y2              |     2 |    24 |     0 |     4 |     0 |     0 |     0 |     0 |     0 |     0 |     0 |     0 |     0 |     0 |
| X1Y2              |     2 |    24 |     0 |    24 |     0 |     4 |     0 |     8 |     0 |     0 |     0 |     1 |     0 |     2 |
+-------------------+-------+-------+-------+-------+-------+-------+-------+-------+-------+-------+-------+-------+-------+-------+
* Global Clock column represents track count; while other columns represents cell counts


5. Clock Regions : Load Primitives
----------------------------------

+-------------------+------------------+------------------+------------------+------------------+------------------+------------------+------------------+
|                   |   Global Clock   |        FF        |      LUTRAM      |  Block RAM (18K) |        DSP       |        GT        |      HARD IP     |
+-------------------+--------+---------+--------+---------+--------+---------+--------+---------+--------+---------+--------+---------+--------+---------+
| Clock Region Name | Used   | Avail   | Used   | Avail   | Used   | Avail   | Used   | Avail   | Used   | Avail   | Used   | Avail   | Used   | Avail   |
+-------------------+--------+---------+--------+---------+--------+---------+--------+---------+--------+---------+--------+---------+--------+---------+
| X0Y0              |      0 |      24 |      0 |   27840 |      0 |    4800 |      0 |      72 |      0 |      72 |      0 |       0 |      0 |       0 |
| X1Y0              |      0 |      24 |      0 |   19200 |      0 |    4800 |      0 |      72 |      0 |      48 |      0 |       0 |      0 |       0 |
| X0Y1              |      2 |      24 |    342 |   27840 |      3 |    4800 |      0 |      72 |      0 |      72 |      0 |       0 |      0 |       0 |
| X1Y1              |      2 |      24 |   1303 |   19200 |     62 |    4800 |      3 |      72 |      0 |      48 |      0 |       0 |      0 |       0 |
| X0Y2              |      2 |      24 |     37 |   27840 |      0 |    4800 |      0 |      72 |      0 |      72 |      0 |       0 |      0 |       0 |
| X1Y2              |      2 |      24 |    291 |   19200 |      0 |    4800 |      0 |      72 |      0 |      48 |      0 |       0 |      0 |       0 |
+-------------------+--------+---------+--------+---------+--------+---------+--------+---------+--------+---------+--------+---------+--------+---------+
* Global Clock column represents track count; while other columns represents cell counts


6. Clock Regions : Global Clock Summary
---------------------------------------

All Modules
+----+----+----+
|    | X0 | X1 |
+----+----+----+
| Y2 |  2 |  2 |
| Y1 |  2 |  2 |
| Y0 |  0 |  0 |
+----+----+----+


7. Clock Regions : Routing Resource Utilization
-----------------------------------------------

All Modules
+-------------------+----------------------+----------------------+----------------------+----------------------+
|                   |        HROUTES       |        HDISTRS       |        VROUTES       |        VDISTRS       |
+-------------------+------+-------+-------+------+-------+-------+------+-------+-------+------+-------+-------+
| Clock Region Name | Used | Avail | Util% | Used | Avail | Util% | Used | Avail | Util% | Used | Avail | Util% |
+-------------------+------+-------+-------+------+-------+-------+------+-------+-------+------+-------+-------+
| X0Y0              |    4 |    24 | 16.67 |    0 |    24 |  0.00 |    0 |    24 |  0.00 |    0 |    24 |  0.00 |
| X1Y0              |    3 |    24 | 12.50 |    0 |    24 |  0.00 |    0 |    24 |  0.00 |    0 |    24 |  0.00 |
| X0Y1              |    0 |    24 |  0.00 |    2 |    24 |  8.33 |    2 |    24 |  8.33 |    2 |    24 |  8.33 |
| X1Y1              |    0 |    24 |  0.00 |    2 |    24 |  8.33 |    0 |    24 |  0.00 |    0 |    24 |  0.00 |
| X0Y2              |    0 |    24 |  0.00 |    2 |    24 |  8.33 |    0 |    24 |  0.00 |    0 |    24 |  0.00 |
| X1Y2              |    0 |    24 |  0.00 |    2 |    24 |  8.33 |    0 |    24 |  0.00 |    0 |    24 |  0.00 |
+-------------------+------+-------+-------+------+-------+-------+------+-------+-------+------+-------+-------+


8. Device Cell Placement Summary for Global Clock g0
----------------------------------------------------

+-----------+-----------------+-------------------+---------+-------------+----------------+----------+-------------+----------+----------------+----------+-------------------+
| Global Id | Driver Type/Pin | Driver Region (D) | Clock   | Period (ns) | Waveform (ns)  | Root (R) | Slice Loads | IO Loads | Clocking Loads | GT Loads | Net               |
+-----------+-----------------+-------------------+---------+-------------+----------------+----------+-------------+----------+----------------+----------+-------------------+
| g0        | BUFGCE/O        | X1Y0              | sys_clk |      40.000 | {0.000 20.000} | X0Y1     |        1582 |        0 |              0 |        0 | sys_clk_IBUF_BUFG |
+-----------+-----------------+-------------------+---------+-------------+----------------+----------+-------------+----------+----------------+----------+-------------------+
* Slice Loads column represents load cell count of all cell types other than IO, GT and clock resources
** IO Loads column represents load cell count of IO types
*** Clocking Loads column represents load cell count that are clock resources (global clock buffer, MMCM, PLL, etc)
**** GT Loads column represents load cell count of GT types


+----+---------+--------+
|    | X0      | X1     |
+----+---------+--------+
| Y2 |      17 |    142 |
| Y1 | (R) 338 |   1085 |
| Y0 |       0 |  (D) 0 |
+----+---------+--------+


9. Device Cell Placement Summary for Global Clock g1
----------------------------------------------------

+-----------+-----------------+-------------------+-----------------------------------------------------------------------------------------------------+-------------+----------------+----------+-------------+----------+----------------+----------+----------------------------------------+
| Global Id | Driver Type/Pin | Driver Region (D) | Clock                                                                                               | Period (ns) | Waveform (ns)  | Root (R) | Slice Loads | IO Loads | Clocking Loads | GT Loads | Net                                    |
+-----------+-----------------+-------------------+-----------------------------------------------------------------------------------------------------+-------------+----------------+----------+-------------+----------+----------------+----------+----------------------------------------+
| g1        | BUFGCE/O        | X1Y0              | dbg_hub/inst/BSCANID.u_xsdbm_id/SWITCH_N_EXT_BSCAN.bscan_inst/SERIES7_BSCAN.bscan_inst/INTERNAL_TCK |      50.000 | {0.000 25.000} | X0Y1     |         458 |        0 |              0 |        0 | dbg_hub/inst/BSCANID.u_xsdbm_id/itck_i |
+-----------+-----------------+-------------------+-----------------------------------------------------------------------------------------------------+-------------+----------------+----------+-------------+----------+----------------+----------+----------------------------------------+
* Slice Loads column represents load cell count of all cell types other than IO, GT and clock resources
** IO Loads column represents load cell count of IO types
*** Clocking Loads column represents load cell count that are clock resources (global clock buffer, MMCM, PLL, etc)
**** GT Loads column represents load cell count of GT types


+----+-------+--------+
|    | X0    | X1     |
+----+-------+--------+
| Y2 |    20 |    149 |
| Y1 | (R) 7 |    282 |
| Y0 |     0 |  (D) 0 |
+----+-------+--------+


10. Clock Region Cell Placement per Global Clock: Region X0Y1
-------------------------------------------------------------

+-----------+-------+-----------------+------------+-------------+-----------------+-----+--------+------+-----+----+------+-----+---------+----------------------------------------+
| Global Id | Track | Driver Type/Pin | Constraint | Clock Loads | Non-Clock Loads | FF  | LUTRAM | RAMB | DSP | GT | MMCM | PLL | Hard IP | Net                                    |
+-----------+-------+-----------------+------------+-------------+-----------------+-----+--------+------+-----+----+------+-----+---------+----------------------------------------+
| g0        | 2     | BUFGCE/O        | None       |         338 |               0 | 335 |      3 |    0 |   0 |  0 |    0 |   0 |       0 | sys_clk_IBUF_BUFG                      |
| g1        | 8     | BUFGCE/O        | None       |           7 |               0 |   7 |      0 |    0 |   0 |  0 |    0 |   0 |       0 | dbg_hub/inst/BSCANID.u_xsdbm_id/itck_i |
+-----------+-------+-----------------+------------+-------------+-----------------+-----+--------+------+-----+----+------+-----+---------+----------------------------------------+
* Clock Loads column represents the clock pin loads (pin count)
** Non-Clock Loads column represents the non-clock pin loads (pin count)
*** Columns FF, LUTRAM, RAMB through 'Hard IP' represents load cell counts


11. Clock Region Cell Placement per Global Clock: Region X1Y1
-------------------------------------------------------------

+-----------+-------+-----------------+------------+-------------+-----------------+------+--------+------+-----+----+------+-----+---------+----------------------------------------+
| Global Id | Track | Driver Type/Pin | Constraint | Clock Loads | Non-Clock Loads | FF   | LUTRAM | RAMB | DSP | GT | MMCM | PLL | Hard IP | Net                                    |
+-----------+-------+-----------------+------------+-------------+-----------------+------+--------+------+-----+----+------+-----+---------+----------------------------------------+
| g0        | 2     | BUFGCE/O        | None       |        1085 |               0 | 1021 |     62 |    2 |   0 |  0 |    0 |   0 |       0 | sys_clk_IBUF_BUFG                      |
| g1        | 8     | BUFGCE/O        | None       |         282 |               0 |  282 |      0 |    0 |   0 |  0 |    0 |   0 |       0 | dbg_hub/inst/BSCANID.u_xsdbm_id/itck_i |
+-----------+-------+-----------------+------------+-------------+-----------------+------+--------+------+-----+----+------+-----+---------+----------------------------------------+
* Clock Loads column represents the clock pin loads (pin count)
** Non-Clock Loads column represents the non-clock pin loads (pin count)
*** Columns FF, LUTRAM, RAMB through 'Hard IP' represents load cell counts


12. Clock Region Cell Placement per Global Clock: Region X0Y2
-------------------------------------------------------------

+-----------+-------+-----------------+------------+-------------+-----------------+----+--------+------+-----+----+------+-----+---------+----------------------------------------+
| Global Id | Track | Driver Type/Pin | Constraint | Clock Loads | Non-Clock Loads | FF | LUTRAM | RAMB | DSP | GT | MMCM | PLL | Hard IP | Net                                    |
+-----------+-------+-----------------+------------+-------------+-----------------+----+--------+------+-----+----+------+-----+---------+----------------------------------------+
| g0        | 2     | BUFGCE/O        | None       |          17 |               0 | 17 |      0 |    0 |   0 |  0 |    0 |   0 |       0 | sys_clk_IBUF_BUFG                      |
| g1        | 8     | BUFGCE/O        | None       |          20 |               0 | 20 |      0 |    0 |   0 |  0 |    0 |   0 |       0 | dbg_hub/inst/BSCANID.u_xsdbm_id/itck_i |
+-----------+-------+-----------------+------------+-------------+-----------------+----+--------+------+-----+----+------+-----+---------+----------------------------------------+
* Clock Loads column represents the clock pin loads (pin count)
** Non-Clock Loads column represents the non-clock pin loads (pin count)
*** Columns FF, LUTRAM, RAMB through 'Hard IP' represents load cell counts


13. Clock Region Cell Placement per Global Clock: Region X1Y2
-------------------------------------------------------------

+-----------+-------+-----------------+------------+-------------+-----------------+-----+--------+------+-----+----+------+-----+---------+----------------------------------------+
| Global Id | Track | Driver Type/Pin | Constraint | Clock Loads | Non-Clock Loads | FF  | LUTRAM | RAMB | DSP | GT | MMCM | PLL | Hard IP | Net                                    |
+-----------+-------+-----------------+------------+-------------+-----------------+-----+--------+------+-----+----+------+-----+---------+----------------------------------------+
| g0        | 2     | BUFGCE/O        | None       |         142 |               0 | 142 |      0 |    0 |   0 |  0 |    0 |   0 |       0 | sys_clk_IBUF_BUFG                      |
| g1        | 8     | BUFGCE/O        | None       |         149 |               0 | 149 |      0 |    0 |   0 |  0 |    0 |   0 |       0 | dbg_hub/inst/BSCANID.u_xsdbm_id/itck_i |
+-----------+-------+-----------------+------------+-------------+-----------------+-----+--------+------+-----+----+------+-----+---------+----------------------------------------+
* Clock Loads column represents the clock pin loads (pin count)
** Non-Clock Loads column represents the non-clock pin loads (pin count)
*** Columns FF, LUTRAM, RAMB through 'Hard IP' represents load cell counts


