Copyright 1986-2020 Xilinx, Inc. All Rights Reserved.
---------------------------------------------------------------------------------------------------
| Tool Version : Vivado v.2020.1 (win64) Build 2902540 Wed May 27 19:54:49 MDT 2020
| Date         : Mon Nov  2 18:16:39 2020
| Host         : DESKTOP-0FF260C running 64-bit major release  (build 9200)
| Command      : report_utilization -file led_utilization_placed.rpt -pb led_utilization_placed.pb
| Design       : led
| Device       : xczu2cgsfvc784-1
| Design State : Fully Placed
---------------------------------------------------------------------------------------------------

Utilization Design Information

Table of Contents
-----------------
1. CLB Logic
1.1 Summary of Registers by Type
2. CLB Logic Distribution
3. BLOCKRAM
4. ARITHMETIC
5. I/O
6. CLOCK
7. ADVANCED
8. CONFIGURATION
9. Primitives
10. Black Boxes
11. Instantiated Netlists

1. CLB Logic
------------

+----------------------------+------+-------+-----------+-------+
|          Site Type         | Used | Fixed | Available | Util% |
+----------------------------+------+-------+-----------+-------+
| CLB LUTs                   | 1141 |     0 |     47232 |  2.42 |
|   LUT as Logic             | 1012 |     0 |     47232 |  2.14 |
|   LUT as Memory            |  129 |     0 |     28800 |  0.45 |
|     LUT as Distributed RAM |   32 |     0 |           |       |
|     LUT as Shift Register  |   97 |     0 |           |       |
| CLB Registers              | 1973 |     0 |     94464 |  2.09 |
|   Register as Flip Flop    | 1973 |     0 |     94464 |  2.09 |
|   Register as Latch        |    0 |     0 |     94464 |  0.00 |
| CARRY8                     |   22 |     0 |      8820 |  0.25 |
| F7 Muxes                   |    2 |     0 |     35280 | <0.01 |
| F8 Muxes                   |    0 |     0 |     17640 |  0.00 |
| F9 Muxes                   |    0 |     0 |      8820 |  0.00 |
+----------------------------+------+-------+-----------+-------+


1.1 Summary of Registers by Type
--------------------------------

+-------+--------------+-------------+--------------+
| Total | Clock Enable | Synchronous | Asynchronous |
+-------+--------------+-------------+--------------+
| 0     |            _ |           - |            - |
| 0     |            _ |           - |          Set |
| 0     |            _ |           - |        Reset |
| 0     |            _ |         Set |            - |
| 0     |            _ |       Reset |            - |
| 0     |          Yes |           - |            - |
| 40    |          Yes |           - |          Set |
| 207   |          Yes |           - |        Reset |
| 20    |          Yes |         Set |            - |
| 1706  |          Yes |       Reset |            - |
+-------+--------------+-------------+--------------+


2. CLB Logic Distribution
-------------------------

+--------------------------------------------+------+-------+-----------+-------+
|                  Site Type                 | Used | Fixed | Available | Util% |
+--------------------------------------------+------+-------+-----------+-------+
| CLB                                        |  315 |     0 |      8820 |  3.57 |
|   CLBL                                     |  174 |     0 |           |       |
|   CLBM                                     |  141 |     0 |           |       |
| LUT as Logic                               | 1012 |     0 |     47232 |  2.14 |
|   using O5 output only                     |   45 |       |           |       |
|   using O6 output only                     |  757 |       |           |       |
|   using O5 and O6                          |  210 |       |           |       |
| LUT as Memory                              |  129 |     0 |     28800 |  0.45 |
|   LUT as Distributed RAM                   |   32 |     0 |           |       |
|     using O5 output only                   |    0 |       |           |       |
|     using O6 output only                   |    0 |       |           |       |
|     using O5 and O6                        |   32 |       |           |       |
|   LUT as Shift Register                    |   97 |     0 |           |       |
|     using O5 output only                   |    0 |       |           |       |
|     using O6 output only                   |   33 |       |           |       |
|     using O5 and O6                        |   64 |       |           |       |
| CLB Registers                              | 1973 |     0 |     94464 |  2.09 |
|   Register driven from within the CLB      |  844 |       |           |       |
|   Register driven from outside the CLB     | 1129 |       |           |       |
|     LUT in front of the register is unused |  837 |       |           |       |
|     LUT in front of the register is used   |  292 |       |           |       |
| Unique Control Sets                        |  119 |       |     17640 |  0.67 |
+--------------------------------------------+------+-------+-----------+-------+
* * Note: Available Control Sets calculated as Slices * 2, Review the Control Sets Report for more information regarding control sets.


3. BLOCKRAM
-----------

+-------------------+------+-------+-----------+-------+
|     Site Type     | Used | Fixed | Available | Util% |
+-------------------+------+-------+-----------+-------+
| Block RAM Tile    |  1.5 |     0 |       150 |  1.00 |
|   RAMB36/FIFO*    |    1 |     0 |       150 |  0.67 |
|     RAMB36E2 only |    1 |       |           |       |
|   RAMB18          |    1 |     0 |       300 |  0.33 |
|     RAMB18E2 only |    1 |       |           |       |
+-------------------+------+-------+-----------+-------+
* Note: Each Block RAM Tile only has one FIFO logic available and therefore can accommodate only one FIFO36E2 or one FIFO18E2. However, if a FIFO18E2 occupies a Block RAM Tile, that tile can still accommodate a RAMB18E2


4. ARITHMETIC
-------------

+-----------+------+-------+-----------+-------+
| Site Type | Used | Fixed | Available | Util% |
+-----------+------+-------+-----------+-------+
| DSPs      |    0 |     0 |       240 |  0.00 |
+-----------+------+-------+-----------+-------+


5. I/O
------

+------------------+------+-------+-----------+-------+
|     Site Type    | Used | Fixed | Available | Util% |
+------------------+------+-------+-----------+-------+
| Bonded IOB       |    6 |     6 |       252 |  2.38 |
| HPIOB_M          |    0 |     0 |        72 |  0.00 |
| HPIOB_S          |    0 |     0 |        72 |  0.00 |
| HDIOB_M          |    3 |     3 |        48 |  6.25 |
|   INPUT          |    2 |       |           |       |
|   OUTPUT         |    1 |       |           |       |
|   BIDIR          |    0 |       |           |       |
| HDIOB_S          |    3 |     3 |        48 |  6.25 |
|   INPUT          |    0 |       |           |       |
|   OUTPUT         |    3 |       |           |       |
|   BIDIR          |    0 |       |           |       |
| HPIOB_SNGL       |    0 |     0 |        12 |  0.00 |
| HPIOBDIFFINBUF   |    0 |     0 |        72 |  0.00 |
| HPIOBDIFFOUTBUF  |    0 |     0 |        72 |  0.00 |
| HDIOBDIFFINBUF   |    0 |     0 |        48 |  0.00 |
| BITSLICE_CONTROL |    0 |     0 |        24 |  0.00 |
| BITSLICE_RX_TX   |    0 |     0 |       156 |  0.00 |
| BITSLICE_TX      |    0 |     0 |        24 |  0.00 |
| RIU_OR           |    0 |     0 |        12 |  0.00 |
+------------------+------+-------+-----------+-------+


6. CLOCK
--------

+----------------------+------+-------+-----------+-------+
|       Site Type      | Used | Fixed | Available | Util% |
+----------------------+------+-------+-----------+-------+
| GLOBAL CLOCK BUFFERs |    2 |     0 |       196 |  1.02 |
|   BUFGCE             |    2 |     0 |        88 |  2.27 |
|   BUFGCE_DIV         |    0 |     0 |        12 |  0.00 |
|   BUFG_PS            |    0 |     0 |        72 |  0.00 |
|   BUFGCTRL*          |    0 |     0 |        24 |  0.00 |
| PLL                  |    0 |     0 |         6 |  0.00 |
| MMCM                 |    0 |     0 |         3 |  0.00 |
+----------------------+------+-------+-----------+-------+
* Note: Each used BUFGCTRL counts as two GLOBAL CLOCK BUFFERs. This table does not include global clocking resources, only buffer cell usage. See the Clock Utilization Report (report_clock_utilization) for detailed accounting of global clocking resource availability.


7. ADVANCED
-----------

+-----------+------+-------+-----------+-------+
| Site Type | Used | Fixed | Available | Util% |
+-----------+------+-------+-----------+-------+
| PS8       |    0 |     0 |         1 |  0.00 |
| SYSMONE4  |    0 |     0 |         1 |  0.00 |
+-----------+------+-------+-----------+-------+


8. CONFIGURATION
----------------

+-------------+------+-------+-----------+-------+
|  Site Type  | Used | Fixed | Available | Util% |
+-------------+------+-------+-----------+-------+
| BSCANE2     |    1 |     0 |         4 | 25.00 |
| DNA_PORTE2  |    0 |     0 |         1 |  0.00 |
| EFUSE_USR   |    0 |     0 |         1 |  0.00 |
| FRAME_ECCE4 |    0 |     0 |         1 |  0.00 |
| ICAPE3      |    0 |     0 |         2 |  0.00 |
| MASTER_JTAG |    0 |     0 |         1 |  0.00 |
| STARTUPE3   |    0 |     0 |         1 |  0.00 |
+-------------+------+-------+-----------+-------+


9. Primitives
-------------

+----------+------+---------------------+
| Ref Name | Used | Functional Category |
+----------+------+---------------------+
| FDRE     | 1706 |            Register |
| LUT6     |  453 |                 CLB |
| LUT4     |  217 |                 CLB |
| LUT3     |  210 |                 CLB |
| FDCE     |  207 |            Register |
| LUT5     |  167 |                 CLB |
| LUT2     |  142 |                 CLB |
| SRL16E   |   88 |                 CLB |
| SRLC32E  |   71 |                 CLB |
| RAMD32   |   56 |                 CLB |
| FDPE     |   40 |            Register |
| LUT1     |   33 |                 CLB |
| CARRY8   |   22 |                 CLB |
| FDSE     |   20 |            Register |
| RAMS32   |    8 |                 CLB |
| OBUF     |    4 |                 I/O |
| SRLC16E  |    2 |                 CLB |
| MUXF7    |    2 |                 CLB |
| INBUF    |    2 |                 I/O |
| IBUFCTRL |    2 |              Others |
| BUFGCE   |    2 |               Clock |
| RAMB36E2 |    1 |           Block Ram |
| RAMB18E2 |    1 |           Block Ram |
| BSCANE2  |    1 |       Configuration |
+----------+------+---------------------+


10. Black Boxes
---------------

+----------+------+
| Ref Name | Used |
+----------+------+


11. Instantiated Netlists
-------------------------

+----------+------+
| Ref Name | Used |
+----------+------+
| u_ila_0  |    1 |
| dbg_hub  |    1 |
+----------+------+


