Copyright 1986-2020 Xilinx, Inc. All Rights Reserved.
--------------------------------------------------------------------------------------------------------------------------------------------------------------------------------------
| Tool Version      : Vivado v.2020.1 (win64) Build 2902540 Wed May 27 19:54:49 MDT 2020
| Date              : Fri Nov 13 09:48:04 2020
| Host              : DESKTOP-0FF260C running 64-bit major release  (build 9200)
| Command           : report_bus_skew -warn_on_violation -file design_1_wrapper_bus_skew_routed.rpt -pb design_1_wrapper_bus_skew_routed.pb -rpx design_1_wrapper_bus_skew_routed.rpx
| Design            : design_1_wrapper
| Device            : xczu2cg-sfvc784
| Speed File        : -1  PRODUCTION 1.27 02-28-2020
| Temperature Grade : I
--------------------------------------------------------------------------------------------------------------------------------------------------------------------------------------

Bus Skew Report

Table of Contents
-----------------
1. Bus Skew Report Summary
2. Bus Skew Report Per Constraint

1. Bus Skew Report Summary
--------------------------

Id  Position  From                            To                              Corner  Requirement(ns)  Actual(ns)  Slack(ns)
--  --------  ------------------------------  ------------------------------  ------  ---------------  ----------  ---------
1   12        [get_cells [list {design_1_i/ad9280_sample_0/inst/ad9280_sample_v1_0_S00_AXI_inst/sample_inst/xpm_fifo_async_inst/gnuram_async_fifo.xpm_fifo_base_inst/gen_cdc_pntr.rd_pntr_cdc_inst/src_gray_ff_reg[0]} {design_1_i/ad9280_sample_0/inst/ad9280_sample_v1_0_S00_AXI_inst/sample_inst/xpm_fifo_async_inst/gnuram_async_fifo.xpm_fifo_base_inst/gen_cdc_pntr.rd_pntr_cdc_inst/src_gray_ff_reg[1]} {design_1_i/ad9280_sample_0/inst/ad9280_sample_v1_0_S00_AXI_inst/sample_inst/xpm_fifo_async_inst/gnuram_async_fifo.xpm_fifo_base_inst/gen_cdc_pntr.rd_pntr_cdc_inst/src_gray_ff_reg[2]} {design_1_i/ad9280_sample_0/inst/ad9280_sample_v1_0_S00_AXI_inst/sample_inst/xpm_fifo_async_inst/gnuram_async_fifo.xpm_fifo_base_inst/gen_cdc_pntr.rd_pntr_cdc_inst/src_gray_ff_reg[3]} {design_1_i/ad9280_sample_0/inst/ad9280_sample_v1_0_S00_AXI_inst/sample_inst/xpm_fifo_async_inst/gnuram_async_fifo.xpm_fifo_base_inst/gen_cdc_pntr.rd_pntr_cdc_inst/src_gray_ff_reg[4]} {design_1_i/ad9280_sample_0/inst/ad9280_sample_v1_0_S00_AXI_inst/sample_inst/xpm_fifo_async_inst/gnuram_async_fifo.xpm_fifo_base_inst/gen_cdc_pntr.rd_pntr_cdc_inst/src_gray_ff_reg[5]} {design_1_i/ad9280_sample_0/inst/ad9280_sample_v1_0_S00_AXI_inst/sample_inst/xpm_fifo_async_inst/gnuram_async_fifo.xpm_fifo_base_inst/gen_cdc_pntr.rd_pntr_cdc_inst/src_gray_ff_reg[6]} {design_1_i/ad9280_sample_0/inst/ad9280_sample_v1_0_S00_AXI_inst/sample_inst/xpm_fifo_async_inst/gnuram_async_fifo.xpm_fifo_base_inst/gen_cdc_pntr.rd_pntr_cdc_inst/src_gray_ff_reg[7]} {design_1_i/ad9280_sample_0/inst/ad9280_sample_v1_0_S00_AXI_inst/sample_inst/xpm_fifo_async_inst/gnuram_async_fifo.xpm_fifo_base_inst/gen_cdc_pntr.rd_pntr_cdc_inst/src_gray_ff_reg[8]} {design_1_i/ad9280_sample_0/inst/ad9280_sample_v1_0_S00_AXI_inst/sample_inst/xpm_fifo_async_inst/gnuram_async_fifo.xpm_fifo_base_inst/gen_cdc_pntr.rd_pntr_cdc_inst/src_gray_ff_reg[9]}]]
                                              [get_cells [list {design_1_i/ad9280_sample_0/inst/ad9280_sample_v1_0_S00_AXI_inst/sample_inst/xpm_fifo_async_inst/gnuram_async_fifo.xpm_fifo_base_inst/gen_cdc_pntr.rd_pntr_cdc_inst/dest_graysync_ff_reg[0][0]} {design_1_i/ad9280_sample_0/inst/ad9280_sample_v1_0_S00_AXI_inst/sample_inst/xpm_fifo_async_inst/gnuram_async_fifo.xpm_fifo_base_inst/gen_cdc_pntr.rd_pntr_cdc_inst/dest_graysync_ff_reg[0][1]} {design_1_i/ad9280_sample_0/inst/ad9280_sample_v1_0_S00_AXI_inst/sample_inst/xpm_fifo_async_inst/gnuram_async_fifo.xpm_fifo_base_inst/gen_cdc_pntr.rd_pntr_cdc_inst/dest_graysync_ff_reg[0][2]} {design_1_i/ad9280_sample_0/inst/ad9280_sample_v1_0_S00_AXI_inst/sample_inst/xpm_fifo_async_inst/gnuram_async_fifo.xpm_fifo_base_inst/gen_cdc_pntr.rd_pntr_cdc_inst/dest_graysync_ff_reg[0][3]} {design_1_i/ad9280_sample_0/inst/ad9280_sample_v1_0_S00_AXI_inst/sample_inst/xpm_fifo_async_inst/gnuram_async_fifo.xpm_fifo_base_inst/gen_cdc_pntr.rd_pntr_cdc_inst/dest_graysync_ff_reg[0][4]} {design_1_i/ad9280_sample_0/inst/ad9280_sample_v1_0_S00_AXI_inst/sample_inst/xpm_fifo_async_inst/gnuram_async_fifo.xpm_fifo_base_inst/gen_cdc_pntr.rd_pntr_cdc_inst/dest_graysync_ff_reg[0][5]} {design_1_i/ad9280_sample_0/inst/ad9280_sample_v1_0_S00_AXI_inst/sample_inst/xpm_fifo_async_inst/gnuram_async_fifo.xpm_fifo_base_inst/gen_cdc_pntr.rd_pntr_cdc_inst/dest_graysync_ff_reg[0][6]} {design_1_i/ad9280_sample_0/inst/ad9280_sample_v1_0_S00_AXI_inst/sample_inst/xpm_fifo_async_inst/gnuram_async_fifo.xpm_fifo_base_inst/gen_cdc_pntr.rd_pntr_cdc_inst/dest_graysync_ff_reg[0][7]} {design_1_i/ad9280_sample_0/inst/ad9280_sample_v1_0_S00_AXI_inst/sample_inst/xpm_fifo_async_inst/gnuram_async_fifo.xpm_fifo_base_inst/gen_cdc_pntr.rd_pntr_cdc_inst/dest_graysync_ff_reg[0][8]} {design_1_i/ad9280_sample_0/inst/ad9280_sample_v1_0_S00_AXI_inst/sample_inst/xpm_fifo_async_inst/gnuram_async_fifo.xpm_fifo_base_inst/gen_cdc_pntr.rd_pntr_cdc_inst/dest_graysync_ff_reg[0][9]}]]
                                                                              Slow              6.666       1.002      5.664
2   14        [get_cells [list {design_1_i/ad9280_sample_0/inst/ad9280_sample_v1_0_S00_AXI_inst/sample_inst/xpm_fifo_async_inst/gnuram_async_fifo.xpm_fifo_base_inst/gen_cdc_pntr.wr_pntr_cdc_inst/src_gray_ff_reg[0]} {design_1_i/ad9280_sample_0/inst/ad9280_sample_v1_0_S00_AXI_inst/sample_inst/xpm_fifo_async_inst/gnuram_async_fifo.xpm_fifo_base_inst/gen_cdc_pntr.wr_pntr_cdc_inst/src_gray_ff_reg[1]} {design_1_i/ad9280_sample_0/inst/ad9280_sample_v1_0_S00_AXI_inst/sample_inst/xpm_fifo_async_inst/gnuram_async_fifo.xpm_fifo_base_inst/gen_cdc_pntr.wr_pntr_cdc_inst/src_gray_ff_reg[2]} {design_1_i/ad9280_sample_0/inst/ad9280_sample_v1_0_S00_AXI_inst/sample_inst/xpm_fifo_async_inst/gnuram_async_fifo.xpm_fifo_base_inst/gen_cdc_pntr.wr_pntr_cdc_inst/src_gray_ff_reg[3]} {design_1_i/ad9280_sample_0/inst/ad9280_sample_v1_0_S00_AXI_inst/sample_inst/xpm_fifo_async_inst/gnuram_async_fifo.xpm_fifo_base_inst/gen_cdc_pntr.wr_pntr_cdc_inst/src_gray_ff_reg[4]} {design_1_i/ad9280_sample_0/inst/ad9280_sample_v1_0_S00_AXI_inst/sample_inst/xpm_fifo_async_inst/gnuram_async_fifo.xpm_fifo_base_inst/gen_cdc_pntr.wr_pntr_cdc_inst/src_gray_ff_reg[5]} {design_1_i/ad9280_sample_0/inst/ad9280_sample_v1_0_S00_AXI_inst/sample_inst/xpm_fifo_async_inst/gnuram_async_fifo.xpm_fifo_base_inst/gen_cdc_pntr.wr_pntr_cdc_inst/src_gray_ff_reg[6]} {design_1_i/ad9280_sample_0/inst/ad9280_sample_v1_0_S00_AXI_inst/sample_inst/xpm_fifo_async_inst/gnuram_async_fifo.xpm_fifo_base_inst/gen_cdc_pntr.wr_pntr_cdc_inst/src_gray_ff_reg[7]} {design_1_i/ad9280_sample_0/inst/ad9280_sample_v1_0_S00_AXI_inst/sample_inst/xpm_fifo_async_inst/gnuram_async_fifo.xpm_fifo_base_inst/gen_cdc_pntr.wr_pntr_cdc_inst/src_gray_ff_reg[8]} {design_1_i/ad9280_sample_0/inst/ad9280_sample_v1_0_S00_AXI_inst/sample_inst/xpm_fifo_async_inst/gnuram_async_fifo.xpm_fifo_base_inst/gen_cdc_pntr.wr_pntr_cdc_inst/src_gray_ff_reg[9]}]]
                                              [get_cells [list {design_1_i/ad9280_sample_0/inst/ad9280_sample_v1_0_S00_AXI_inst/sample_inst/xpm_fifo_async_inst/gnuram_async_fifo.xpm_fifo_base_inst/gen_cdc_pntr.wr_pntr_cdc_inst/dest_graysync_ff_reg[0][0]} {design_1_i/ad9280_sample_0/inst/ad9280_sample_v1_0_S00_AXI_inst/sample_inst/xpm_fifo_async_inst/gnuram_async_fifo.xpm_fifo_base_inst/gen_cdc_pntr.wr_pntr_cdc_inst/dest_graysync_ff_reg[0][1]} {design_1_i/ad9280_sample_0/inst/ad9280_sample_v1_0_S00_AXI_inst/sample_inst/xpm_fifo_async_inst/gnuram_async_fifo.xpm_fifo_base_inst/gen_cdc_pntr.wr_pntr_cdc_inst/dest_graysync_ff_reg[0][2]} {design_1_i/ad9280_sample_0/inst/ad9280_sample_v1_0_S00_AXI_inst/sample_inst/xpm_fifo_async_inst/gnuram_async_fifo.xpm_fifo_base_inst/gen_cdc_pntr.wr_pntr_cdc_inst/dest_graysync_ff_reg[0][3]} {design_1_i/ad9280_sample_0/inst/ad9280_sample_v1_0_S00_AXI_inst/sample_inst/xpm_fifo_async_inst/gnuram_async_fifo.xpm_fifo_base_inst/gen_cdc_pntr.wr_pntr_cdc_inst/dest_graysync_ff_reg[0][4]} {design_1_i/ad9280_sample_0/inst/ad9280_sample_v1_0_S00_AXI_inst/sample_inst/xpm_fifo_async_inst/gnuram_async_fifo.xpm_fifo_base_inst/gen_cdc_pntr.wr_pntr_cdc_inst/dest_graysync_ff_reg[0][5]} {design_1_i/ad9280_sample_0/inst/ad9280_sample_v1_0_S00_AXI_inst/sample_inst/xpm_fifo_async_inst/gnuram_async_fifo.xpm_fifo_base_inst/gen_cdc_pntr.wr_pntr_cdc_inst/dest_graysync_ff_reg[0][6]} {design_1_i/ad9280_sample_0/inst/ad9280_sample_v1_0_S00_AXI_inst/sample_inst/xpm_fifo_async_inst/gnuram_async_fifo.xpm_fifo_base_inst/gen_cdc_pntr.wr_pntr_cdc_inst/dest_graysync_ff_reg[0][7]} {design_1_i/ad9280_sample_0/inst/ad9280_sample_v1_0_S00_AXI_inst/sample_inst/xpm_fifo_async_inst/gnuram_async_fifo.xpm_fifo_base_inst/gen_cdc_pntr.wr_pntr_cdc_inst/dest_graysync_ff_reg[0][8]} {design_1_i/ad9280_sample_0/inst/ad9280_sample_v1_0_S00_AXI_inst/sample_inst/xpm_fifo_async_inst/gnuram_async_fifo.xpm_fifo_base_inst/gen_cdc_pntr.wr_pntr_cdc_inst/dest_graysync_ff_reg[0][9]}]]
                                                                              Slow              6.666       0.983      5.683


2. Bus Skew Report Per Constraint
---------------------------------

Id: 1
set_bus_skew -from [get_cells [list {design_1_i/ad9280_sample_0/inst/ad9280_sample_v1_0_S00_AXI_inst/sample_inst/xpm_fifo_async_inst/gnuram_async_fifo.xpm_fifo_base_inst/gen_cdc_pntr.rd_pntr_cdc_inst/src_gray_ff_reg[0]} {design_1_i/ad9280_sample_0/inst/ad9280_sample_v1_0_S00_AXI_inst/sample_inst/xpm_fifo_async_inst/gnuram_async_fifo.xpm_fifo_base_inst/gen_cdc_pntr.rd_pntr_cdc_inst/src_gray_ff_reg[1]} {design_1_i/ad9280_sample_0/inst/ad9280_sample_v1_0_S00_AXI_inst/sample_inst/xpm_fifo_async_inst/gnuram_async_fifo.xpm_fifo_base_inst/gen_cdc_pntr.rd_pntr_cdc_inst/src_gray_ff_reg[2]} {design_1_i/ad9280_sample_0/inst/ad9280_sample_v1_0_S00_AXI_inst/sample_inst/xpm_fifo_async_inst/gnuram_async_fifo.xpm_fifo_base_inst/gen_cdc_pntr.rd_pntr_cdc_inst/src_gray_ff_reg[3]} {design_1_i/ad9280_sample_0/inst/ad9280_sample_v1_0_S00_AXI_inst/sample_inst/xpm_fifo_async_inst/gnuram_async_fifo.xpm_fifo_base_inst/gen_cdc_pntr.rd_pntr_cdc_inst/src_gray_ff_reg[4]} {design_1_i/ad9280_sample_0/inst/ad9280_sample_v1_0_S00_AXI_inst/sample_inst/xpm_fifo_async_inst/gnuram_async_fifo.xpm_fifo_base_inst/gen_cdc_pntr.rd_pntr_cdc_inst/src_gray_ff_reg[5]} {design_1_i/ad9280_sample_0/inst/ad9280_sample_v1_0_S00_AXI_inst/sample_inst/xpm_fifo_async_inst/gnuram_async_fifo.xpm_fifo_base_inst/gen_cdc_pntr.rd_pntr_cdc_inst/src_gray_ff_reg[6]} {design_1_i/ad9280_sample_0/inst/ad9280_sample_v1_0_S00_AXI_inst/sample_inst/xpm_fifo_async_inst/gnuram_async_fifo.xpm_fifo_base_inst/gen_cdc_pntr.rd_pntr_cdc_inst/src_gray_ff_reg[7]} {design_1_i/ad9280_sample_0/inst/ad9280_sample_v1_0_S00_AXI_inst/sample_inst/xpm_fifo_async_inst/gnuram_async_fifo.xpm_fifo_base_inst/gen_cdc_pntr.rd_pntr_cdc_inst/src_gray_ff_reg[8]} {design_1_i/ad9280_sample_0/inst/ad9280_sample_v1_0_S00_AXI_inst/sample_inst/xpm_fifo_async_inst/gnuram_async_fifo.xpm_fifo_base_inst/gen_cdc_pntr.rd_pntr_cdc_inst/src_gray_ff_reg[9]}]] -to [get_cells [list {design_1_i/ad9280_sample_0/inst/ad9280_sample_v1_0_S00_AXI_inst/sample_inst/xpm_fifo_async_inst/gnuram_async_fifo.xpm_fifo_base_inst/gen_cdc_pntr.rd_pntr_cdc_inst/dest_graysync_ff_reg[0][0]} {design_1_i/ad9280_sample_0/inst/ad9280_sample_v1_0_S00_AXI_inst/sample_inst/xpm_fifo_async_inst/gnuram_async_fifo.xpm_fifo_base_inst/gen_cdc_pntr.rd_pntr_cdc_inst/dest_graysync_ff_reg[0][1]} {design_1_i/ad9280_sample_0/inst/ad9280_sample_v1_0_S00_AXI_inst/sample_inst/xpm_fifo_async_inst/gnuram_async_fifo.xpm_fifo_base_inst/gen_cdc_pntr.rd_pntr_cdc_inst/dest_graysync_ff_reg[0][2]} {design_1_i/ad9280_sample_0/inst/ad9280_sample_v1_0_S00_AXI_inst/sample_inst/xpm_fifo_async_inst/gnuram_async_fifo.xpm_fifo_base_inst/gen_cdc_pntr.rd_pntr_cdc_inst/dest_graysync_ff_reg[0][3]} {design_1_i/ad9280_sample_0/inst/ad9280_sample_v1_0_S00_AXI_inst/sample_inst/xpm_fifo_async_inst/gnuram_async_fifo.xpm_fifo_base_inst/gen_cdc_pntr.rd_pntr_cdc_inst/dest_graysync_ff_reg[0][4]} {design_1_i/ad9280_sample_0/inst/ad9280_sample_v1_0_S00_AXI_inst/sample_inst/xpm_fifo_async_inst/gnuram_async_fifo.xpm_fifo_base_inst/gen_cdc_pntr.rd_pntr_cdc_inst/dest_graysync_ff_reg[0][5]} {design_1_i/ad9280_sample_0/inst/ad9280_sample_v1_0_S00_AXI_inst/sample_inst/xpm_fifo_async_inst/gnuram_async_fifo.xpm_fifo_base_inst/gen_cdc_pntr.rd_pntr_cdc_inst/dest_graysync_ff_reg[0][6]} {design_1_i/ad9280_sample_0/inst/ad9280_sample_v1_0_S00_AXI_inst/sample_inst/xpm_fifo_async_inst/gnuram_async_fifo.xpm_fifo_base_inst/gen_cdc_pntr.rd_pntr_cdc_inst/dest_graysync_ff_reg[0][7]} {design_1_i/ad9280_sample_0/inst/ad9280_sample_v1_0_S00_AXI_inst/sample_inst/xpm_fifo_async_inst/gnuram_async_fifo.xpm_fifo_base_inst/gen_cdc_pntr.rd_pntr_cdc_inst/dest_graysync_ff_reg[0][8]} {design_1_i/ad9280_sample_0/inst/ad9280_sample_v1_0_S00_AXI_inst/sample_inst/xpm_fifo_async_inst/gnuram_async_fifo.xpm_fifo_base_inst/gen_cdc_pntr.rd_pntr_cdc_inst/dest_graysync_ff_reg[0][9]}]] 6.666
Requirement: 6.666ns
Endpoints: 10

From Clock            To Clock              Endpoint Pin                    Reference Pin                   Corner  Actual(ns)  Slack(ns)
--------------------  --------------------  ------------------------------  ------------------------------  ------  ----------  ---------
clk_pl_0              clk_pl_1              design_1_i/ad9280_sample_0/inst/ad9280_sample_v1_0_S00_AXI_inst/sample_inst/xpm_fifo_async_inst/gnuram_async_fifo.xpm_fifo_base_inst/gen_cdc_pntr.rd_pntr_cdc_inst/dest_graysync_ff_reg[0][1]/D
                                                                            design_1_i/ad9280_sample_0/inst/ad9280_sample_v1_0_S00_AXI_inst/sample_inst/xpm_fifo_async_inst/gnuram_async_fifo.xpm_fifo_base_inst/gen_cdc_pntr.rd_pntr_cdc_inst/dest_graysync_ff_reg[0][2]/D
                                                                                                            Slow         1.002      5.664


Slack (MET) :             5.664ns  (requirement - actual skew)
  Endpoint Source:        design_1_i/ad9280_sample_0/inst/ad9280_sample_v1_0_S00_AXI_inst/sample_inst/xpm_fifo_async_inst/gnuram_async_fifo.xpm_fifo_base_inst/gen_cdc_pntr.rd_pntr_cdc_inst/src_gray_ff_reg[1]/C
                            (rising edge-triggered cell FDRE clocked by clk_pl_0)
  Endpoint Destination:   design_1_i/ad9280_sample_0/inst/ad9280_sample_v1_0_S00_AXI_inst/sample_inst/xpm_fifo_async_inst/gnuram_async_fifo.xpm_fifo_base_inst/gen_cdc_pntr.rd_pntr_cdc_inst/dest_graysync_ff_reg[0][1]/D
                            (rising edge-triggered cell FDRE clocked by clk_pl_1)
  Reference Source:       design_1_i/ad9280_sample_0/inst/ad9280_sample_v1_0_S00_AXI_inst/sample_inst/xpm_fifo_async_inst/gnuram_async_fifo.xpm_fifo_base_inst/gen_cdc_pntr.rd_pntr_cdc_inst/src_gray_ff_reg[2]/C
                            (rising edge-triggered cell FDRE clocked by clk_pl_0)
  Reference Destination:  design_1_i/ad9280_sample_0/inst/ad9280_sample_v1_0_S00_AXI_inst/sample_inst/xpm_fifo_async_inst/gnuram_async_fifo.xpm_fifo_base_inst/gen_cdc_pntr.rd_pntr_cdc_inst/dest_graysync_ff_reg[0][2]/D
                            (rising edge-triggered cell FDRE clocked by clk_pl_1)
  Path Type:              Bus Skew (Max at Slow Process Corner)
  Requirement:            6.666ns
  Endpoint Relative Delay:    0.728ns
  Reference Relative Delay:  -0.359ns
  Relative CRPR:              0.334ns
  Uncertainty:                0.249ns
  Actual Bus Skew:            1.002ns  (Endpoint Relative Delay - Reference Relative Delay - Relative CRPR + Uncertainty)

Endpoint path:
    Location             Delay type                Incr(ns)  Path(ns)    Netlist Resource(s)
  -------------------------------------------------------------------    -------------------
                         (clock clk_pl_0 rise edge)
                                                      0.000     0.000 r  
    PS8_X0Y0             PS8                          0.000     0.000 r  design_1_i/zynq_ultra_ps_e_0/inst/PS8_i/PLCLK[0]
                         net (fo=1, routed)           0.178     0.178    design_1_i/zynq_ultra_ps_e_0/inst/pl_clk_unbuffered[0]
    BUFG_PS_X0Y57        BUFG_PS (Prop_BUFG_PS_I_O)
                                                      0.029     0.207 r  design_1_i/zynq_ultra_ps_e_0/inst/buffer_pl_clk_0.PL_CLK_0_BUFG/O
    X0Y1 (CLOCK_ROOT)    net (fo=3181, routed)        1.776     1.983    design_1_i/ad9280_sample_0/inst/ad9280_sample_v1_0_S00_AXI_inst/sample_inst/xpm_fifo_async_inst/gnuram_async_fifo.xpm_fifo_base_inst/gen_cdc_pntr.rd_pntr_cdc_inst/src_clk
    SLICE_X2Y57          FDRE                                         r  design_1_i/ad9280_sample_0/inst/ad9280_sample_v1_0_S00_AXI_inst/sample_inst/xpm_fifo_async_inst/gnuram_async_fifo.xpm_fifo_base_inst/gen_cdc_pntr.rd_pntr_cdc_inst/src_gray_ff_reg[1]/C
  -------------------------------------------------------------------    -------------------
    SLICE_X2Y57          FDRE (Prop_DFF2_SLICEL_C_Q)
                                                      0.098     2.081 r  design_1_i/ad9280_sample_0/inst/ad9280_sample_v1_0_S00_AXI_inst/sample_inst/xpm_fifo_async_inst/gnuram_async_fifo.xpm_fifo_base_inst/gen_cdc_pntr.rd_pntr_cdc_inst/src_gray_ff_reg[1]/Q
                         net (fo=1, routed)           0.579     2.660    design_1_i/ad9280_sample_0/inst/ad9280_sample_v1_0_S00_AXI_inst/sample_inst/xpm_fifo_async_inst/gnuram_async_fifo.xpm_fifo_base_inst/gen_cdc_pntr.rd_pntr_cdc_inst/async_path[1]
    SLICE_X2Y57          FDRE                                         r  design_1_i/ad9280_sample_0/inst/ad9280_sample_v1_0_S00_AXI_inst/sample_inst/xpm_fifo_async_inst/gnuram_async_fifo.xpm_fifo_base_inst/gen_cdc_pntr.rd_pntr_cdc_inst/dest_graysync_ff_reg[0][1]/D
  -------------------------------------------------------------------    -------------------

                         (clock clk_pl_1 rise edge)
                                                      0.000     0.000 r  
    PS8_X0Y0             PS8                          0.000     0.000 r  design_1_i/zynq_ultra_ps_e_0/inst/PS8_i/PLCLK[1]
                         net (fo=1, routed)           0.140     0.140    design_1_i/zynq_ultra_ps_e_0/inst/pl_clk1
    BUFG_PS_X0Y65        BUFG_PS (Prop_BUFG_PS_I_O)
                                                      0.027     0.167 r  design_1_i/zynq_ultra_ps_e_0/inst/pl_clk1_BUFG_inst/O
    X0Y1 (CLOCK_ROOT)    net (fo=267, routed)         1.738     1.905    design_1_i/ad9280_sample_0/inst/ad9280_sample_v1_0_S00_AXI_inst/sample_inst/xpm_fifo_async_inst/gnuram_async_fifo.xpm_fifo_base_inst/gen_cdc_pntr.rd_pntr_cdc_inst/dest_clk
    SLICE_X2Y57          FDRE                                         r  design_1_i/ad9280_sample_0/inst/ad9280_sample_v1_0_S00_AXI_inst/sample_inst/xpm_fifo_async_inst/gnuram_async_fifo.xpm_fifo_base_inst/gen_cdc_pntr.rd_pntr_cdc_inst/dest_graysync_ff_reg[0][1]/C
                         clock pessimism              0.000     1.905    
    SLICE_X2Y57          FDRE (Setup_GFF2_SLICEL_C_D)
                                                      0.027     1.932    design_1_i/ad9280_sample_0/inst/ad9280_sample_v1_0_S00_AXI_inst/sample_inst/xpm_fifo_async_inst/gnuram_async_fifo.xpm_fifo_base_inst/gen_cdc_pntr.rd_pntr_cdc_inst/dest_graysync_ff_reg[0][1]
  -------------------------------------------------------------------
                         data arrival                           2.660    
                         clock arrival                          1.932    
  -------------------------------------------------------------------
                         relative delay                         0.728    

Reference path:
    Location             Delay type                Incr(ns)  Path(ns)    Netlist Resource(s)
  -------------------------------------------------------------------    -------------------
                         (clock clk_pl_0 rise edge)
                                                      0.000     0.000 r  
    PS8_X0Y0             PS8                          0.000     0.000 r  design_1_i/zynq_ultra_ps_e_0/inst/PS8_i/PLCLK[0]
                         net (fo=1, routed)           0.140     0.140    design_1_i/zynq_ultra_ps_e_0/inst/pl_clk_unbuffered[0]
    BUFG_PS_X0Y57        BUFG_PS (Prop_BUFG_PS_I_O)
                                                      0.027     0.167 r  design_1_i/zynq_ultra_ps_e_0/inst/buffer_pl_clk_0.PL_CLK_0_BUFG/O
    X0Y1 (CLOCK_ROOT)    net (fo=3181, routed)        1.555     1.722    design_1_i/ad9280_sample_0/inst/ad9280_sample_v1_0_S00_AXI_inst/sample_inst/xpm_fifo_async_inst/gnuram_async_fifo.xpm_fifo_base_inst/gen_cdc_pntr.rd_pntr_cdc_inst/src_clk
    SLICE_X3Y56          FDRE                                         r  design_1_i/ad9280_sample_0/inst/ad9280_sample_v1_0_S00_AXI_inst/sample_inst/xpm_fifo_async_inst/gnuram_async_fifo.xpm_fifo_base_inst/gen_cdc_pntr.rd_pntr_cdc_inst/src_gray_ff_reg[2]/C
  -------------------------------------------------------------------    -------------------
    SLICE_X3Y56          FDRE (Prop_HFF_SLICEL_C_Q)
                                                      0.070     1.792 r  design_1_i/ad9280_sample_0/inst/ad9280_sample_v1_0_S00_AXI_inst/sample_inst/xpm_fifo_async_inst/gnuram_async_fifo.xpm_fifo_base_inst/gen_cdc_pntr.rd_pntr_cdc_inst/src_gray_ff_reg[2]/Q
                         net (fo=1, routed)           0.077     1.869    design_1_i/ad9280_sample_0/inst/ad9280_sample_v1_0_S00_AXI_inst/sample_inst/xpm_fifo_async_inst/gnuram_async_fifo.xpm_fifo_base_inst/gen_cdc_pntr.rd_pntr_cdc_inst/async_path[2]
    SLICE_X3Y54          FDRE                                         r  design_1_i/ad9280_sample_0/inst/ad9280_sample_v1_0_S00_AXI_inst/sample_inst/xpm_fifo_async_inst/gnuram_async_fifo.xpm_fifo_base_inst/gen_cdc_pntr.rd_pntr_cdc_inst/dest_graysync_ff_reg[0][2]/D
  -------------------------------------------------------------------    -------------------

                         (clock clk_pl_1 rise edge)
                                                      0.000     0.000 r  
    PS8_X0Y0             PS8                          0.000     0.000 r  design_1_i/zynq_ultra_ps_e_0/inst/PS8_i/PLCLK[1]
                         net (fo=1, routed)           0.178     0.178    design_1_i/zynq_ultra_ps_e_0/inst/pl_clk1
    BUFG_PS_X0Y65        BUFG_PS (Prop_BUFG_PS_I_O)
                                                      0.029     0.207 r  design_1_i/zynq_ultra_ps_e_0/inst/pl_clk1_BUFG_inst/O
    X0Y1 (CLOCK_ROOT)    net (fo=267, routed)         1.966     2.173    design_1_i/ad9280_sample_0/inst/ad9280_sample_v1_0_S00_AXI_inst/sample_inst/xpm_fifo_async_inst/gnuram_async_fifo.xpm_fifo_base_inst/gen_cdc_pntr.rd_pntr_cdc_inst/dest_clk
    SLICE_X3Y54          FDRE                                         r  design_1_i/ad9280_sample_0/inst/ad9280_sample_v1_0_S00_AXI_inst/sample_inst/xpm_fifo_async_inst/gnuram_async_fifo.xpm_fifo_base_inst/gen_cdc_pntr.rd_pntr_cdc_inst/dest_graysync_ff_reg[0][2]/C
                         clock pessimism              0.000     2.173    
    SLICE_X3Y54          FDRE (Hold_HFF2_SLICEL_C_D)
                                                      0.055     2.228    design_1_i/ad9280_sample_0/inst/ad9280_sample_v1_0_S00_AXI_inst/sample_inst/xpm_fifo_async_inst/gnuram_async_fifo.xpm_fifo_base_inst/gen_cdc_pntr.rd_pntr_cdc_inst/dest_graysync_ff_reg[0][2]
  -------------------------------------------------------------------
                         data arrival                           1.869    
                         clock arrival                          2.228    
  -------------------------------------------------------------------
                         relative delay                        -0.359    



Id: 2
set_bus_skew -from [get_cells [list {design_1_i/ad9280_sample_0/inst/ad9280_sample_v1_0_S00_AXI_inst/sample_inst/xpm_fifo_async_inst/gnuram_async_fifo.xpm_fifo_base_inst/gen_cdc_pntr.wr_pntr_cdc_inst/src_gray_ff_reg[0]} {design_1_i/ad9280_sample_0/inst/ad9280_sample_v1_0_S00_AXI_inst/sample_inst/xpm_fifo_async_inst/gnuram_async_fifo.xpm_fifo_base_inst/gen_cdc_pntr.wr_pntr_cdc_inst/src_gray_ff_reg[1]} {design_1_i/ad9280_sample_0/inst/ad9280_sample_v1_0_S00_AXI_inst/sample_inst/xpm_fifo_async_inst/gnuram_async_fifo.xpm_fifo_base_inst/gen_cdc_pntr.wr_pntr_cdc_inst/src_gray_ff_reg[2]} {design_1_i/ad9280_sample_0/inst/ad9280_sample_v1_0_S00_AXI_inst/sample_inst/xpm_fifo_async_inst/gnuram_async_fifo.xpm_fifo_base_inst/gen_cdc_pntr.wr_pntr_cdc_inst/src_gray_ff_reg[3]} {design_1_i/ad9280_sample_0/inst/ad9280_sample_v1_0_S00_AXI_inst/sample_inst/xpm_fifo_async_inst/gnuram_async_fifo.xpm_fifo_base_inst/gen_cdc_pntr.wr_pntr_cdc_inst/src_gray_ff_reg[4]} {design_1_i/ad9280_sample_0/inst/ad9280_sample_v1_0_S00_AXI_inst/sample_inst/xpm_fifo_async_inst/gnuram_async_fifo.xpm_fifo_base_inst/gen_cdc_pntr.wr_pntr_cdc_inst/src_gray_ff_reg[5]} {design_1_i/ad9280_sample_0/inst/ad9280_sample_v1_0_S00_AXI_inst/sample_inst/xpm_fifo_async_inst/gnuram_async_fifo.xpm_fifo_base_inst/gen_cdc_pntr.wr_pntr_cdc_inst/src_gray_ff_reg[6]} {design_1_i/ad9280_sample_0/inst/ad9280_sample_v1_0_S00_AXI_inst/sample_inst/xpm_fifo_async_inst/gnuram_async_fifo.xpm_fifo_base_inst/gen_cdc_pntr.wr_pntr_cdc_inst/src_gray_ff_reg[7]} {design_1_i/ad9280_sample_0/inst/ad9280_sample_v1_0_S00_AXI_inst/sample_inst/xpm_fifo_async_inst/gnuram_async_fifo.xpm_fifo_base_inst/gen_cdc_pntr.wr_pntr_cdc_inst/src_gray_ff_reg[8]} {design_1_i/ad9280_sample_0/inst/ad9280_sample_v1_0_S00_AXI_inst/sample_inst/xpm_fifo_async_inst/gnuram_async_fifo.xpm_fifo_base_inst/gen_cdc_pntr.wr_pntr_cdc_inst/src_gray_ff_reg[9]}]] -to [get_cells [list {design_1_i/ad9280_sample_0/inst/ad9280_sample_v1_0_S00_AXI_inst/sample_inst/xpm_fifo_async_inst/gnuram_async_fifo.xpm_fifo_base_inst/gen_cdc_pntr.wr_pntr_cdc_inst/dest_graysync_ff_reg[0][0]} {design_1_i/ad9280_sample_0/inst/ad9280_sample_v1_0_S00_AXI_inst/sample_inst/xpm_fifo_async_inst/gnuram_async_fifo.xpm_fifo_base_inst/gen_cdc_pntr.wr_pntr_cdc_inst/dest_graysync_ff_reg[0][1]} {design_1_i/ad9280_sample_0/inst/ad9280_sample_v1_0_S00_AXI_inst/sample_inst/xpm_fifo_async_inst/gnuram_async_fifo.xpm_fifo_base_inst/gen_cdc_pntr.wr_pntr_cdc_inst/dest_graysync_ff_reg[0][2]} {design_1_i/ad9280_sample_0/inst/ad9280_sample_v1_0_S00_AXI_inst/sample_inst/xpm_fifo_async_inst/gnuram_async_fifo.xpm_fifo_base_inst/gen_cdc_pntr.wr_pntr_cdc_inst/dest_graysync_ff_reg[0][3]} {design_1_i/ad9280_sample_0/inst/ad9280_sample_v1_0_S00_AXI_inst/sample_inst/xpm_fifo_async_inst/gnuram_async_fifo.xpm_fifo_base_inst/gen_cdc_pntr.wr_pntr_cdc_inst/dest_graysync_ff_reg[0][4]} {design_1_i/ad9280_sample_0/inst/ad9280_sample_v1_0_S00_AXI_inst/sample_inst/xpm_fifo_async_inst/gnuram_async_fifo.xpm_fifo_base_inst/gen_cdc_pntr.wr_pntr_cdc_inst/dest_graysync_ff_reg[0][5]} {design_1_i/ad9280_sample_0/inst/ad9280_sample_v1_0_S00_AXI_inst/sample_inst/xpm_fifo_async_inst/gnuram_async_fifo.xpm_fifo_base_inst/gen_cdc_pntr.wr_pntr_cdc_inst/dest_graysync_ff_reg[0][6]} {design_1_i/ad9280_sample_0/inst/ad9280_sample_v1_0_S00_AXI_inst/sample_inst/xpm_fifo_async_inst/gnuram_async_fifo.xpm_fifo_base_inst/gen_cdc_pntr.wr_pntr_cdc_inst/dest_graysync_ff_reg[0][7]} {design_1_i/ad9280_sample_0/inst/ad9280_sample_v1_0_S00_AXI_inst/sample_inst/xpm_fifo_async_inst/gnuram_async_fifo.xpm_fifo_base_inst/gen_cdc_pntr.wr_pntr_cdc_inst/dest_graysync_ff_reg[0][8]} {design_1_i/ad9280_sample_0/inst/ad9280_sample_v1_0_S00_AXI_inst/sample_inst/xpm_fifo_async_inst/gnuram_async_fifo.xpm_fifo_base_inst/gen_cdc_pntr.wr_pntr_cdc_inst/dest_graysync_ff_reg[0][9]}]] 6.666
Requirement: 6.666ns
Endpoints: 10

From Clock            To Clock              Endpoint Pin                    Reference Pin                   Corner  Actual(ns)  Slack(ns)
--------------------  --------------------  ------------------------------  ------------------------------  ------  ----------  ---------
clk_pl_1              clk_pl_0              design_1_i/ad9280_sample_0/inst/ad9280_sample_v1_0_S00_AXI_inst/sample_inst/xpm_fifo_async_inst/gnuram_async_fifo.xpm_fifo_base_inst/gen_cdc_pntr.wr_pntr_cdc_inst/dest_graysync_ff_reg[0][5]/D
                                                                            design_1_i/ad9280_sample_0/inst/ad9280_sample_v1_0_S00_AXI_inst/sample_inst/xpm_fifo_async_inst/gnuram_async_fifo.xpm_fifo_base_inst/gen_cdc_pntr.wr_pntr_cdc_inst/dest_graysync_ff_reg[0][0]/D
                                                                                                            Slow         0.983      5.683


Slack (MET) :             5.683ns  (requirement - actual skew)
  Endpoint Source:        design_1_i/ad9280_sample_0/inst/ad9280_sample_v1_0_S00_AXI_inst/sample_inst/xpm_fifo_async_inst/gnuram_async_fifo.xpm_fifo_base_inst/gen_cdc_pntr.wr_pntr_cdc_inst/src_gray_ff_reg[5]/C
                            (rising edge-triggered cell FDRE clocked by clk_pl_1)
  Endpoint Destination:   design_1_i/ad9280_sample_0/inst/ad9280_sample_v1_0_S00_AXI_inst/sample_inst/xpm_fifo_async_inst/gnuram_async_fifo.xpm_fifo_base_inst/gen_cdc_pntr.wr_pntr_cdc_inst/dest_graysync_ff_reg[0][5]/D
                            (rising edge-triggered cell FDRE clocked by clk_pl_0)
  Reference Source:       design_1_i/ad9280_sample_0/inst/ad9280_sample_v1_0_S00_AXI_inst/sample_inst/xpm_fifo_async_inst/gnuram_async_fifo.xpm_fifo_base_inst/gen_cdc_pntr.wr_pntr_cdc_inst/src_gray_ff_reg[0]/C
                            (rising edge-triggered cell FDRE clocked by clk_pl_1)
  Reference Destination:  design_1_i/ad9280_sample_0/inst/ad9280_sample_v1_0_S00_AXI_inst/sample_inst/xpm_fifo_async_inst/gnuram_async_fifo.xpm_fifo_base_inst/gen_cdc_pntr.wr_pntr_cdc_inst/dest_graysync_ff_reg[0][0]/D
                            (rising edge-triggered cell FDRE clocked by clk_pl_0)
  Path Type:              Bus Skew (Max at Slow Process Corner)
  Requirement:            6.666ns
  Endpoint Relative Delay:    0.997ns
  Reference Relative Delay:   0.036ns
  Relative CRPR:              0.227ns
  Uncertainty:                0.249ns
  Actual Bus Skew:            0.983ns  (Endpoint Relative Delay - Reference Relative Delay - Relative CRPR + Uncertainty)

Endpoint path:
    Location             Delay type                Incr(ns)  Path(ns)    Netlist Resource(s)
  -------------------------------------------------------------------    -------------------
                         (clock clk_pl_1 rise edge)
                                                      0.000     0.000 r  
    PS8_X0Y0             PS8                          0.000     0.000 r  design_1_i/zynq_ultra_ps_e_0/inst/PS8_i/PLCLK[1]
                         net (fo=1, routed)           0.178     0.178    design_1_i/zynq_ultra_ps_e_0/inst/pl_clk1
    BUFG_PS_X0Y65        BUFG_PS (Prop_BUFG_PS_I_O)
                                                      0.029     0.207 r  design_1_i/zynq_ultra_ps_e_0/inst/pl_clk1_BUFG_inst/O
    X0Y1 (CLOCK_ROOT)    net (fo=267, routed)         1.944     2.151    design_1_i/ad9280_sample_0/inst/ad9280_sample_v1_0_S00_AXI_inst/sample_inst/xpm_fifo_async_inst/gnuram_async_fifo.xpm_fifo_base_inst/gen_cdc_pntr.wr_pntr_cdc_inst/src_clk
    SLICE_X3Y61          FDRE                                         r  design_1_i/ad9280_sample_0/inst/ad9280_sample_v1_0_S00_AXI_inst/sample_inst/xpm_fifo_async_inst/gnuram_async_fifo.xpm_fifo_base_inst/gen_cdc_pntr.wr_pntr_cdc_inst/src_gray_ff_reg[5]/C
  -------------------------------------------------------------------    -------------------
    SLICE_X3Y61          FDRE (Prop_DFF2_SLICEL_C_Q)
                                                      0.098     2.249 r  design_1_i/ad9280_sample_0/inst/ad9280_sample_v1_0_S00_AXI_inst/sample_inst/xpm_fifo_async_inst/gnuram_async_fifo.xpm_fifo_base_inst/gen_cdc_pntr.wr_pntr_cdc_inst/src_gray_ff_reg[5]/Q
                         net (fo=1, routed)           0.472     2.721    design_1_i/ad9280_sample_0/inst/ad9280_sample_v1_0_S00_AXI_inst/sample_inst/xpm_fifo_async_inst/gnuram_async_fifo.xpm_fifo_base_inst/gen_cdc_pntr.wr_pntr_cdc_inst/async_path[5]
    SLICE_X3Y61          FDRE                                         r  design_1_i/ad9280_sample_0/inst/ad9280_sample_v1_0_S00_AXI_inst/sample_inst/xpm_fifo_async_inst/gnuram_async_fifo.xpm_fifo_base_inst/gen_cdc_pntr.wr_pntr_cdc_inst/dest_graysync_ff_reg[0][5]/D
  -------------------------------------------------------------------    -------------------

                         (clock clk_pl_0 rise edge)
                                                      0.000     0.000 r  
    PS8_X0Y0             PS8                          0.000     0.000 r  design_1_i/zynq_ultra_ps_e_0/inst/PS8_i/PLCLK[0]
                         net (fo=1, routed)           0.140     0.140    design_1_i/zynq_ultra_ps_e_0/inst/pl_clk_unbuffered[0]
    BUFG_PS_X0Y57        BUFG_PS (Prop_BUFG_PS_I_O)
                                                      0.027     0.167 r  design_1_i/zynq_ultra_ps_e_0/inst/buffer_pl_clk_0.PL_CLK_0_BUFG/O
    X0Y1 (CLOCK_ROOT)    net (fo=3181, routed)        1.530     1.697    design_1_i/ad9280_sample_0/inst/ad9280_sample_v1_0_S00_AXI_inst/sample_inst/xpm_fifo_async_inst/gnuram_async_fifo.xpm_fifo_base_inst/gen_cdc_pntr.wr_pntr_cdc_inst/dest_clk
    SLICE_X3Y61          FDRE                                         r  design_1_i/ad9280_sample_0/inst/ad9280_sample_v1_0_S00_AXI_inst/sample_inst/xpm_fifo_async_inst/gnuram_async_fifo.xpm_fifo_base_inst/gen_cdc_pntr.wr_pntr_cdc_inst/dest_graysync_ff_reg[0][5]/C
                         clock pessimism              0.000     1.697    
    SLICE_X3Y61          FDRE (Setup_GFF2_SLICEL_C_D)
                                                      0.027     1.724    design_1_i/ad9280_sample_0/inst/ad9280_sample_v1_0_S00_AXI_inst/sample_inst/xpm_fifo_async_inst/gnuram_async_fifo.xpm_fifo_base_inst/gen_cdc_pntr.wr_pntr_cdc_inst/dest_graysync_ff_reg[0][5]
  -------------------------------------------------------------------
                         data arrival                           2.721    
                         clock arrival                          1.724    
  -------------------------------------------------------------------
                         relative delay                         0.997    

Reference path:
    Location             Delay type                Incr(ns)  Path(ns)    Netlist Resource(s)
  -------------------------------------------------------------------    -------------------
                         (clock clk_pl_1 rise edge)
                                                      0.000     0.000 r  
    PS8_X0Y0             PS8                          0.000     0.000 r  design_1_i/zynq_ultra_ps_e_0/inst/PS8_i/PLCLK[1]
                         net (fo=1, routed)           0.140     0.140    design_1_i/zynq_ultra_ps_e_0/inst/pl_clk1
    BUFG_PS_X0Y65        BUFG_PS (Prop_BUFG_PS_I_O)
                                                      0.027     0.167 r  design_1_i/zynq_ultra_ps_e_0/inst/pl_clk1_BUFG_inst/O
    X0Y1 (CLOCK_ROOT)    net (fo=267, routed)         1.737     1.904    design_1_i/ad9280_sample_0/inst/ad9280_sample_v1_0_S00_AXI_inst/sample_inst/xpm_fifo_async_inst/gnuram_async_fifo.xpm_fifo_base_inst/gen_cdc_pntr.wr_pntr_cdc_inst/src_clk
    SLICE_X3Y59          FDRE                                         r  design_1_i/ad9280_sample_0/inst/ad9280_sample_v1_0_S00_AXI_inst/sample_inst/xpm_fifo_async_inst/gnuram_async_fifo.xpm_fifo_base_inst/gen_cdc_pntr.wr_pntr_cdc_inst/src_gray_ff_reg[0]/C
  -------------------------------------------------------------------    -------------------
    SLICE_X3Y59          FDRE (Prop_HFF_SLICEL_C_Q)
                                                      0.070     1.974 r  design_1_i/ad9280_sample_0/inst/ad9280_sample_v1_0_S00_AXI_inst/sample_inst/xpm_fifo_async_inst/gnuram_async_fifo.xpm_fifo_base_inst/gen_cdc_pntr.wr_pntr_cdc_inst/src_gray_ff_reg[0]/Q
                         net (fo=1, routed)           0.105     2.079    design_1_i/ad9280_sample_0/inst/ad9280_sample_v1_0_S00_AXI_inst/sample_inst/xpm_fifo_async_inst/gnuram_async_fifo.xpm_fifo_base_inst/gen_cdc_pntr.wr_pntr_cdc_inst/async_path[0]
    SLICE_X2Y59          FDRE                                         r  design_1_i/ad9280_sample_0/inst/ad9280_sample_v1_0_S00_AXI_inst/sample_inst/xpm_fifo_async_inst/gnuram_async_fifo.xpm_fifo_base_inst/gen_cdc_pntr.wr_pntr_cdc_inst/dest_graysync_ff_reg[0][0]/D
  -------------------------------------------------------------------    -------------------

                         (clock clk_pl_0 rise edge)
                                                      0.000     0.000 r  
    PS8_X0Y0             PS8                          0.000     0.000 r  design_1_i/zynq_ultra_ps_e_0/inst/PS8_i/PLCLK[0]
                         net (fo=1, routed)           0.178     0.178    design_1_i/zynq_ultra_ps_e_0/inst/pl_clk_unbuffered[0]
    BUFG_PS_X0Y57        BUFG_PS (Prop_BUFG_PS_I_O)
                                                      0.029     0.207 r  design_1_i/zynq_ultra_ps_e_0/inst/buffer_pl_clk_0.PL_CLK_0_BUFG/O
    X0Y1 (CLOCK_ROOT)    net (fo=3181, routed)        1.781     1.988    design_1_i/ad9280_sample_0/inst/ad9280_sample_v1_0_S00_AXI_inst/sample_inst/xpm_fifo_async_inst/gnuram_async_fifo.xpm_fifo_base_inst/gen_cdc_pntr.wr_pntr_cdc_inst/dest_clk
    SLICE_X2Y59          FDRE                                         r  design_1_i/ad9280_sample_0/inst/ad9280_sample_v1_0_S00_AXI_inst/sample_inst/xpm_fifo_async_inst/gnuram_async_fifo.xpm_fifo_base_inst/gen_cdc_pntr.wr_pntr_cdc_inst/dest_graysync_ff_reg[0][0]/C
                         clock pessimism              0.000     1.988    
    SLICE_X2Y59          FDRE (Hold_HFF2_SLICEL_C_D)
                                                      0.055     2.043    design_1_i/ad9280_sample_0/inst/ad9280_sample_v1_0_S00_AXI_inst/sample_inst/xpm_fifo_async_inst/gnuram_async_fifo.xpm_fifo_base_inst/gen_cdc_pntr.wr_pntr_cdc_inst/dest_graysync_ff_reg[0][0]
  -------------------------------------------------------------------
                         data arrival                           2.079    
                         clock arrival                          2.043    
  -------------------------------------------------------------------
                         relative delay                         0.036    



