Copyright 1986-2020 Xilinx, Inc. All Rights Reserved.
-----------------------------------------------------------------------------------------------------------------------------
| Tool Version : Vivado v.2020.1 (win64) Build 2902540 Wed May 27 19:54:49 MDT 2020
| Date         : Fri Nov 13 09:47:36 2020
| Host         : DESKTOP-0FF260C running 64-bit major release  (build 9200)
| Command      : report_utilization -file design_1_wrapper_utilization_placed.rpt -pb design_1_wrapper_utilization_placed.pb
| Design       : design_1_wrapper
| Device       : xczu2cgsfvc784-1
| Design State : Fully Placed
-----------------------------------------------------------------------------------------------------------------------------

Utilization Design Information

Table of Contents
-----------------
1. CLB Logic
1.1 Summary of Registers by Type
2. CLB Logic Distribution
3. BLOCKRAM
4. ARITHMETIC
5. I/O
6. CLOCK
7. ADVANCED
8. CONFIGURATION
9. Primitives
10. Black Boxes
11. Instantiated Netlists

1. CLB Logic
------------

+----------------------------+------+-------+-----------+-------+
|          Site Type         | Used | Fixed | Available | Util% |
+----------------------------+------+-------+-----------+-------+
| CLB LUTs                   | 2066 |     0 |     47232 |  4.37 |
|   LUT as Logic             | 1871 |     0 |     47232 |  3.96 |
|   LUT as Memory            |  195 |     0 |     28800 |  0.68 |
|     LUT as Distributed RAM |    8 |     0 |           |       |
|     LUT as Shift Register  |  187 |     0 |           |       |
| CLB Registers              | 3177 |     0 |     94464 |  3.36 |
|   Register as Flip Flop    | 3177 |     0 |     94464 |  3.36 |
|   Register as Latch        |    0 |     0 |     94464 |  0.00 |
| CARRY8                     |   37 |     0 |      8820 |  0.42 |
| F7 Muxes                   |    5 |     0 |     35280 |  0.01 |
| F8 Muxes                   |    0 |     0 |     17640 |  0.00 |
| F9 Muxes                   |    0 |     0 |      8820 |  0.00 |
+----------------------------+------+-------+-----------+-------+


1.1 Summary of Registers by Type
--------------------------------

+-------+--------------+-------------+--------------+
| Total | Clock Enable | Synchronous | Asynchronous |
+-------+--------------+-------------+--------------+
| 0     |            _ |           - |            - |
| 0     |            _ |           - |          Set |
| 0     |            _ |           - |        Reset |
| 0     |            _ |         Set |            - |
| 0     |            _ |       Reset |            - |
| 0     |          Yes |           - |            - |
| 1     |          Yes |           - |          Set |
| 276   |          Yes |           - |        Reset |
| 82    |          Yes |         Set |            - |
| 2818  |          Yes |       Reset |            - |
+-------+--------------+-------------+--------------+


2. CLB Logic Distribution
-------------------------

+--------------------------------------------+------+-------+-----------+-------+
|                  Site Type                 | Used | Fixed | Available | Util% |
+--------------------------------------------+------+-------+-----------+-------+
| CLB                                        |  537 |     0 |      8820 |  6.09 |
|   CLBL                                     |  307 |     0 |           |       |
|   CLBM                                     |  230 |     0 |           |       |
| LUT as Logic                               | 1871 |     0 |     47232 |  3.96 |
|   using O5 output only                     |  108 |       |           |       |
|   using O6 output only                     | 1247 |       |           |       |
|   using O5 and O6                          |  516 |       |           |       |
| LUT as Memory                              |  195 |     0 |     28800 |  0.68 |
|   LUT as Distributed RAM                   |    8 |     0 |           |       |
|     using O5 output only                   |    0 |       |           |       |
|     using O6 output only                   |    0 |       |           |       |
|     using O5 and O6                        |    8 |       |           |       |
|   LUT as Shift Register                    |  187 |     0 |           |       |
|     using O5 output only                   |    0 |       |           |       |
|     using O6 output only                   |  129 |       |           |       |
|     using O5 and O6                        |   58 |       |           |       |
| CLB Registers                              | 3177 |     0 |     94464 |  3.36 |
|   Register driven from within the CLB      | 1594 |       |           |       |
|   Register driven from outside the CLB     | 1583 |       |           |       |
|     LUT in front of the register is unused | 1317 |       |           |       |
|     LUT in front of the register is used   |  266 |       |           |       |
| Unique Control Sets                        |  182 |       |     17640 |  1.03 |
+--------------------------------------------+------+-------+-----------+-------+
* * Note: Available Control Sets calculated as Slices * 2, Review the Control Sets Report for more information regarding control sets.


3. BLOCKRAM
-----------

+-------------------+------+-------+-----------+-------+
|     Site Type     | Used | Fixed | Available | Util% |
+-------------------+------+-------+-----------+-------+
| Block RAM Tile    |    2 |     0 |       150 |  1.33 |
|   RAMB36/FIFO*    |    1 |     0 |       150 |  0.67 |
|     RAMB36E2 only |    1 |       |           |       |
|   RAMB18          |    2 |     0 |       300 |  0.67 |
|     RAMB18E2 only |    2 |       |           |       |
+-------------------+------+-------+-----------+-------+
* Note: Each Block RAM Tile only has one FIFO logic available and therefore can accommodate only one FIFO36E2 or one FIFO18E2. However, if a FIFO18E2 occupies a Block RAM Tile, that tile can still accommodate a RAMB18E2


4. ARITHMETIC
-------------

+-----------+------+-------+-----------+-------+
| Site Type | Used | Fixed | Available | Util% |
+-----------+------+-------+-----------+-------+
| DSPs      |    0 |     0 |       240 |  0.00 |
+-----------+------+-------+-----------+-------+


5. I/O
------

+------------------+------+-------+-----------+-------+
|     Site Type    | Used | Fixed | Available | Util% |
+------------------+------+-------+-----------+-------+
| Bonded IOB       |    9 |     9 |       252 |  3.57 |
| HPIOB_M          |    0 |     0 |        72 |  0.00 |
| HPIOB_S          |    0 |     0 |        72 |  0.00 |
| HDIOB_M          |    4 |     4 |        48 |  8.33 |
|   INPUT          |    4 |       |           |       |
|   OUTPUT         |    0 |       |           |       |
|   BIDIR          |    0 |       |           |       |
| HDIOB_S          |    5 |     5 |        48 | 10.42 |
|   INPUT          |    4 |       |           |       |
|   OUTPUT         |    1 |       |           |       |
|   BIDIR          |    0 |       |           |       |
| HPIOB_SNGL       |    0 |     0 |        12 |  0.00 |
| HPIOBDIFFINBUF   |    0 |     0 |        72 |  0.00 |
| HPIOBDIFFOUTBUF  |    0 |     0 |        72 |  0.00 |
| HDIOBDIFFINBUF   |    0 |     0 |        48 |  0.00 |
| BITSLICE_CONTROL |    0 |     0 |        24 |  0.00 |
| BITSLICE_RX_TX   |    0 |     0 |       156 |  0.00 |
| BITSLICE_TX      |    0 |     0 |        24 |  0.00 |
| RIU_OR           |    0 |     0 |        12 |  0.00 |
+------------------+------+-------+-----------+-------+


6. CLOCK
--------

+----------------------+------+-------+-----------+-------+
|       Site Type      | Used | Fixed | Available | Util% |
+----------------------+------+-------+-----------+-------+
| GLOBAL CLOCK BUFFERs |    2 |     0 |       196 |  1.02 |
|   BUFGCE             |    0 |     0 |        88 |  0.00 |
|   BUFGCE_DIV         |    0 |     0 |        12 |  0.00 |
|   BUFG_PS            |    2 |     0 |        72 |  2.78 |
|   BUFGCTRL*          |    0 |     0 |        24 |  0.00 |
| PLL                  |    0 |     0 |         6 |  0.00 |
| MMCM                 |    0 |     0 |         3 |  0.00 |
+----------------------+------+-------+-----------+-------+
* Note: Each used BUFGCTRL counts as two GLOBAL CLOCK BUFFERs. This table does not include global clocking resources, only buffer cell usage. See the Clock Utilization Report (report_clock_utilization) for detailed accounting of global clocking resource availability.


7. ADVANCED
-----------

+-----------+------+-------+-----------+--------+
| Site Type | Used | Fixed | Available |  Util% |
+-----------+------+-------+-----------+--------+
| PS8       |    1 |     0 |         1 | 100.00 |
| SYSMONE4  |    0 |     0 |         1 |   0.00 |
+-----------+------+-------+-----------+--------+


8. CONFIGURATION
----------------

+-------------+------+-------+-----------+-------+
|  Site Type  | Used | Fixed | Available | Util% |
+-------------+------+-------+-----------+-------+
| BSCANE2     |    0 |     0 |         4 |  0.00 |
| DNA_PORTE2  |    0 |     0 |         1 |  0.00 |
| EFUSE_USR   |    0 |     0 |         1 |  0.00 |
| FRAME_ECCE4 |    0 |     0 |         1 |  0.00 |
| ICAPE3      |    0 |     0 |         2 |  0.00 |
| MASTER_JTAG |    0 |     0 |         1 |  0.00 |
| STARTUPE3   |    0 |     0 |         1 |  0.00 |
+-------------+------+-------+-----------+-------+


9. Primitives
-------------

+----------+------+---------------------+
| Ref Name | Used | Functional Category |
+----------+------+---------------------+
| FDRE     | 2818 |            Register |
| LUT3     |  600 |                 CLB |
| LUT6     |  525 |                 CLB |
| LUT4     |  469 |                 CLB |
| LUT2     |  403 |                 CLB |
| LUT5     |  323 |                 CLB |
| FDCE     |  276 |            Register |
| SRL16E   |  166 |                 CLB |
| FDSE     |   82 |            Register |
| SRLC32E  |   79 |                 CLB |
| LUT1     |   67 |                 CLB |
| CARRY8   |   37 |                 CLB |
| RAMD32   |   14 |                 CLB |
| INBUF    |    8 |                 I/O |
| IBUFCTRL |    8 |              Others |
| MUXF7    |    5 |                 CLB |
| RAMS32   |    2 |                 CLB |
| RAMB18E2 |    2 |           Block Ram |
| BUFG_PS  |    2 |               Clock |
| RAMB36E2 |    1 |           Block Ram |
| PS8      |    1 |            Advanced |
| OBUF     |    1 |                 I/O |
| FDPE     |    1 |            Register |
+----------+------+---------------------+


10. Black Boxes
---------------

+----------+------+
| Ref Name | Used |
+----------+------+


11. Instantiated Netlists
-------------------------

+----------------------------------+------+
|             Ref Name             | Used |
+----------------------------------+------+
| design_1_zynq_ultra_ps_e_0_0     |    1 |
| design_1_xbar_0                  |    1 |
| design_1_rst_ps8_0_149M_0        |    1 |
| design_1_dac_32M_reset_0         |    1 |
| design_1_axis_register_slice_0_0 |    1 |
| design_1_axi_dma_0_0             |    1 |
| design_1_auto_us_0               |    1 |
| design_1_auto_pc_0               |    1 |
| design_1_ad9280_sample_0_0       |    1 |
+----------------------------------+------+


