Copyright 1986-2020 Xilinx, Inc. All Rights Reserved.
--------------------------------------------------------------------------------------------------------------------------------------------------------------------------------------
| Tool Version : Vivado v.2020.1_AR75389_AR75502_AR75334 (win64) Build 2902540 Wed May 27 19:54:49 MDT 2020
| Date         : Thu May 19 10:54:03 2022
| Host         : DESKTOP-7THQ4BG running 64-bit major release  (build 9200)
| Command      : report_methodology -file design_1_wrapper_methodology_drc_routed.rpt -pb design_1_wrapper_methodology_drc_routed.pb -rpx design_1_wrapper_methodology_drc_routed.rpx
| Design       : design_1_wrapper
| Device       : xczu2cg-sfvc784-1-i
| Speed File   : -1
| Design State : Fully Routed
--------------------------------------------------------------------------------------------------------------------------------------------------------------------------------------

Report Methodology

Table of Contents
-----------------
1. REPORT SUMMARY
2. REPORT DETAILS

1. REPORT SUMMARY
-----------------
            Netlist: netlist
          Floorplan: design_1
      Design limits: <entire design considered>
             Max violations: <unlimited>
             Violations found: 25
+-----------+----------+----------------------------------+------------+
| Rule      | Severity | Description                      | Violations |
+-----------+----------+----------------------------------+------------+
| TIMING-10 | Warning  | Missing property on synchronizer | 1          |
| TIMING-18 | Warning  | Missing input or output delay    | 24         |
+-----------+----------+----------------------------------+------------+

2. REPORT DETAILS
-----------------
TIMING-10#1 Warning
Missing property on synchronizer  
One or more logic synchronizer has been detected between 2 clock domains but the synchronizer does not have the property ASYNC_REG defined on one or both registers. It is recommended to run report_cdc for a complete and detailed CDC coverage
Related violations: <none>

TIMING-18#1 Warning
Missing input or output delay  
An input delay is missing on adc_ch0_data[0] relative to clock(s) clk_pl_1
Related violations: <none>

TIMING-18#2 Warning
Missing input or output delay  
An input delay is missing on adc_ch0_data[10] relative to clock(s) clk_pl_1
Related violations: <none>

TIMING-18#3 Warning
Missing input or output delay  
An input delay is missing on adc_ch0_data[11] relative to clock(s) clk_pl_1
Related violations: <none>

TIMING-18#4 Warning
Missing input or output delay  
An input delay is missing on adc_ch0_data[1] relative to clock(s) clk_pl_1
Related violations: <none>

TIMING-18#5 Warning
Missing input or output delay  
An input delay is missing on adc_ch0_data[2] relative to clock(s) clk_pl_1
Related violations: <none>

TIMING-18#6 Warning
Missing input or output delay  
An input delay is missing on adc_ch0_data[3] relative to clock(s) clk_pl_1
Related violations: <none>

TIMING-18#7 Warning
Missing input or output delay  
An input delay is missing on adc_ch0_data[4] relative to clock(s) clk_pl_1
Related violations: <none>

TIMING-18#8 Warning
Missing input or output delay  
An input delay is missing on adc_ch0_data[5] relative to clock(s) clk_pl_1
Related violations: <none>

TIMING-18#9 Warning
Missing input or output delay  
An input delay is missing on adc_ch0_data[6] relative to clock(s) clk_pl_1
Related violations: <none>

TIMING-18#10 Warning
Missing input or output delay  
An input delay is missing on adc_ch0_data[7] relative to clock(s) clk_pl_1
Related violations: <none>

TIMING-18#11 Warning
Missing input or output delay  
An input delay is missing on adc_ch0_data[8] relative to clock(s) clk_pl_1
Related violations: <none>

TIMING-18#12 Warning
Missing input or output delay  
An input delay is missing on adc_ch0_data[9] relative to clock(s) clk_pl_1
Related violations: <none>

TIMING-18#13 Warning
Missing input or output delay  
An input delay is missing on adc_ch1_data[0] relative to clock(s) clk_pl_1
Related violations: <none>

TIMING-18#14 Warning
Missing input or output delay  
An input delay is missing on adc_ch1_data[10] relative to clock(s) clk_pl_1
Related violations: <none>

TIMING-18#15 Warning
Missing input or output delay  
An input delay is missing on adc_ch1_data[11] relative to clock(s) clk_pl_1
Related violations: <none>

TIMING-18#16 Warning
Missing input or output delay  
An input delay is missing on adc_ch1_data[1] relative to clock(s) clk_pl_1
Related violations: <none>

TIMING-18#17 Warning
Missing input or output delay  
An input delay is missing on adc_ch1_data[2] relative to clock(s) clk_pl_1
Related violations: <none>

TIMING-18#18 Warning
Missing input or output delay  
An input delay is missing on adc_ch1_data[3] relative to clock(s) clk_pl_1
Related violations: <none>

TIMING-18#19 Warning
Missing input or output delay  
An input delay is missing on adc_ch1_data[4] relative to clock(s) clk_pl_1
Related violations: <none>

TIMING-18#20 Warning
Missing input or output delay  
An input delay is missing on adc_ch1_data[5] relative to clock(s) clk_pl_1
Related violations: <none>

TIMING-18#21 Warning
Missing input or output delay  
An input delay is missing on adc_ch1_data[6] relative to clock(s) clk_pl_1
Related violations: <none>

TIMING-18#22 Warning
Missing input or output delay  
An input delay is missing on adc_ch1_data[7] relative to clock(s) clk_pl_1
Related violations: <none>

TIMING-18#23 Warning
Missing input or output delay  
An input delay is missing on adc_ch1_data[8] relative to clock(s) clk_pl_1
Related violations: <none>

TIMING-18#24 Warning
Missing input or output delay  
An input delay is missing on adc_ch1_data[9] relative to clock(s) clk_pl_1
Related violations: <none>


