Copyright 1986-2020 Xilinx, Inc. All Rights Reserved.
-----------------------------------------------------------------------------------------------------------------------------
| Tool Version : Vivado v.2020.1_AR75389_AR75502_AR75334 (win64) Build 2902540 Wed May 27 19:54:49 MDT 2020
| Date         : Thu May 19 10:53:26 2022
| Host         : DESKTOP-7THQ4BG running 64-bit major release  (build 9200)
| Command      : report_utilization -file design_1_wrapper_utilization_placed.rpt -pb design_1_wrapper_utilization_placed.pb
| Design       : design_1_wrapper
| Device       : xczu2cgsfvc784-1
| Design State : Fully Placed
-----------------------------------------------------------------------------------------------------------------------------

Utilization Design Information

Table of Contents
-----------------
1. CLB Logic
1.1 Summary of Registers by Type
2. CLB Logic Distribution
3. BLOCKRAM
4. ARITHMETIC
5. I/O
6. CLOCK
7. ADVANCED
8. CONFIGURATION
9. Primitives
10. Black Boxes
11. Instantiated Netlists

1. CLB Logic
------------

+----------------------------+------+-------+-----------+-------+
|          Site Type         | Used | Fixed | Available | Util% |
+----------------------------+------+-------+-----------+-------+
| CLB LUTs                   | 4259 |     0 |     47232 |  9.02 |
|   LUT as Logic             | 3922 |     0 |     47232 |  8.30 |
|   LUT as Memory            |  337 |     0 |     28800 |  1.17 |
|     LUT as Distributed RAM |   16 |     0 |           |       |
|     LUT as Shift Register  |  321 |     0 |           |       |
| CLB Registers              | 6446 |     0 |     94464 |  6.82 |
|   Register as Flip Flop    | 6446 |     0 |     94464 |  6.82 |
|   Register as Latch        |    0 |     0 |     94464 |  0.00 |
| CARRY8                     |   74 |     0 |      8820 |  0.84 |
| F7 Muxes                   |    5 |     0 |     35280 |  0.01 |
| F8 Muxes                   |    0 |     0 |     17640 |  0.00 |
| F9 Muxes                   |    0 |     0 |      8820 |  0.00 |
+----------------------------+------+-------+-----------+-------+


1.1 Summary of Registers by Type
--------------------------------

+-------+--------------+-------------+--------------+
| Total | Clock Enable | Synchronous | Asynchronous |
+-------+--------------+-------------+--------------+
| 0     |            _ |           - |            - |
| 0     |            _ |           - |          Set |
| 0     |            _ |           - |        Reset |
| 0     |            _ |         Set |            - |
| 0     |            _ |       Reset |            - |
| 0     |          Yes |           - |            - |
| 2     |          Yes |           - |          Set |
| 560   |          Yes |           - |        Reset |
| 163   |          Yes |         Set |            - |
| 5745  |          Yes |       Reset |            - |
+-------+--------------+-------------+--------------+


2. CLB Logic Distribution
-------------------------

+--------------------------------------------+------+-------+-----------+-------+
|                  Site Type                 | Used | Fixed | Available | Util% |
+--------------------------------------------+------+-------+-----------+-------+
| CLB                                        |  992 |     0 |      8820 | 11.25 |
|   CLBL                                     |  651 |     0 |           |       |
|   CLBM                                     |  341 |     0 |           |       |
| LUT as Logic                               | 3922 |     0 |     47232 |  8.30 |
|   using O5 output only                     |  196 |       |           |       |
|   using O6 output only                     | 2689 |       |           |       |
|   using O5 and O6                          | 1037 |       |           |       |
| LUT as Memory                              |  337 |     0 |     28800 |  1.17 |
|   LUT as Distributed RAM                   |   16 |     0 |           |       |
|     using O5 output only                   |    0 |       |           |       |
|     using O6 output only                   |    0 |       |           |       |
|     using O5 and O6                        |   16 |       |           |       |
|   LUT as Shift Register                    |  321 |     0 |           |       |
|     using O5 output only                   |    0 |       |           |       |
|     using O6 output only                   |  183 |       |           |       |
|     using O5 and O6                        |  138 |       |           |       |
| CLB Registers                              | 6446 |     0 |     94464 |  6.82 |
|   Register driven from within the CLB      | 3304 |       |           |       |
|   Register driven from outside the CLB     | 3142 |       |           |       |
|     LUT in front of the register is unused | 2322 |       |           |       |
|     LUT in front of the register is used   |  820 |       |           |       |
| Unique Control Sets                        |  352 |       |     17640 |  2.00 |
+--------------------------------------------+------+-------+-----------+-------+
* * Note: Available Control Sets calculated as Slices * 2, Review the Control Sets Report for more information regarding control sets.


3. BLOCKRAM
-----------

+-------------------+------+-------+-----------+-------+
|     Site Type     | Used | Fixed | Available | Util% |
+-------------------+------+-------+-----------+-------+
| Block RAM Tile    |    6 |     0 |       150 |  4.00 |
|   RAMB36/FIFO*    |    4 |     0 |       150 |  2.67 |
|     RAMB36E2 only |    4 |       |           |       |
|   RAMB18          |    4 |     0 |       300 |  1.33 |
|     RAMB18E2 only |    4 |       |           |       |
+-------------------+------+-------+-----------+-------+
* Note: Each Block RAM Tile only has one FIFO logic available and therefore can accommodate only one FIFO36E2 or one FIFO18E2. However, if a FIFO18E2 occupies a Block RAM Tile, that tile can still accommodate a RAMB18E2


4. ARITHMETIC
-------------

+-----------+------+-------+-----------+-------+
| Site Type | Used | Fixed | Available | Util% |
+-----------+------+-------+-----------+-------+
| DSPs      |    0 |     0 |       240 |  0.00 |
+-----------+------+-------+-----------+-------+


5. I/O
------

+------------------+------+-------+-----------+-------+
|     Site Type    | Used | Fixed | Available | Util% |
+------------------+------+-------+-----------+-------+
| Bonded IOB       |   26 |    26 |       252 | 10.32 |
| HPIOB_M          |    0 |     0 |        72 |  0.00 |
| HPIOB_S          |    0 |     0 |        72 |  0.00 |
| HDIOB_M          |   12 |    12 |        48 | 25.00 |
|   INPUT          |   12 |       |           |       |
|   OUTPUT         |    0 |       |           |       |
|   BIDIR          |    0 |       |           |       |
| HDIOB_S          |   14 |    14 |        48 | 29.17 |
|   INPUT          |   12 |       |           |       |
|   OUTPUT         |    2 |       |           |       |
|   BIDIR          |    0 |       |           |       |
| HPIOB_SNGL       |    0 |     0 |        12 |  0.00 |
| HPIOBDIFFINBUF   |    0 |     0 |        72 |  0.00 |
| HPIOBDIFFOUTBUF  |    0 |     0 |        72 |  0.00 |
| HDIOBDIFFINBUF   |    0 |     0 |        48 |  0.00 |
| BITSLICE_CONTROL |    0 |     0 |        24 |  0.00 |
| BITSLICE_RX_TX   |    0 |     0 |       156 |  0.00 |
| BITSLICE_TX      |    0 |     0 |        24 |  0.00 |
| RIU_OR           |    0 |     0 |        12 |  0.00 |
+------------------+------+-------+-----------+-------+


6. CLOCK
--------

+----------------------+------+-------+-----------+-------+
|       Site Type      | Used | Fixed | Available | Util% |
+----------------------+------+-------+-----------+-------+
| GLOBAL CLOCK BUFFERs |    2 |     0 |       196 |  1.02 |
|   BUFGCE             |    0 |     0 |        88 |  0.00 |
|   BUFGCE_DIV         |    0 |     0 |        12 |  0.00 |
|   BUFG_PS            |    2 |     0 |        72 |  2.78 |
|   BUFGCTRL*          |    0 |     0 |        24 |  0.00 |
| PLL                  |    0 |     0 |         6 |  0.00 |
| MMCM                 |    0 |     0 |         3 |  0.00 |
+----------------------+------+-------+-----------+-------+
* Note: Each used BUFGCTRL counts as two GLOBAL CLOCK BUFFERs. This table does not include global clocking resources, only buffer cell usage. See the Clock Utilization Report (report_clock_utilization) for detailed accounting of global clocking resource availability.


7. ADVANCED
-----------

+-----------+------+-------+-----------+--------+
| Site Type | Used | Fixed | Available |  Util% |
+-----------+------+-------+-----------+--------+
| PS8       |    1 |     0 |         1 | 100.00 |
| SYSMONE4  |    0 |     0 |         1 |   0.00 |
+-----------+------+-------+-----------+--------+


8. CONFIGURATION
----------------

+-------------+------+-------+-----------+-------+
|  Site Type  | Used | Fixed | Available | Util% |
+-------------+------+-------+-----------+-------+
| BSCANE2     |    0 |     0 |         4 |  0.00 |
| DNA_PORTE2  |    0 |     0 |         1 |  0.00 |
| EFUSE_USR   |    0 |     0 |         1 |  0.00 |
| FRAME_ECCE4 |    0 |     0 |         1 |  0.00 |
| ICAPE3      |    0 |     0 |         2 |  0.00 |
| MASTER_JTAG |    0 |     0 |         1 |  0.00 |
| STARTUPE3   |    0 |     0 |         1 |  0.00 |
+-------------+------+-------+-----------+-------+


9. Primitives
-------------

+----------+------+---------------------+
| Ref Name | Used | Functional Category |
+----------+------+---------------------+
| FDRE     | 5745 |            Register |
| LUT3     | 1385 |                 CLB |
| LUT6     | 1024 |                 CLB |
| LUT4     |  902 |                 CLB |
| LUT2     |  871 |                 CLB |
| LUT5     |  645 |                 CLB |
| FDCE     |  560 |            Register |
| SRL16E   |  348 |                 CLB |
| FDSE     |  163 |            Register |
| LUT1     |  132 |                 CLB |
| SRLC32E  |  111 |                 CLB |
| CARRY8   |   74 |                 CLB |
| RAMD32   |   28 |                 CLB |
| INBUF    |   24 |                 I/O |
| IBUFCTRL |   24 |              Others |
| MUXF7    |    5 |                 CLB |
| RAMS32   |    4 |                 CLB |
| RAMB36E2 |    4 |           Block Ram |
| RAMB18E2 |    4 |           Block Ram |
| OBUF     |    2 |                 I/O |
| FDPE     |    2 |            Register |
| BUFG_PS  |    2 |               Clock |
| PS8      |    1 |            Advanced |
+----------+------+---------------------+


10. Black Boxes
---------------

+----------+------+
| Ref Name | Used |
+----------+------+


11. Instantiated Netlists
-------------------------

+----------------------------------+------+
|             Ref Name             | Used |
+----------------------------------+------+
| design_1_zynq_ultra_ps_e_0_0     |    1 |
| design_1_xbar_1                  |    1 |
| design_1_xbar_0                  |    1 |
| design_1_rst_ps7_0_142M_0        |    1 |
| design_1_rst_clk_adc_0           |    1 |
| design_1_axis_register_slice_1_0 |    1 |
| design_1_axis_register_slice_0_0 |    1 |
| design_1_axi_dma_1_0             |    1 |
| design_1_axi_dma_0_0             |    1 |
| design_1_auto_us_1               |    1 |
| design_1_auto_us_0               |    1 |
| design_1_auto_pc_0               |    1 |
| design_1_ad9238_sample_1_0       |    1 |
| design_1_ad9238_sample_0_0       |    1 |
+----------------------------------+------+


