Copyright 1986-2020 Xilinx, Inc. All Rights Reserved.
---------------------------------------------------------------------------------------------------
| Tool Version : Vivado v.2020.1 (win64) Build 2902540 Wed May 27 19:54:49 MDT 2020
| Date         : Fri Nov 13 13:36:28 2020
| Host         : DESKTOP-0FF260C running 64-bit major release  (build 9200)
| Command      : report_utilization -file top_utilization_placed.rpt -pb top_utilization_placed.pb
| Design       : top
| Device       : xczu2cgsfvc784-1
| Design State : Fully Placed
---------------------------------------------------------------------------------------------------

Utilization Design Information

Table of Contents
-----------------
1. CLB Logic
1.1 Summary of Registers by Type
2. CLB Logic Distribution
3. BLOCKRAM
4. ARITHMETIC
5. I/O
6. CLOCK
7. ADVANCED
8. CONFIGURATION
9. Primitives
10. Black Boxes
11. Instantiated Netlists

1. CLB Logic
------------

+----------------------------+------+-------+-----------+-------+
|          Site Type         | Used | Fixed | Available | Util% |
+----------------------------+------+-------+-----------+-------+
| CLB LUTs                   | 2135 |     0 |     47232 |  4.52 |
|   LUT as Logic             | 1778 |     0 |     47232 |  3.76 |
|   LUT as Memory            |  357 |     0 |     28800 |  1.24 |
|     LUT as Distributed RAM |   32 |     0 |           |       |
|     LUT as Shift Register  |  325 |     0 |           |       |
| CLB Registers              | 3487 |     0 |     94464 |  3.69 |
|   Register as Flip Flop    | 3487 |     0 |     94464 |  3.69 |
|   Register as Latch        |    0 |     0 |     94464 |  0.00 |
| CARRY8                     |   76 |     0 |      8820 |  0.86 |
| F7 Muxes                   |   24 |     0 |     35280 |  0.07 |
| F8 Muxes                   |    0 |     0 |     17640 |  0.00 |
| F9 Muxes                   |    0 |     0 |      8820 |  0.00 |
+----------------------------+------+-------+-----------+-------+


1.1 Summary of Registers by Type
--------------------------------

+-------+--------------+-------------+--------------+
| Total | Clock Enable | Synchronous | Asynchronous |
+-------+--------------+-------------+--------------+
| 0     |            _ |           - |            - |
| 0     |            _ |           - |          Set |
| 0     |            _ |           - |        Reset |
| 0     |            _ |         Set |            - |
| 0     |            _ |       Reset |            - |
| 0     |          Yes |           - |            - |
| 40    |          Yes |           - |          Set |
| 444   |          Yes |           - |        Reset |
| 23    |          Yes |         Set |            - |
| 2980  |          Yes |       Reset |            - |
+-------+--------------+-------------+--------------+


2. CLB Logic Distribution
-------------------------

+--------------------------------------------+------+-------+-----------+-------+
|                  Site Type                 | Used | Fixed | Available | Util% |
+--------------------------------------------+------+-------+-----------+-------+
| CLB                                        |  535 |     0 |      8820 |  6.07 |
|   CLBL                                     |  349 |     0 |           |       |
|   CLBM                                     |  186 |     0 |           |       |
| LUT as Logic                               | 1778 |     0 |     47232 |  3.76 |
|   using O5 output only                     |   62 |       |           |       |
|   using O6 output only                     | 1374 |       |           |       |
|   using O5 and O6                          |  342 |       |           |       |
| LUT as Memory                              |  357 |     0 |     28800 |  1.24 |
|   LUT as Distributed RAM                   |   32 |     0 |           |       |
|     using O5 output only                   |    0 |       |           |       |
|     using O6 output only                   |    0 |       |           |       |
|     using O5 and O6                        |   32 |       |           |       |
|   LUT as Shift Register                    |  325 |     0 |           |       |
|     using O5 output only                   |    0 |       |           |       |
|     using O6 output only                   |   46 |       |           |       |
|     using O5 and O6                        |  279 |       |           |       |
| CLB Registers                              | 3487 |     0 |     94464 |  3.69 |
|   Register driven from within the CLB      | 1582 |       |           |       |
|   Register driven from outside the CLB     | 1905 |       |           |       |
|     LUT in front of the register is unused | 1411 |       |           |       |
|     LUT in front of the register is used   |  494 |       |           |       |
| Unique Control Sets                        |  163 |       |     17640 |  0.92 |
+--------------------------------------------+------+-------+-----------+-------+
* * Note: Available Control Sets calculated as Slices * 2, Review the Control Sets Report for more information regarding control sets.


3. BLOCKRAM
-----------

+-------------------+------+-------+-----------+-------+
|     Site Type     | Used | Fixed | Available | Util% |
+-------------------+------+-------+-----------+-------+
| Block RAM Tile    |  6.5 |     0 |       150 |  4.33 |
|   RAMB36/FIFO*    |    6 |     0 |       150 |  4.00 |
|     RAMB36E2 only |    6 |       |           |       |
|   RAMB18          |    1 |     0 |       300 |  0.33 |
|     RAMB18E2 only |    1 |       |           |       |
+-------------------+------+-------+-----------+-------+
* Note: Each Block RAM Tile only has one FIFO logic available and therefore can accommodate only one FIFO36E2 or one FIFO18E2. However, if a FIFO18E2 occupies a Block RAM Tile, that tile can still accommodate a RAMB18E2


4. ARITHMETIC
-------------

+-----------+------+-------+-----------+-------+
| Site Type | Used | Fixed | Available | Util% |
+-----------+------+-------+-----------+-------+
| DSPs      |    0 |     0 |       240 |  0.00 |
+-----------+------+-------+-----------+-------+


5. I/O
------

+------------------+------+-------+-----------+-------+
|     Site Type    | Used | Fixed | Available | Util% |
+------------------+------+-------+-----------+-------+
| Bonded IOB       |    1 |     1 |       252 |  0.40 |
| HPIOB_M          |    0 |     0 |        72 |  0.00 |
| HPIOB_S          |    0 |     0 |        72 |  0.00 |
| HDIOB_M          |    0 |     0 |        48 |  0.00 |
| HDIOB_S          |    1 |     1 |        48 |  2.08 |
|   INPUT          |    0 |       |           |       |
|   OUTPUT         |    1 |       |           |       |
|   BIDIR          |    0 |       |           |       |
| HPIOB_SNGL       |    0 |     0 |        12 |  0.00 |
| HPIOBDIFFINBUF   |    0 |     0 |        72 |  0.00 |
| HPIOBDIFFOUTBUF  |    0 |     0 |        72 |  0.00 |
| HDIOBDIFFINBUF   |    0 |     0 |        48 |  0.00 |
| BITSLICE_CONTROL |    0 |     0 |        24 |  0.00 |
| BITSLICE_RX_TX   |    0 |     0 |       156 |  0.00 |
| BITSLICE_TX      |    0 |     0 |        24 |  0.00 |
| RIU_OR           |    0 |     0 |        12 |  0.00 |
+------------------+------+-------+-----------+-------+


6. CLOCK
--------

+----------------------+------+-------+-----------+-------+
|       Site Type      | Used | Fixed | Available | Util% |
+----------------------+------+-------+-----------+-------+
| GLOBAL CLOCK BUFFERs |    2 |     0 |       196 |  1.02 |
|   BUFGCE             |    1 |     0 |        88 |  1.14 |
|   BUFGCE_DIV         |    0 |     0 |        12 |  0.00 |
|   BUFG_PS            |    1 |     0 |        72 |  1.39 |
|   BUFGCTRL*          |    0 |     0 |        24 |  0.00 |
| PLL                  |    0 |     0 |         6 |  0.00 |
| MMCM                 |    0 |     0 |         3 |  0.00 |
+----------------------+------+-------+-----------+-------+
* Note: Each used BUFGCTRL counts as two GLOBAL CLOCK BUFFERs. This table does not include global clocking resources, only buffer cell usage. See the Clock Utilization Report (report_clock_utilization) for detailed accounting of global clocking resource availability.


7. ADVANCED
-----------

+-----------+------+-------+-----------+--------+
| Site Type | Used | Fixed | Available |  Util% |
+-----------+------+-------+-----------+--------+
| PS8       |    1 |     0 |         1 | 100.00 |
| SYSMONE4  |    0 |     0 |         1 |   0.00 |
+-----------+------+-------+-----------+--------+


8. CONFIGURATION
----------------

+-------------+------+-------+-----------+-------+
|  Site Type  | Used | Fixed | Available | Util% |
+-------------+------+-------+-----------+-------+
| BSCANE2     |    1 |     0 |         4 | 25.00 |
| DNA_PORTE2  |    0 |     0 |         1 |  0.00 |
| EFUSE_USR   |    0 |     0 |         1 |  0.00 |
| FRAME_ECCE4 |    0 |     0 |         1 |  0.00 |
| ICAPE3      |    0 |     0 |         2 |  0.00 |
| MASTER_JTAG |    0 |     0 |         1 |  0.00 |
| STARTUPE3   |    0 |     0 |         1 |  0.00 |
+-------------+------+-------+-----------+-------+


9. Primitives
-------------

+----------+------+---------------------+
| Ref Name | Used | Functional Category |
+----------+------+---------------------+
| FDRE     | 2980 |            Register |
| LUT6     |  780 |                 CLB |
| FDCE     |  444 |            Register |
| SRL16E   |  396 |                 CLB |
| LUT4     |  331 |                 CLB |
| LUT3     |  323 |                 CLB |
| LUT5     |  316 |                 CLB |
| LUT2     |  211 |                 CLB |
| SRLC32E  |  206 |                 CLB |
| LUT1     |  159 |                 CLB |
| CARRY8   |   76 |                 CLB |
| RAMD32   |   56 |                 CLB |
| FDPE     |   40 |            Register |
| MUXF7    |   24 |                 CLB |
| FDSE     |   23 |            Register |
| RAMS32   |    8 |                 CLB |
| RAMB36E2 |    6 |           Block Ram |
| SRLC16E  |    2 |                 CLB |
| RAMB18E2 |    1 |           Block Ram |
| PS8      |    1 |            Advanced |
| OBUF     |    1 |                 I/O |
| BUFG_PS  |    1 |               Clock |
| BUFGCE   |    1 |               Clock |
| BSCANE2  |    1 |       Configuration |
+----------+------+---------------------+


10. Black Boxes
---------------

+----------+------+
| Ref Name | Used |
+----------+------+


11. Instantiated Netlists
-------------------------

+------------------------------+------+
|           Ref Name           | Used |
+------------------------------+------+
| u_ila_0                      |    1 |
| design_1_zynq_ultra_ps_e_0_0 |    1 |
| design_1_proc_sys_reset_0_0  |    1 |
| dbg_hub                      |    1 |
+------------------------------+------+


