Copyright 1986-2020 Xilinx, Inc. All Rights Reserved.
-------------------------------------------------------------------------------------------------------------------------------
| Tool Version     : Vivado v.2020.1 (win64) Build 2902540 Wed May 27 19:54:49 MDT 2020
| Date             : Fri Nov 13 13:36:56 2020
| Host             : DESKTOP-0FF260C running 64-bit major release  (build 9200)
| Command          : report_power -file top_power_routed.rpt -pb top_power_summary_routed.pb -rpx top_power_routed.rpx
| Design           : top
| Device           : xczu2cg-sfvc784-1-i
| Design State     : routed
| Grade            : industrial
| Process          : typical
| Characterization : Production
-------------------------------------------------------------------------------------------------------------------------------

Power Report

Table of Contents
-----------------
1. Summary
1.1 On-Chip Components
1.2 Power Supply Summary
1.3 Confidence Level
2. Settings
2.1 Environment
2.2 Clock Constraints
3. Detailed Reports
3.1 By Hierarchy

1. Summary
----------

+--------------------------+--------------+
| Total On-Chip Power (W)  | 2.632        |
| Design Power Budget (W)  | Unspecified* |
| Power Budget Margin (W)  | NA           |
| Dynamic (W)              | 2.299        |
| Device Static (W)        | 0.334        |
| Effective TJA (C/W)      | 2.4          |
| Max Ambient (C)          | 93.8         |
| Junction Temperature (C) | 31.2         |
| Confidence Level         | Medium       |
| Setting File             | ---          |
| Simulation Activity File | ---          |
| Design Nets Matched      | NA           |
+--------------------------+--------------+
* Specify Design Power Budget using, set_operating_conditions -design_power_budget <value in Watts>


1.1 On-Chip Components
----------------------

+--------------------------+-----------+----------+-----------+-----------------+
| On-Chip                  | Power (W) | Used     | Available | Utilization (%) |
+--------------------------+-----------+----------+-----------+-----------------+
| Clocks                   |     0.014 |        4 |       --- |             --- |
| CLB Logic                |     0.005 |     6764 |       --- |             --- |
|   LUT as Logic           |     0.002 |     1778 |     47232 |            3.76 |
|   LUT as Shift Register  |     0.002 |      325 |     28800 |            1.13 |
|   Register               |    <0.001 |     3487 |     94464 |            3.69 |
|   LUT as Distributed RAM |    <0.001 |       32 |     28800 |            0.11 |
|   CARRY8                 |    <0.001 |       76 |      8820 |            0.86 |
|   Others                 |     0.000 |      389 |       --- |             --- |
|   F7/F8 Muxes            |     0.000 |       24 |     70560 |            0.03 |
| Signals                  |     0.003 |     5081 |       --- |             --- |
| Block RAM                |     0.007 |      6.5 |       150 |            4.33 |
| I/O                      |    <0.001 |        1 |       252 |            0.40 |
| PS8                      |     2.270 |        1 |       --- |             --- |
| Static Power             |     0.334 |          |           |                 |
|   PS Static              |     0.095 |          |           |                 |
|   PL Static              |     0.239 |          |           |                 |
| Total                    |     2.632 |          |           |                 |
+--------------------------+-----------+----------+-----------+-----------------+


1.2 Power Supply Summary
------------------------

+-----------------+-------------+-----------+-------------+------------+-------------+-------------+------------+
| Source          | Voltage (V) | Total (A) | Dynamic (A) | Static (A) | Powerup (A) | Budget (A)  | Margin (A) |
+-----------------+-------------+-----------+-------------+------------+-------------+-------------+------------+
| Vccint          |       0.850 |     0.088 |       0.033 |      0.055 |       NA    | Unspecified | NA         |
| Vccint_io       |       0.850 |     0.027 |       0.000 |      0.027 |       NA    | Unspecified | NA         |
| Vccbram         |       0.850 |     0.002 |       0.001 |      0.001 |       NA    | Unspecified | NA         |
| Vccaux          |       1.800 |     0.047 |       0.000 |      0.047 |       NA    | Unspecified | NA         |
| Vccaux_io       |       1.800 |     0.025 |       0.000 |      0.025 |       NA    | Unspecified | NA         |
| Vcco33          |       3.300 |     0.007 |       0.000 |      0.007 |       NA    | Unspecified | NA         |
| Vcco25          |       2.500 |     0.000 |       0.000 |      0.000 |       NA    | Unspecified | NA         |
| Vcco18          |       1.800 |     0.000 |       0.000 |      0.000 |       NA    | Unspecified | NA         |
| Vcco15          |       1.500 |     0.000 |       0.000 |      0.000 |       NA    | Unspecified | NA         |
| Vcco135         |       1.350 |     0.000 |       0.000 |      0.000 |       NA    | Unspecified | NA         |
| Vcco12          |       1.200 |     0.000 |       0.000 |      0.000 |       NA    | Unspecified | NA         |
| Vcco10          |       1.000 |     0.000 |       0.000 |      0.000 |       NA    | Unspecified | NA         |
| Vccadc          |       1.800 |     0.008 |       0.000 |      0.008 |       NA    | Unspecified | NA         |
| VCC_PSINTFP     |       0.850 |     0.440 |       0.411 |      0.029 |       NA    | Unspecified | NA         |
| VCC_PSINTLP     |       0.850 |     0.253 |       0.246 |      0.008 |       NA    | Unspecified | NA         |
| VPS_MGTRAVCC    |       0.850 |     0.119 |       0.118 |      0.001 |       NA    | Unspecified | NA         |
| VCC_PSINTFP_DDR |       0.850 |     0.821 |       0.816 |      0.005 |       NA    | Unspecified | NA         |
| VCC_PSPLL       |       1.200 |     0.073 |       0.071 |      0.002 |       NA    | Unspecified | NA         |
| VPS_MGTRAVTT    |       1.800 |     0.034 |       0.033 |      0.001 |       NA    | Unspecified | NA         |
| VCCO_PSDDR_504  |       1.200 |     0.677 |       0.643 |      0.034 |       NA    | Unspecified | NA         |
| VCC_PSAUX       |       1.800 |     0.002 |       0.000 |      0.002 |       NA    | Unspecified | NA         |
| VCC_PSBATT      |       1.200 |     0.000 |       0.000 |      0.000 |       NA    | Unspecified | NA         |
| VCC_PSDDR_PLL   |       1.800 |     0.001 |       0.000 |      0.001 |       NA    | Unspecified | NA         |
| VCCO_PSIO0_500  |       1.800 |     0.001 |       0.000 |      0.001 |       NA    | Unspecified | NA         |
| VCCO_PSIO1_501  |       1.800 |     0.001 |       0.000 |      0.001 |       NA    | Unspecified | NA         |
| VCCO_PSIO2_502  |       1.800 |     0.001 |       0.000 |      0.001 |       NA    | Unspecified | NA         |
| VCCO_PSIO3_503  |       3.300 |     0.001 |       0.000 |      0.001 |       NA    | Unspecified | NA         |
| VCC_PSADC       |       1.800 |     0.002 |       0.000 |      0.002 |       NA    | Unspecified | NA         |
+-----------------+-------------+-----------+-------------+------------+-------------+-------------+------------+


1.3 Confidence Level
--------------------

+-----------------------------+------------+------------------------------------------------+------------------------------------------------------------------------------------------------------------+
| User Input Data             | Confidence | Details                                        | Action                                                                                                     |
+-----------------------------+------------+------------------------------------------------+------------------------------------------------------------------------------------------------------------+
| Design implementation state | High       | Design is routed                               |                                                                                                            |
| Clock nodes activity        | High       | User specified more than 95% of clocks         |                                                                                                            |
| I/O nodes activity          | High       | User specified more than 95% of inputs         |                                                                                                            |
| Internal nodes activity     | Medium     | User specified less than 25% of internal nodes | Provide missing internal nodes activity with simulation results or by editing the "By Resource Type" views |
| Device models               | High       | Device models are Production                   |                                                                                                            |
|                             |            |                                                |                                                                                                            |
| Overall confidence level    | Medium     |                                                |                                                                                                            |
+-----------------------------+------------+------------------------------------------------+------------------------------------------------------------------------------------------------------------+


2. Settings
-----------

2.1 Environment
---------------

+-----------------------+--------------------------+
| Ambient Temp (C)      | 25.0                     |
| ThetaJA (C/W)         | 2.4                      |
| Airflow (LFM)         | 250                      |
| Heat Sink             | medium (Medium Profile)  |
| ThetaSA (C/W)         | 5.5                      |
| Board Selection       | medium (10"x10")         |
| # of Board Layers     | 12to15 (12 to 15 Layers) |
| Board Temperature (C) | 25.0                     |
+-----------------------+--------------------------+


2.2 Clock Constraints
---------------------

+-----------------------------------------------------------------------------------------------------+-------------------------------------------------------------------+-----------------+
| Clock                                                                                               | Domain                                                            | Constraint (ns) |
+-----------------------------------------------------------------------------------------------------+-------------------------------------------------------------------+-----------------+
| clk_pl_0                                                                                            | ps_block/design_1_i/zynq_ultra_ps_e_0/inst/pl_clk_unbuffered[0]   |             6.7 |
| dbg_hub/inst/BSCANID.u_xsdbm_id/SWITCH_N_EXT_BSCAN.bscan_inst/SERIES7_BSCAN.bscan_inst/INTERNAL_TCK | dbg_hub/inst/BSCANID.u_xsdbm_id/SWITCH_N_EXT_BSCAN.bscan_inst/in0 |            50.0 |
+-----------------------------------------------------------------------------------------------------+-------------------------------------------------------------------+-----------------+


3. Detailed Reports
-------------------

3.1 By Hierarchy
----------------

+--------------------------+-----------+
| Name                     | Power (W) |
+--------------------------+-----------+
| top                      |     2.299 |
|   dbg_hub                |     0.003 |
|     inst                 |     0.003 |
|       BSCANID.u_xsdbm_id |     0.003 |
|   mem_test_m0            |     0.001 |
|   ps_block               |     2.270 |
|     design_1_i           |     2.270 |
|       zynq_ultra_ps_e_0  |     2.270 |
|   u_aq_axi_master        |     0.003 |
|   u_ila_0                |     0.022 |
|     inst                 |     0.022 |
|       ila_core_inst      |     0.022 |
+--------------------------+-----------+


