
*** Running vivado
    with args -log design_1_wrapper.vdi -applog -m64 -product Vivado -messageDb vivado.pb -mode batch -source design_1_wrapper.tcl -notrace



****** Vivado v2020.1 (64-bit)
  **** SW Build 2902540 on Wed May 27 19:54:49 MDT 2020
  **** IP Build 2902112 on Wed May 27 22:43:36 MDT 2020
    ** Copyright 1986-2020 Xilinx, Inc. All Rights Reserved.

source design_1_wrapper.tcl -notrace
INFO: [IP_Flow 19-234] Refreshing IP repositories
INFO: [IP_Flow 19-1704] No user IP repositories specified
INFO: [IP_Flow 19-2313] Loaded Vivado IP repository 'E:/XilinxVitis/Vivado/2020.1/data/ip'.
Command: link_design -top design_1_wrapper -part xczu2cg-sfvc784-1-i
Design is defaulting to srcset: sources_1
Design is defaulting to constrset: constrs_1
INFO: [Device 21-403] Loading part xczu2cg-sfvc784-1-i
INFO: [Project 1-454] Reading design checkpoint 'e:/XilinxPrj/AXU2CG/course_64b/course_s2/13_dualcore_amp/vivado/dualcore.srcs/sources_1/bd/design_1/ip/design_1_axi_gpio_0_0/design_1_axi_gpio_0_0.dcp' for cell 'design_1_i/axi_gpio_0'
INFO: [Project 1-454] Reading design checkpoint 'e:/XilinxPrj/AXU2CG/course_64b/course_s2/13_dualcore_amp/vivado/dualcore.srcs/sources_1/bd/design_1/ip/design_1_axi_gpio_1_0/design_1_axi_gpio_1_0.dcp' for cell 'design_1_i/axi_gpio_1'
INFO: [Project 1-454] Reading design checkpoint 'e:/XilinxPrj/AXU2CG/course_64b/course_s2/13_dualcore_amp/vivado/dualcore.srcs/sources_1/bd/design_1/ip/design_1_rst_ps8_0_99M_0/design_1_rst_ps8_0_99M_0.dcp' for cell 'design_1_i/rst_ps8_0_99M'
INFO: [Project 1-454] Reading design checkpoint 'e:/XilinxPrj/AXU2CG/course_64b/course_s2/13_dualcore_amp/vivado/dualcore.srcs/sources_1/bd/design_1/ip/design_1_zynq_ultra_ps_e_0_0/design_1_zynq_ultra_ps_e_0_0.dcp' for cell 'design_1_i/zynq_ultra_ps_e_0'
INFO: [Project 1-454] Reading design checkpoint 'e:/XilinxPrj/AXU2CG/course_64b/course_s2/13_dualcore_amp/vivado/dualcore.srcs/sources_1/bd/design_1/ip/design_1_xbar_0/design_1_xbar_0.dcp' for cell 'design_1_i/ps8_0_axi_periph/xbar'
INFO: [Project 1-454] Reading design checkpoint 'e:/XilinxPrj/AXU2CG/course_64b/course_s2/13_dualcore_amp/vivado/dualcore.srcs/sources_1/bd/design_1/ip/design_1_auto_pc_0/design_1_auto_pc_0.dcp' for cell 'design_1_i/ps8_0_axi_periph/s00_couplers/auto_pc'
Netlist sorting complete. Time (s): cpu = 00:00:00 ; elapsed = 00:00:00.087 . Memory (MB): peak = 1410.816 ; gain = 0.000
INFO: [Netlist 29-17] Analyzing 8 Unisim elements for replacement
INFO: [Netlist 29-28] Unisim Transformation completed in 0 CPU seconds
INFO: [Project 1-479] Netlist was created with Vivado 2020.1
INFO: [Project 1-570] Preparing netlist for logic optimization
Parsing XDC File [e:/XilinxPrj/AXU2CG/course_64b/course_s2/13_dualcore_amp/vivado/dualcore.srcs/sources_1/bd/design_1/ip/design_1_zynq_ultra_ps_e_0_0/design_1_zynq_ultra_ps_e_0_0.xdc] for cell 'design_1_i/zynq_ultra_ps_e_0/inst'
Finished Parsing XDC File [e:/XilinxPrj/AXU2CG/course_64b/course_s2/13_dualcore_amp/vivado/dualcore.srcs/sources_1/bd/design_1/ip/design_1_zynq_ultra_ps_e_0_0/design_1_zynq_ultra_ps_e_0_0.xdc] for cell 'design_1_i/zynq_ultra_ps_e_0/inst'
Parsing XDC File [e:/XilinxPrj/AXU2CG/course_64b/course_s2/13_dualcore_amp/vivado/dualcore.srcs/sources_1/bd/design_1/ip/design_1_axi_gpio_0_0/design_1_axi_gpio_0_0_board.xdc] for cell 'design_1_i/axi_gpio_0/U0'
Finished Parsing XDC File [e:/XilinxPrj/AXU2CG/course_64b/course_s2/13_dualcore_amp/vivado/dualcore.srcs/sources_1/bd/design_1/ip/design_1_axi_gpio_0_0/design_1_axi_gpio_0_0_board.xdc] for cell 'design_1_i/axi_gpio_0/U0'
Parsing XDC File [e:/XilinxPrj/AXU2CG/course_64b/course_s2/13_dualcore_amp/vivado/dualcore.srcs/sources_1/bd/design_1/ip/design_1_axi_gpio_0_0/design_1_axi_gpio_0_0.xdc] for cell 'design_1_i/axi_gpio_0/U0'
Finished Parsing XDC File [e:/XilinxPrj/AXU2CG/course_64b/course_s2/13_dualcore_amp/vivado/dualcore.srcs/sources_1/bd/design_1/ip/design_1_axi_gpio_0_0/design_1_axi_gpio_0_0.xdc] for cell 'design_1_i/axi_gpio_0/U0'
Parsing XDC File [e:/XilinxPrj/AXU2CG/course_64b/course_s2/13_dualcore_amp/vivado/dualcore.srcs/sources_1/bd/design_1/ip/design_1_axi_gpio_1_0/design_1_axi_gpio_1_0_board.xdc] for cell 'design_1_i/axi_gpio_1/U0'
Finished Parsing XDC File [e:/XilinxPrj/AXU2CG/course_64b/course_s2/13_dualcore_amp/vivado/dualcore.srcs/sources_1/bd/design_1/ip/design_1_axi_gpio_1_0/design_1_axi_gpio_1_0_board.xdc] for cell 'design_1_i/axi_gpio_1/U0'
Parsing XDC File [e:/XilinxPrj/AXU2CG/course_64b/course_s2/13_dualcore_amp/vivado/dualcore.srcs/sources_1/bd/design_1/ip/design_1_axi_gpio_1_0/design_1_axi_gpio_1_0.xdc] for cell 'design_1_i/axi_gpio_1/U0'
Finished Parsing XDC File [e:/XilinxPrj/AXU2CG/course_64b/course_s2/13_dualcore_amp/vivado/dualcore.srcs/sources_1/bd/design_1/ip/design_1_axi_gpio_1_0/design_1_axi_gpio_1_0.xdc] for cell 'design_1_i/axi_gpio_1/U0'
Parsing XDC File [e:/XilinxPrj/AXU2CG/course_64b/course_s2/13_dualcore_amp/vivado/dualcore.srcs/sources_1/bd/design_1/ip/design_1_rst_ps8_0_99M_0/design_1_rst_ps8_0_99M_0_board.xdc] for cell 'design_1_i/rst_ps8_0_99M/U0'
Finished Parsing XDC File [e:/XilinxPrj/AXU2CG/course_64b/course_s2/13_dualcore_amp/vivado/dualcore.srcs/sources_1/bd/design_1/ip/design_1_rst_ps8_0_99M_0/design_1_rst_ps8_0_99M_0_board.xdc] for cell 'design_1_i/rst_ps8_0_99M/U0'
Parsing XDC File [e:/XilinxPrj/AXU2CG/course_64b/course_s2/13_dualcore_amp/vivado/dualcore.srcs/sources_1/bd/design_1/ip/design_1_rst_ps8_0_99M_0/design_1_rst_ps8_0_99M_0.xdc] for cell 'design_1_i/rst_ps8_0_99M/U0'
Finished Parsing XDC File [e:/XilinxPrj/AXU2CG/course_64b/course_s2/13_dualcore_amp/vivado/dualcore.srcs/sources_1/bd/design_1/ip/design_1_rst_ps8_0_99M_0/design_1_rst_ps8_0_99M_0.xdc] for cell 'design_1_i/rst_ps8_0_99M/U0'
Parsing XDC File [E:/XilinxPrj/AXU2CG/course_64b/course_s2/13_dualcore_amp/vivado/dualcore.srcs/constrs_1/new/led.xdc]
Finished Parsing XDC File [E:/XilinxPrj/AXU2CG/course_64b/course_s2/13_dualcore_amp/vivado/dualcore.srcs/constrs_1/new/led.xdc]
INFO: [Opt 31-138] Pushed 0 inverter(s) to 0 load pin(s).
Netlist sorting complete. Time (s): cpu = 00:00:00 ; elapsed = 00:00:00 . Memory (MB): peak = 1410.816 ; gain = 0.000
INFO: [Project 1-111] Unisim Transformation Summary:
  A total of 3 instances were transformed.
  IBUF => IBUF (IBUFCTRL, INBUF): 1 instance 
  IOBUF => IOBUF (IBUFCTRL, INBUF, OBUFT): 2 instances

16 Infos, 0 Warnings, 0 Critical Warnings and 0 Errors encountered.
link_design completed successfully
link_design: Time (s): cpu = 00:00:13 ; elapsed = 00:00:21 . Memory (MB): peak = 1410.816 ; gain = 338.625
Command: opt_design
Attempting to get a license for feature 'Implementation' and/or device 'xczu2cg'
INFO: [Common 17-349] Got license for feature 'Implementation' and/or device 'xczu2cg'
Running DRC as a precondition to command opt_design

Starting DRC Task
INFO: [DRC 23-27] Running DRC with 2 threads
INFO: [Project 1-461] DRC finished with 0 Errors
INFO: [Project 1-462] Please refer to the DRC report (report_drc) for more information.

Time (s): cpu = 00:00:03 ; elapsed = 00:00:01 . Memory (MB): peak = 1435.375 ; gain = 24.559

Starting Cache Timing Information Task
INFO: [Timing 38-35] Done setting XDC timing constraints.
Ending Cache Timing Information Task | Checksum: 1259ad809

Time (s): cpu = 00:00:02 ; elapsed = 00:00:03 . Memory (MB): peak = 1662.504 ; gain = 227.129

Starting Logic Optimization Task

Phase 1 Retarget
INFO: [Opt 31-138] Pushed 5 inverter(s) to 70 load pin(s).
INFO: [Opt 31-49] Retargeted 0 cell(s).
Phase 1 Retarget | Checksum: 1e44fbf60

Time (s): cpu = 00:00:00 ; elapsed = 00:00:00.284 . Memory (MB): peak = 1878.414 ; gain = 0.000
INFO: [Opt 31-389] Phase Retarget created 6 cells and removed 285 cells
INFO: [Opt 31-1021] In phase Retarget, 2 netlist objects are constrained preventing optimization. Please run opt_design with -debug_log to get more detail. 

Phase 2 Constant propagation
INFO: [Opt 31-138] Pushed 0 inverter(s) to 0 load pin(s).
Phase 2 Constant propagation | Checksum: 182b48a83

Time (s): cpu = 00:00:00 ; elapsed = 00:00:00.306 . Memory (MB): peak = 1878.414 ; gain = 0.000
INFO: [Opt 31-389] Phase Constant propagation created 0 cells and removed 2 cells

Phase 3 Sweep
Phase 3 Sweep | Checksum: 146e6f409

Time (s): cpu = 00:00:01 ; elapsed = 00:00:00.814 . Memory (MB): peak = 1878.414 ; gain = 0.000
INFO: [Opt 31-389] Phase Sweep created 0 cells and removed 193 cells
INFO: [Opt 31-1021] In phase Sweep, 1 netlist objects are constrained preventing optimization. Please run opt_design with -debug_log to get more detail. 

Phase 4 BUFG optimization
INFO: [Opt 31-1077] Phase BUFG optimization inserted 0 global clock buffer(s) for CLOCK_LOW_FANOUT.
Phase 4 BUFG optimization | Checksum: 146e6f409

Time (s): cpu = 00:00:01 ; elapsed = 00:00:00.884 . Memory (MB): peak = 1878.414 ; gain = 0.000
INFO: [Opt 31-662] Phase BUFG optimization created 0 cells of which 0 are BUFGs and removed 0 cells.

Phase 5 Shift Register Optimization
INFO: [Opt 31-1064] SRL Remap converted 0 SRLs to 0 registers and converted 0 registers of register chains to 0 SRLs
Phase 5 Shift Register Optimization | Checksum: 146e6f409

Time (s): cpu = 00:00:01 ; elapsed = 00:00:00.927 . Memory (MB): peak = 1878.414 ; gain = 0.000
INFO: [Opt 31-389] Phase Shift Register Optimization created 0 cells and removed 0 cells

Phase 6 Post Processing Netlist
Phase 6 Post Processing Netlist | Checksum: 146e6f409

Time (s): cpu = 00:00:01 ; elapsed = 00:00:00.961 . Memory (MB): peak = 1878.414 ; gain = 0.000
INFO: [Opt 31-389] Phase Post Processing Netlist created 0 cells and removed 0 cells
Opt_design Change Summary
=========================


-------------------------------------------------------------------------------------------------------------------------
|  Phase                        |  #Cells created  |  #Cells Removed  |  #Constrained objects preventing optimizations  |
-------------------------------------------------------------------------------------------------------------------------
|  Retarget                     |               6  |             285  |                                              2  |
|  Constant propagation         |               0  |               2  |                                              0  |
|  Sweep                        |               0  |             193  |                                              1  |
|  BUFG optimization            |               0  |               0  |                                              0  |
|  Shift Register Optimization  |               0  |               0  |                                              0  |
|  Post Processing Netlist      |               0  |               0  |                                              0  |
-------------------------------------------------------------------------------------------------------------------------



Starting Connectivity Check Task

Time (s): cpu = 00:00:00 ; elapsed = 00:00:00.021 . Memory (MB): peak = 1878.414 ; gain = 0.000
Ending Logic Optimization Task | Checksum: 16d9248fe

Time (s): cpu = 00:00:01 ; elapsed = 00:00:01 . Memory (MB): peak = 1878.414 ; gain = 0.000

Starting Power Optimization Task
INFO: [Pwropt 34-132] Skipping clock gating for clocks with a period < 2.00 ns.
Ending Power Optimization Task | Checksum: 16d9248fe

Time (s): cpu = 00:00:00 ; elapsed = 00:00:00.075 . Memory (MB): peak = 1878.414 ; gain = 0.000

Starting Final Cleanup Task
Ending Final Cleanup Task | Checksum: 16d9248fe

Time (s): cpu = 00:00:00 ; elapsed = 00:00:00 . Memory (MB): peak = 1878.414 ; gain = 0.000

Starting Netlist Obfuscation Task
Netlist sorting complete. Time (s): cpu = 00:00:00 ; elapsed = 00:00:00.001 . Memory (MB): peak = 1878.414 ; gain = 0.000
Ending Netlist Obfuscation Task | Checksum: 16d9248fe

Time (s): cpu = 00:00:00 ; elapsed = 00:00:00.001 . Memory (MB): peak = 1878.414 ; gain = 0.000
INFO: [Common 17-83] Releasing license: Implementation
36 Infos, 0 Warnings, 0 Critical Warnings and 0 Errors encountered.
opt_design completed successfully
opt_design: Time (s): cpu = 00:00:08 ; elapsed = 00:00:08 . Memory (MB): peak = 1878.414 ; gain = 467.598
INFO: [Timing 38-480] Writing timing data to binary archive.
Writing placer database...
Writing XDEF routing.
Writing XDEF routing logical nets.
Writing XDEF routing special nets.
Write XDEF Complete: Time (s): cpu = 00:00:00 ; elapsed = 00:00:00.086 . Memory (MB): peak = 1878.414 ; gain = 0.000
INFO: [Common 17-1381] The checkpoint 'E:/XilinxPrj/AXU2CG/course_64b/course_s2/13_dualcore_amp/vivado/dualcore.runs/impl_1/design_1_wrapper_opt.dcp' has been generated.
INFO: [runtcl-4] Executing : report_drc -file design_1_wrapper_drc_opted.rpt -pb design_1_wrapper_drc_opted.pb -rpx design_1_wrapper_drc_opted.rpx
Command: report_drc -file design_1_wrapper_drc_opted.rpt -pb design_1_wrapper_drc_opted.pb -rpx design_1_wrapper_drc_opted.rpx
INFO: [IP_Flow 19-1839] IP Catalog is up to date.
INFO: [DRC 23-27] Running DRC with 2 threads
INFO: [Coretcl 2-168] The results of DRC are in file E:/XilinxPrj/AXU2CG/course_64b/course_s2/13_dualcore_amp/vivado/dualcore.runs/impl_1/design_1_wrapper_drc_opted.rpt.
report_drc completed successfully
Command: place_design
Attempting to get a license for feature 'Implementation' and/or device 'xczu2cg'
INFO: [Common 17-349] Got license for feature 'Implementation' and/or device 'xczu2cg'
INFO: [DRC 23-27] Running DRC with 2 threads
INFO: [Vivado_Tcl 4-198] DRC finished with 0 Errors
INFO: [Vivado_Tcl 4-199] Please refer to the DRC report (report_drc) for more information.
Running DRC as a precondition to command place_design
INFO: [DRC 23-27] Running DRC with 2 threads
INFO: [Vivado_Tcl 4-198] DRC finished with 0 Errors
INFO: [Vivado_Tcl 4-199] Please refer to the DRC report (report_drc) for more information.

Starting Placer Task
INFO: [Place 30-611] Multithreading enabled for place_design using a maximum of 2 CPUs

Phase 1 Placer Initialization

Phase 1.1 Placer Initialization Netlist Sorting
Netlist sorting complete. Time (s): cpu = 00:00:00 ; elapsed = 00:00:00.001 . Memory (MB): peak = 1882.625 ; gain = 0.000
Phase 1.1 Placer Initialization Netlist Sorting | Checksum: 1219e67f8

Time (s): cpu = 00:00:00 ; elapsed = 00:00:00.063 . Memory (MB): peak = 1882.625 ; gain = 0.000
Netlist sorting complete. Time (s): cpu = 00:00:00 ; elapsed = 00:00:00.001 . Memory (MB): peak = 1882.625 ; gain = 0.000

Phase 1.2 IO Placement/ Clock Placement/ Build Placer Device
INFO: [Timing 38-35] Done setting XDC timing constraints.
Phase 1.2 IO Placement/ Clock Placement/ Build Placer Device | Checksum: 16464d5c0

Time (s): cpu = 00:00:25 ; elapsed = 00:00:33 . Memory (MB): peak = 3286.871 ; gain = 1404.246

Phase 1.3 Build Placer Netlist Model
Phase 1.3 Build Placer Netlist Model | Checksum: 1f560217e

Time (s): cpu = 00:00:27 ; elapsed = 00:00:34 . Memory (MB): peak = 3286.871 ; gain = 1404.246

Phase 1.4 Constrain Clocks/Macros
Phase 1.4 Constrain Clocks/Macros | Checksum: 1f560217e

Time (s): cpu = 00:00:27 ; elapsed = 00:00:34 . Memory (MB): peak = 3286.871 ; gain = 1404.246
Phase 1 Placer Initialization | Checksum: 1f560217e

Time (s): cpu = 00:00:27 ; elapsed = 00:00:34 . Memory (MB): peak = 3286.871 ; gain = 1404.246

Phase 2 Global Placement

Phase 2.1 Floorplanning

Phase 2.1.1 Partition Driven Placement

Phase 2.1.1.1 PBP: Partition Driven Placement
Phase 2.1.1.1 PBP: Partition Driven Placement | Checksum: 1a1160847

Time (s): cpu = 00:00:27 ; elapsed = 00:00:34 . Memory (MB): peak = 3286.871 ; gain = 1404.246

Phase 2.1.1.2 PBP: Clock Region Placement
Phase 2.1.1.2 PBP: Clock Region Placement | Checksum: 1a1160847

Time (s): cpu = 00:00:27 ; elapsed = 00:00:35 . Memory (MB): peak = 3286.871 ; gain = 1404.246

Phase 2.1.1.3 PBP: Compute Congestion
Phase 2.1.1.3 PBP: Compute Congestion | Checksum: 1a1160847

Time (s): cpu = 00:00:27 ; elapsed = 00:00:35 . Memory (MB): peak = 3286.871 ; gain = 1404.246

Phase 2.1.1.4 PBP: UpdateTiming
Phase 2.1.1.4 PBP: UpdateTiming | Checksum: 169a254cf

Time (s): cpu = 00:00:27 ; elapsed = 00:00:35 . Memory (MB): peak = 3286.871 ; gain = 1404.246

Phase 2.1.1.5 PBP: Add part constraints
Phase 2.1.1.5 PBP: Add part constraints | Checksum: 169a254cf

Time (s): cpu = 00:00:27 ; elapsed = 00:00:35 . Memory (MB): peak = 3286.871 ; gain = 1404.246
Phase 2.1.1 Partition Driven Placement | Checksum: 169a254cf

Time (s): cpu = 00:00:27 ; elapsed = 00:00:35 . Memory (MB): peak = 3286.871 ; gain = 1404.246
Phase 2.1 Floorplanning | Checksum: 1e24927cf

Time (s): cpu = 00:00:27 ; elapsed = 00:00:35 . Memory (MB): peak = 3286.871 ; gain = 1404.246

Phase 2.2 Global Placement Core

Phase 2.2.1 Physical Synthesis In Placer
INFO: [Physopt 32-1035] Found 0 LUTNM shape to break, 36 LUT instances to create LUTNM shape
INFO: [Physopt 32-1044] Break lutnm for timing: one critical 0, two critical 0, total 0, new lutff created 0
INFO: [Physopt 32-775] End 1 Pass. Optimized 16 nets or cells. Created 0 new cell, deleted 16 existing cells and moved 0 existing cell
INFO: [Physopt 32-65] No nets found for high-fanout optimization.
INFO: [Physopt 32-232] Optimized 0 net. Created 0 new instance.
INFO: [Physopt 32-775] End 1 Pass. Optimized 0 net or cell. Created 0 new cell, deleted 0 existing cell and moved 0 existing cell
INFO: [Physopt 32-670] No setup violation found.  DSP Register Optimization was not performed.
INFO: [Physopt 32-670] No setup violation found.  Shift Register to Pipeline Optimization was not performed.
INFO: [Physopt 32-670] No setup violation found.  Shift Register Optimization was not performed.
INFO: [Physopt 32-670] No setup violation found.  BRAM Register Optimization was not performed.
INFO: [Physopt 32-670] No setup violation found.  URAM Register Optimization was not performed.
INFO: [Physopt 32-949] No candidate nets found for HD net replication
INFO: [Physopt 32-775] End 1 Pass. Optimized 0 net or cell. Created 0 new cell, deleted 0 existing cell and moved 0 existing cell
Netlist sorting complete. Time (s): cpu = 00:00:00 ; elapsed = 00:00:00.001 . Memory (MB): peak = 3286.871 ; gain = 0.000

Summary of Physical Synthesis Optimizations
============================================


-----------------------------------------------------------------------------------------------------------------------------------------------------------
|  Optimization                                     |  Added Cells  |  Removed Cells  |  Optimized Cells/Nets  |  Dont Touch  |  Iterations  |  Elapsed   |
-----------------------------------------------------------------------------------------------------------------------------------------------------------
|  LUT Combining                                    |            0  |             16  |                    16  |           0  |           1  |  00:00:00  |
|  Very High Fanout                                 |            0  |              0  |                     0  |           0  |           1  |  00:00:00  |
|  DSP Register                                     |            0  |              0  |                     0  |           0  |           0  |  00:00:00  |
|  Shift Register to Pipeline                       |            0  |              0  |                     0  |           0  |           0  |  00:00:00  |
|  Shift Register                                   |            0  |              0  |                     0  |           0  |           0  |  00:00:00  |
|  BRAM Register                                    |            0  |              0  |                     0  |           0  |           0  |  00:00:00  |
|  URAM Register                                    |            0  |              0  |                     0  |           0  |           0  |  00:00:00  |
|  Dynamic/Static Region Interface Net Replication  |            0  |              0  |                     0  |           0  |           1  |  00:00:00  |
|  Total                                            |            0  |             16  |                    16  |           0  |           3  |  00:00:00  |
-----------------------------------------------------------------------------------------------------------------------------------------------------------


Phase 2.2.1 Physical Synthesis In Placer | Checksum: 168903314

Time (s): cpu = 00:00:30 ; elapsed = 00:00:37 . Memory (MB): peak = 3286.871 ; gain = 1404.246
Phase 2.2 Global Placement Core | Checksum: f3c6e137

Time (s): cpu = 00:00:30 ; elapsed = 00:00:37 . Memory (MB): peak = 3286.871 ; gain = 1404.246
Phase 2 Global Placement | Checksum: f3c6e137

Time (s): cpu = 00:00:30 ; elapsed = 00:00:37 . Memory (MB): peak = 3286.871 ; gain = 1404.246

Phase 3 Detail Placement

Phase 3.1 Commit Multi Column Macros
Phase 3.1 Commit Multi Column Macros | Checksum: 195eeebe6

Time (s): cpu = 00:00:31 ; elapsed = 00:00:37 . Memory (MB): peak = 3286.871 ; gain = 1404.246

Phase 3.2 Commit Most Macros & LUTRAMs
Phase 3.2 Commit Most Macros & LUTRAMs | Checksum: 18ab5cdc6

Time (s): cpu = 00:00:31 ; elapsed = 00:00:37 . Memory (MB): peak = 3286.871 ; gain = 1404.246

Phase 3.3 Area Swap Optimization
Phase 3.3 Area Swap Optimization | Checksum: 171833a79

Time (s): cpu = 00:00:31 ; elapsed = 00:00:37 . Memory (MB): peak = 3286.871 ; gain = 1404.246

Phase 3.4 Small Shape DP

Phase 3.4.1 Small Shape Clustering
Phase 3.4.1 Small Shape Clustering | Checksum: 1e904a74b

Time (s): cpu = 00:00:31 ; elapsed = 00:00:37 . Memory (MB): peak = 3286.871 ; gain = 1404.246

Phase 3.4.2 Flow Legalize Slice Clusters
Phase 3.4.2 Flow Legalize Slice Clusters | Checksum: 1eda3e81d

Time (s): cpu = 00:00:31 ; elapsed = 00:00:38 . Memory (MB): peak = 3286.871 ; gain = 1404.246

Phase 3.4.3 Slice Area Swap
Phase 3.4.3 Slice Area Swap | Checksum: 14f154c2d

Time (s): cpu = 00:00:32 ; elapsed = 00:00:38 . Memory (MB): peak = 3286.871 ; gain = 1404.246
Phase 3.4 Small Shape DP | Checksum: 232cff631

Time (s): cpu = 00:00:32 ; elapsed = 00:00:38 . Memory (MB): peak = 3286.871 ; gain = 1404.246

Phase 3.5 Re-assign LUT pins
Phase 3.5 Re-assign LUT pins | Checksum: 1b62e10f7

Time (s): cpu = 00:00:32 ; elapsed = 00:00:38 . Memory (MB): peak = 3286.871 ; gain = 1404.246

Phase 3.6 Pipeline Register Optimization
Phase 3.6 Pipeline Register Optimization | Checksum: 1b1d23d57

Time (s): cpu = 00:00:32 ; elapsed = 00:00:38 . Memory (MB): peak = 3286.871 ; gain = 1404.246
Phase 3 Detail Placement | Checksum: 1b1d23d57

Time (s): cpu = 00:00:32 ; elapsed = 00:00:38 . Memory (MB): peak = 3286.871 ; gain = 1404.246

Phase 4 Post Placement Optimization and Clean-Up

Phase 4.1 Post Commit Optimization
INFO: [Timing 38-35] Done setting XDC timing constraints.

Phase 4.1.1 Post Placement Optimization
Post Placement Optimization Initialization | Checksum: 21a1d6708

Phase 4.1.1.1 BUFG Insertion

Starting Physical Synthesis Task

Phase 1 Physical Synthesis Initialization
INFO: [Physopt 32-721] Multithreading enabled for phys_opt_design using a maximum of 2 CPUs
INFO: [Physopt 32-619] Estimated Timing Summary | WNS=7.178 | TNS=0.000 |
Phase 1 Physical Synthesis Initialization | Checksum: 1eb765760

Time (s): cpu = 00:00:00 ; elapsed = 00:00:00.067 . Memory (MB): peak = 3286.871 ; gain = 0.000
INFO: [Place 46-56] BUFG insertion identified 0 candidate nets. Inserted BUFG: 0, Replicated BUFG Driver: 0, Skipped due to Placement/Routing Conflicts: 0, Skipped due to Timing Degradation: 0, Skipped due to Illegal Netlist: 0.
Ending Physical Synthesis Task | Checksum: 181db5972

Time (s): cpu = 00:00:00 ; elapsed = 00:00:00.085 . Memory (MB): peak = 3286.871 ; gain = 0.000
Phase 4.1.1.1 BUFG Insertion | Checksum: 21a1d6708

Time (s): cpu = 00:00:33 ; elapsed = 00:00:39 . Memory (MB): peak = 3286.871 ; gain = 1404.246
INFO: [Place 30-746] Post Placement Timing Summary WNS=7.178. For the most accurate timing information please run report_timing.
Phase 4.1.1 Post Placement Optimization | Checksum: 16658bc1f

Time (s): cpu = 00:00:33 ; elapsed = 00:00:39 . Memory (MB): peak = 3286.871 ; gain = 1404.246
Phase 4.1 Post Commit Optimization | Checksum: 16658bc1f

Time (s): cpu = 00:00:33 ; elapsed = 00:00:39 . Memory (MB): peak = 3286.871 ; gain = 1404.246

Phase 4.2 Post Placement Cleanup
Phase 4.2 Post Placement Cleanup | Checksum: 16658bc1f

Time (s): cpu = 00:00:33 ; elapsed = 00:00:39 . Memory (MB): peak = 3286.871 ; gain = 1404.246
Netlist sorting complete. Time (s): cpu = 00:00:00 ; elapsed = 00:00:00 . Memory (MB): peak = 3286.871 ; gain = 0.000

Phase 4.3 Placer Reporting
Phase 4.3 Placer Reporting | Checksum: 1bd79c331

Time (s): cpu = 00:00:35 ; elapsed = 00:00:41 . Memory (MB): peak = 3286.871 ; gain = 1404.246

Phase 4.4 Final Placement Cleanup
Netlist sorting complete. Time (s): cpu = 00:00:00 ; elapsed = 00:00:00.001 . Memory (MB): peak = 3286.871 ; gain = 0.000
Phase 4.4 Final Placement Cleanup | Checksum: 1b4c155a7

Time (s): cpu = 00:00:35 ; elapsed = 00:00:41 . Memory (MB): peak = 3286.871 ; gain = 1404.246
Phase 4 Post Placement Optimization and Clean-Up | Checksum: 1b4c155a7

Time (s): cpu = 00:00:35 ; elapsed = 00:00:41 . Memory (MB): peak = 3286.871 ; gain = 1404.246
Ending Placer Task | Checksum: 1845011f4

Time (s): cpu = 00:00:35 ; elapsed = 00:00:41 . Memory (MB): peak = 3286.871 ; gain = 1404.246
INFO: [Common 17-83] Releasing license: Implementation
70 Infos, 0 Warnings, 0 Critical Warnings and 0 Errors encountered.
place_design completed successfully
place_design: Time (s): cpu = 00:00:37 ; elapsed = 00:00:43 . Memory (MB): peak = 3286.871 ; gain = 1408.457
INFO: [Timing 38-480] Writing timing data to binary archive.
Writing placer database...
Writing XDEF routing.
Writing XDEF routing logical nets.
Writing XDEF routing special nets.
Write XDEF Complete: Time (s): cpu = 00:00:01 ; elapsed = 00:00:00.193 . Memory (MB): peak = 3286.871 ; gain = 0.000
INFO: [Common 17-1381] The checkpoint 'E:/XilinxPrj/AXU2CG/course_64b/course_s2/13_dualcore_amp/vivado/dualcore.runs/impl_1/design_1_wrapper_placed.dcp' has been generated.
INFO: [runtcl-4] Executing : report_io -file design_1_wrapper_io_placed.rpt
report_io: Time (s): cpu = 00:00:01 ; elapsed = 00:00:00.072 . Memory (MB): peak = 3286.871 ; gain = 0.000
INFO: [runtcl-4] Executing : report_utilization -file design_1_wrapper_utilization_placed.rpt -pb design_1_wrapper_utilization_placed.pb
INFO: [runtcl-4] Executing : report_control_sets -verbose -file design_1_wrapper_control_sets_placed.rpt
report_control_sets: Time (s): cpu = 00:00:00 ; elapsed = 00:00:00.005 . Memory (MB): peak = 3286.871 ; gain = 0.000
Command: phys_opt_design
Attempting to get a license for feature 'Implementation' and/or device 'xczu2cg'
INFO: [Common 17-349] Got license for feature 'Implementation' and/or device 'xczu2cg'
INFO: [Vivado_Tcl 4-383] Design worst setup slack (WNS) is greater than or equal to 0.000 ns. Skipping all physical synthesis optimizations.
INFO: [Vivado_Tcl 4-232] No setup violation found. The netlist was not modified.
INFO: [Common 17-83] Releasing license: Implementation
79 Infos, 0 Warnings, 0 Critical Warnings and 0 Errors encountered.
phys_opt_design completed successfully
INFO: [Timing 38-480] Writing timing data to binary archive.
Writing placer database...
Writing XDEF routing.
Writing XDEF routing logical nets.
Writing XDEF routing special nets.
Write XDEF Complete: Time (s): cpu = 00:00:01 ; elapsed = 00:00:00.192 . Memory (MB): peak = 3286.871 ; gain = 0.000
INFO: [Common 17-1381] The checkpoint 'E:/XilinxPrj/AXU2CG/course_64b/course_s2/13_dualcore_amp/vivado/dualcore.runs/impl_1/design_1_wrapper_physopt.dcp' has been generated.
Command: route_design
Attempting to get a license for feature 'Implementation' and/or device 'xczu2cg'
INFO: [Common 17-349] Got license for feature 'Implementation' and/or device 'xczu2cg'
Running DRC as a precondition to command route_design
INFO: [DRC 23-27] Running DRC with 2 threads
INFO: [Vivado_Tcl 4-198] DRC finished with 0 Errors
INFO: [Vivado_Tcl 4-199] Please refer to the DRC report (report_drc) for more information.


Starting Routing Task
INFO: [Route 35-254] Multithreading enabled for route_design using a maximum of 2 CPUs
Checksum: PlaceDB: 7a9af0ae ConstDB: 0 ShapeSum: b2941a34 RouteDB: 57210712

Phase 1 Build RT Design
Nodegraph reading from file.  Time (s): cpu = 00:00:01 ; elapsed = 00:00:00.726 . Memory (MB): peak = 3286.871 ; gain = 0.000
Phase 1 Build RT Design | Checksum: 15fa08b7

Time (s): cpu = 00:00:02 ; elapsed = 00:00:03 . Memory (MB): peak = 3286.871 ; gain = 0.000
Post Restoration Checksum: NetGraph: b6461a17 NumContArr: bf03d1ba Constraints: d436b992 Timing: 0

Phase 2 Router Initialization

Phase 2.1 Create Timer
Phase 2.1 Create Timer | Checksum: 24980a563

Time (s): cpu = 00:00:02 ; elapsed = 00:00:03 . Memory (MB): peak = 3286.871 ; gain = 0.000

Phase 2.2 Fix Topology Constraints
Phase 2.2 Fix Topology Constraints | Checksum: 24980a563

Time (s): cpu = 00:00:02 ; elapsed = 00:00:03 . Memory (MB): peak = 3286.871 ; gain = 0.000

Phase 2.3 Pre Route Cleanup
Phase 2.3 Pre Route Cleanup | Checksum: 24980a563

Time (s): cpu = 00:00:02 ; elapsed = 00:00:03 . Memory (MB): peak = 3286.871 ; gain = 0.000

Phase 2.4 Global Clock Net Routing
 Number of Nodes with overlaps = 0
Phase 2.4 Global Clock Net Routing | Checksum: 1ce729c34

Time (s): cpu = 00:00:03 ; elapsed = 00:00:03 . Memory (MB): peak = 3286.871 ; gain = 0.000

Phase 2.5 Update Timing
Phase 2.5 Update Timing | Checksum: 2e635349e

Time (s): cpu = 00:00:03 ; elapsed = 00:00:03 . Memory (MB): peak = 3286.871 ; gain = 0.000
INFO: [Route 35-416] Intermediate Timing Summary | WNS=7.222  | TNS=0.000  | WHS=-0.074 | THS=-0.361 |

Phase 2 Router Initialization | Checksum: 365c929a6

Time (s): cpu = 00:00:04 ; elapsed = 00:00:04 . Memory (MB): peak = 3286.871 ; gain = 0.000

Router Utilization Summary
  Global Vertical Routing Utilization    = 0 %
  Global Horizontal Routing Utilization  = 0 %
  Routable Net Status*
  *Does not include unroutable nets such as driverless and loadless.
  Run report_route_status for detailed report.
  Number of Failed Nets               = 1381
    (Failed Nets is the sum of unrouted and partially routed nets)
  Number of Unrouted Nets             = 1156
  Number of Partially Routed Nets     = 225
  Number of Node Overlaps             = 0


Phase 3 Initial Routing
Phase 3 Initial Routing | Checksum: 2b1c2533c

Time (s): cpu = 00:00:04 ; elapsed = 00:00:05 . Memory (MB): peak = 3286.871 ; gain = 0.000

Phase 4 Rip-up And Reroute

Phase 4.1 Global Iteration 0
 Number of Nodes with overlaps = 209
 Number of Nodes with overlaps = 6
 Number of Nodes with overlaps = 0
INFO: [Route 35-416] Intermediate Timing Summary | WNS=6.858  | TNS=0.000  | WHS=0.014  | THS=0.000  |

Phase 4.1 Global Iteration 0 | Checksum: 2fb2a2559

Time (s): cpu = 00:00:06 ; elapsed = 00:00:05 . Memory (MB): peak = 3286.871 ; gain = 0.000

Phase 4.2 Additional Iteration for Hold
Phase 4.2 Additional Iteration for Hold | Checksum: 299d665c7

Time (s): cpu = 00:00:06 ; elapsed = 00:00:05 . Memory (MB): peak = 3286.871 ; gain = 0.000
Phase 4 Rip-up And Reroute | Checksum: 299d665c7

Time (s): cpu = 00:00:06 ; elapsed = 00:00:05 . Memory (MB): peak = 3286.871 ; gain = 0.000

Phase 5 Delay and Skew Optimization

Phase 5.1 Delay CleanUp
Phase 5.1 Delay CleanUp | Checksum: 299d665c7

Time (s): cpu = 00:00:06 ; elapsed = 00:00:05 . Memory (MB): peak = 3286.871 ; gain = 0.000

Phase 5.2 Clock Skew Optimization
Phase 5.2 Clock Skew Optimization | Checksum: 299d665c7

Time (s): cpu = 00:00:06 ; elapsed = 00:00:06 . Memory (MB): peak = 3286.871 ; gain = 0.000
Phase 5 Delay and Skew Optimization | Checksum: 299d665c7

Time (s): cpu = 00:00:06 ; elapsed = 00:00:06 . Memory (MB): peak = 3286.871 ; gain = 0.000

Phase 6 Post Hold Fix

Phase 6.1 Hold Fix Iter

Phase 6.1.1 Update Timing
Phase 6.1.1 Update Timing | Checksum: 3644f03a3

Time (s): cpu = 00:00:06 ; elapsed = 00:00:06 . Memory (MB): peak = 3286.871 ; gain = 0.000
INFO: [Route 35-416] Intermediate Timing Summary | WNS=6.858  | TNS=0.000  | WHS=0.014  | THS=0.000  |

Phase 6.1 Hold Fix Iter | Checksum: 3644f03a3

Time (s): cpu = 00:00:06 ; elapsed = 00:00:06 . Memory (MB): peak = 3286.871 ; gain = 0.000
Phase 6 Post Hold Fix | Checksum: 3644f03a3

Time (s): cpu = 00:00:06 ; elapsed = 00:00:06 . Memory (MB): peak = 3286.871 ; gain = 0.000

Phase 7 Route finalize

Router Utilization Summary
  Global Vertical Routing Utilization    = 0.165524 %
  Global Horizontal Routing Utilization  = 0.188058 %
  Routable Net Status*
  *Does not include unroutable nets such as driverless and loadless.
  Run report_route_status for detailed report.
  Number of Failed Nets               = 0
    (Failed Nets is the sum of unrouted and partially routed nets)
  Number of Unrouted Nets             = 0
  Number of Partially Routed Nets     = 0
  Number of Node Overlaps             = 0

Phase 7 Route finalize | Checksum: 2b62008e5

Time (s): cpu = 00:00:06 ; elapsed = 00:00:06 . Memory (MB): peak = 3286.871 ; gain = 0.000

Phase 8 Verifying routed nets

 Verification completed successfully
Phase 8 Verifying routed nets | Checksum: 2b62008e5

Time (s): cpu = 00:00:06 ; elapsed = 00:00:06 . Memory (MB): peak = 3286.871 ; gain = 0.000

Phase 9 Depositing Routes
Phase 9 Depositing Routes | Checksum: 2b62008e5

Time (s): cpu = 00:00:06 ; elapsed = 00:00:06 . Memory (MB): peak = 3286.871 ; gain = 0.000

Phase 10 Post Router Timing
INFO: [Route 35-57] Estimated Timing Summary | WNS=6.858  | TNS=0.000  | WHS=0.014  | THS=0.000  |

INFO: [Route 35-327] The final timing numbers are based on the router estimated timing analysis. For a complete and accurate timing signoff, please run report_timing_summary.
Phase 10 Post Router Timing | Checksum: 2b62008e5

Time (s): cpu = 00:00:06 ; elapsed = 00:00:06 . Memory (MB): peak = 3286.871 ; gain = 0.000
INFO: [Route 35-16] Router Completed Successfully

Time (s): cpu = 00:00:06 ; elapsed = 00:00:06 . Memory (MB): peak = 3286.871 ; gain = 0.000

Routing Is Done.
INFO: [Common 17-83] Releasing license: Implementation
93 Infos, 0 Warnings, 0 Critical Warnings and 0 Errors encountered.
route_design completed successfully
route_design: Time (s): cpu = 00:00:09 ; elapsed = 00:00:08 . Memory (MB): peak = 3286.871 ; gain = 0.000
INFO: [Timing 38-480] Writing timing data to binary archive.
Writing placer database...
Writing XDEF routing.
Writing XDEF routing logical nets.
Writing XDEF routing special nets.
Write XDEF Complete: Time (s): cpu = 00:00:01 ; elapsed = 00:00:00.235 . Memory (MB): peak = 3286.871 ; gain = 0.000
INFO: [Common 17-1381] The checkpoint 'E:/XilinxPrj/AXU2CG/course_64b/course_s2/13_dualcore_amp/vivado/dualcore.runs/impl_1/design_1_wrapper_routed.dcp' has been generated.
INFO: [runtcl-4] Executing : report_drc -file design_1_wrapper_drc_routed.rpt -pb design_1_wrapper_drc_routed.pb -rpx design_1_wrapper_drc_routed.rpx
Command: report_drc -file design_1_wrapper_drc_routed.rpt -pb design_1_wrapper_drc_routed.pb -rpx design_1_wrapper_drc_routed.rpx
INFO: [IP_Flow 19-1839] IP Catalog is up to date.
INFO: [DRC 23-27] Running DRC with 2 threads
INFO: [Coretcl 2-168] The results of DRC are in file E:/XilinxPrj/AXU2CG/course_64b/course_s2/13_dualcore_amp/vivado/dualcore.runs/impl_1/design_1_wrapper_drc_routed.rpt.
report_drc completed successfully
INFO: [runtcl-4] Executing : report_methodology -file design_1_wrapper_methodology_drc_routed.rpt -pb design_1_wrapper_methodology_drc_routed.pb -rpx design_1_wrapper_methodology_drc_routed.rpx
Command: report_methodology -file design_1_wrapper_methodology_drc_routed.rpt -pb design_1_wrapper_methodology_drc_routed.pb -rpx design_1_wrapper_methodology_drc_routed.rpx
INFO: [Timing 38-35] Done setting XDC timing constraints.
INFO: [DRC 23-133] Running Methodology with 2 threads
INFO: [Coretcl 2-1520] The results of Report Methodology are in file E:/XilinxPrj/AXU2CG/course_64b/course_s2/13_dualcore_amp/vivado/dualcore.runs/impl_1/design_1_wrapper_methodology_drc_routed.rpt.
report_methodology completed successfully
INFO: [runtcl-4] Executing : report_power -file design_1_wrapper_power_routed.rpt -pb design_1_wrapper_power_summary_routed.pb -rpx design_1_wrapper_power_routed.rpx
Command: report_power -file design_1_wrapper_power_routed.rpt -pb design_1_wrapper_power_summary_routed.pb -rpx design_1_wrapper_power_routed.rpx
INFO: [Timing 38-35] Done setting XDC timing constraints.
Running Vector-less Activity Propagation...

Finished Running Vector-less Activity Propagation
105 Infos, 0 Warnings, 0 Critical Warnings and 0 Errors encountered.
report_power completed successfully
INFO: [runtcl-4] Executing : report_route_status -file design_1_wrapper_route_status.rpt -pb design_1_wrapper_route_status.pb
INFO: [runtcl-4] Executing : report_timing_summary -max_paths 10 -file design_1_wrapper_timing_summary_routed.rpt -pb design_1_wrapper_timing_summary_routed.pb -rpx design_1_wrapper_timing_summary_routed.rpx -warn_on_violation 
INFO: [Timing 38-91] UpdateTimingParams: Speed grade: -1, Temperature grade: I, Delay Type: min_max.
INFO: [Timing 38-191] Multithreading enabled for timing update using a maximum of 2 CPUs
INFO: [runtcl-4] Executing : report_incremental_reuse -file design_1_wrapper_incremental_reuse_routed.rpt
INFO: [Vivado_Tcl 4-1062] Incremental flow is disabled. No incremental reuse Info to report.
INFO: [runtcl-4] Executing : report_clock_utilization -file design_1_wrapper_clock_utilization_routed.rpt
INFO: [runtcl-4] Executing : report_bus_skew -warn_on_violation -file design_1_wrapper_bus_skew_routed.rpt -pb design_1_wrapper_bus_skew_routed.pb -rpx design_1_wrapper_bus_skew_routed.rpx
INFO: [Timing 38-91] UpdateTimingParams: Speed grade: -1, Temperature grade: I, Delay Type: min_max.
INFO: [Timing 38-191] Multithreading enabled for timing update using a maximum of 2 CPUs
Command: write_bitstream -force design_1_wrapper.bit
Attempting to get a license for feature 'Implementation' and/or device 'xczu2cg'
INFO: [Common 17-349] Got license for feature 'Implementation' and/or device 'xczu2cg'
Running DRC as a precondition to command write_bitstream
INFO: [IP_Flow 19-1839] IP Catalog is up to date.
INFO: [DRC 23-27] Running DRC with 2 threads
INFO: [Vivado 12-3199] DRC finished with 0 Errors
INFO: [Vivado 12-3200] Please refer to the DRC report (report_drc) for more information.
INFO: [Designutils 20-2272] Running write_bitstream with 2 threads.
Loading data files...
Loading site data...
Loading route data...
Processing options...
Creating bitmap...
Creating bitstream...
Bitstream compression saved 30435776 bits.
Writing bitstream ./design_1_wrapper.bit...
INFO: [Vivado 12-1842] Bitgen Completed Successfully.
INFO: [Project 1-120] WebTalk data collection is mandatory when using a WebPACK part without a full Vivado license. To see the specific WebTalk data collected for your design, open the usage_statistics_webtalk.html or usage_statistics_webtalk.xml file in the implementation directory.
INFO: [Common 17-186] 'E:/XilinxPrj/AXU2CG/course_64b/course_s2/13_dualcore_amp/vivado/dualcore.runs/impl_1/usage_statistics_webtalk.xml' has been successfully sent to Xilinx on Fri Nov 13 09:48:05 2020. For additional details about this file, please refer to the WebTalk help file at E:/XilinxVitis/Vivado/2020.1/doc/webtalk_introduction.html.
INFO: [Common 17-83] Releasing license: Implementation
125 Infos, 0 Warnings, 0 Critical Warnings and 0 Errors encountered.
write_bitstream completed successfully
write_bitstream: Time (s): cpu = 00:00:13 ; elapsed = 00:00:19 . Memory (MB): peak = 3286.871 ; gain = 0.000
INFO: [Common 17-206] Exiting Vivado at Fri Nov 13 09:48:05 2020...
