
*** Running vivado
    with args -log top.vdi -applog -m64 -product Vivado -messageDb vivado.pb -mode batch -source top.tcl -notrace



****** Vivado v2020.1 (64-bit)
  **** SW Build 2902540 on Wed May 27 19:54:49 MDT 2020
  **** IP Build 2902112 on Wed May 27 22:43:36 MDT 2020
    ** Copyright 1986-2020 Xilinx, Inc. All Rights Reserved.

source top.tcl -notrace
Command: link_design -top top -part xczu2cg-sfvc784-1-i
Design is defaulting to srcset: sources_1
Design is defaulting to constrset: constrs_1
INFO: [Device 21-403] Loading part xczu2cg-sfvc784-1-i
INFO: [Project 1-454] Reading design checkpoint 'e:/XilinxPrj/AXU2CG/course_32b/course_s1_fpga/13_2_lcd7_char/lcd_char_an070.srcs/sources_1/ip/video_pll/video_pll.dcp' for cell 'video_pll_m0'
INFO: [Project 1-454] Reading design checkpoint 'e:/XilinxPrj/AXU2CG/course_32b/course_s1_fpga/13_2_lcd7_char/lcd_char_an070.srcs/sources_1/ip/osd_rom/osd_rom.dcp' for cell 'osd_display_m0/osd_rom_m0'
Netlist sorting complete. Time (s): cpu = 00:00:00 ; elapsed = 00:00:00.003 . Memory (MB): peak = 1390.965 ; gain = 0.000
INFO: [Netlist 29-17] Analyzing 12 Unisim elements for replacement
INFO: [Netlist 29-28] Unisim Transformation completed in 0 CPU seconds
INFO: [Project 1-479] Netlist was created with Vivado 2020.1
INFO: [Project 1-570] Preparing netlist for logic optimization
Parsing XDC File [e:/XilinxPrj/AXU2CG/course_32b/course_s1_fpga/13_2_lcd7_char/lcd_char_an070.srcs/sources_1/ip/video_pll/video_pll_board.xdc] for cell 'video_pll_m0/inst'
Finished Parsing XDC File [e:/XilinxPrj/AXU2CG/course_32b/course_s1_fpga/13_2_lcd7_char/lcd_char_an070.srcs/sources_1/ip/video_pll/video_pll_board.xdc] for cell 'video_pll_m0/inst'
Parsing XDC File [e:/XilinxPrj/AXU2CG/course_32b/course_s1_fpga/13_2_lcd7_char/lcd_char_an070.srcs/sources_1/ip/video_pll/video_pll.xdc] for cell 'video_pll_m0/inst'
Finished Parsing XDC File [e:/XilinxPrj/AXU2CG/course_32b/course_s1_fpga/13_2_lcd7_char/lcd_char_an070.srcs/sources_1/ip/video_pll/video_pll.xdc] for cell 'video_pll_m0/inst'
Parsing XDC File [E:/XilinxPrj/AXU2CG/course_32b/course_s1_fpga/13_2_lcd7_char/lcd_char_an070.srcs/constrs_1/new/lcd_test.xdc]
Finished Parsing XDC File [E:/XilinxPrj/AXU2CG/course_32b/course_s1_fpga/13_2_lcd7_char/lcd_char_an070.srcs/constrs_1/new/lcd_test.xdc]
Parsing XDC File [e:/XilinxPrj/AXU2CG/course_32b/course_s1_fpga/13_2_lcd7_char/lcd_char_an070.srcs/sources_1/ip/video_pll/video_pll_late.xdc] for cell 'video_pll_m0/inst'
Finished Parsing XDC File [e:/XilinxPrj/AXU2CG/course_32b/course_s1_fpga/13_2_lcd7_char/lcd_char_an070.srcs/sources_1/ip/video_pll/video_pll_late.xdc] for cell 'video_pll_m0/inst'
INFO: [Opt 31-138] Pushed 0 inverter(s) to 0 load pin(s).
Netlist sorting complete. Time (s): cpu = 00:00:00 ; elapsed = 00:00:00 . Memory (MB): peak = 1390.965 ; gain = 0.000
INFO: [Project 1-111] Unisim Transformation Summary:
  A total of 1 instances were transformed.
  IBUF => IBUF (IBUFCTRL, INBUF): 1 instance 

9 Infos, 0 Warnings, 0 Critical Warnings and 0 Errors encountered.
link_design completed successfully
link_design: Time (s): cpu = 00:00:13 ; elapsed = 00:00:15 . Memory (MB): peak = 1390.965 ; gain = 319.066
Command: opt_design
Attempting to get a license for feature 'Implementation' and/or device 'xczu2cg'
INFO: [Common 17-349] Got license for feature 'Implementation' and/or device 'xczu2cg'
Running DRC as a precondition to command opt_design

Starting DRC Task
INFO: [DRC 23-27] Running DRC with 2 threads
INFO: [Project 1-461] DRC finished with 0 Errors
INFO: [Project 1-462] Please refer to the DRC report (report_drc) for more information.

Time (s): cpu = 00:00:02 ; elapsed = 00:00:01 . Memory (MB): peak = 1391.914 ; gain = 0.949

Starting Cache Timing Information Task
INFO: [Timing 38-35] Done setting XDC timing constraints.
INFO: [Timing 38-2] Deriving generated clocks
Ending Cache Timing Information Task | Checksum: 1a25c5493

Time (s): cpu = 00:00:03 ; elapsed = 00:00:02 . Memory (MB): peak = 1647.625 ; gain = 255.711

Starting Logic Optimization Task

Phase 1 Retarget
INFO: [Opt 31-138] Pushed 2 inverter(s) to 99 load pin(s).
INFO: [Opt 31-49] Retargeted 0 cell(s).
Phase 1 Retarget | Checksum: 1c42a02cf

Time (s): cpu = 00:00:00 ; elapsed = 00:00:00.036 . Memory (MB): peak = 1864.992 ; gain = 0.000
INFO: [Opt 31-389] Phase Retarget created 0 cells and removed 3 cells

Phase 2 Constant propagation
INFO: [Opt 31-138] Pushed 0 inverter(s) to 0 load pin(s).
Phase 2 Constant propagation | Checksum: 1c42a02cf

Time (s): cpu = 00:00:00 ; elapsed = 00:00:00.039 . Memory (MB): peak = 1864.992 ; gain = 0.000
INFO: [Opt 31-389] Phase Constant propagation created 0 cells and removed 0 cells

Phase 3 Sweep
Phase 3 Sweep | Checksum: 12a37333b

Time (s): cpu = 00:00:00 ; elapsed = 00:00:00.059 . Memory (MB): peak = 1864.992 ; gain = 0.000
INFO: [Opt 31-389] Phase Sweep created 23 cells and removed 0 cells

Phase 4 BUFG optimization
INFO: [Opt 31-1077] Phase BUFG optimization inserted 0 global clock buffer(s) for CLOCK_LOW_FANOUT.
Phase 4 BUFG optimization | Checksum: 12a37333b

Time (s): cpu = 00:00:00 ; elapsed = 00:00:00.067 . Memory (MB): peak = 1864.992 ; gain = 0.000
INFO: [Opt 31-662] Phase BUFG optimization created 0 cells of which 0 are BUFGs and removed 0 cells.

Phase 5 Shift Register Optimization
INFO: [Opt 31-1064] SRL Remap converted 0 SRLs to 0 registers and converted 0 registers of register chains to 0 SRLs
Phase 5 Shift Register Optimization | Checksum: 12a37333b

Time (s): cpu = 00:00:00 ; elapsed = 00:00:00.071 . Memory (MB): peak = 1864.992 ; gain = 0.000
INFO: [Opt 31-389] Phase Shift Register Optimization created 0 cells and removed 0 cells

Phase 6 Post Processing Netlist
Phase 6 Post Processing Netlist | Checksum: e78527bf

Time (s): cpu = 00:00:00 ; elapsed = 00:00:00.073 . Memory (MB): peak = 1864.992 ; gain = 0.000
INFO: [Opt 31-389] Phase Post Processing Netlist created 0 cells and removed 0 cells
Opt_design Change Summary
=========================


-------------------------------------------------------------------------------------------------------------------------
|  Phase                        |  #Cells created  |  #Cells Removed  |  #Constrained objects preventing optimizations  |
-------------------------------------------------------------------------------------------------------------------------
|  Retarget                     |               0  |               3  |                                              0  |
|  Constant propagation         |               0  |               0  |                                              0  |
|  Sweep                        |              23  |               0  |                                              0  |
|  BUFG optimization            |               0  |               0  |                                              0  |
|  Shift Register Optimization  |               0  |               0  |                                              0  |
|  Post Processing Netlist      |               0  |               0  |                                              0  |
-------------------------------------------------------------------------------------------------------------------------



Starting Connectivity Check Task

Time (s): cpu = 00:00:00 ; elapsed = 00:00:00.001 . Memory (MB): peak = 1864.992 ; gain = 0.000
Ending Logic Optimization Task | Checksum: 1a2c812f8

Time (s): cpu = 00:00:00 ; elapsed = 00:00:00.092 . Memory (MB): peak = 1864.992 ; gain = 0.000

Starting Power Optimization Task
INFO: [Pwropt 34-132] Skipping clock gating for clocks with a period < 2.00 ns.
INFO: [Pwropt 34-9] Applying IDT optimizations ...
INFO: [Pwropt 34-10] Applying ODC optimizations ...
INFO: [Timing 38-35] Done setting XDC timing constraints.
Running Vector-less Activity Propagation...

Finished Running Vector-less Activity Propagation


Starting PowerOpt Patch Enables Task
INFO: [Pwropt 34-162] WRITE_MODE attribute of 0 BRAM(s) out of a total of 1 has been updated to save power. Run report_power_opt to get a complete listing of the BRAMs updated.
INFO: [Pwropt 34-201] Structural ODC has moved 0 WE to EN ports
Number of BRAM Ports augmented: 0 newly gated: 1 Total Ports: 2
Ending PowerOpt Patch Enables Task | Checksum: 19dcfe3b6

Time (s): cpu = 00:00:00 ; elapsed = 00:00:00.013 . Memory (MB): peak = 2501.703 ; gain = 0.000
Ending Power Optimization Task | Checksum: 19dcfe3b6

Time (s): cpu = 00:00:08 ; elapsed = 00:00:09 . Memory (MB): peak = 2501.703 ; gain = 636.711

Starting Final Cleanup Task
Ending Final Cleanup Task | Checksum: 19dcfe3b6

Time (s): cpu = 00:00:00 ; elapsed = 00:00:00 . Memory (MB): peak = 2501.703 ; gain = 0.000

Starting Netlist Obfuscation Task
Netlist sorting complete. Time (s): cpu = 00:00:00 ; elapsed = 00:00:00.001 . Memory (MB): peak = 2501.703 ; gain = 0.000
Ending Netlist Obfuscation Task | Checksum: ee06be0e

Time (s): cpu = 00:00:00 ; elapsed = 00:00:00.001 . Memory (MB): peak = 2501.703 ; gain = 0.000
INFO: [Common 17-83] Releasing license: Implementation
33 Infos, 0 Warnings, 0 Critical Warnings and 0 Errors encountered.
opt_design completed successfully
opt_design: Time (s): cpu = 00:00:15 ; elapsed = 00:00:14 . Memory (MB): peak = 2501.703 ; gain = 1110.738
INFO: [Timing 38-480] Writing timing data to binary archive.
Writing placer database...
Writing XDEF routing.
Writing XDEF routing logical nets.
Writing XDEF routing special nets.
Write XDEF Complete: Time (s): cpu = 00:00:00 ; elapsed = 00:00:00.080 . Memory (MB): peak = 2501.703 ; gain = 0.000
INFO: [Common 17-1381] The checkpoint 'E:/XilinxPrj/AXU2CG/course_32b/course_s1_fpga/13_2_lcd7_char/lcd_char_an070.runs/impl_1/top_opt.dcp' has been generated.
INFO: [runtcl-4] Executing : report_drc -file top_drc_opted.rpt -pb top_drc_opted.pb -rpx top_drc_opted.rpx
Command: report_drc -file top_drc_opted.rpt -pb top_drc_opted.pb -rpx top_drc_opted.rpx
INFO: [IP_Flow 19-1839] IP Catalog is up to date.
INFO: [DRC 23-27] Running DRC with 2 threads
INFO: [Coretcl 2-168] The results of DRC are in file E:/XilinxPrj/AXU2CG/course_32b/course_s1_fpga/13_2_lcd7_char/lcd_char_an070.runs/impl_1/top_drc_opted.rpt.
report_drc completed successfully
Command: place_design
Attempting to get a license for feature 'Implementation' and/or device 'xczu2cg'
INFO: [Common 17-349] Got license for feature 'Implementation' and/or device 'xczu2cg'
INFO: [DRC 23-27] Running DRC with 2 threads
INFO: [Vivado_Tcl 4-198] DRC finished with 0 Errors
INFO: [Vivado_Tcl 4-199] Please refer to the DRC report (report_drc) for more information.
Running DRC as a precondition to command place_design
INFO: [DRC 23-27] Running DRC with 2 threads
INFO: [Vivado_Tcl 4-198] DRC finished with 0 Errors
INFO: [Vivado_Tcl 4-199] Please refer to the DRC report (report_drc) for more information.

Starting Placer Task
INFO: [Place 30-611] Multithreading enabled for place_design using a maximum of 2 CPUs

Phase 1 Placer Initialization

Phase 1.1 Placer Initialization Netlist Sorting
Netlist sorting complete. Time (s): cpu = 00:00:00 ; elapsed = 00:00:00 . Memory (MB): peak = 2501.703 ; gain = 0.000
Phase 1.1 Placer Initialization Netlist Sorting | Checksum: d6e92d37

Time (s): cpu = 00:00:00 ; elapsed = 00:00:00.004 . Memory (MB): peak = 2501.703 ; gain = 0.000
Netlist sorting complete. Time (s): cpu = 00:00:00 ; elapsed = 00:00:00.001 . Memory (MB): peak = 2501.703 ; gain = 0.000

Phase 1.2 IO Placement/ Clock Placement/ Build Placer Device
INFO: [Timing 38-35] Done setting XDC timing constraints.
Phase 1.2 IO Placement/ Clock Placement/ Build Placer Device | Checksum: 84344a3c

Time (s): cpu = 00:00:18 ; elapsed = 00:00:18 . Memory (MB): peak = 3444.008 ; gain = 942.305

Phase 1.3 Build Placer Netlist Model
Phase 1.3 Build Placer Netlist Model | Checksum: 12c30b29a

Time (s): cpu = 00:00:19 ; elapsed = 00:00:19 . Memory (MB): peak = 3444.008 ; gain = 942.305

Phase 1.4 Constrain Clocks/Macros
Phase 1.4 Constrain Clocks/Macros | Checksum: 12c30b29a

Time (s): cpu = 00:00:19 ; elapsed = 00:00:19 . Memory (MB): peak = 3444.008 ; gain = 942.305
Phase 1 Placer Initialization | Checksum: 12c30b29a

Time (s): cpu = 00:00:19 ; elapsed = 00:00:19 . Memory (MB): peak = 3444.008 ; gain = 942.305

Phase 2 Global Placement

Phase 2.1 Floorplanning

Phase 2.1.1 Partition Driven Placement

Phase 2.1.1.1 PBP: Partition Driven Placement
Phase 2.1.1.1 PBP: Partition Driven Placement | Checksum: 16e8d4d76

Time (s): cpu = 00:00:19 ; elapsed = 00:00:19 . Memory (MB): peak = 3444.008 ; gain = 942.305

Phase 2.1.1.2 PBP: Clock Region Placement
Phase 2.1.1.2 PBP: Clock Region Placement | Checksum: 25f3ffc01

Time (s): cpu = 00:00:19 ; elapsed = 00:00:20 . Memory (MB): peak = 3444.008 ; gain = 942.305

Phase 2.1.1.3 PBP: Compute Congestion
Phase 2.1.1.3 PBP: Compute Congestion | Checksum: 25f3ffc01

Time (s): cpu = 00:00:19 ; elapsed = 00:00:20 . Memory (MB): peak = 3444.008 ; gain = 942.305

Phase 2.1.1.4 PBP: UpdateTiming
Phase 2.1.1.4 PBP: UpdateTiming | Checksum: 217a2d120

Time (s): cpu = 00:00:19 ; elapsed = 00:00:20 . Memory (MB): peak = 3444.008 ; gain = 942.305

Phase 2.1.1.5 PBP: Add part constraints
Phase 2.1.1.5 PBP: Add part constraints | Checksum: 217a2d120

Time (s): cpu = 00:00:19 ; elapsed = 00:00:20 . Memory (MB): peak = 3444.008 ; gain = 942.305
Phase 2.1.1 Partition Driven Placement | Checksum: 217a2d120

Time (s): cpu = 00:00:19 ; elapsed = 00:00:20 . Memory (MB): peak = 3444.008 ; gain = 942.305
Phase 2.1 Floorplanning | Checksum: 1cb02ec33

Time (s): cpu = 00:00:19 ; elapsed = 00:00:20 . Memory (MB): peak = 3444.008 ; gain = 942.305

Phase 2.2 Global Placement Core

Phase 2.2.1 Physical Synthesis In Placer
INFO: [Physopt 32-1044] Break lutnm for timing: one critical 0, two critical 0, total 0, new lutff created 0
INFO: [Physopt 32-775] End 1 Pass. Optimized 0 net or cell. Created 0 new cell, deleted 0 existing cell and moved 0 existing cell
INFO: [Physopt 32-65] No nets found for high-fanout optimization.
INFO: [Physopt 32-232] Optimized 0 net. Created 0 new instance.
INFO: [Physopt 32-775] End 1 Pass. Optimized 0 net or cell. Created 0 new cell, deleted 0 existing cell and moved 0 existing cell
INFO: [Physopt 32-670] No setup violation found.  DSP Register Optimization was not performed.
INFO: [Physopt 32-670] No setup violation found.  Shift Register to Pipeline Optimization was not performed.
INFO: [Physopt 32-670] No setup violation found.  Shift Register Optimization was not performed.
INFO: [Physopt 32-670] No setup violation found.  BRAM Register Optimization was not performed.
INFO: [Physopt 32-670] No setup violation found.  URAM Register Optimization was not performed.
INFO: [Physopt 32-949] No candidate nets found for HD net replication
INFO: [Physopt 32-775] End 1 Pass. Optimized 0 net or cell. Created 0 new cell, deleted 0 existing cell and moved 0 existing cell
Netlist sorting complete. Time (s): cpu = 00:00:00 ; elapsed = 00:00:00 . Memory (MB): peak = 3444.008 ; gain = 0.000

Summary of Physical Synthesis Optimizations
============================================


-----------------------------------------------------------------------------------------------------------------------------------------------------------
|  Optimization                                     |  Added Cells  |  Removed Cells  |  Optimized Cells/Nets  |  Dont Touch  |  Iterations  |  Elapsed   |
-----------------------------------------------------------------------------------------------------------------------------------------------------------
|  LUT Combining                                    |            0  |              0  |                     0  |           0  |           1  |  00:00:00  |
|  Very High Fanout                                 |            0  |              0  |                     0  |           0  |           1  |  00:00:00  |
|  DSP Register                                     |            0  |              0  |                     0  |           0  |           0  |  00:00:00  |
|  Shift Register to Pipeline                       |            0  |              0  |                     0  |           0  |           0  |  00:00:00  |
|  Shift Register                                   |            0  |              0  |                     0  |           0  |           0  |  00:00:00  |
|  BRAM Register                                    |            0  |              0  |                     0  |           0  |           0  |  00:00:00  |
|  URAM Register                                    |            0  |              0  |                     0  |           0  |           0  |  00:00:00  |
|  Dynamic/Static Region Interface Net Replication  |            0  |              0  |                     0  |           0  |           1  |  00:00:00  |
|  Total                                            |            0  |              0  |                     0  |           0  |           3  |  00:00:00  |
-----------------------------------------------------------------------------------------------------------------------------------------------------------


Phase 2.2.1 Physical Synthesis In Placer | Checksum: 18ea4f952

Time (s): cpu = 00:00:21 ; elapsed = 00:00:21 . Memory (MB): peak = 3444.008 ; gain = 942.305
Phase 2.2 Global Placement Core | Checksum: 188f503ec

Time (s): cpu = 00:00:21 ; elapsed = 00:00:21 . Memory (MB): peak = 3444.008 ; gain = 942.305
Phase 2 Global Placement | Checksum: 188f503ec

Time (s): cpu = 00:00:21 ; elapsed = 00:00:21 . Memory (MB): peak = 3444.008 ; gain = 942.305

Phase 3 Detail Placement

Phase 3.1 Commit Multi Column Macros
Phase 3.1 Commit Multi Column Macros | Checksum: 1902e3476

Time (s): cpu = 00:00:21 ; elapsed = 00:00:21 . Memory (MB): peak = 3444.008 ; gain = 942.305

Phase 3.2 Commit Most Macros & LUTRAMs
Phase 3.2 Commit Most Macros & LUTRAMs | Checksum: 228485a74

Time (s): cpu = 00:00:21 ; elapsed = 00:00:21 . Memory (MB): peak = 3444.008 ; gain = 942.305

Phase 3.3 Area Swap Optimization
Phase 3.3 Area Swap Optimization | Checksum: 20cfa9466

Time (s): cpu = 00:00:22 ; elapsed = 00:00:21 . Memory (MB): peak = 3444.008 ; gain = 942.305

Phase 3.4 Small Shape DP

Phase 3.4.1 Small Shape Clustering
Phase 3.4.1 Small Shape Clustering | Checksum: 17867a528

Time (s): cpu = 00:00:22 ; elapsed = 00:00:21 . Memory (MB): peak = 3444.008 ; gain = 942.305

Phase 3.4.2 Flow Legalize Slice Clusters
Phase 3.4.2 Flow Legalize Slice Clusters | Checksum: 199865acc

Time (s): cpu = 00:00:22 ; elapsed = 00:00:21 . Memory (MB): peak = 3444.008 ; gain = 942.305

Phase 3.4.3 Slice Area Swap
Phase 3.4.3 Slice Area Swap | Checksum: 1eaaf6b6a

Time (s): cpu = 00:00:22 ; elapsed = 00:00:21 . Memory (MB): peak = 3444.008 ; gain = 942.305
Phase 3.4 Small Shape DP | Checksum: 15eefd2aa

Time (s): cpu = 00:00:22 ; elapsed = 00:00:22 . Memory (MB): peak = 3444.008 ; gain = 942.305

Phase 3.5 Re-assign LUT pins
Phase 3.5 Re-assign LUT pins | Checksum: 1a86fb2fc

Time (s): cpu = 00:00:22 ; elapsed = 00:00:22 . Memory (MB): peak = 3444.008 ; gain = 942.305

Phase 3.6 Pipeline Register Optimization
Phase 3.6 Pipeline Register Optimization | Checksum: 199c07614

Time (s): cpu = 00:00:22 ; elapsed = 00:00:22 . Memory (MB): peak = 3444.008 ; gain = 942.305
Phase 3 Detail Placement | Checksum: 199c07614

Time (s): cpu = 00:00:22 ; elapsed = 00:00:22 . Memory (MB): peak = 3444.008 ; gain = 942.305

Phase 4 Post Placement Optimization and Clean-Up

Phase 4.1 Post Commit Optimization
INFO: [Timing 38-35] Done setting XDC timing constraints.

Phase 4.1.1 Post Placement Optimization
Post Placement Optimization Initialization | Checksum: 1093399df

Phase 4.1.1.1 BUFG Insertion

Starting Physical Synthesis Task

Phase 1 Physical Synthesis Initialization
INFO: [Physopt 32-721] Multithreading enabled for phys_opt_design using a maximum of 2 CPUs
INFO: [Physopt 32-619] Estimated Timing Summary | WNS=18.867 | TNS=0.000 |
Phase 1 Physical Synthesis Initialization | Checksum: af7b6ae1

Time (s): cpu = 00:00:00 ; elapsed = 00:00:00.023 . Memory (MB): peak = 3444.008 ; gain = 0.000
INFO: [Place 46-56] BUFG insertion identified 0 candidate nets. Inserted BUFG: 0, Replicated BUFG Driver: 0, Skipped due to Placement/Routing Conflicts: 0, Skipped due to Timing Degradation: 0, Skipped due to Illegal Netlist: 0.
Ending Physical Synthesis Task | Checksum: b584e6c9

Time (s): cpu = 00:00:00 ; elapsed = 00:00:00.026 . Memory (MB): peak = 3444.008 ; gain = 0.000
Phase 4.1.1.1 BUFG Insertion | Checksum: 1093399df

Time (s): cpu = 00:00:23 ; elapsed = 00:00:22 . Memory (MB): peak = 3444.008 ; gain = 942.305
INFO: [Place 30-746] Post Placement Timing Summary WNS=18.867. For the most accurate timing information please run report_timing.
Phase 4.1.1 Post Placement Optimization | Checksum: 1491ff2ef

Time (s): cpu = 00:00:23 ; elapsed = 00:00:22 . Memory (MB): peak = 3444.008 ; gain = 942.305
Phase 4.1 Post Commit Optimization | Checksum: 1491ff2ef

Time (s): cpu = 00:00:23 ; elapsed = 00:00:22 . Memory (MB): peak = 3444.008 ; gain = 942.305

Phase 4.2 Post Placement Cleanup
Phase 4.2 Post Placement Cleanup | Checksum: 1491ff2ef

Time (s): cpu = 00:00:23 ; elapsed = 00:00:22 . Memory (MB): peak = 3444.008 ; gain = 942.305
Netlist sorting complete. Time (s): cpu = 00:00:00 ; elapsed = 00:00:00 . Memory (MB): peak = 3444.008 ; gain = 0.000

Phase 4.3 Placer Reporting
Phase 4.3 Placer Reporting | Checksum: 1c2c3c93b

Time (s): cpu = 00:00:25 ; elapsed = 00:00:24 . Memory (MB): peak = 3444.008 ; gain = 942.305

Phase 4.4 Final Placement Cleanup
Netlist sorting complete. Time (s): cpu = 00:00:00 ; elapsed = 00:00:00 . Memory (MB): peak = 3444.008 ; gain = 0.000
Phase 4.4 Final Placement Cleanup | Checksum: 279c0d8f4

Time (s): cpu = 00:00:25 ; elapsed = 00:00:24 . Memory (MB): peak = 3444.008 ; gain = 942.305
Phase 4 Post Placement Optimization and Clean-Up | Checksum: 279c0d8f4

Time (s): cpu = 00:00:25 ; elapsed = 00:00:24 . Memory (MB): peak = 3444.008 ; gain = 942.305
Ending Placer Task | Checksum: 1cf083bf7

Time (s): cpu = 00:00:25 ; elapsed = 00:00:24 . Memory (MB): peak = 3444.008 ; gain = 942.305
INFO: [Common 17-83] Releasing license: Implementation
66 Infos, 0 Warnings, 0 Critical Warnings and 0 Errors encountered.
place_design completed successfully
place_design: Time (s): cpu = 00:00:28 ; elapsed = 00:00:25 . Memory (MB): peak = 3444.008 ; gain = 942.305
INFO: [Timing 38-480] Writing timing data to binary archive.
Writing placer database...
Writing XDEF routing.
Writing XDEF routing logical nets.
Writing XDEF routing special nets.
Write XDEF Complete: Time (s): cpu = 00:00:00 ; elapsed = 00:00:00.094 . Memory (MB): peak = 3444.008 ; gain = 0.000
INFO: [Common 17-1381] The checkpoint 'E:/XilinxPrj/AXU2CG/course_32b/course_s1_fpga/13_2_lcd7_char/lcd_char_an070.runs/impl_1/top_placed.dcp' has been generated.
INFO: [runtcl-4] Executing : report_io -file top_io_placed.rpt
report_io: Time (s): cpu = 00:00:00 ; elapsed = 00:00:00.078 . Memory (MB): peak = 3444.008 ; gain = 0.000
INFO: [runtcl-4] Executing : report_utilization -file top_utilization_placed.rpt -pb top_utilization_placed.pb
INFO: [runtcl-4] Executing : report_control_sets -verbose -file top_control_sets_placed.rpt
report_control_sets: Time (s): cpu = 00:00:00 ; elapsed = 00:00:00.001 . Memory (MB): peak = 3444.008 ; gain = 0.000
Command: phys_opt_design
Attempting to get a license for feature 'Implementation' and/or device 'xczu2cg'
INFO: [Common 17-349] Got license for feature 'Implementation' and/or device 'xczu2cg'
INFO: [Vivado_Tcl 4-383] Design worst setup slack (WNS) is greater than or equal to 0.000 ns. Skipping all physical synthesis optimizations.
INFO: [Vivado_Tcl 4-232] No setup violation found. The netlist was not modified.
INFO: [Common 17-83] Releasing license: Implementation
75 Infos, 0 Warnings, 0 Critical Warnings and 0 Errors encountered.
phys_opt_design completed successfully
INFO: [Timing 38-480] Writing timing data to binary archive.
Writing placer database...
Writing XDEF routing.
Writing XDEF routing logical nets.
Writing XDEF routing special nets.
Write XDEF Complete: Time (s): cpu = 00:00:00 ; elapsed = 00:00:00.091 . Memory (MB): peak = 3444.008 ; gain = 0.000
INFO: [Common 17-1381] The checkpoint 'E:/XilinxPrj/AXU2CG/course_32b/course_s1_fpga/13_2_lcd7_char/lcd_char_an070.runs/impl_1/top_physopt.dcp' has been generated.
Command: route_design
Attempting to get a license for feature 'Implementation' and/or device 'xczu2cg'
INFO: [Common 17-349] Got license for feature 'Implementation' and/or device 'xczu2cg'
Running DRC as a precondition to command route_design
INFO: [DRC 23-27] Running DRC with 2 threads
INFO: [Vivado_Tcl 4-198] DRC finished with 0 Errors
INFO: [Vivado_Tcl 4-199] Please refer to the DRC report (report_drc) for more information.


Starting Routing Task
INFO: [Route 35-254] Multithreading enabled for route_design using a maximum of 2 CPUs
Checksum: PlaceDB: 70d5bfd5 ConstDB: 0 ShapeSum: e48ea5d6 RouteDB: 79a3d64c

Phase 1 Build RT Design
Nodegraph reading from file.  Time (s): cpu = 00:00:01 ; elapsed = 00:00:00.647 . Memory (MB): peak = 3444.008 ; gain = 0.000
Phase 1 Build RT Design | Checksum: 118302325

Time (s): cpu = 00:00:02 ; elapsed = 00:00:02 . Memory (MB): peak = 3444.008 ; gain = 0.000
Post Restoration Checksum: NetGraph: 1b155594 NumContArr: 3753e5cc Constraints: fafa8faa Timing: 0

Phase 2 Router Initialization

Phase 2.1 Create Timer
Phase 2.1 Create Timer | Checksum: 14d63cb0a

Time (s): cpu = 00:00:02 ; elapsed = 00:00:02 . Memory (MB): peak = 3444.008 ; gain = 0.000

Phase 2.2 Fix Topology Constraints
Phase 2.2 Fix Topology Constraints | Checksum: 14d63cb0a

Time (s): cpu = 00:00:02 ; elapsed = 00:00:02 . Memory (MB): peak = 3444.008 ; gain = 0.000

Phase 2.3 Pre Route Cleanup
Phase 2.3 Pre Route Cleanup | Checksum: 14d63cb0a

Time (s): cpu = 00:00:02 ; elapsed = 00:00:02 . Memory (MB): peak = 3444.008 ; gain = 0.000

Phase 2.4 Global Clock Net Routing
 Number of Nodes with overlaps = 0
Phase 2.4 Global Clock Net Routing | Checksum: 1228a19e4

Time (s): cpu = 00:00:03 ; elapsed = 00:00:02 . Memory (MB): peak = 3444.008 ; gain = 0.000

Phase 2.5 Update Timing
Phase 2.5 Update Timing | Checksum: f69cb514

Time (s): cpu = 00:00:03 ; elapsed = 00:00:02 . Memory (MB): peak = 3444.008 ; gain = 0.000
INFO: [Route 35-416] Intermediate Timing Summary | WNS=18.940 | TNS=0.000  | WHS=-0.007 | THS=-0.008 |

Phase 2 Router Initialization | Checksum: 192a02e4b

Time (s): cpu = 00:00:03 ; elapsed = 00:00:02 . Memory (MB): peak = 3444.008 ; gain = 0.000

Router Utilization Summary
  Global Vertical Routing Utilization    = 0 %
  Global Horizontal Routing Utilization  = 0 %
  Routable Net Status*
  *Does not include unroutable nets such as driverless and loadless.
  Run report_route_status for detailed report.
  Number of Failed Nets               = 229
    (Failed Nets is the sum of unrouted and partially routed nets)
  Number of Unrouted Nets             = 196
  Number of Partially Routed Nets     = 33
  Number of Node Overlaps             = 0


Phase 3 Initial Routing
Phase 3 Initial Routing | Checksum: 1ba0e3cfb

Time (s): cpu = 00:00:03 ; elapsed = 00:00:03 . Memory (MB): peak = 3444.008 ; gain = 0.000

Phase 4 Rip-up And Reroute

Phase 4.1 Global Iteration 0
 Number of Nodes with overlaps = 28
 Number of Nodes with overlaps = 1
 Number of Nodes with overlaps = 0
INFO: [Route 35-416] Intermediate Timing Summary | WNS=18.756 | TNS=0.000  | WHS=0.036  | THS=0.000  |

Phase 4.1 Global Iteration 0 | Checksum: 2e120620f

Time (s): cpu = 00:00:03 ; elapsed = 00:00:03 . Memory (MB): peak = 3444.008 ; gain = 0.000

Phase 4.2 Additional Iteration for Hold
Phase 4.2 Additional Iteration for Hold | Checksum: 2f31575f1

Time (s): cpu = 00:00:03 ; elapsed = 00:00:03 . Memory (MB): peak = 3444.008 ; gain = 0.000
Phase 4 Rip-up And Reroute | Checksum: 2f31575f1

Time (s): cpu = 00:00:03 ; elapsed = 00:00:03 . Memory (MB): peak = 3444.008 ; gain = 0.000

Phase 5 Delay and Skew Optimization

Phase 5.1 Delay CleanUp
Phase 5.1 Delay CleanUp | Checksum: 22d4a5d57

Time (s): cpu = 00:00:03 ; elapsed = 00:00:03 . Memory (MB): peak = 3444.008 ; gain = 0.000

Phase 5.2 Clock Skew Optimization
Phase 5.2 Clock Skew Optimization | Checksum: 22d4a5d57

Time (s): cpu = 00:00:03 ; elapsed = 00:00:03 . Memory (MB): peak = 3444.008 ; gain = 0.000
Phase 5 Delay and Skew Optimization | Checksum: 22d4a5d57

Time (s): cpu = 00:00:03 ; elapsed = 00:00:03 . Memory (MB): peak = 3444.008 ; gain = 0.000

Phase 6 Post Hold Fix

Phase 6.1 Hold Fix Iter

Phase 6.1.1 Update Timing
Phase 6.1.1 Update Timing | Checksum: 1ba0bdd46

Time (s): cpu = 00:00:04 ; elapsed = 00:00:03 . Memory (MB): peak = 3444.008 ; gain = 0.000
INFO: [Route 35-416] Intermediate Timing Summary | WNS=18.756 | TNS=0.000  | WHS=0.036  | THS=0.000  |

Phase 6.1 Hold Fix Iter | Checksum: 20be320df

Time (s): cpu = 00:00:04 ; elapsed = 00:00:03 . Memory (MB): peak = 3444.008 ; gain = 0.000
Phase 6 Post Hold Fix | Checksum: 20be320df

Time (s): cpu = 00:00:04 ; elapsed = 00:00:03 . Memory (MB): peak = 3444.008 ; gain = 0.000

Phase 7 Route finalize

Router Utilization Summary
  Global Vertical Routing Utilization    = 0.0498638 %
  Global Horizontal Routing Utilization  = 0.0279091 %
  Routable Net Status*
  *Does not include unroutable nets such as driverless and loadless.
  Run report_route_status for detailed report.
  Number of Failed Nets               = 0
    (Failed Nets is the sum of unrouted and partially routed nets)
  Number of Unrouted Nets             = 0
  Number of Partially Routed Nets     = 0
  Number of Node Overlaps             = 0

Phase 7 Route finalize | Checksum: 23fea5a8f

Time (s): cpu = 00:00:04 ; elapsed = 00:00:03 . Memory (MB): peak = 3444.008 ; gain = 0.000

Phase 8 Verifying routed nets

 Verification completed successfully
Phase 8 Verifying routed nets | Checksum: 23fea5a8f

Time (s): cpu = 00:00:04 ; elapsed = 00:00:03 . Memory (MB): peak = 3444.008 ; gain = 0.000

Phase 9 Depositing Routes
Phase 9 Depositing Routes | Checksum: 23fea5a8f

Time (s): cpu = 00:00:04 ; elapsed = 00:00:03 . Memory (MB): peak = 3444.008 ; gain = 0.000

Phase 10 Post Router Timing
INFO: [Route 35-57] Estimated Timing Summary | WNS=18.756 | TNS=0.000  | WHS=0.036  | THS=0.000  |

INFO: [Route 35-327] The final timing numbers are based on the router estimated timing analysis. For a complete and accurate timing signoff, please run report_timing_summary.
Phase 10 Post Router Timing | Checksum: 23fea5a8f

Time (s): cpu = 00:00:04 ; elapsed = 00:00:03 . Memory (MB): peak = 3444.008 ; gain = 0.000
INFO: [Route 35-16] Router Completed Successfully

Time (s): cpu = 00:00:04 ; elapsed = 00:00:03 . Memory (MB): peak = 3444.008 ; gain = 0.000

Routing Is Done.
INFO: [Common 17-83] Releasing license: Implementation
89 Infos, 0 Warnings, 0 Critical Warnings and 0 Errors encountered.
route_design completed successfully
INFO: [Timing 38-480] Writing timing data to binary archive.
Writing placer database...
Writing XDEF routing.
Writing XDEF routing logical nets.
Writing XDEF routing special nets.
Write XDEF Complete: Time (s): cpu = 00:00:00 ; elapsed = 00:00:00.096 . Memory (MB): peak = 3444.008 ; gain = 0.000
INFO: [Common 17-1381] The checkpoint 'E:/XilinxPrj/AXU2CG/course_32b/course_s1_fpga/13_2_lcd7_char/lcd_char_an070.runs/impl_1/top_routed.dcp' has been generated.
INFO: [runtcl-4] Executing : report_drc -file top_drc_routed.rpt -pb top_drc_routed.pb -rpx top_drc_routed.rpx
Command: report_drc -file top_drc_routed.rpt -pb top_drc_routed.pb -rpx top_drc_routed.rpx
INFO: [IP_Flow 19-1839] IP Catalog is up to date.
INFO: [DRC 23-27] Running DRC with 2 threads
INFO: [Coretcl 2-168] The results of DRC are in file E:/XilinxPrj/AXU2CG/course_32b/course_s1_fpga/13_2_lcd7_char/lcd_char_an070.runs/impl_1/top_drc_routed.rpt.
report_drc completed successfully
INFO: [runtcl-4] Executing : report_methodology -file top_methodology_drc_routed.rpt -pb top_methodology_drc_routed.pb -rpx top_methodology_drc_routed.rpx
Command: report_methodology -file top_methodology_drc_routed.rpt -pb top_methodology_drc_routed.pb -rpx top_methodology_drc_routed.rpx
INFO: [Timing 38-35] Done setting XDC timing constraints.
INFO: [DRC 23-133] Running Methodology with 2 threads
INFO: [Coretcl 2-1520] The results of Report Methodology are in file E:/XilinxPrj/AXU2CG/course_32b/course_s1_fpga/13_2_lcd7_char/lcd_char_an070.runs/impl_1/top_methodology_drc_routed.rpt.
report_methodology completed successfully
INFO: [runtcl-4] Executing : report_power -file top_power_routed.rpt -pb top_power_summary_routed.pb -rpx top_power_routed.rpx
Command: report_power -file top_power_routed.rpt -pb top_power_summary_routed.pb -rpx top_power_routed.rpx
INFO: [Timing 38-35] Done setting XDC timing constraints.
Running Vector-less Activity Propagation...

Finished Running Vector-less Activity Propagation
101 Infos, 0 Warnings, 0 Critical Warnings and 0 Errors encountered.
report_power completed successfully
report_power: Time (s): cpu = 00:00:05 ; elapsed = 00:00:05 . Memory (MB): peak = 3444.008 ; gain = 0.000
INFO: [runtcl-4] Executing : report_route_status -file top_route_status.rpt -pb top_route_status.pb
INFO: [runtcl-4] Executing : report_timing_summary -max_paths 10 -file top_timing_summary_routed.rpt -pb top_timing_summary_routed.pb -rpx top_timing_summary_routed.rpx -warn_on_violation 
INFO: [Timing 38-91] UpdateTimingParams: Speed grade: -1, Temperature grade: I, Delay Type: min_max.
INFO: [Timing 38-191] Multithreading enabled for timing update using a maximum of 2 CPUs
INFO: [runtcl-4] Executing : report_incremental_reuse -file top_incremental_reuse_routed.rpt
INFO: [Vivado_Tcl 4-1062] Incremental flow is disabled. No incremental reuse Info to report.
INFO: [runtcl-4] Executing : report_clock_utilization -file top_clock_utilization_routed.rpt
INFO: [runtcl-4] Executing : report_bus_skew -warn_on_violation -file top_bus_skew_routed.rpt -pb top_bus_skew_routed.pb -rpx top_bus_skew_routed.rpx
INFO: [Timing 38-91] UpdateTimingParams: Speed grade: -1, Temperature grade: I, Delay Type: min_max.
INFO: [Timing 38-191] Multithreading enabled for timing update using a maximum of 2 CPUs
Command: write_bitstream -force top.bit
Attempting to get a license for feature 'Implementation' and/or device 'xczu2cg'
INFO: [Common 17-349] Got license for feature 'Implementation' and/or device 'xczu2cg'
Running DRC as a precondition to command write_bitstream
INFO: [IP_Flow 19-1839] IP Catalog is up to date.
INFO: [DRC 23-27] Running DRC with 2 threads
INFO: [Vivado 12-3199] DRC finished with 0 Errors
INFO: [Vivado 12-3200] Please refer to the DRC report (report_drc) for more information.
INFO: [Designutils 20-2272] Running write_bitstream with 2 threads.
Loading data files...
Loading site data...
Loading route data...
Processing options...
Creating bitmap...
Creating bitstream...
Bitstream compression saved 31588160 bits.
Writing bitstream ./top.bit...
INFO: [Vivado 12-1842] Bitgen Completed Successfully.
INFO: [Project 1-120] WebTalk data collection is mandatory when using a WebPACK part without a full Vivado license. To see the specific WebTalk data collected for your design, open the usage_statistics_webtalk.html or usage_statistics_webtalk.xml file in the implementation directory.
INFO: [Common 17-186] 'E:/XilinxPrj/AXU2CG/course_32b/course_s1_fpga/13_2_lcd7_char/lcd_char_an070.runs/impl_1/usage_statistics_webtalk.xml' has been successfully sent to Xilinx on Tue Nov  3 14:51:03 2020. For additional details about this file, please refer to the WebTalk help file at E:/XilinxVitis/Vivado/2020.1/doc/webtalk_introduction.html.
INFO: [Common 17-83] Releasing license: Implementation
121 Infos, 0 Warnings, 0 Critical Warnings and 0 Errors encountered.
write_bitstream completed successfully
write_bitstream: Time (s): cpu = 00:00:13 ; elapsed = 00:00:23 . Memory (MB): peak = 3444.008 ; gain = 0.000
INFO: [Common 17-206] Exiting Vivado at Tue Nov  3 14:51:03 2020...
