Copyright 1986-2020 Xilinx, Inc. All Rights Reserved.
------------------------------------------------------------------------------------------------------------
| Tool Version : Vivado v.2020.1_AR75389_AR75502_AR75334 (win64) Build 2902540 Wed May 27 19:54:49 MDT 2020
| Date         : Thu May 19 10:47:48 2022
| Host         : DESKTOP-7THQ4BG running 64-bit major release  (build 9200)
| Command      : upgrade_ip
| Device       : xczu2cg-sfvc784-1-i
------------------------------------------------------------------------------------------------------------

Upgrade Log for IP 'design_1_ad9238_sample_1_0'

1. Summary
----------

SUCCESS in the upgrade of design_1_ad9238_sample_1_0 (alinx.com:user:ad9238_sample:1.0) from (Rev. 2) to (Rev. 3)






Copyright 1986-2020 Xilinx, Inc. All Rights Reserved.
------------------------------------------------------------------------------------------------------------
| Tool Version : Vivado v.2020.1_AR75389_AR75502_AR75334 (win64) Build 2902540 Wed May 27 19:54:49 MDT 2020
| Date         : Thu May 19 10:47:48 2022
| Host         : DESKTOP-7THQ4BG running 64-bit major release  (build 9200)
| Command      : upgrade_ip
| Device       : xczu2cg-sfvc784-1-i
------------------------------------------------------------------------------------------------------------

Upgrade Log for IP 'design_1_ad9238_sample_0_0'

1. Summary
----------

SUCCESS in the upgrade of design_1_ad9238_sample_0_0 (alinx.com:user:ad9238_sample:1.0) from (Rev. 2) to (Rev. 3)

