
*** Running vivado
    with args -log design_1_wrapper.vds -m64 -product Vivado -mode batch -messageDb vivado.pb -notrace -source design_1_wrapper.tcl



****** Vivado v2020.1_AR75389_AR75502_AR75334 (64-bit)
  **** SW Build 2902540 on Wed May 27 19:54:49 MDT 2020
  **** IP Build 2902112 on Wed May 27 22:43:36 MDT 2020
    ** Copyright 1986-2020 Xilinx, Inc. All Rights Reserved.

source design_1_wrapper.tcl -notrace
INFO: [IP_Flow 19-234] Refreshing IP repositories
INFO: [IP_Flow 19-1700] Loaded user IP repository 'e:/XilinxPrj/AXU2CG/course_64b/course_s2/20_ad9238_dma_dp/vivado/repo'.
WARNING: [IP_Flow 19-1694] Ignoring duplicate Bus Definition IP file 'xilinx.com:display_pcie4:pcie4_gt_if:1.0' found within IP repository 'E:/XilinxVitis/Vivado/2020.1/patches/AR75334/vivado/data/ip'.
File in use: e:/XilinxVitis/Vivado/2020.1/patches/AR75334/vivado/data/ip/xilinx/pcie4c_uscale_plus_v1_0/interfaces/pcie4_gt_if.xml
File ignored: e:/XilinxVitis/Vivado/2020.1/patches/AR75334/vivado/data/ip/xilinx/xdma_v4_1/interfaces/pcie4_gt_if.xml
WARNING: [IP_Flow 19-1694] Ignoring duplicate Bus Abstraction IP file 'xilinx.com:display_pcie4:pcie4_gt_if_rtl:1.0' found within IP repository 'E:/XilinxVitis/Vivado/2020.1/patches/AR75334/vivado/data/ip'.
File in use: e:/XilinxVitis/Vivado/2020.1/patches/AR75334/vivado/data/ip/xilinx/pcie4c_uscale_plus_v1_0/interfaces/pcie4_gt_if_rtl.xml
File ignored: e:/XilinxVitis/Vivado/2020.1/patches/AR75334/vivado/data/ip/xilinx/xdma_v4_1/interfaces/pcie4_gt_if_rtl.xml
INFO: [IP_Flow 19-2313] Loaded Vivado IP repository 'E:/XilinxVitis/Vivado/2020.1/patches/AR75334/vivado/data/ip'.
INFO: [IP_Flow 19-2313] Loaded Vivado IP repository 'E:/XilinxVitis/Vivado/2020.1/data/ip'.
WARNING: [IP_Flow 19-4830] Duplicate Interface found for 'xilinx.com:display_pcie4c_uscaleplus:ext_gtcom:1.0'. The one found in location 'e:/XilinxVitis/Vivado/2020.1/patches/AR75334/vivado/data/ip/xilinx/pcie4c_uscale_plus_v1_0/interfaces/pcie4c_usp_ext_gtcom.xml' will take precedence over the same Interface in location 'e:/XilinxVitis/Vivado/2020.1/data/ip/xilinx/pcie4c_uscale_plus_v1_0/interfaces/pcie4c_usp_ext_gtcom.xml'
WARNING: [IP_Flow 19-4830] Duplicate Interface found for 'xilinx.com:display_pcie4c_uscaleplus:int_gtcom:1.0'. The one found in location 'e:/XilinxVitis/Vivado/2020.1/patches/AR75334/vivado/data/ip/xilinx/pcie4c_uscale_plus_v1_0/interfaces/pcie4c_usp_int_gtcom.xml' will take precedence over the same Interface in location 'e:/XilinxVitis/Vivado/2020.1/data/ip/xilinx/pcie4c_uscale_plus_v1_0/interfaces/pcie4c_usp_int_gtcom.xml'
WARNING: [IP_Flow 19-4830] Duplicate Interface found for 'xilinx.com:display_pcie4:pcie4_cfg_control:1.0'. The one found in location 'e:/XilinxVitis/Vivado/2020.1/patches/AR75334/vivado/data/ip/xilinx/pcie4c_uscale_plus_v1_0/interfaces/pcie4_cfg_control.xml' will take precedence over the same Interface in location 'e:/XilinxVitis/Vivado/2020.1/data/ip/xilinx/pcie4_uscale_plus_v1_3/interfaces/pcie4_cfg_control.xml'
WARNING: [IP_Flow 19-4830] Duplicate Interface found for 'xilinx.com:display_pcie4:pcie4_cfg_external_msix:1.0'. The one found in location 'e:/XilinxVitis/Vivado/2020.1/patches/AR75334/vivado/data/ip/xilinx/pcie4c_uscale_plus_v1_0/interfaces/pcie4_cfg_ext_msix.xml' will take precedence over the same Interface in location 'e:/XilinxVitis/Vivado/2020.1/data/ip/xilinx/pcie4_uscale_plus_v1_3/interfaces/pcie4_cfg_ext_msix.xml'
WARNING: [IP_Flow 19-4830] Duplicate Interface found for 'xilinx.com:display_pcie4:pcie4_cfg_mgmt:1.0'. The one found in location 'e:/XilinxVitis/Vivado/2020.1/patches/AR75334/vivado/data/ip/xilinx/pcie4c_uscale_plus_v1_0/interfaces/pcie4_cfg_mgmt.xml' will take precedence over the same Interface in location 'e:/XilinxVitis/Vivado/2020.1/data/ip/xilinx/pcie4_uscale_plus_v1_3/interfaces/pcie4_cfg_mgmt.xml'
WARNING: [IP_Flow 19-4830] Duplicate Interface found for 'xilinx.com:display_pcie4:pcie4_cfg_msix_external:1.0'. The one found in location 'e:/XilinxVitis/Vivado/2020.1/patches/AR75334/vivado/data/ip/xilinx/pcie4c_uscale_plus_v1_0/interfaces/pcie4_cfg_msix.xml' will take precedence over the same Interface in location 'e:/XilinxVitis/Vivado/2020.1/data/ip/xilinx/pcie4_uscale_plus_v1_3/interfaces/pcie4_cfg_msix.xml'
WARNING: [IP_Flow 19-4830] Duplicate Interface found for 'xilinx.com:display_pcie4:pcie4_cfg_msix_internal:1.0'. The one found in location 'e:/XilinxVitis/Vivado/2020.1/patches/AR75334/vivado/data/ip/xilinx/pcie4c_uscale_plus_v1_0/interfaces/pcie4_cfg_msix_int.xml' will take precedence over the same Interface in location 'e:/XilinxVitis/Vivado/2020.1/data/ip/xilinx/pcie4_uscale_plus_v1_3/interfaces/pcie4_cfg_msix_int.xml'
WARNING: [IP_Flow 19-4830] Duplicate Interface found for 'xilinx.com:display_pcie4:pcie4_cfg_pm:1.0'. The one found in location 'e:/XilinxVitis/Vivado/2020.1/patches/AR75334/vivado/data/ip/xilinx/pcie4c_uscale_plus_v1_0/interfaces/pcie4_cfg_pm.xml' will take precedence over the same Interface in location 'e:/XilinxVitis/Vivado/2020.1/data/ip/xilinx/pcie4_uscale_plus_v1_3/interfaces/pcie4_cfg_pm.xml'
WARNING: [IP_Flow 19-4830] Duplicate Interface found for 'xilinx.com:display_pcie4:pcie4_cfg_status:1.0'. The one found in location 'e:/XilinxVitis/Vivado/2020.1/patches/AR75334/vivado/data/ip/xilinx/pcie4c_uscale_plus_v1_0/interfaces/pcie4_cfg_status.xml' will take precedence over the same Interface in location 'e:/XilinxVitis/Vivado/2020.1/data/ip/xilinx/pcie4_uscale_plus_v1_3/interfaces/pcie4_cfg_status.xml'
WARNING: [IP_Flow 19-4830] Duplicate Interface found for 'xilinx.com:display_pcie4:pcie4_drp:1.0'. The one found in location 'e:/XilinxVitis/Vivado/2020.1/patches/AR75334/vivado/data/ip/xilinx/pcie4c_uscale_plus_v1_0/interfaces/pcie4_drp.xml' will take precedence over the same Interface in location 'e:/XilinxVitis/Vivado/2020.1/data/ip/xilinx/pcie4_uscale_plus_v1_3/interfaces/pcie4_drp.xml'
WARNING: [IP_Flow 19-4830] Duplicate Interface found for 'xilinx.com:display_pcie4:pcie4_gt_if:1.0'. The one found in location 'e:/XilinxVitis/Vivado/2020.1/patches/AR75334/vivado/data/ip/xilinx/pcie4c_uscale_plus_v1_0/interfaces/pcie4_gt_if.xml' will take precedence over the same Interface in location 'e:/XilinxVitis/Vivado/2020.1/data/ip/xilinx/pcie4_uscale_plus_v1_3/interfaces/pcie4_gt_if.xml'
WARNING: [IP_Flow 19-4830] Duplicate Interface found for 'xilinx.com:display_pcie4:pcie4_pcie_id:1.0'. The one found in location 'e:/XilinxVitis/Vivado/2020.1/patches/AR75334/vivado/data/ip/xilinx/pcie4c_uscale_plus_v1_0/interfaces/pcie4_pcie_id.xml' will take precedence over the same Interface in location 'e:/XilinxVitis/Vivado/2020.1/data/ip/xilinx/pcie4_uscale_plus_v1_3/interfaces/pcie4_pcie_id.xml'
WARNING: [IP_Flow 19-4830] Duplicate Interface found for 'xilinx.com:display_pcie4:pcie4_pl:1.0'. The one found in location 'e:/XilinxVitis/Vivado/2020.1/patches/AR75334/vivado/data/ip/xilinx/pcie4c_uscale_plus_v1_0/interfaces/pcie4_pl.xml' will take precedence over the same Interface in location 'e:/XilinxVitis/Vivado/2020.1/data/ip/xilinx/pcie4_uscale_plus_v1_3/interfaces/pcie4_pl.xml'
WARNING: [IP_Flow 19-4830] Duplicate Interface found for 'xilinx.com:display_pcie4:pcie4_rbar:1.0'. The one found in location 'e:/XilinxVitis/Vivado/2020.1/patches/AR75334/vivado/data/ip/xilinx/pcie4c_uscale_plus_v1_0/interfaces/pcie4_rbar.xml' will take precedence over the same Interface in location 'e:/XilinxVitis/Vivado/2020.1/data/ip/xilinx/pcie4_uscale_plus_v1_3/interfaces/pcie4_rbar.xml'
WARNING: [IP_Flow 19-4830] Duplicate Interface found for 'xilinx.com:display_pcie4c_uscaleplus:transceiver_debug:1.0'. The one found in location 'e:/XilinxVitis/Vivado/2020.1/patches/AR75334/vivado/data/ip/xilinx/pcie4c_uscale_plus_v1_0/interfaces/transceiver_debug.xml' will take precedence over the same Interface in location 'e:/XilinxVitis/Vivado/2020.1/data/ip/xilinx/pcie4c_uscale_plus_v1_0/interfaces/transceiver_debug.xml'
WARNING: [IP_Flow 19-4830] Duplicate Interface found for 'xilinx.com:display_xdma:dsc_bypass:1.0'. The one found in location 'e:/XilinxVitis/Vivado/2020.1/patches/AR75334/vivado/data/ip/xilinx/xdma_v4_1/interfaces/dsc_bypass.xml' will take precedence over the same Interface in location 'e:/XilinxVitis/Vivado/2020.1/data/ip/xilinx/nvme_tc_v1_0/interfaces/dsc_bypass.xml'
WARNING: [IP_Flow 19-4830] Duplicate Interface found for 'xilinx.com:display_xdma:pcie3_7x_transceiver_debug:1.0'. The one found in location 'e:/XilinxVitis/Vivado/2020.1/patches/AR75334/vivado/data/ip/xilinx/xdma_v4_1/interfaces/pcie3_7x_transceiver_debug.xml' will take precedence over the same Interface in location 'e:/XilinxVitis/Vivado/2020.1/data/ip/xilinx/qdma_v3_1/interfaces/pcie3_7x_transceiver_debug.xml'
WARNING: [IP_Flow 19-4830] Duplicate Interface found for 'xilinx.com:display_xdma:ext_shared_logic:1.0'. The one found in location 'e:/XilinxVitis/Vivado/2020.1/patches/AR75334/vivado/data/ip/xilinx/xdma_v4_1/interfaces/pcie3_us_ext_shared_logic.xml' will take precedence over the same Interface in location 'e:/XilinxVitis/Vivado/2020.1/data/ip/xilinx/xdma_v4_1/interfaces/pcie3_us_ext_shared_logic.xml'
WARNING: [IP_Flow 19-4830] Duplicate Interface found for 'xilinx.com:display_pcie3_ultrascale:pcie3_us_gt_if:1.0'. The one found in location 'e:/XilinxVitis/Vivado/2020.1/patches/AR75334/vivado/data/ip/xilinx/xdma_v4_1/interfaces/pcie3_us_gt_if.xml' will take precedence over the same Interface in location 'e:/XilinxVitis/Vivado/2020.1/data/ip/xilinx/pcie3_ultrascale_v4_4/interfaces/pcie3_us_gt_if.xml'
WARNING: [IP_Flow 19-4830] Duplicate Interface found for 'xilinx.com:display_xdma:int_shared_logic:1.0'. The one found in location 'e:/XilinxVitis/Vivado/2020.1/patches/AR75334/vivado/data/ip/xilinx/xdma_v4_1/interfaces/pcie3_us_int_shared_logic.xml' will take precedence over the same Interface in location 'e:/XilinxVitis/Vivado/2020.1/data/ip/xilinx/qdma_v3_1/interfaces/pcie3_us_int_shared_logic.xml'
WARNING: [IP_Flow 19-4830] Duplicate Interface found for 'xilinx.com:display_xdma:pcie3_us_transceiver_debug:1.0'. The one found in location 'e:/XilinxVitis/Vivado/2020.1/patches/AR75334/vivado/data/ip/xilinx/xdma_v4_1/interfaces/pcie3_us_transceiver_debug.xml' will take precedence over the same Interface in location 'e:/XilinxVitis/Vivado/2020.1/data/ip/xilinx/qdma_v3_1/interfaces/pcie3_us_transceiver_debug.xml'
WARNING: [IP_Flow 19-4830] Duplicate Interface found for 'xilinx.com:display_pcie4_uscaleplus:ext_gtcom:1.0'. The one found in location 'e:/XilinxVitis/Vivado/2020.1/patches/AR75334/vivado/data/ip/xilinx/xdma_v4_1/interfaces/pcie4_usp_ext_gtcom.xml' will take precedence over the same Interface in location 'e:/XilinxVitis/Vivado/2020.1/data/ip/xilinx/pcie4_uscale_plus_v1_3/interfaces/pcie4_usp_ext_gtcom.xml'
WARNING: [IP_Flow 19-4830] Duplicate Interface found for 'xilinx.com:display_pcie4_uscaleplus:int_gtcom:1.0'. The one found in location 'e:/XilinxVitis/Vivado/2020.1/patches/AR75334/vivado/data/ip/xilinx/xdma_v4_1/interfaces/pcie4_usp_int_gtcom.xml' will take precedence over the same Interface in location 'e:/XilinxVitis/Vivado/2020.1/data/ip/xilinx/pcie4_uscale_plus_v1_3/interfaces/pcie4_usp_int_gtcom.xml'
WARNING: [IP_Flow 19-4830] Duplicate Interface found for 'xilinx.com:display_xdma:pcie4_us_plus_transceiver_debug:1.0'. The one found in location 'e:/XilinxVitis/Vivado/2020.1/patches/AR75334/vivado/data/ip/xilinx/xdma_v4_1/interfaces/pcie4_us_plus_transceiver_debug.xml' will take precedence over the same Interface in location 'e:/XilinxVitis/Vivado/2020.1/data/ip/xilinx/qdma_v3_1/interfaces/pcie4_us_plus_transceiver_debug.xml'
WARNING: [IP_Flow 19-4830] Duplicate Interface found for 'xilinx.com:display_xdma:pcie_cfg_external_msix:1.0'. The one found in location 'e:/XilinxVitis/Vivado/2020.1/patches/AR75334/vivado/data/ip/xilinx/xdma_v4_1/interfaces/pcie_cfg_ext_msix.xml' will take precedence over the same Interface in location 'e:/XilinxVitis/Vivado/2020.1/data/ip/xilinx/xdma_v4_1/interfaces/pcie_cfg_ext_msix.xml'
WARNING: [IP_Flow 19-4830] Duplicate Interface found for 'xilinx.com:display_xdma:pcie_debug:1.0'. The one found in location 'e:/XilinxVitis/Vivado/2020.1/patches/AR75334/vivado/data/ip/xilinx/xdma_v4_1/interfaces/pcie_debug.xml' will take precedence over the same Interface in location 'e:/XilinxVitis/Vivado/2020.1/data/ip/xilinx/qdma_v4_0/interfaces/pcie_debug.xml'
WARNING: [IP_Flow 19-4830] Duplicate Interface found for 'xilinx.com:display_qdma:usr_flr:1.0'. The one found in location 'e:/XilinxVitis/Vivado/2020.1/patches/AR75334/vivado/data/ip/xilinx/xdma_v4_1/interfaces/usr_flr.xml' will take precedence over the same Interface in location 'e:/XilinxVitis/Vivado/2020.1/data/ip/xilinx/nvme_tc_v1_0/interfaces/usr_flr.xml'
WARNING: [IP_Flow 19-4830] Duplicate Interface found for 'xilinx.com:display_xdma:xdma_debug_ports:1.0'. The one found in location 'e:/XilinxVitis/Vivado/2020.1/patches/AR75334/vivado/data/ip/xilinx/xdma_v4_1/interfaces/xdma_debug_ports.xml' will take precedence over the same Interface in location 'e:/XilinxVitis/Vivado/2020.1/data/ip/xilinx/qdma_v3_1/interfaces/xdma_debug_ports.xml'
WARNING: [IP_Flow 19-4830] Duplicate Interface found for 'xilinx.com:display_xdma:xdma_status_ports:1.0'. The one found in location 'e:/XilinxVitis/Vivado/2020.1/patches/AR75334/vivado/data/ip/xilinx/xdma_v4_1/interfaces/xdma_status_ports.xml' will take precedence over the same Interface in location 'e:/XilinxVitis/Vivado/2020.1/data/ip/xilinx/qdma_v3_1/interfaces/xdma_status_ports.xml'
WARNING: [IP_Flow 19-4995] The host OS only allows 260 characters in a normal path. The IP cache path is more than 80 characters. If you experience issues with IP caching, please consider changing the IP cache to a location with a shorter path. Alternately consider using the OS subst command to map part of the path to a drive letter. 
Current IP cache path is e:/XilinxPrj/AXU2CG/course_64b/course_s2/20_ad9238_dma_dp/vivado/ad9238_dma_dp.cache/ip 
Command: synth_design -top design_1_wrapper -part xczu2cg-sfvc784-1-i
Starting synth_design
Attempting to get a license for feature 'Synthesis' and/or device 'xczu2cg'
INFO: [Common 17-349] Got license for feature 'Synthesis' and/or device 'xczu2cg'
INFO: [Device 21-403] Loading part xczu2cg-sfvc784-1-i
INFO: [Synth 8-7079] Multithreading enabled for synth_design using a maximum of 2 processes.
INFO: [Synth 8-7078] Launching helper process for spawning children vivado processes
INFO: [Synth 8-7075] Helper process launched with PID 9208
---------------------------------------------------------------------------------
Starting RTL Elaboration : Time (s): cpu = 00:00:03 ; elapsed = 00:00:04 . Memory (MB): peak = 1548.941 ; gain = 75.324
---------------------------------------------------------------------------------
INFO: [Synth 8-6157] synthesizing module 'design_1_wrapper' [E:/XilinxPrj/AXU2CG/course_64b/course_s2/20_ad9238_dma_dp/vivado/ad9238_dma_dp.srcs/sources_1/bd/design_1/hdl/design_1_wrapper.v:12]
INFO: [Synth 8-6157] synthesizing module 'design_1' [E:/XilinxPrj/AXU2CG/course_64b/course_s2/20_ad9238_dma_dp/vivado/ad9238_dma_dp.srcs/sources_1/bd/design_1/synth/design_1.v:13]
INFO: [Synth 8-6157] synthesizing module 'design_1_ad9238_sample_0_0' [E:/XilinxPrj/AXU2CG/course_64b/course_s2/20_ad9238_dma_dp/vivado/ad9238_dma_dp.runs/synth_1/.Xil/Vivado-1220-DESKTOP-7THQ4BG/realtime/design_1_ad9238_sample_0_0_stub.v:6]
INFO: [Synth 8-6155] done synthesizing module 'design_1_ad9238_sample_0_0' (1#1) [E:/XilinxPrj/AXU2CG/course_64b/course_s2/20_ad9238_dma_dp/vivado/ad9238_dma_dp.runs/synth_1/.Xil/Vivado-1220-DESKTOP-7THQ4BG/realtime/design_1_ad9238_sample_0_0_stub.v:6]
INFO: [Synth 8-6157] synthesizing module 'design_1_ad9238_sample_1_0' [E:/XilinxPrj/AXU2CG/course_64b/course_s2/20_ad9238_dma_dp/vivado/ad9238_dma_dp.runs/synth_1/.Xil/Vivado-1220-DESKTOP-7THQ4BG/realtime/design_1_ad9238_sample_1_0_stub.v:6]
INFO: [Synth 8-6155] done synthesizing module 'design_1_ad9238_sample_1_0' (2#1) [E:/XilinxPrj/AXU2CG/course_64b/course_s2/20_ad9238_dma_dp/vivado/ad9238_dma_dp.runs/synth_1/.Xil/Vivado-1220-DESKTOP-7THQ4BG/realtime/design_1_ad9238_sample_1_0_stub.v:6]
INFO: [Synth 8-6157] synthesizing module 'design_1_axi_dma_0_0' [E:/XilinxPrj/AXU2CG/course_64b/course_s2/20_ad9238_dma_dp/vivado/ad9238_dma_dp.runs/synth_1/.Xil/Vivado-1220-DESKTOP-7THQ4BG/realtime/design_1_axi_dma_0_0_stub.v:6]
INFO: [Synth 8-6155] done synthesizing module 'design_1_axi_dma_0_0' (3#1) [E:/XilinxPrj/AXU2CG/course_64b/course_s2/20_ad9238_dma_dp/vivado/ad9238_dma_dp.runs/synth_1/.Xil/Vivado-1220-DESKTOP-7THQ4BG/realtime/design_1_axi_dma_0_0_stub.v:6]
WARNING: [Synth 8-7071] port 's2mm_prmry_reset_out_n' of module 'design_1_axi_dma_0_0' is unconnected for instance 'axi_dma_0' [E:/XilinxPrj/AXU2CG/course_64b/course_s2/20_ad9238_dma_dp/vivado/ad9238_dma_dp.srcs/sources_1/bd/design_1/synth/design_1.v:299]
WARNING: [Synth 8-7071] port 'axi_dma_tstvec' of module 'design_1_axi_dma_0_0' is unconnected for instance 'axi_dma_0' [E:/XilinxPrj/AXU2CG/course_64b/course_s2/20_ad9238_dma_dp/vivado/ad9238_dma_dp.srcs/sources_1/bd/design_1/synth/design_1.v:299]
WARNING: [Synth 8-7023] instance 'axi_dma_0' of module 'design_1_axi_dma_0_0' has 43 connections declared, but only 41 given [E:/XilinxPrj/AXU2CG/course_64b/course_s2/20_ad9238_dma_dp/vivado/ad9238_dma_dp.srcs/sources_1/bd/design_1/synth/design_1.v:299]
INFO: [Synth 8-6157] synthesizing module 'design_1_axi_dma_1_0' [E:/XilinxPrj/AXU2CG/course_64b/course_s2/20_ad9238_dma_dp/vivado/ad9238_dma_dp.runs/synth_1/.Xil/Vivado-1220-DESKTOP-7THQ4BG/realtime/design_1_axi_dma_1_0_stub.v:6]
INFO: [Synth 8-6155] done synthesizing module 'design_1_axi_dma_1_0' (4#1) [E:/XilinxPrj/AXU2CG/course_64b/course_s2/20_ad9238_dma_dp/vivado/ad9238_dma_dp.runs/synth_1/.Xil/Vivado-1220-DESKTOP-7THQ4BG/realtime/design_1_axi_dma_1_0_stub.v:6]
WARNING: [Synth 8-7071] port 's2mm_prmry_reset_out_n' of module 'design_1_axi_dma_1_0' is unconnected for instance 'axi_dma_1' [E:/XilinxPrj/AXU2CG/course_64b/course_s2/20_ad9238_dma_dp/vivado/ad9238_dma_dp.srcs/sources_1/bd/design_1/synth/design_1.v:341]
WARNING: [Synth 8-7071] port 'axi_dma_tstvec' of module 'design_1_axi_dma_1_0' is unconnected for instance 'axi_dma_1' [E:/XilinxPrj/AXU2CG/course_64b/course_s2/20_ad9238_dma_dp/vivado/ad9238_dma_dp.srcs/sources_1/bd/design_1/synth/design_1.v:341]
WARNING: [Synth 8-7023] instance 'axi_dma_1' of module 'design_1_axi_dma_1_0' has 43 connections declared, but only 41 given [E:/XilinxPrj/AXU2CG/course_64b/course_s2/20_ad9238_dma_dp/vivado/ad9238_dma_dp.srcs/sources_1/bd/design_1/synth/design_1.v:341]
INFO: [Synth 8-6157] synthesizing module 'design_1_axi_interconnect_0_0' [E:/XilinxPrj/AXU2CG/course_64b/course_s2/20_ad9238_dma_dp/vivado/ad9238_dma_dp.srcs/sources_1/bd/design_1/synth/design_1.v:711]
INFO: [Synth 8-6157] synthesizing module 'm00_couplers_imp_1CA5Z32' [E:/XilinxPrj/AXU2CG/course_64b/course_s2/20_ad9238_dma_dp/vivado/ad9238_dma_dp.srcs/sources_1/bd/design_1/synth/design_1.v:2284]
INFO: [Synth 8-6155] done synthesizing module 'm00_couplers_imp_1CA5Z32' (5#1) [E:/XilinxPrj/AXU2CG/course_64b/course_s2/20_ad9238_dma_dp/vivado/ad9238_dma_dp.srcs/sources_1/bd/design_1/synth/design_1.v:2284]
INFO: [Synth 8-6157] synthesizing module 's00_couplers_imp_O7FAN0' [E:/XilinxPrj/AXU2CG/course_64b/course_s2/20_ad9238_dma_dp/vivado/ad9238_dma_dp.srcs/sources_1/bd/design_1/synth/design_1.v:2973]
INFO: [Synth 8-6157] synthesizing module 'design_1_auto_us_0' [E:/XilinxPrj/AXU2CG/course_64b/course_s2/20_ad9238_dma_dp/vivado/ad9238_dma_dp.runs/synth_1/.Xil/Vivado-1220-DESKTOP-7THQ4BG/realtime/design_1_auto_us_0_stub.v:6]
INFO: [Synth 8-6155] done synthesizing module 'design_1_auto_us_0' (6#1) [E:/XilinxPrj/AXU2CG/course_64b/course_s2/20_ad9238_dma_dp/vivado/ad9238_dma_dp.runs/synth_1/.Xil/Vivado-1220-DESKTOP-7THQ4BG/realtime/design_1_auto_us_0_stub.v:6]
WARNING: [Synth 8-7071] port 'm_axi_awregion' of module 'design_1_auto_us_0' is unconnected for instance 'auto_us' [E:/XilinxPrj/AXU2CG/course_64b/course_s2/20_ad9238_dma_dp/vivado/ad9238_dma_dp.srcs/sources_1/bd/design_1/synth/design_1.v:3124]
WARNING: [Synth 8-7023] instance 'auto_us' of module 'design_1_auto_us_0' has 40 connections declared, but only 39 given [E:/XilinxPrj/AXU2CG/course_64b/course_s2/20_ad9238_dma_dp/vivado/ad9238_dma_dp.srcs/sources_1/bd/design_1/synth/design_1.v:3124]
INFO: [Synth 8-6155] done synthesizing module 's00_couplers_imp_O7FAN0' (7#1) [E:/XilinxPrj/AXU2CG/course_64b/course_s2/20_ad9238_dma_dp/vivado/ad9238_dma_dp.srcs/sources_1/bd/design_1/synth/design_1.v:2973]
INFO: [Synth 8-6157] synthesizing module 's01_couplers_imp_1F69D31' [E:/XilinxPrj/AXU2CG/course_64b/course_s2/20_ad9238_dma_dp/vivado/ad9238_dma_dp.srcs/sources_1/bd/design_1/synth/design_1.v:3468]
INFO: [Synth 8-6157] synthesizing module 'design_1_auto_us_1' [E:/XilinxPrj/AXU2CG/course_64b/course_s2/20_ad9238_dma_dp/vivado/ad9238_dma_dp.runs/synth_1/.Xil/Vivado-1220-DESKTOP-7THQ4BG/realtime/design_1_auto_us_1_stub.v:6]
INFO: [Synth 8-6155] done synthesizing module 'design_1_auto_us_1' (8#1) [E:/XilinxPrj/AXU2CG/course_64b/course_s2/20_ad9238_dma_dp/vivado/ad9238_dma_dp.runs/synth_1/.Xil/Vivado-1220-DESKTOP-7THQ4BG/realtime/design_1_auto_us_1_stub.v:6]
WARNING: [Synth 8-7071] port 'm_axi_awregion' of module 'design_1_auto_us_1' is unconnected for instance 'auto_us' [E:/XilinxPrj/AXU2CG/course_64b/course_s2/20_ad9238_dma_dp/vivado/ad9238_dma_dp.srcs/sources_1/bd/design_1/synth/design_1.v:3619]
WARNING: [Synth 8-7023] instance 'auto_us' of module 'design_1_auto_us_1' has 40 connections declared, but only 39 given [E:/XilinxPrj/AXU2CG/course_64b/course_s2/20_ad9238_dma_dp/vivado/ad9238_dma_dp.srcs/sources_1/bd/design_1/synth/design_1.v:3619]
INFO: [Synth 8-6155] done synthesizing module 's01_couplers_imp_1F69D31' (9#1) [E:/XilinxPrj/AXU2CG/course_64b/course_s2/20_ad9238_dma_dp/vivado/ad9238_dma_dp.srcs/sources_1/bd/design_1/synth/design_1.v:3468]
INFO: [Synth 8-6157] synthesizing module 'design_1_xbar_0' [E:/XilinxPrj/AXU2CG/course_64b/course_s2/20_ad9238_dma_dp/vivado/ad9238_dma_dp.runs/synth_1/.Xil/Vivado-1220-DESKTOP-7THQ4BG/realtime/design_1_xbar_0_stub.v:6]
INFO: [Synth 8-6155] done synthesizing module 'design_1_xbar_0' (10#1) [E:/XilinxPrj/AXU2CG/course_64b/course_s2/20_ad9238_dma_dp/vivado/ad9238_dma_dp.runs/synth_1/.Xil/Vivado-1220-DESKTOP-7THQ4BG/realtime/design_1_xbar_0_stub.v:6]
WARNING: [Synth 8-7071] port 's_axi_bid' of module 'design_1_xbar_0' is unconnected for instance 'xbar' [E:/XilinxPrj/AXU2CG/course_64b/course_s2/20_ad9238_dma_dp/vivado/ad9238_dma_dp.srcs/sources_1/bd/design_1/synth/design_1.v:1252]
WARNING: [Synth 8-7071] port 's_axi_arready' of module 'design_1_xbar_0' is unconnected for instance 'xbar' [E:/XilinxPrj/AXU2CG/course_64b/course_s2/20_ad9238_dma_dp/vivado/ad9238_dma_dp.srcs/sources_1/bd/design_1/synth/design_1.v:1252]
WARNING: [Synth 8-7071] port 's_axi_rid' of module 'design_1_xbar_0' is unconnected for instance 'xbar' [E:/XilinxPrj/AXU2CG/course_64b/course_s2/20_ad9238_dma_dp/vivado/ad9238_dma_dp.srcs/sources_1/bd/design_1/synth/design_1.v:1252]
WARNING: [Synth 8-7071] port 's_axi_rdata' of module 'design_1_xbar_0' is unconnected for instance 'xbar' [E:/XilinxPrj/AXU2CG/course_64b/course_s2/20_ad9238_dma_dp/vivado/ad9238_dma_dp.srcs/sources_1/bd/design_1/synth/design_1.v:1252]
WARNING: [Synth 8-7071] port 's_axi_rresp' of module 'design_1_xbar_0' is unconnected for instance 'xbar' [E:/XilinxPrj/AXU2CG/course_64b/course_s2/20_ad9238_dma_dp/vivado/ad9238_dma_dp.srcs/sources_1/bd/design_1/synth/design_1.v:1252]
WARNING: [Synth 8-7071] port 's_axi_rlast' of module 'design_1_xbar_0' is unconnected for instance 'xbar' [E:/XilinxPrj/AXU2CG/course_64b/course_s2/20_ad9238_dma_dp/vivado/ad9238_dma_dp.srcs/sources_1/bd/design_1/synth/design_1.v:1252]
WARNING: [Synth 8-7071] port 's_axi_rvalid' of module 'design_1_xbar_0' is unconnected for instance 'xbar' [E:/XilinxPrj/AXU2CG/course_64b/course_s2/20_ad9238_dma_dp/vivado/ad9238_dma_dp.srcs/sources_1/bd/design_1/synth/design_1.v:1252]
WARNING: [Synth 8-7071] port 'm_axi_awregion' of module 'design_1_xbar_0' is unconnected for instance 'xbar' [E:/XilinxPrj/AXU2CG/course_64b/course_s2/20_ad9238_dma_dp/vivado/ad9238_dma_dp.srcs/sources_1/bd/design_1/synth/design_1.v:1252]
WARNING: [Synth 8-7071] port 'm_axi_arregion' of module 'design_1_xbar_0' is unconnected for instance 'xbar' [E:/XilinxPrj/AXU2CG/course_64b/course_s2/20_ad9238_dma_dp/vivado/ad9238_dma_dp.srcs/sources_1/bd/design_1/synth/design_1.v:1252]
WARNING: [Synth 8-7023] instance 'xbar' of module 'design_1_xbar_0' has 78 connections declared, but only 69 given [E:/XilinxPrj/AXU2CG/course_64b/course_s2/20_ad9238_dma_dp/vivado/ad9238_dma_dp.srcs/sources_1/bd/design_1/synth/design_1.v:1252]
INFO: [Synth 8-6155] done synthesizing module 'design_1_axi_interconnect_0_0' (11#1) [E:/XilinxPrj/AXU2CG/course_64b/course_s2/20_ad9238_dma_dp/vivado/ad9238_dma_dp.srcs/sources_1/bd/design_1/synth/design_1.v:711]
INFO: [Synth 8-6157] synthesizing module 'design_1_axis_register_slice_0_0' [E:/XilinxPrj/AXU2CG/course_64b/course_s2/20_ad9238_dma_dp/vivado/ad9238_dma_dp.runs/synth_1/.Xil/Vivado-1220-DESKTOP-7THQ4BG/realtime/design_1_axis_register_slice_0_0_stub.v:6]
INFO: [Synth 8-6155] done synthesizing module 'design_1_axis_register_slice_0_0' (12#1) [E:/XilinxPrj/AXU2CG/course_64b/course_s2/20_ad9238_dma_dp/vivado/ad9238_dma_dp.runs/synth_1/.Xil/Vivado-1220-DESKTOP-7THQ4BG/realtime/design_1_axis_register_slice_0_0_stub.v:6]
INFO: [Synth 8-6157] synthesizing module 'design_1_axis_register_slice_1_0' [E:/XilinxPrj/AXU2CG/course_64b/course_s2/20_ad9238_dma_dp/vivado/ad9238_dma_dp.runs/synth_1/.Xil/Vivado-1220-DESKTOP-7THQ4BG/realtime/design_1_axis_register_slice_1_0_stub.v:6]
INFO: [Synth 8-6155] done synthesizing module 'design_1_axis_register_slice_1_0' (13#1) [E:/XilinxPrj/AXU2CG/course_64b/course_s2/20_ad9238_dma_dp/vivado/ad9238_dma_dp.runs/synth_1/.Xil/Vivado-1220-DESKTOP-7THQ4BG/realtime/design_1_axis_register_slice_1_0_stub.v:6]
INFO: [Synth 8-6157] synthesizing module 'design_1_ps7_0_axi_periph_0' [E:/XilinxPrj/AXU2CG/course_64b/course_s2/20_ad9238_dma_dp/vivado/ad9238_dma_dp.srcs/sources_1/bd/design_1/synth/design_1.v:1324]
INFO: [Synth 8-6157] synthesizing module 'm00_couplers_imp_15SPJYW' [E:/XilinxPrj/AXU2CG/course_64b/course_s2/20_ad9238_dma_dp/vivado/ad9238_dma_dp.srcs/sources_1/bd/design_1/synth/design_1.v:2159]
INFO: [Synth 8-6155] done synthesizing module 'm00_couplers_imp_15SPJYW' (14#1) [E:/XilinxPrj/AXU2CG/course_64b/course_s2/20_ad9238_dma_dp/vivado/ad9238_dma_dp.srcs/sources_1/bd/design_1/synth/design_1.v:2159]
INFO: [Synth 8-6157] synthesizing module 'm01_couplers_imp_XU9C55' [E:/XilinxPrj/AXU2CG/course_64b/course_s2/20_ad9238_dma_dp/vivado/ad9238_dma_dp.srcs/sources_1/bd/design_1/synth/design_1.v:2556]
INFO: [Synth 8-6155] done synthesizing module 'm01_couplers_imp_XU9C55' (15#1) [E:/XilinxPrj/AXU2CG/course_64b/course_s2/20_ad9238_dma_dp/vivado/ad9238_dma_dp.srcs/sources_1/bd/design_1/synth/design_1.v:2556]
INFO: [Synth 8-6157] synthesizing module 'm02_couplers_imp_14WQB4R' [E:/XilinxPrj/AXU2CG/course_64b/course_s2/20_ad9238_dma_dp/vivado/ad9238_dma_dp.srcs/sources_1/bd/design_1/synth/design_1.v:2681]
INFO: [Synth 8-6155] done synthesizing module 'm02_couplers_imp_14WQB4R' (16#1) [E:/XilinxPrj/AXU2CG/course_64b/course_s2/20_ad9238_dma_dp/vivado/ad9238_dma_dp.srcs/sources_1/bd/design_1/synth/design_1.v:2681]
INFO: [Synth 8-6157] synthesizing module 'm03_couplers_imp_YFYJ3U' [E:/XilinxPrj/AXU2CG/course_64b/course_s2/20_ad9238_dma_dp/vivado/ad9238_dma_dp.srcs/sources_1/bd/design_1/synth/design_1.v:2827]
INFO: [Synth 8-6155] done synthesizing module 'm03_couplers_imp_YFYJ3U' (17#1) [E:/XilinxPrj/AXU2CG/course_64b/course_s2/20_ad9238_dma_dp/vivado/ad9238_dma_dp.srcs/sources_1/bd/design_1/synth/design_1.v:2827]
INFO: [Synth 8-6157] synthesizing module 's00_couplers_imp_UYSKKA' [E:/XilinxPrj/AXU2CG/course_64b/course_s2/20_ad9238_dma_dp/vivado/ad9238_dma_dp.srcs/sources_1/bd/design_1/synth/design_1.v:3166]
INFO: [Synth 8-6157] synthesizing module 'design_1_auto_pc_0' [E:/XilinxPrj/AXU2CG/course_64b/course_s2/20_ad9238_dma_dp/vivado/ad9238_dma_dp.runs/synth_1/.Xil/Vivado-1220-DESKTOP-7THQ4BG/realtime/design_1_auto_pc_0_stub.v:6]
INFO: [Synth 8-6155] done synthesizing module 'design_1_auto_pc_0' (18#1) [E:/XilinxPrj/AXU2CG/course_64b/course_s2/20_ad9238_dma_dp/vivado/ad9238_dma_dp.runs/synth_1/.Xil/Vivado-1220-DESKTOP-7THQ4BG/realtime/design_1_auto_pc_0_stub.v:6]
INFO: [Synth 8-6155] done synthesizing module 's00_couplers_imp_UYSKKA' (19#1) [E:/XilinxPrj/AXU2CG/course_64b/course_s2/20_ad9238_dma_dp/vivado/ad9238_dma_dp.srcs/sources_1/bd/design_1/synth/design_1.v:3166]
INFO: [Synth 8-6157] synthesizing module 'design_1_xbar_1' [E:/XilinxPrj/AXU2CG/course_64b/course_s2/20_ad9238_dma_dp/vivado/ad9238_dma_dp.runs/synth_1/.Xil/Vivado-1220-DESKTOP-7THQ4BG/realtime/design_1_xbar_1_stub.v:6]
INFO: [Synth 8-6155] done synthesizing module 'design_1_xbar_1' (20#1) [E:/XilinxPrj/AXU2CG/course_64b/course_s2/20_ad9238_dma_dp/vivado/ad9238_dma_dp.runs/synth_1/.Xil/Vivado-1220-DESKTOP-7THQ4BG/realtime/design_1_xbar_1_stub.v:6]
INFO: [Synth 8-6155] done synthesizing module 'design_1_ps7_0_axi_periph_0' (21#1) [E:/XilinxPrj/AXU2CG/course_64b/course_s2/20_ad9238_dma_dp/vivado/ad9238_dma_dp.srcs/sources_1/bd/design_1/synth/design_1.v:1324]
INFO: [Synth 8-6157] synthesizing module 'design_1_rst_clk_adc_0' [E:/XilinxPrj/AXU2CG/course_64b/course_s2/20_ad9238_dma_dp/vivado/ad9238_dma_dp.runs/synth_1/.Xil/Vivado-1220-DESKTOP-7THQ4BG/realtime/design_1_rst_clk_adc_0_stub.v:6]
INFO: [Synth 8-6155] done synthesizing module 'design_1_rst_clk_adc_0' (22#1) [E:/XilinxPrj/AXU2CG/course_64b/course_s2/20_ad9238_dma_dp/vivado/ad9238_dma_dp.runs/synth_1/.Xil/Vivado-1220-DESKTOP-7THQ4BG/realtime/design_1_rst_clk_adc_0_stub.v:6]
WARNING: [Synth 8-7071] port 'mb_reset' of module 'design_1_rst_clk_adc_0' is unconnected for instance 'rst_clk_adc' [E:/XilinxPrj/AXU2CG/course_64b/course_s2/20_ad9238_dma_dp/vivado/ad9238_dma_dp.srcs/sources_1/bd/design_1/synth/design_1.v:607]
WARNING: [Synth 8-7071] port 'bus_struct_reset' of module 'design_1_rst_clk_adc_0' is unconnected for instance 'rst_clk_adc' [E:/XilinxPrj/AXU2CG/course_64b/course_s2/20_ad9238_dma_dp/vivado/ad9238_dma_dp.srcs/sources_1/bd/design_1/synth/design_1.v:607]
WARNING: [Synth 8-7071] port 'peripheral_reset' of module 'design_1_rst_clk_adc_0' is unconnected for instance 'rst_clk_adc' [E:/XilinxPrj/AXU2CG/course_64b/course_s2/20_ad9238_dma_dp/vivado/ad9238_dma_dp.srcs/sources_1/bd/design_1/synth/design_1.v:607]
WARNING: [Synth 8-7071] port 'interconnect_aresetn' of module 'design_1_rst_clk_adc_0' is unconnected for instance 'rst_clk_adc' [E:/XilinxPrj/AXU2CG/course_64b/course_s2/20_ad9238_dma_dp/vivado/ad9238_dma_dp.srcs/sources_1/bd/design_1/synth/design_1.v:607]
WARNING: [Synth 8-7023] instance 'rst_clk_adc' of module 'design_1_rst_clk_adc_0' has 10 connections declared, but only 6 given [E:/XilinxPrj/AXU2CG/course_64b/course_s2/20_ad9238_dma_dp/vivado/ad9238_dma_dp.srcs/sources_1/bd/design_1/synth/design_1.v:607]
INFO: [Synth 8-6157] synthesizing module 'design_1_rst_ps7_0_142M_0' [E:/XilinxPrj/AXU2CG/course_64b/course_s2/20_ad9238_dma_dp/vivado/ad9238_dma_dp.runs/synth_1/.Xil/Vivado-1220-DESKTOP-7THQ4BG/realtime/design_1_rst_ps7_0_142M_0_stub.v:6]
INFO: [Synth 8-6155] done synthesizing module 'design_1_rst_ps7_0_142M_0' (23#1) [E:/XilinxPrj/AXU2CG/course_64b/course_s2/20_ad9238_dma_dp/vivado/ad9238_dma_dp.runs/synth_1/.Xil/Vivado-1220-DESKTOP-7THQ4BG/realtime/design_1_rst_ps7_0_142M_0_stub.v:6]
WARNING: [Synth 8-7071] port 'mb_reset' of module 'design_1_rst_ps7_0_142M_0' is unconnected for instance 'rst_ps7_0_142M' [E:/XilinxPrj/AXU2CG/course_64b/course_s2/20_ad9238_dma_dp/vivado/ad9238_dma_dp.srcs/sources_1/bd/design_1/synth/design_1.v:614]
WARNING: [Synth 8-7071] port 'bus_struct_reset' of module 'design_1_rst_ps7_0_142M_0' is unconnected for instance 'rst_ps7_0_142M' [E:/XilinxPrj/AXU2CG/course_64b/course_s2/20_ad9238_dma_dp/vivado/ad9238_dma_dp.srcs/sources_1/bd/design_1/synth/design_1.v:614]
WARNING: [Synth 8-7071] port 'peripheral_reset' of module 'design_1_rst_ps7_0_142M_0' is unconnected for instance 'rst_ps7_0_142M' [E:/XilinxPrj/AXU2CG/course_64b/course_s2/20_ad9238_dma_dp/vivado/ad9238_dma_dp.srcs/sources_1/bd/design_1/synth/design_1.v:614]
WARNING: [Synth 8-7023] instance 'rst_ps7_0_142M' of module 'design_1_rst_ps7_0_142M_0' has 10 connections declared, but only 7 given [E:/XilinxPrj/AXU2CG/course_64b/course_s2/20_ad9238_dma_dp/vivado/ad9238_dma_dp.srcs/sources_1/bd/design_1/synth/design_1.v:614]
INFO: [Synth 8-6157] synthesizing module 'design_1_xlconcat_0_0' [e:/XilinxPrj/AXU2CG/course_64b/course_s2/20_ad9238_dma_dp/vivado/ad9238_dma_dp.srcs/sources_1/bd/design_1/ip/design_1_xlconcat_0_0/synth/design_1_xlconcat_0_0.v:58]
INFO: [Synth 8-6157] synthesizing module 'xlconcat_v2_1_3_xlconcat' [e:/XilinxPrj/AXU2CG/course_64b/course_s2/20_ad9238_dma_dp/vivado/ad9238_dma_dp.srcs/sources_1/bd/design_1/ipshared/442e/hdl/xlconcat_v2_1_vl_rfs.v:14]
	Parameter IN0_WIDTH bound to: 1 - type: integer 
	Parameter IN1_WIDTH bound to: 1 - type: integer 
	Parameter IN2_WIDTH bound to: 1 - type: integer 
	Parameter IN3_WIDTH bound to: 1 - type: integer 
	Parameter IN4_WIDTH bound to: 1 - type: integer 
	Parameter IN5_WIDTH bound to: 1 - type: integer 
	Parameter IN6_WIDTH bound to: 1 - type: integer 
	Parameter IN7_WIDTH bound to: 1 - type: integer 
	Parameter IN8_WIDTH bound to: 1 - type: integer 
	Parameter IN9_WIDTH bound to: 1 - type: integer 
	Parameter IN10_WIDTH bound to: 1 - type: integer 
	Parameter IN11_WIDTH bound to: 1 - type: integer 
	Parameter IN12_WIDTH bound to: 1 - type: integer 
	Parameter IN13_WIDTH bound to: 1 - type: integer 
	Parameter IN14_WIDTH bound to: 1 - type: integer 
	Parameter IN15_WIDTH bound to: 1 - type: integer 
	Parameter IN16_WIDTH bound to: 1 - type: integer 
	Parameter IN17_WIDTH bound to: 1 - type: integer 
	Parameter IN18_WIDTH bound to: 1 - type: integer 
	Parameter IN19_WIDTH bound to: 1 - type: integer 
	Parameter IN20_WIDTH bound to: 1 - type: integer 
	Parameter IN21_WIDTH bound to: 1 - type: integer 
	Parameter IN22_WIDTH bound to: 1 - type: integer 
	Parameter IN23_WIDTH bound to: 1 - type: integer 
	Parameter IN24_WIDTH bound to: 1 - type: integer 
	Parameter IN25_WIDTH bound to: 1 - type: integer 
	Parameter IN26_WIDTH bound to: 1 - type: integer 
	Parameter IN27_WIDTH bound to: 1 - type: integer 
	Parameter IN28_WIDTH bound to: 1 - type: integer 
	Parameter IN29_WIDTH bound to: 1 - type: integer 
	Parameter IN30_WIDTH bound to: 1 - type: integer 
	Parameter IN31_WIDTH bound to: 1 - type: integer 
	Parameter dout_width bound to: 2 - type: integer 
	Parameter NUM_PORTS bound to: 2 - type: integer 
INFO: [Synth 8-6155] done synthesizing module 'xlconcat_v2_1_3_xlconcat' (24#1) [e:/XilinxPrj/AXU2CG/course_64b/course_s2/20_ad9238_dma_dp/vivado/ad9238_dma_dp.srcs/sources_1/bd/design_1/ipshared/442e/hdl/xlconcat_v2_1_vl_rfs.v:14]
INFO: [Synth 8-6155] done synthesizing module 'design_1_xlconcat_0_0' (25#1) [e:/XilinxPrj/AXU2CG/course_64b/course_s2/20_ad9238_dma_dp/vivado/ad9238_dma_dp.srcs/sources_1/bd/design_1/ip/design_1_xlconcat_0_0/synth/design_1_xlconcat_0_0.v:58]
INFO: [Synth 8-6157] synthesizing module 'design_1_zynq_ultra_ps_e_0_0' [E:/XilinxPrj/AXU2CG/course_64b/course_s2/20_ad9238_dma_dp/vivado/ad9238_dma_dp.runs/synth_1/.Xil/Vivado-1220-DESKTOP-7THQ4BG/realtime/design_1_zynq_ultra_ps_e_0_0_stub.v:6]
INFO: [Synth 8-6155] done synthesizing module 'design_1_zynq_ultra_ps_e_0_0' (26#1) [E:/XilinxPrj/AXU2CG/course_64b/course_s2/20_ad9238_dma_dp/vivado/ad9238_dma_dp.runs/synth_1/.Xil/Vivado-1220-DESKTOP-7THQ4BG/realtime/design_1_zynq_ultra_ps_e_0_0_stub.v:6]
WARNING: [Synth 8-7071] port 'maxigp2_awuser' of module 'design_1_zynq_ultra_ps_e_0_0' is unconnected for instance 'zynq_ultra_ps_e_0' [E:/XilinxPrj/AXU2CG/course_64b/course_s2/20_ad9238_dma_dp/vivado/ad9238_dma_dp.srcs/sources_1/bd/design_1/synth/design_1.v:626]
WARNING: [Synth 8-7071] port 'maxigp2_aruser' of module 'design_1_zynq_ultra_ps_e_0_0' is unconnected for instance 'zynq_ultra_ps_e_0' [E:/XilinxPrj/AXU2CG/course_64b/course_s2/20_ad9238_dma_dp/vivado/ad9238_dma_dp.srcs/sources_1/bd/design_1/synth/design_1.v:626]
WARNING: [Synth 8-7023] instance 'zynq_ultra_ps_e_0' of module 'design_1_zynq_ultra_ps_e_0_0' has 84 connections declared, but only 82 given [E:/XilinxPrj/AXU2CG/course_64b/course_s2/20_ad9238_dma_dp/vivado/ad9238_dma_dp.srcs/sources_1/bd/design_1/synth/design_1.v:626]
INFO: [Synth 8-6155] done synthesizing module 'design_1' (27#1) [E:/XilinxPrj/AXU2CG/course_64b/course_s2/20_ad9238_dma_dp/vivado/ad9238_dma_dp.srcs/sources_1/bd/design_1/synth/design_1.v:13]
INFO: [Synth 8-6155] done synthesizing module 'design_1_wrapper' (28#1) [E:/XilinxPrj/AXU2CG/course_64b/course_s2/20_ad9238_dma_dp/vivado/ad9238_dma_dp.srcs/sources_1/bd/design_1/hdl/design_1_wrapper.v:12]
---------------------------------------------------------------------------------
Finished RTL Elaboration : Time (s): cpu = 00:00:04 ; elapsed = 00:00:05 . Memory (MB): peak = 1608.629 ; gain = 135.012
---------------------------------------------------------------------------------
---------------------------------------------------------------------------------
Start Handling Custom Attributes
---------------------------------------------------------------------------------
---------------------------------------------------------------------------------
Finished Handling Custom Attributes : Time (s): cpu = 00:00:05 ; elapsed = 00:00:05 . Memory (MB): peak = 1608.629 ; gain = 135.012
---------------------------------------------------------------------------------
---------------------------------------------------------------------------------
Finished RTL Optimization Phase 1 : Time (s): cpu = 00:00:05 ; elapsed = 00:00:05 . Memory (MB): peak = 1608.629 ; gain = 135.012
---------------------------------------------------------------------------------
Netlist sorting complete. Time (s): cpu = 00:00:00 ; elapsed = 00:00:00.051 . Memory (MB): peak = 1608.629 ; gain = 0.000
INFO: [Project 1-570] Preparing netlist for logic optimization

Processing XDC Constraints
Initializing timing engine
Parsing XDC File [e:/XilinxPrj/AXU2CG/course_64b/course_s2/20_ad9238_dma_dp/vivado/ad9238_dma_dp.srcs/sources_1/bd/design_1/ip/design_1_zynq_ultra_ps_e_0_0/design_1_zynq_ultra_ps_e_0_0/design_1_zynq_ultra_ps_e_0_0_in_context.xdc] for cell 'design_1_i/zynq_ultra_ps_e_0'
WARNING: [Vivado 12-584] No ports matched ''. [e:/XilinxPrj/AXU2CG/course_64b/course_s2/20_ad9238_dma_dp/vivado/ad9238_dma_dp.srcs/sources_1/bd/design_1/ip/design_1_zynq_ultra_ps_e_0_0/design_1_zynq_ultra_ps_e_0_0/design_1_zynq_ultra_ps_e_0_0_in_context.xdc:2]
WARNING: [Vivado 12-584] No ports matched ''. [e:/XilinxPrj/AXU2CG/course_64b/course_s2/20_ad9238_dma_dp/vivado/ad9238_dma_dp.srcs/sources_1/bd/design_1/ip/design_1_zynq_ultra_ps_e_0_0/design_1_zynq_ultra_ps_e_0_0/design_1_zynq_ultra_ps_e_0_0_in_context.xdc:4]
Finished Parsing XDC File [e:/XilinxPrj/AXU2CG/course_64b/course_s2/20_ad9238_dma_dp/vivado/ad9238_dma_dp.srcs/sources_1/bd/design_1/ip/design_1_zynq_ultra_ps_e_0_0/design_1_zynq_ultra_ps_e_0_0/design_1_zynq_ultra_ps_e_0_0_in_context.xdc] for cell 'design_1_i/zynq_ultra_ps_e_0'
Parsing XDC File [e:/XilinxPrj/AXU2CG/course_64b/course_s2/20_ad9238_dma_dp/vivado/ad9238_dma_dp.srcs/sources_1/bd/design_1/ip/design_1_ad9238_sample_0_0/design_1_ad9238_sample_0_0/design_1_ad9238_sample_0_0_in_context.xdc] for cell 'design_1_i/ad9238_sample_0'
Finished Parsing XDC File [e:/XilinxPrj/AXU2CG/course_64b/course_s2/20_ad9238_dma_dp/vivado/ad9238_dma_dp.srcs/sources_1/bd/design_1/ip/design_1_ad9238_sample_0_0/design_1_ad9238_sample_0_0/design_1_ad9238_sample_0_0_in_context.xdc] for cell 'design_1_i/ad9238_sample_0'
Parsing XDC File [e:/XilinxPrj/AXU2CG/course_64b/course_s2/20_ad9238_dma_dp/vivado/ad9238_dma_dp.srcs/sources_1/bd/design_1/ip/design_1_ad9238_sample_1_0/design_1_ad9238_sample_1_0/design_1_ad9238_sample_0_0_in_context.xdc] for cell 'design_1_i/ad9238_sample_1'
Finished Parsing XDC File [e:/XilinxPrj/AXU2CG/course_64b/course_s2/20_ad9238_dma_dp/vivado/ad9238_dma_dp.srcs/sources_1/bd/design_1/ip/design_1_ad9238_sample_1_0/design_1_ad9238_sample_1_0/design_1_ad9238_sample_0_0_in_context.xdc] for cell 'design_1_i/ad9238_sample_1'
Parsing XDC File [e:/XilinxPrj/AXU2CG/course_64b/course_s2/20_ad9238_dma_dp/vivado/ad9238_dma_dp.srcs/sources_1/bd/design_1/ip/design_1_axi_dma_0_0/design_1_axi_dma_0_0/design_1_axi_dma_0_0_in_context.xdc] for cell 'design_1_i/axi_dma_0'
Finished Parsing XDC File [e:/XilinxPrj/AXU2CG/course_64b/course_s2/20_ad9238_dma_dp/vivado/ad9238_dma_dp.srcs/sources_1/bd/design_1/ip/design_1_axi_dma_0_0/design_1_axi_dma_0_0/design_1_axi_dma_0_0_in_context.xdc] for cell 'design_1_i/axi_dma_0'
Parsing XDC File [e:/XilinxPrj/AXU2CG/course_64b/course_s2/20_ad9238_dma_dp/vivado/ad9238_dma_dp.srcs/sources_1/bd/design_1/ip/design_1_axi_dma_1_0/design_1_axi_dma_1_0/design_1_axi_dma_0_0_in_context.xdc] for cell 'design_1_i/axi_dma_1'
Finished Parsing XDC File [e:/XilinxPrj/AXU2CG/course_64b/course_s2/20_ad9238_dma_dp/vivado/ad9238_dma_dp.srcs/sources_1/bd/design_1/ip/design_1_axi_dma_1_0/design_1_axi_dma_1_0/design_1_axi_dma_0_0_in_context.xdc] for cell 'design_1_i/axi_dma_1'
Parsing XDC File [e:/XilinxPrj/AXU2CG/course_64b/course_s2/20_ad9238_dma_dp/vivado/ad9238_dma_dp.srcs/sources_1/bd/design_1/ip/design_1_xbar_0/design_1_xbar_0/design_1_xbar_0_in_context.xdc] for cell 'design_1_i/axi_interconnect_0/xbar'
Finished Parsing XDC File [e:/XilinxPrj/AXU2CG/course_64b/course_s2/20_ad9238_dma_dp/vivado/ad9238_dma_dp.srcs/sources_1/bd/design_1/ip/design_1_xbar_0/design_1_xbar_0/design_1_xbar_0_in_context.xdc] for cell 'design_1_i/axi_interconnect_0/xbar'
Parsing XDC File [e:/XilinxPrj/AXU2CG/course_64b/course_s2/20_ad9238_dma_dp/vivado/ad9238_dma_dp.srcs/sources_1/bd/design_1/ip/design_1_axis_register_slice_0_0/design_1_axis_register_slice_0_0/design_1_axis_register_slice_0_0_in_context.xdc] for cell 'design_1_i/axis_register_slice_0'
Finished Parsing XDC File [e:/XilinxPrj/AXU2CG/course_64b/course_s2/20_ad9238_dma_dp/vivado/ad9238_dma_dp.srcs/sources_1/bd/design_1/ip/design_1_axis_register_slice_0_0/design_1_axis_register_slice_0_0/design_1_axis_register_slice_0_0_in_context.xdc] for cell 'design_1_i/axis_register_slice_0'
Parsing XDC File [e:/XilinxPrj/AXU2CG/course_64b/course_s2/20_ad9238_dma_dp/vivado/ad9238_dma_dp.srcs/sources_1/bd/design_1/ip/design_1_axis_register_slice_1_0/design_1_axis_register_slice_1_0/design_1_axis_register_slice_0_0_in_context.xdc] for cell 'design_1_i/axis_register_slice_1'
Finished Parsing XDC File [e:/XilinxPrj/AXU2CG/course_64b/course_s2/20_ad9238_dma_dp/vivado/ad9238_dma_dp.srcs/sources_1/bd/design_1/ip/design_1_axis_register_slice_1_0/design_1_axis_register_slice_1_0/design_1_axis_register_slice_0_0_in_context.xdc] for cell 'design_1_i/axis_register_slice_1'
Parsing XDC File [e:/XilinxPrj/AXU2CG/course_64b/course_s2/20_ad9238_dma_dp/vivado/ad9238_dma_dp.srcs/sources_1/bd/design_1/ip/design_1_xbar_1/design_1_xbar_1/design_1_xbar_1_in_context.xdc] for cell 'design_1_i/ps7_0_axi_periph/xbar'
Finished Parsing XDC File [e:/XilinxPrj/AXU2CG/course_64b/course_s2/20_ad9238_dma_dp/vivado/ad9238_dma_dp.srcs/sources_1/bd/design_1/ip/design_1_xbar_1/design_1_xbar_1/design_1_xbar_1_in_context.xdc] for cell 'design_1_i/ps7_0_axi_periph/xbar'
Parsing XDC File [e:/XilinxPrj/AXU2CG/course_64b/course_s2/20_ad9238_dma_dp/vivado/ad9238_dma_dp.srcs/sources_1/bd/design_1/ip/design_1_rst_clk_adc_0/design_1_rst_clk_adc_0/design_1_rst_clk_adc_0_in_context.xdc] for cell 'design_1_i/rst_clk_adc'
Finished Parsing XDC File [e:/XilinxPrj/AXU2CG/course_64b/course_s2/20_ad9238_dma_dp/vivado/ad9238_dma_dp.srcs/sources_1/bd/design_1/ip/design_1_rst_clk_adc_0/design_1_rst_clk_adc_0/design_1_rst_clk_adc_0_in_context.xdc] for cell 'design_1_i/rst_clk_adc'
Parsing XDC File [e:/XilinxPrj/AXU2CG/course_64b/course_s2/20_ad9238_dma_dp/vivado/ad9238_dma_dp.srcs/sources_1/bd/design_1/ip/design_1_rst_ps7_0_142M_0/design_1_rst_ps7_0_142M_0/design_1_rst_ps7_0_142M_0_in_context.xdc] for cell 'design_1_i/rst_ps7_0_142M'
Finished Parsing XDC File [e:/XilinxPrj/AXU2CG/course_64b/course_s2/20_ad9238_dma_dp/vivado/ad9238_dma_dp.srcs/sources_1/bd/design_1/ip/design_1_rst_ps7_0_142M_0/design_1_rst_ps7_0_142M_0/design_1_rst_ps7_0_142M_0_in_context.xdc] for cell 'design_1_i/rst_ps7_0_142M'
Parsing XDC File [e:/XilinxPrj/AXU2CG/course_64b/course_s2/20_ad9238_dma_dp/vivado/ad9238_dma_dp.srcs/sources_1/bd/design_1/ip/design_1_auto_us_0/design_1_auto_us_0/design_1_auto_us_0_in_context.xdc] for cell 'design_1_i/axi_interconnect_0/s00_couplers/auto_us'
Finished Parsing XDC File [e:/XilinxPrj/AXU2CG/course_64b/course_s2/20_ad9238_dma_dp/vivado/ad9238_dma_dp.srcs/sources_1/bd/design_1/ip/design_1_auto_us_0/design_1_auto_us_0/design_1_auto_us_0_in_context.xdc] for cell 'design_1_i/axi_interconnect_0/s00_couplers/auto_us'
Parsing XDC File [e:/XilinxPrj/AXU2CG/course_64b/course_s2/20_ad9238_dma_dp/vivado/ad9238_dma_dp.srcs/sources_1/bd/design_1/ip/design_1_auto_us_1/design_1_auto_us_1/design_1_auto_us_0_in_context.xdc] for cell 'design_1_i/axi_interconnect_0/s01_couplers/auto_us'
Finished Parsing XDC File [e:/XilinxPrj/AXU2CG/course_64b/course_s2/20_ad9238_dma_dp/vivado/ad9238_dma_dp.srcs/sources_1/bd/design_1/ip/design_1_auto_us_1/design_1_auto_us_1/design_1_auto_us_0_in_context.xdc] for cell 'design_1_i/axi_interconnect_0/s01_couplers/auto_us'
Parsing XDC File [e:/XilinxPrj/AXU2CG/course_64b/course_s2/20_ad9238_dma_dp/vivado/ad9238_dma_dp.srcs/sources_1/bd/design_1/ip/design_1_auto_pc_0/design_1_auto_pc_0/design_1_auto_pc_0_in_context.xdc] for cell 'design_1_i/ps7_0_axi_periph/s00_couplers/auto_pc'
Finished Parsing XDC File [e:/XilinxPrj/AXU2CG/course_64b/course_s2/20_ad9238_dma_dp/vivado/ad9238_dma_dp.srcs/sources_1/bd/design_1/ip/design_1_auto_pc_0/design_1_auto_pc_0/design_1_auto_pc_0_in_context.xdc] for cell 'design_1_i/ps7_0_axi_periph/s00_couplers/auto_pc'
Parsing XDC File [E:/XilinxPrj/AXU2CG/course_64b/course_s2/20_ad9238_dma_dp/vivado/ad9238_dma_dp.srcs/constrs_1/new/ad9238.xdc]
Finished Parsing XDC File [E:/XilinxPrj/AXU2CG/course_64b/course_s2/20_ad9238_dma_dp/vivado/ad9238_dma_dp.srcs/constrs_1/new/ad9238.xdc]
INFO: [Project 1-236] Implementation specific constraints were found while reading constraint file [E:/XilinxPrj/AXU2CG/course_64b/course_s2/20_ad9238_dma_dp/vivado/ad9238_dma_dp.srcs/constrs_1/new/ad9238.xdc]. These constraints will be ignored for synthesis but will be used in implementation. Impacted constraints are listed in the file [.Xil/design_1_wrapper_propImpl.xdc].
Resolution: To avoid this warning, move constraints listed in [.Xil/design_1_wrapper_propImpl.xdc] to another XDC file and exclude this new file from synthesis with the used_in_synthesis property (File Properties dialog in GUI) and re-run elaboration/synthesis.
Parsing XDC File [E:/XilinxPrj/AXU2CG/course_64b/course_s2/20_ad9238_dma_dp/vivado/ad9238_dma_dp.srcs/constrs_1/new/system.xdc]
Finished Parsing XDC File [E:/XilinxPrj/AXU2CG/course_64b/course_s2/20_ad9238_dma_dp/vivado/ad9238_dma_dp.srcs/constrs_1/new/system.xdc]
Parsing XDC File [E:/XilinxPrj/AXU2CG/course_64b/course_s2/20_ad9238_dma_dp/vivado/ad9238_dma_dp.runs/synth_1/dont_touch.xdc]
Finished Parsing XDC File [E:/XilinxPrj/AXU2CG/course_64b/course_s2/20_ad9238_dma_dp/vivado/ad9238_dma_dp.runs/synth_1/dont_touch.xdc]
Completed Processing XDC Constraints

Netlist sorting complete. Time (s): cpu = 00:00:00 ; elapsed = 00:00:00 . Memory (MB): peak = 1681.879 ; gain = 0.000
INFO: [Project 1-111] Unisim Transformation Summary:
No Unisim elements were transformed.

Constraint Validation Runtime : Time (s): cpu = 00:00:00 ; elapsed = 00:00:00.006 . Memory (MB): peak = 1681.879 ; gain = 0.000
---------------------------------------------------------------------------------
Finished Constraint Validation : Time (s): cpu = 00:00:13 ; elapsed = 00:00:14 . Memory (MB): peak = 1681.879 ; gain = 208.262
---------------------------------------------------------------------------------
---------------------------------------------------------------------------------
Start Loading Part and Timing Information
---------------------------------------------------------------------------------
Loading part: xczu2cg-sfvc784-1-i
INFO: [Synth 8-6742] Reading net delay rules and data
---------------------------------------------------------------------------------
Finished Loading Part and Timing Information : Time (s): cpu = 00:00:13 ; elapsed = 00:00:14 . Memory (MB): peak = 1681.879 ; gain = 208.262
---------------------------------------------------------------------------------
---------------------------------------------------------------------------------
Start Applying 'set_property' XDC Constraints
---------------------------------------------------------------------------------
Applied set_property DONT_TOUCH = true for design_1_i. (constraint file  auto generated constraint, line ).
Applied set_property DONT_TOUCH = true for design_1_i/zynq_ultra_ps_e_0. (constraint file  auto generated constraint, line ).
Applied set_property DONT_TOUCH = true for design_1_i/ad9238_sample_0. (constraint file  auto generated constraint, line ).
Applied set_property DONT_TOUCH = true for design_1_i/ad9238_sample_1. (constraint file  auto generated constraint, line ).
Applied set_property DONT_TOUCH = true for design_1_i/axi_dma_0. (constraint file  auto generated constraint, line ).
Applied set_property DONT_TOUCH = true for design_1_i/axi_dma_1. (constraint file  auto generated constraint, line ).
Applied set_property DONT_TOUCH = true for design_1_i/axi_interconnect_0/xbar. (constraint file  auto generated constraint, line ).
Applied set_property DONT_TOUCH = true for design_1_i/axi_interconnect_0. (constraint file  auto generated constraint, line ).
Applied set_property DONT_TOUCH = true for design_1_i/axis_register_slice_0. (constraint file  auto generated constraint, line ).
Applied set_property DONT_TOUCH = true for design_1_i/axis_register_slice_1. (constraint file  auto generated constraint, line ).
Applied set_property DONT_TOUCH = true for design_1_i/ps7_0_axi_periph/xbar. (constraint file  auto generated constraint, line ).
Applied set_property DONT_TOUCH = true for design_1_i/ps7_0_axi_periph. (constraint file  auto generated constraint, line ).
Applied set_property DONT_TOUCH = true for design_1_i/rst_clk_adc. (constraint file  auto generated constraint, line ).
Applied set_property DONT_TOUCH = true for design_1_i/rst_ps7_0_142M. (constraint file  auto generated constraint, line ).
Applied set_property DONT_TOUCH = true for design_1_i/xlconcat_0. (constraint file  auto generated constraint, line ).
Applied set_property DONT_TOUCH = true for design_1_i/axi_interconnect_0/s00_couplers/auto_us. (constraint file  auto generated constraint, line ).
Applied set_property DONT_TOUCH = true for design_1_i/axi_interconnect_0/s01_couplers/auto_us. (constraint file  auto generated constraint, line ).
Applied set_property DONT_TOUCH = true for design_1_i/ps7_0_axi_periph/s00_couplers/auto_pc. (constraint file  auto generated constraint, line ).
---------------------------------------------------------------------------------
Finished applying 'set_property' XDC Constraints : Time (s): cpu = 00:00:13 ; elapsed = 00:00:14 . Memory (MB): peak = 1681.879 ; gain = 208.262
---------------------------------------------------------------------------------
---------------------------------------------------------------------------------
Finished RTL Optimization Phase 2 : Time (s): cpu = 00:00:14 ; elapsed = 00:00:14 . Memory (MB): peak = 1681.879 ; gain = 208.262
---------------------------------------------------------------------------------
---------------------------------------------------------------------------------
Start RTL Component Statistics 
---------------------------------------------------------------------------------
Detailed RTL Component Info : 
---------------------------------------------------------------------------------
Finished RTL Component Statistics 
---------------------------------------------------------------------------------
---------------------------------------------------------------------------------
Start Part Resource Summary
---------------------------------------------------------------------------------
Part Resources:
DSPs: 240 (col length:72)
BRAMs: 300 (col length: RAMB18 72 RAMB36 36)
---------------------------------------------------------------------------------
Finished Part Resource Summary
---------------------------------------------------------------------------------
---------------------------------------------------------------------------------
Start Cross Boundary and Area Optimization
---------------------------------------------------------------------------------
---------------------------------------------------------------------------------
Finished Cross Boundary and Area Optimization : Time (s): cpu = 00:00:15 ; elapsed = 00:00:16 . Memory (MB): peak = 1681.879 ; gain = 208.262
---------------------------------------------------------------------------------
---------------------------------------------------------------------------------
Start Applying XDC Timing Constraints
---------------------------------------------------------------------------------
---------------------------------------------------------------------------------
Finished Applying XDC Timing Constraints : Time (s): cpu = 00:00:25 ; elapsed = 00:00:26 . Memory (MB): peak = 2330.375 ; gain = 856.758
---------------------------------------------------------------------------------
---------------------------------------------------------------------------------
Start Timing Optimization
---------------------------------------------------------------------------------
---------------------------------------------------------------------------------
Finished Timing Optimization : Time (s): cpu = 00:00:25 ; elapsed = 00:00:26 . Memory (MB): peak = 2330.598 ; gain = 856.980
---------------------------------------------------------------------------------
---------------------------------------------------------------------------------
Start Technology Mapping
---------------------------------------------------------------------------------
---------------------------------------------------------------------------------
Finished Technology Mapping : Time (s): cpu = 00:00:25 ; elapsed = 00:00:26 . Memory (MB): peak = 2350.160 ; gain = 876.543
---------------------------------------------------------------------------------
---------------------------------------------------------------------------------
Start IO Insertion
---------------------------------------------------------------------------------
---------------------------------------------------------------------------------
Start Flattening Before IO Insertion
---------------------------------------------------------------------------------
---------------------------------------------------------------------------------
Finished Flattening Before IO Insertion
---------------------------------------------------------------------------------
---------------------------------------------------------------------------------
Start Final Netlist Cleanup
---------------------------------------------------------------------------------
---------------------------------------------------------------------------------
Finished Final Netlist Cleanup
---------------------------------------------------------------------------------
---------------------------------------------------------------------------------
Finished IO Insertion : Time (s): cpu = 00:00:31 ; elapsed = 00:00:32 . Memory (MB): peak = 2356.945 ; gain = 883.328
---------------------------------------------------------------------------------
---------------------------------------------------------------------------------
Start Renaming Generated Instances
---------------------------------------------------------------------------------
---------------------------------------------------------------------------------
Finished Renaming Generated Instances : Time (s): cpu = 00:00:31 ; elapsed = 00:00:32 . Memory (MB): peak = 2356.945 ; gain = 883.328
---------------------------------------------------------------------------------
---------------------------------------------------------------------------------
Start Rebuilding User Hierarchy
---------------------------------------------------------------------------------
---------------------------------------------------------------------------------
Finished Rebuilding User Hierarchy : Time (s): cpu = 00:00:31 ; elapsed = 00:00:32 . Memory (MB): peak = 2356.945 ; gain = 883.328
---------------------------------------------------------------------------------
---------------------------------------------------------------------------------
Start Renaming Generated Ports
---------------------------------------------------------------------------------
---------------------------------------------------------------------------------
Finished Renaming Generated Ports : Time (s): cpu = 00:00:31 ; elapsed = 00:00:32 . Memory (MB): peak = 2356.945 ; gain = 883.328
---------------------------------------------------------------------------------
---------------------------------------------------------------------------------
Start Handling Custom Attributes
---------------------------------------------------------------------------------
---------------------------------------------------------------------------------
Finished Handling Custom Attributes : Time (s): cpu = 00:00:31 ; elapsed = 00:00:32 . Memory (MB): peak = 2356.945 ; gain = 883.328
---------------------------------------------------------------------------------
---------------------------------------------------------------------------------
Start Renaming Generated Nets
---------------------------------------------------------------------------------
---------------------------------------------------------------------------------
Finished Renaming Generated Nets : Time (s): cpu = 00:00:31 ; elapsed = 00:00:32 . Memory (MB): peak = 2356.945 ; gain = 883.328
---------------------------------------------------------------------------------
---------------------------------------------------------------------------------
Start Writing Synthesis Report
---------------------------------------------------------------------------------

Report BlackBoxes: 
+------+---------------------------------+----------+
|      |BlackBox name                    |Instances |
+------+---------------------------------+----------+
|1     |design_1_xbar_0                  |         1|
|2     |design_1_auto_us_0               |         1|
|3     |design_1_auto_us_1               |         1|
|4     |design_1_xbar_1                  |         1|
|5     |design_1_auto_pc_0               |         1|
|6     |design_1_ad9238_sample_0_0       |         1|
|7     |design_1_ad9238_sample_1_0       |         1|
|8     |design_1_axi_dma_0_0             |         1|
|9     |design_1_axi_dma_1_0             |         1|
|10    |design_1_axis_register_slice_0_0 |         1|
|11    |design_1_axis_register_slice_1_0 |         1|
|12    |design_1_rst_clk_adc_0           |         1|
|13    |design_1_rst_ps7_0_142M_0        |         1|
|14    |design_1_zynq_ultra_ps_e_0_0     |         1|
+------+---------------------------------+----------+

Report Cell Usage: 
+------+-------------------------------+------+
|      |Cell                           |Count |
+------+-------------------------------+------+
|1     |design_1_ad9238_sample_0       |     1|
|2     |design_1_ad9238_sample_1       |     1|
|3     |design_1_auto_pc               |     1|
|4     |design_1_auto_us               |     2|
|6     |design_1_axi_dma_0             |     1|
|7     |design_1_axi_dma_1             |     1|
|8     |design_1_axis_register_slice_0 |     1|
|9     |design_1_axis_register_slice_1 |     1|
|10    |design_1_rst_clk_adc           |     1|
|11    |design_1_rst_ps7_0_142M        |     1|
|12    |design_1_xbar                  |     2|
|14    |design_1_zynq_ultra_ps_e_0     |     1|
|15    |IBUF                           |    24|
|16    |OBUF                           |     2|
+------+-------------------------------+------+
---------------------------------------------------------------------------------
Finished Writing Synthesis Report : Time (s): cpu = 00:00:31 ; elapsed = 00:00:32 . Memory (MB): peak = 2356.945 ; gain = 883.328
---------------------------------------------------------------------------------
Synthesis finished with 0 errors, 0 critical warnings and 0 warnings.
Synthesis Optimization Runtime : Time (s): cpu = 00:00:21 ; elapsed = 00:00:27 . Memory (MB): peak = 2356.945 ; gain = 810.078
Synthesis Optimization Complete : Time (s): cpu = 00:00:31 ; elapsed = 00:00:32 . Memory (MB): peak = 2356.945 ; gain = 883.328
INFO: [Project 1-571] Translating synthesized netlist
Netlist sorting complete. Time (s): cpu = 00:00:01 ; elapsed = 00:00:00.039 . Memory (MB): peak = 2368.996 ; gain = 0.000
INFO: [Netlist 29-17] Analyzing 24 Unisim elements for replacement
INFO: [Netlist 29-28] Unisim Transformation completed in 0 CPU seconds
INFO: [Project 1-570] Preparing netlist for logic optimization
INFO: [Opt 31-138] Pushed 0 inverter(s) to 0 load pin(s).
Netlist sorting complete. Time (s): cpu = 00:00:00 ; elapsed = 00:00:00 . Memory (MB): peak = 2388.855 ; gain = 0.000
INFO: [Project 1-111] Unisim Transformation Summary:
  A total of 24 instances were transformed.
  IBUF => IBUF (IBUFCTRL, INBUF): 24 instances

INFO: [Common 17-83] Releasing license: Synthesis
76 Infos, 66 Warnings, 0 Critical Warnings and 0 Errors encountered.
synth_design completed successfully
synth_design: Time (s): cpu = 00:00:41 ; elapsed = 00:00:43 . Memory (MB): peak = 2388.855 ; gain = 1307.063
INFO: [Common 17-1381] The checkpoint 'E:/XilinxPrj/AXU2CG/course_64b/course_s2/20_ad9238_dma_dp/vivado/ad9238_dma_dp.runs/synth_1/design_1_wrapper.dcp' has been generated.
INFO: [runtcl-4] Executing : report_utilization -file design_1_wrapper_utilization_synth.rpt -pb design_1_wrapper_utilization_synth.pb
INFO: [Common 17-206] Exiting Vivado at Thu May 19 10:51:28 2022...
