Copyright 1986-2020 Xilinx, Inc. All Rights Reserved.
--------------------------------------------------------------------------------------------------------------------------------------------------------------------------------------
| Tool Version : Vivado v.2020.1 (win64) Build 2902540 Wed May 27 19:54:49 MDT 2020
| Date         : Fri Nov 13 12:45:59 2020
| Host         : DESKTOP-0FF260C running 64-bit major release  (build 9200)
| Command      : report_methodology -file design_1_wrapper_methodology_drc_routed.rpt -pb design_1_wrapper_methodology_drc_routed.pb -rpx design_1_wrapper_methodology_drc_routed.rpx
| Design       : design_1_wrapper
| Device       : xczu2cg-sfvc784-1-i
| Speed File   : -1
| Design State : Fully Routed
--------------------------------------------------------------------------------------------------------------------------------------------------------------------------------------

Report Methodology

Table of Contents
-----------------
1. REPORT SUMMARY
2. REPORT DETAILS

1. REPORT SUMMARY
-----------------
            Netlist: netlist
          Floorplan: design_1
      Design limits: <entire design considered>
             Max violations: <unlimited>
             Violations found: 31
+-----------+----------+----------------------------------+------------+
| Rule      | Severity | Description                      | Violations |
+-----------+----------+----------------------------------+------------+
| TIMING-10 | Warning  | Missing property on synchronizer | 1          |
| TIMING-18 | Warning  | Missing input or output delay    | 30         |
+-----------+----------+----------------------------------+------------+

2. REPORT DETAILS
-----------------
TIMING-10#1 Warning
Missing property on synchronizer  
One or more logic synchronizer has been detected between 2 clock domains but the synchronizer does not have the property ASYNC_REG defined on one or both registers. It is recommended to run report_cdc for a complete and detailed CDC coverage
Related violations: <none>

TIMING-18#1 Warning
Missing input or output delay  
An input delay is missing on key_tri_i[0] relative to clock(s) clk_pl_0
Related violations: <none>

TIMING-18#2 Warning
Missing input or output delay  
An input delay is missing on key_tri_i[1] relative to clock(s) clk_pl_0
Related violations: <none>

TIMING-18#3 Warning
Missing input or output delay  
An output delay is missing on dac_ch0_data[0] relative to clock(s) clk_pl_1
Related violations: <none>

TIMING-18#4 Warning
Missing input or output delay  
An output delay is missing on dac_ch0_data[10] relative to clock(s) clk_pl_1
Related violations: <none>

TIMING-18#5 Warning
Missing input or output delay  
An output delay is missing on dac_ch0_data[11] relative to clock(s) clk_pl_1
Related violations: <none>

TIMING-18#6 Warning
Missing input or output delay  
An output delay is missing on dac_ch0_data[12] relative to clock(s) clk_pl_1
Related violations: <none>

TIMING-18#7 Warning
Missing input or output delay  
An output delay is missing on dac_ch0_data[13] relative to clock(s) clk_pl_1
Related violations: <none>

TIMING-18#8 Warning
Missing input or output delay  
An output delay is missing on dac_ch0_data[1] relative to clock(s) clk_pl_1
Related violations: <none>

TIMING-18#9 Warning
Missing input or output delay  
An output delay is missing on dac_ch0_data[2] relative to clock(s) clk_pl_1
Related violations: <none>

TIMING-18#10 Warning
Missing input or output delay  
An output delay is missing on dac_ch0_data[3] relative to clock(s) clk_pl_1
Related violations: <none>

TIMING-18#11 Warning
Missing input or output delay  
An output delay is missing on dac_ch0_data[4] relative to clock(s) clk_pl_1
Related violations: <none>

TIMING-18#12 Warning
Missing input or output delay  
An output delay is missing on dac_ch0_data[5] relative to clock(s) clk_pl_1
Related violations: <none>

TIMING-18#13 Warning
Missing input or output delay  
An output delay is missing on dac_ch0_data[6] relative to clock(s) clk_pl_1
Related violations: <none>

TIMING-18#14 Warning
Missing input or output delay  
An output delay is missing on dac_ch0_data[7] relative to clock(s) clk_pl_1
Related violations: <none>

TIMING-18#15 Warning
Missing input or output delay  
An output delay is missing on dac_ch0_data[8] relative to clock(s) clk_pl_1
Related violations: <none>

TIMING-18#16 Warning
Missing input or output delay  
An output delay is missing on dac_ch0_data[9] relative to clock(s) clk_pl_1
Related violations: <none>

TIMING-18#17 Warning
Missing input or output delay  
An output delay is missing on dac_ch1_data[0] relative to clock(s) clk_pl_1
Related violations: <none>

TIMING-18#18 Warning
Missing input or output delay  
An output delay is missing on dac_ch1_data[10] relative to clock(s) clk_pl_1
Related violations: <none>

TIMING-18#19 Warning
Missing input or output delay  
An output delay is missing on dac_ch1_data[11] relative to clock(s) clk_pl_1
Related violations: <none>

TIMING-18#20 Warning
Missing input or output delay  
An output delay is missing on dac_ch1_data[12] relative to clock(s) clk_pl_1
Related violations: <none>

TIMING-18#21 Warning
Missing input or output delay  
An output delay is missing on dac_ch1_data[13] relative to clock(s) clk_pl_1
Related violations: <none>

TIMING-18#22 Warning
Missing input or output delay  
An output delay is missing on dac_ch1_data[1] relative to clock(s) clk_pl_1
Related violations: <none>

TIMING-18#23 Warning
Missing input or output delay  
An output delay is missing on dac_ch1_data[2] relative to clock(s) clk_pl_1
Related violations: <none>

TIMING-18#24 Warning
Missing input or output delay  
An output delay is missing on dac_ch1_data[3] relative to clock(s) clk_pl_1
Related violations: <none>

TIMING-18#25 Warning
Missing input or output delay  
An output delay is missing on dac_ch1_data[4] relative to clock(s) clk_pl_1
Related violations: <none>

TIMING-18#26 Warning
Missing input or output delay  
An output delay is missing on dac_ch1_data[5] relative to clock(s) clk_pl_1
Related violations: <none>

TIMING-18#27 Warning
Missing input or output delay  
An output delay is missing on dac_ch1_data[6] relative to clock(s) clk_pl_1
Related violations: <none>

TIMING-18#28 Warning
Missing input or output delay  
An output delay is missing on dac_ch1_data[7] relative to clock(s) clk_pl_1
Related violations: <none>

TIMING-18#29 Warning
Missing input or output delay  
An output delay is missing on dac_ch1_data[8] relative to clock(s) clk_pl_1
Related violations: <none>

TIMING-18#30 Warning
Missing input or output delay  
An output delay is missing on dac_ch1_data[9] relative to clock(s) clk_pl_1
Related violations: <none>


