Copyright 1986-2020 Xilinx, Inc. All Rights Reserved.
-----------------------------------------------------------------------------------------------------------------------------
| Tool Version : Vivado v.2020.1 (win64) Build 2902540 Wed May 27 19:54:49 MDT 2020
| Date         : Fri Nov 13 13:43:53 2020
| Host         : DESKTOP-0FF260C running 64-bit major release  (build 9200)
| Command      : report_utilization -file design_1_wrapper_utilization_placed.rpt -pb design_1_wrapper_utilization_placed.pb
| Design       : design_1_wrapper
| Device       : xczu2cgsfvc784-1
| Design State : Fully Placed
-----------------------------------------------------------------------------------------------------------------------------

Utilization Design Information

Table of Contents
-----------------
1. CLB Logic
1.1 Summary of Registers by Type
2. CLB Logic Distribution
3. BLOCKRAM
4. ARITHMETIC
5. I/O
6. CLOCK
7. ADVANCED
8. CONFIGURATION
9. Primitives
10. Black Boxes
11. Instantiated Netlists

1. CLB Logic
------------

+----------------------------+-------+-------+-----------+-------+
|          Site Type         |  Used | Fixed | Available | Util% |
+----------------------------+-------+-------+-----------+-------+
| CLB LUTs                   | 19927 |     0 |     47232 | 42.19 |
|   LUT as Logic             | 19287 |     0 |     47232 | 40.83 |
|   LUT as Memory            |   640 |     0 |     28800 |  2.22 |
|     LUT as Distributed RAM |   128 |     0 |           |       |
|     LUT as Shift Register  |   512 |     0 |           |       |
| CLB Registers              | 25233 |     0 |     94464 | 26.71 |
|   Register as Flip Flop    | 25233 |     0 |     94464 | 26.71 |
|   Register as Latch        |     0 |     0 |     94464 |  0.00 |
| CARRY8                     |   782 |     0 |      8820 |  8.87 |
| F7 Muxes                   |    95 |     0 |     35280 |  0.27 |
| F8 Muxes                   |     2 |     0 |     17640 |  0.01 |
| F9 Muxes                   |     0 |     0 |      8820 |  0.00 |
+----------------------------+-------+-------+-----------+-------+


1.1 Summary of Registers by Type
--------------------------------

+-------+--------------+-------------+--------------+
| Total | Clock Enable | Synchronous | Asynchronous |
+-------+--------------+-------------+--------------+
| 0     |            _ |           - |            - |
| 0     |            _ |           - |          Set |
| 0     |            _ |           - |        Reset |
| 0     |            _ |         Set |            - |
| 0     |            _ |       Reset |            - |
| 0     |          Yes |           - |            - |
| 166   |          Yes |           - |          Set |
| 444   |          Yes |           - |        Reset |
| 460   |          Yes |         Set |            - |
| 24163 |          Yes |       Reset |            - |
+-------+--------------+-------------+--------------+


2. CLB Logic Distribution
-------------------------

+--------------------------------------------+-------+-------+-----------+-------+
|                  Site Type                 |  Used | Fixed | Available | Util% |
+--------------------------------------------+-------+-------+-----------+-------+
| CLB                                        |  4486 |     0 |      8820 | 50.86 |
|   CLBL                                     |  2626 |     0 |           |       |
|   CLBM                                     |  1860 |     0 |           |       |
| LUT as Logic                               | 19287 |     0 |     47232 | 40.83 |
|   using O5 output only                     |   491 |       |           |       |
|   using O6 output only                     | 14579 |       |           |       |
|   using O5 and O6                          |  4217 |       |           |       |
| LUT as Memory                              |   640 |     0 |     28800 |  2.22 |
|   LUT as Distributed RAM                   |   128 |     0 |           |       |
|     using O5 output only                   |     0 |       |           |       |
|     using O6 output only                   |     0 |       |           |       |
|     using O5 and O6                        |   128 |       |           |       |
|   LUT as Shift Register                    |   512 |     0 |           |       |
|     using O5 output only                   |     0 |       |           |       |
|     using O6 output only                   |   250 |       |           |       |
|     using O5 and O6                        |   262 |       |           |       |
| CLB Registers                              | 25233 |     0 |     94464 | 26.71 |
|   Register driven from within the CLB      | 12456 |       |           |       |
|   Register driven from outside the CLB     | 12777 |       |           |       |
|     LUT in front of the register is unused |  8260 |       |           |       |
|     LUT in front of the register is used   |  4517 |       |           |       |
| Unique Control Sets                        |  1149 |       |     17640 |  6.51 |
+--------------------------------------------+-------+-------+-----------+-------+
* * Note: Available Control Sets calculated as Slices * 2, Review the Control Sets Report for more information regarding control sets.


3. BLOCKRAM
-----------

+-------------------+------+-------+-----------+-------+
|     Site Type     | Used | Fixed | Available | Util% |
+-------------------+------+-------+-----------+-------+
| Block RAM Tile    |   61 |     0 |       150 | 40.67 |
|   RAMB36/FIFO*    |   54 |     0 |       150 | 36.00 |
|     RAMB36E2 only |   54 |       |           |       |
|   RAMB18          |   14 |     0 |       300 |  4.67 |
|     RAMB18E2 only |   14 |       |           |       |
+-------------------+------+-------+-----------+-------+
* Note: Each Block RAM Tile only has one FIFO logic available and therefore can accommodate only one FIFO36E2 or one FIFO18E2. However, if a FIFO18E2 occupies a Block RAM Tile, that tile can still accommodate a RAMB18E2


4. ARITHMETIC
-------------

+----------------+------+-------+-----------+-------+
|    Site Type   | Used | Fixed | Available | Util% |
+----------------+------+-------+-----------+-------+
| DSPs           |   16 |     0 |       240 |  6.67 |
|   DSP48E2 only |   16 |       |           |       |
+----------------+------+-------+-----------+-------+


5. I/O
------

+------------------+------+-------+-----------+-------+
|     Site Type    | Used | Fixed | Available | Util% |
+------------------+------+-------+-----------+-------+
| Bonded IOB       |   18 |    18 |       252 |  7.14 |
| HPIOB_M          |    6 |     6 |        72 |  8.33 |
|   INPUT          |    6 |       |           |       |
|   OUTPUT         |    0 |       |           |       |
|   BIDIR          |    0 |       |           |       |
| HPIOB_S          |    6 |     6 |        72 |  8.33 |
|   INPUT          |    6 |       |           |       |
|   OUTPUT         |    0 |       |           |       |
|   BIDIR          |    0 |       |           |       |
| HDIOB_M          |    2 |     2 |        48 |  4.17 |
|   INPUT          |    0 |       |           |       |
|   OUTPUT         |    0 |       |           |       |
|   BIDIR          |    2 |       |           |       |
| HDIOB_S          |    4 |     4 |        48 |  8.33 |
|   INPUT          |    0 |       |           |       |
|   OUTPUT         |    0 |       |           |       |
|   BIDIR          |    4 |       |           |       |
| HPIOB_SNGL       |    0 |     0 |        12 |  0.00 |
| HPIOBDIFFINBUF   |    6 |     6 |        72 |  8.33 |
| HPIOBDIFFOUTBUF  |    0 |     0 |        72 |  0.00 |
| HDIOBDIFFINBUF   |    0 |     0 |        48 |  0.00 |
| BITSLICE_CONTROL |    2 |     0 |        24 |  8.33 |
| BITSLICE_RX_TX   |    6 |     6 |       156 |  3.85 |
|   RX_BITSLICE    |    6 |     6 |           |       |
| BITSLICE_TX      |    0 |     0 |        24 |  0.00 |
| RIU_OR           |    0 |     0 |        12 |  0.00 |
+------------------+------+-------+-----------+-------+


6. CLOCK
--------

+----------------------+------+-------+-----------+-------+
|       Site Type      | Used | Fixed | Available | Util% |
+----------------------+------+-------+-----------+-------+
| GLOBAL CLOCK BUFFERs |    7 |     0 |       196 |  3.57 |
|   BUFGCE             |    5 |     0 |        88 |  5.68 |
|   BUFGCE_DIV         |    0 |     0 |        12 |  0.00 |
|   BUFG_PS            |    2 |     0 |        72 |  2.78 |
|   BUFGCTRL*          |    0 |     0 |        24 |  0.00 |
| PLL                  |    2 |     0 |         6 | 33.33 |
| MMCM                 |    0 |     0 |         3 |  0.00 |
+----------------------+------+-------+-----------+-------+
* Note: Each used BUFGCTRL counts as two GLOBAL CLOCK BUFFERs. This table does not include global clocking resources, only buffer cell usage. See the Clock Utilization Report (report_clock_utilization) for detailed accounting of global clocking resource availability.


7. ADVANCED
-----------

+-----------+------+-------+-----------+--------+
| Site Type | Used | Fixed | Available |  Util% |
+-----------+------+-------+-----------+--------+
| PS8       |    1 |     0 |         1 | 100.00 |
| SYSMONE4  |    0 |     0 |         1 |   0.00 |
+-----------+------+-------+-----------+--------+


8. CONFIGURATION
----------------

+-------------+------+-------+-----------+-------+
|  Site Type  | Used | Fixed | Available | Util% |
+-------------+------+-------+-----------+-------+
| BSCANE2     |    0 |     0 |         4 |  0.00 |
| DNA_PORTE2  |    0 |     0 |         1 |  0.00 |
| EFUSE_USR   |    0 |     0 |         1 |  0.00 |
| FRAME_ECCE4 |    0 |     0 |         1 |  0.00 |
| ICAPE3      |    0 |     0 |         2 |  0.00 |
| MASTER_JTAG |    0 |     0 |         1 |  0.00 |
| STARTUPE3   |    0 |     0 |         1 |  0.00 |
+-------------+------+-------+-----------+-------+


9. Primitives
-------------

+------------------+-------+---------------------+
|     Ref Name     |  Used | Functional Category |
+------------------+-------+---------------------+
| FDRE             | 24163 |            Register |
| LUT6             |  7264 |                 CLB |
| LUT2             |  4473 |                 CLB |
| LUT4             |  3759 |                 CLB |
| LUT3             |  3733 |                 CLB |
| LUT5             |  3641 |                 CLB |
| CARRY8           |   782 |                 CLB |
| SRL16E           |   663 |                 CLB |
| LUT1             |   634 |                 CLB |
| FDSE             |   460 |            Register |
| FDCE             |   444 |            Register |
| RAMD32           |   224 |                 CLB |
| FDPE             |   166 |            Register |
| SRLC32E          |   111 |                 CLB |
| MUXF7            |    95 |                 CLB |
| RAMB36E2         |    54 |           Block Ram |
| RAMS32           |    32 |                 CLB |
| DSP48E2          |    16 |          Arithmetic |
| RAMB18E2         |    14 |           Block Ram |
| IBUFCTRL         |    12 |              Others |
| RX_BITSLICE      |     6 |                 I/O |
| OBUFT            |     6 |                 I/O |
| INBUF            |     6 |                 I/O |
| DPHY_DIFFINBUF   |     6 |              Others |
| BUFGCE           |     5 |               Clock |
| PLLE4_ADV        |     2 |               Clock |
| MUXF8            |     2 |                 CLB |
| BUFG_PS          |     2 |               Clock |
| BITSLICE_CONTROL |     2 |                 I/O |
| PS8              |     1 |            Advanced |
+------------------+-------+---------------------+


10. Black Boxes
---------------

+----------+------+
| Ref Name | Used |
+----------+------+


11. Instantiated Netlists
-------------------------

+------------------------------------+------+
|              Ref Name              | Used |
+------------------------------------+------+
| design_1_zynq_ultra_ps_e_0_0       |    1 |
| design_1_xbar_1                    |    1 |
| design_1_xbar_0                    |    1 |
| design_1_v_gamma_lut_1_0           |    1 |
| design_1_v_gamma_lut_0_0           |    1 |
| design_1_v_demosaic_1_0            |    1 |
| design_1_v_demosaic_0_0            |    1 |
| design_1_proc_sys_reset_150M_0     |    1 |
| design_1_mipi_csi2_rx_subsyst_1_0  |    1 |
| design_1_mipi_csi2_rx_subsyst_0_0  |    1 |
| design_1_axis_subset_converter_1_0 |    1 |
| design_1_axis_subset_converter_0_0 |    1 |
| design_1_axi_vdma_1_0              |    1 |
| design_1_axi_vdma_0_0              |    1 |
| design_1_auto_us_1                 |    1 |
| design_1_auto_us_0                 |    1 |
| design_1_auto_pc_0                 |    1 |
| bd_d10d_xbar_0                     |    1 |
| bd_d10d_vfb_0_0                    |    1 |
| bd_d10d_rx_0                       |    1 |
| bd_d10d_r_sync_0                   |    1 |
| bd_d10d_phy_0                      |    1 |
| bd_115c_xbar_0                     |    1 |
| bd_115c_vfb_0_0                    |    1 |
| bd_115c_rx_0                       |    1 |
| bd_115c_r_sync_0                   |    1 |
| bd_115c_phy_0                      |    1 |
+------------------------------------+------+


