
*** Running vivado
    with args -log design_1_ad9238_sample_1_0.vds -m64 -product Vivado -mode batch -messageDb vivado.pb -notrace -source design_1_ad9238_sample_1_0.tcl



****** Vivado v2020.1_AR75389_AR75502_AR75334 (64-bit)
  **** SW Build 2902540 on Wed May 27 19:54:49 MDT 2020
  **** IP Build 2902112 on Wed May 27 22:43:36 MDT 2020
    ** Copyright 1986-2020 Xilinx, Inc. All Rights Reserved.

source design_1_ad9238_sample_1_0.tcl -notrace
INFO: [IP_Flow 19-234] Refreshing IP repositories
INFO: [IP_Flow 19-1700] Loaded user IP repository 'e:/XilinxPrj/AXU2CG/course_64b/course_s2/22_ad9238_sg_dma_dp/vivado/repo'.
WARNING: [IP_Flow 19-1694] Ignoring duplicate Bus Definition IP file 'xilinx.com:display_pcie4:pcie4_gt_if:1.0' found within IP repository 'E:/XilinxVitis/Vivado/2020.1/patches/AR75334/vivado/data/ip'.
File in use: e:/XilinxVitis/Vivado/2020.1/patches/AR75334/vivado/data/ip/xilinx/pcie4c_uscale_plus_v1_0/interfaces/pcie4_gt_if.xml
File ignored: e:/XilinxVitis/Vivado/2020.1/patches/AR75334/vivado/data/ip/xilinx/xdma_v4_1/interfaces/pcie4_gt_if.xml
WARNING: [IP_Flow 19-1694] Ignoring duplicate Bus Abstraction IP file 'xilinx.com:display_pcie4:pcie4_gt_if_rtl:1.0' found within IP repository 'E:/XilinxVitis/Vivado/2020.1/patches/AR75334/vivado/data/ip'.
File in use: e:/XilinxVitis/Vivado/2020.1/patches/AR75334/vivado/data/ip/xilinx/pcie4c_uscale_plus_v1_0/interfaces/pcie4_gt_if_rtl.xml
File ignored: e:/XilinxVitis/Vivado/2020.1/patches/AR75334/vivado/data/ip/xilinx/xdma_v4_1/interfaces/pcie4_gt_if_rtl.xml
INFO: [IP_Flow 19-2313] Loaded Vivado IP repository 'E:/XilinxVitis/Vivado/2020.1/patches/AR75334/vivado/data/ip'.
INFO: [IP_Flow 19-2313] Loaded Vivado IP repository 'E:/XilinxVitis/Vivado/2020.1/data/ip'.
WARNING: [IP_Flow 19-4830] Duplicate Interface found for 'xilinx.com:display_pcie4c_uscaleplus:ext_gtcom:1.0'. The one found in location 'e:/XilinxVitis/Vivado/2020.1/patches/AR75334/vivado/data/ip/xilinx/pcie4c_uscale_plus_v1_0/interfaces/pcie4c_usp_ext_gtcom.xml' will take precedence over the same Interface in location 'e:/XilinxVitis/Vivado/2020.1/data/ip/xilinx/pcie4c_uscale_plus_v1_0/interfaces/pcie4c_usp_ext_gtcom.xml'
WARNING: [IP_Flow 19-4830] Duplicate Interface found for 'xilinx.com:display_pcie4c_uscaleplus:int_gtcom:1.0'. The one found in location 'e:/XilinxVitis/Vivado/2020.1/patches/AR75334/vivado/data/ip/xilinx/pcie4c_uscale_plus_v1_0/interfaces/pcie4c_usp_int_gtcom.xml' will take precedence over the same Interface in location 'e:/XilinxVitis/Vivado/2020.1/data/ip/xilinx/pcie4c_uscale_plus_v1_0/interfaces/pcie4c_usp_int_gtcom.xml'
WARNING: [IP_Flow 19-4830] Duplicate Interface found for 'xilinx.com:display_pcie4:pcie4_cfg_control:1.0'. The one found in location 'e:/XilinxVitis/Vivado/2020.1/patches/AR75334/vivado/data/ip/xilinx/pcie4c_uscale_plus_v1_0/interfaces/pcie4_cfg_control.xml' will take precedence over the same Interface in location 'e:/XilinxVitis/Vivado/2020.1/data/ip/xilinx/pcie4_uscale_plus_v1_3/interfaces/pcie4_cfg_control.xml'
WARNING: [IP_Flow 19-4830] Duplicate Interface found for 'xilinx.com:display_pcie4:pcie4_cfg_external_msix:1.0'. The one found in location 'e:/XilinxVitis/Vivado/2020.1/patches/AR75334/vivado/data/ip/xilinx/pcie4c_uscale_plus_v1_0/interfaces/pcie4_cfg_ext_msix.xml' will take precedence over the same Interface in location 'e:/XilinxVitis/Vivado/2020.1/data/ip/xilinx/pcie4_uscale_plus_v1_3/interfaces/pcie4_cfg_ext_msix.xml'
WARNING: [IP_Flow 19-4830] Duplicate Interface found for 'xilinx.com:display_pcie4:pcie4_cfg_mgmt:1.0'. The one found in location 'e:/XilinxVitis/Vivado/2020.1/patches/AR75334/vivado/data/ip/xilinx/pcie4c_uscale_plus_v1_0/interfaces/pcie4_cfg_mgmt.xml' will take precedence over the same Interface in location 'e:/XilinxVitis/Vivado/2020.1/data/ip/xilinx/pcie4_uscale_plus_v1_3/interfaces/pcie4_cfg_mgmt.xml'
WARNING: [IP_Flow 19-4830] Duplicate Interface found for 'xilinx.com:display_pcie4:pcie4_cfg_msix_external:1.0'. The one found in location 'e:/XilinxVitis/Vivado/2020.1/patches/AR75334/vivado/data/ip/xilinx/pcie4c_uscale_plus_v1_0/interfaces/pcie4_cfg_msix.xml' will take precedence over the same Interface in location 'e:/XilinxVitis/Vivado/2020.1/data/ip/xilinx/pcie4_uscale_plus_v1_3/interfaces/pcie4_cfg_msix.xml'
WARNING: [IP_Flow 19-4830] Duplicate Interface found for 'xilinx.com:display_pcie4:pcie4_cfg_msix_internal:1.0'. The one found in location 'e:/XilinxVitis/Vivado/2020.1/patches/AR75334/vivado/data/ip/xilinx/pcie4c_uscale_plus_v1_0/interfaces/pcie4_cfg_msix_int.xml' will take precedence over the same Interface in location 'e:/XilinxVitis/Vivado/2020.1/data/ip/xilinx/pcie4_uscale_plus_v1_3/interfaces/pcie4_cfg_msix_int.xml'
WARNING: [IP_Flow 19-4830] Duplicate Interface found for 'xilinx.com:display_pcie4:pcie4_cfg_pm:1.0'. The one found in location 'e:/XilinxVitis/Vivado/2020.1/patches/AR75334/vivado/data/ip/xilinx/pcie4c_uscale_plus_v1_0/interfaces/pcie4_cfg_pm.xml' will take precedence over the same Interface in location 'e:/XilinxVitis/Vivado/2020.1/data/ip/xilinx/pcie4_uscale_plus_v1_3/interfaces/pcie4_cfg_pm.xml'
WARNING: [IP_Flow 19-4830] Duplicate Interface found for 'xilinx.com:display_pcie4:pcie4_cfg_status:1.0'. The one found in location 'e:/XilinxVitis/Vivado/2020.1/patches/AR75334/vivado/data/ip/xilinx/pcie4c_uscale_plus_v1_0/interfaces/pcie4_cfg_status.xml' will take precedence over the same Interface in location 'e:/XilinxVitis/Vivado/2020.1/data/ip/xilinx/pcie4_uscale_plus_v1_3/interfaces/pcie4_cfg_status.xml'
WARNING: [IP_Flow 19-4830] Duplicate Interface found for 'xilinx.com:display_pcie4:pcie4_drp:1.0'. The one found in location 'e:/XilinxVitis/Vivado/2020.1/patches/AR75334/vivado/data/ip/xilinx/pcie4c_uscale_plus_v1_0/interfaces/pcie4_drp.xml' will take precedence over the same Interface in location 'e:/XilinxVitis/Vivado/2020.1/data/ip/xilinx/pcie4_uscale_plus_v1_3/interfaces/pcie4_drp.xml'
WARNING: [IP_Flow 19-4830] Duplicate Interface found for 'xilinx.com:display_pcie4:pcie4_gt_if:1.0'. The one found in location 'e:/XilinxVitis/Vivado/2020.1/patches/AR75334/vivado/data/ip/xilinx/pcie4c_uscale_plus_v1_0/interfaces/pcie4_gt_if.xml' will take precedence over the same Interface in location 'e:/XilinxVitis/Vivado/2020.1/data/ip/xilinx/pcie4_uscale_plus_v1_3/interfaces/pcie4_gt_if.xml'
WARNING: [IP_Flow 19-4830] Duplicate Interface found for 'xilinx.com:display_pcie4:pcie4_pcie_id:1.0'. The one found in location 'e:/XilinxVitis/Vivado/2020.1/patches/AR75334/vivado/data/ip/xilinx/pcie4c_uscale_plus_v1_0/interfaces/pcie4_pcie_id.xml' will take precedence over the same Interface in location 'e:/XilinxVitis/Vivado/2020.1/data/ip/xilinx/pcie4_uscale_plus_v1_3/interfaces/pcie4_pcie_id.xml'
WARNING: [IP_Flow 19-4830] Duplicate Interface found for 'xilinx.com:display_pcie4:pcie4_pl:1.0'. The one found in location 'e:/XilinxVitis/Vivado/2020.1/patches/AR75334/vivado/data/ip/xilinx/pcie4c_uscale_plus_v1_0/interfaces/pcie4_pl.xml' will take precedence over the same Interface in location 'e:/XilinxVitis/Vivado/2020.1/data/ip/xilinx/pcie4_uscale_plus_v1_3/interfaces/pcie4_pl.xml'
WARNING: [IP_Flow 19-4830] Duplicate Interface found for 'xilinx.com:display_pcie4:pcie4_rbar:1.0'. The one found in location 'e:/XilinxVitis/Vivado/2020.1/patches/AR75334/vivado/data/ip/xilinx/pcie4c_uscale_plus_v1_0/interfaces/pcie4_rbar.xml' will take precedence over the same Interface in location 'e:/XilinxVitis/Vivado/2020.1/data/ip/xilinx/pcie4_uscale_plus_v1_3/interfaces/pcie4_rbar.xml'
WARNING: [IP_Flow 19-4830] Duplicate Interface found for 'xilinx.com:display_pcie4c_uscaleplus:transceiver_debug:1.0'. The one found in location 'e:/XilinxVitis/Vivado/2020.1/patches/AR75334/vivado/data/ip/xilinx/pcie4c_uscale_plus_v1_0/interfaces/transceiver_debug.xml' will take precedence over the same Interface in location 'e:/XilinxVitis/Vivado/2020.1/data/ip/xilinx/pcie4c_uscale_plus_v1_0/interfaces/transceiver_debug.xml'
WARNING: [IP_Flow 19-4830] Duplicate Interface found for 'xilinx.com:display_xdma:dsc_bypass:1.0'. The one found in location 'e:/XilinxVitis/Vivado/2020.1/patches/AR75334/vivado/data/ip/xilinx/xdma_v4_1/interfaces/dsc_bypass.xml' will take precedence over the same Interface in location 'e:/XilinxVitis/Vivado/2020.1/data/ip/xilinx/nvme_tc_v1_0/interfaces/dsc_bypass.xml'
WARNING: [IP_Flow 19-4830] Duplicate Interface found for 'xilinx.com:display_xdma:pcie3_7x_transceiver_debug:1.0'. The one found in location 'e:/XilinxVitis/Vivado/2020.1/patches/AR75334/vivado/data/ip/xilinx/xdma_v4_1/interfaces/pcie3_7x_transceiver_debug.xml' will take precedence over the same Interface in location 'e:/XilinxVitis/Vivado/2020.1/data/ip/xilinx/qdma_v3_1/interfaces/pcie3_7x_transceiver_debug.xml'
WARNING: [IP_Flow 19-4830] Duplicate Interface found for 'xilinx.com:display_xdma:ext_shared_logic:1.0'. The one found in location 'e:/XilinxVitis/Vivado/2020.1/patches/AR75334/vivado/data/ip/xilinx/xdma_v4_1/interfaces/pcie3_us_ext_shared_logic.xml' will take precedence over the same Interface in location 'e:/XilinxVitis/Vivado/2020.1/data/ip/xilinx/xdma_v4_1/interfaces/pcie3_us_ext_shared_logic.xml'
WARNING: [IP_Flow 19-4830] Duplicate Interface found for 'xilinx.com:display_pcie3_ultrascale:pcie3_us_gt_if:1.0'. The one found in location 'e:/XilinxVitis/Vivado/2020.1/patches/AR75334/vivado/data/ip/xilinx/xdma_v4_1/interfaces/pcie3_us_gt_if.xml' will take precedence over the same Interface in location 'e:/XilinxVitis/Vivado/2020.1/data/ip/xilinx/pcie3_ultrascale_v4_4/interfaces/pcie3_us_gt_if.xml'
WARNING: [IP_Flow 19-4830] Duplicate Interface found for 'xilinx.com:display_xdma:int_shared_logic:1.0'. The one found in location 'e:/XilinxVitis/Vivado/2020.1/patches/AR75334/vivado/data/ip/xilinx/xdma_v4_1/interfaces/pcie3_us_int_shared_logic.xml' will take precedence over the same Interface in location 'e:/XilinxVitis/Vivado/2020.1/data/ip/xilinx/qdma_v3_1/interfaces/pcie3_us_int_shared_logic.xml'
WARNING: [IP_Flow 19-4830] Duplicate Interface found for 'xilinx.com:display_xdma:pcie3_us_transceiver_debug:1.0'. The one found in location 'e:/XilinxVitis/Vivado/2020.1/patches/AR75334/vivado/data/ip/xilinx/xdma_v4_1/interfaces/pcie3_us_transceiver_debug.xml' will take precedence over the same Interface in location 'e:/XilinxVitis/Vivado/2020.1/data/ip/xilinx/qdma_v3_1/interfaces/pcie3_us_transceiver_debug.xml'
WARNING: [IP_Flow 19-4830] Duplicate Interface found for 'xilinx.com:display_pcie4_uscaleplus:ext_gtcom:1.0'. The one found in location 'e:/XilinxVitis/Vivado/2020.1/patches/AR75334/vivado/data/ip/xilinx/xdma_v4_1/interfaces/pcie4_usp_ext_gtcom.xml' will take precedence over the same Interface in location 'e:/XilinxVitis/Vivado/2020.1/data/ip/xilinx/pcie4_uscale_plus_v1_3/interfaces/pcie4_usp_ext_gtcom.xml'
WARNING: [IP_Flow 19-4830] Duplicate Interface found for 'xilinx.com:display_pcie4_uscaleplus:int_gtcom:1.0'. The one found in location 'e:/XilinxVitis/Vivado/2020.1/patches/AR75334/vivado/data/ip/xilinx/xdma_v4_1/interfaces/pcie4_usp_int_gtcom.xml' will take precedence over the same Interface in location 'e:/XilinxVitis/Vivado/2020.1/data/ip/xilinx/pcie4_uscale_plus_v1_3/interfaces/pcie4_usp_int_gtcom.xml'
WARNING: [IP_Flow 19-4830] Duplicate Interface found for 'xilinx.com:display_xdma:pcie4_us_plus_transceiver_debug:1.0'. The one found in location 'e:/XilinxVitis/Vivado/2020.1/patches/AR75334/vivado/data/ip/xilinx/xdma_v4_1/interfaces/pcie4_us_plus_transceiver_debug.xml' will take precedence over the same Interface in location 'e:/XilinxVitis/Vivado/2020.1/data/ip/xilinx/qdma_v3_1/interfaces/pcie4_us_plus_transceiver_debug.xml'
WARNING: [IP_Flow 19-4830] Duplicate Interface found for 'xilinx.com:display_xdma:pcie_cfg_external_msix:1.0'. The one found in location 'e:/XilinxVitis/Vivado/2020.1/patches/AR75334/vivado/data/ip/xilinx/xdma_v4_1/interfaces/pcie_cfg_ext_msix.xml' will take precedence over the same Interface in location 'e:/XilinxVitis/Vivado/2020.1/data/ip/xilinx/xdma_v4_1/interfaces/pcie_cfg_ext_msix.xml'
WARNING: [IP_Flow 19-4830] Duplicate Interface found for 'xilinx.com:display_xdma:pcie_debug:1.0'. The one found in location 'e:/XilinxVitis/Vivado/2020.1/patches/AR75334/vivado/data/ip/xilinx/xdma_v4_1/interfaces/pcie_debug.xml' will take precedence over the same Interface in location 'e:/XilinxVitis/Vivado/2020.1/data/ip/xilinx/qdma_v4_0/interfaces/pcie_debug.xml'
WARNING: [IP_Flow 19-4830] Duplicate Interface found for 'xilinx.com:display_qdma:usr_flr:1.0'. The one found in location 'e:/XilinxVitis/Vivado/2020.1/patches/AR75334/vivado/data/ip/xilinx/xdma_v4_1/interfaces/usr_flr.xml' will take precedence over the same Interface in location 'e:/XilinxVitis/Vivado/2020.1/data/ip/xilinx/nvme_tc_v1_0/interfaces/usr_flr.xml'
WARNING: [IP_Flow 19-4830] Duplicate Interface found for 'xilinx.com:display_xdma:xdma_debug_ports:1.0'. The one found in location 'e:/XilinxVitis/Vivado/2020.1/patches/AR75334/vivado/data/ip/xilinx/xdma_v4_1/interfaces/xdma_debug_ports.xml' will take precedence over the same Interface in location 'e:/XilinxVitis/Vivado/2020.1/data/ip/xilinx/qdma_v3_1/interfaces/xdma_debug_ports.xml'
WARNING: [IP_Flow 19-4830] Duplicate Interface found for 'xilinx.com:display_xdma:xdma_status_ports:1.0'. The one found in location 'e:/XilinxVitis/Vivado/2020.1/patches/AR75334/vivado/data/ip/xilinx/xdma_v4_1/interfaces/xdma_status_ports.xml' will take precedence over the same Interface in location 'e:/XilinxVitis/Vivado/2020.1/data/ip/xilinx/qdma_v3_1/interfaces/xdma_status_ports.xml'
WARNING: [IP_Flow 19-4995] The host OS only allows 260 characters in a normal path. The IP cache path is more than 80 characters. If you experience issues with IP caching, please consider changing the IP cache to a location with a shorter path. Alternately consider using the OS subst command to map part of the path to a drive letter. 
Current IP cache path is e:/XilinxPrj/AXU2CG/course_64b/course_s2/22_ad9238_sg_dma_dp/vivado/ad9238_dma_dp.cache/ip 
INFO: [IP_Flow 19-4838] Using cached IP synthesis design for IP design_1_ad9238_sample_1_0, cache-ID = 9181abed4d5a20c2.
INFO: [Common 17-206] Exiting Vivado at Thu May 19 10:50:22 2022...
