
*** Running vivado
    with args -log design_1_wrapper.vds -m64 -product Vivado -mode batch -messageDb vivado.pb -notrace -source design_1_wrapper.tcl



****** Vivado v2020.1 (64-bit)
  **** SW Build 2902540 on Wed May 27 19:54:49 MDT 2020
  **** IP Build 2902112 on Wed May 27 22:43:36 MDT 2020
    ** Copyright 1986-2020 Xilinx, Inc. All Rights Reserved.

source design_1_wrapper.tcl -notrace
INFO: [IP_Flow 19-234] Refreshing IP repositories
INFO: [IP_Flow 19-1700] Loaded user IP repository 'e:/XilinxPrj/AXU2CG/course_64b/course_s2/22_ad7606_sg_dma_dp/vivado/ip_repo'.
INFO: [IP_Flow 19-2313] Loaded Vivado IP repository 'E:/XilinxVitis/Vivado/2020.1/data/ip'.
WARNING: [IP_Flow 19-4995] The host OS only allows 260 characters in a normal path. The IP cache path is more than 80 characters. If you experience issues with IP caching, please consider changing the IP cache to a location with a shorter path. Alternately consider using the OS subst command to map part of the path to a drive letter. 
Current IP cache path is e:/XilinxPrj/AXU2CG/course_64b/course_s2/22_ad7606_sg_dma_dp/vivado/dma_ad.cache/ip 
Command: synth_design -top design_1_wrapper -part xczu2cg-sfvc784-1-i
Starting synth_design
Attempting to get a license for feature 'Synthesis' and/or device 'xczu2cg'
INFO: [Common 17-349] Got license for feature 'Synthesis' and/or device 'xczu2cg'
INFO: [Device 21-403] Loading part xczu2cg-sfvc784-1-i
INFO: [Synth 8-7079] Multithreading enabled for synth_design using a maximum of 2 processes.
INFO: [Synth 8-7078] Launching helper process for spawning children vivado processes
INFO: [Synth 8-7075] Helper process launched with PID 4856
---------------------------------------------------------------------------------
Starting RTL Elaboration : Time (s): cpu = 00:00:04 ; elapsed = 00:00:04 . Memory (MB): peak = 1488.781 ; gain = 75.176
---------------------------------------------------------------------------------
INFO: [Synth 8-6157] synthesizing module 'design_1_wrapper' [E:/XilinxPrj/AXU2CG/course_64b/course_s2/22_ad7606_sg_dma_dp/vivado/dma_ad.srcs/sources_1/bd/design_1/hdl/design_1_wrapper.v:12]
INFO: [Synth 8-6157] synthesizing module 'design_1' [E:/XilinxPrj/AXU2CG/course_64b/course_s2/22_ad7606_sg_dma_dp/vivado/dma_ad.srcs/sources_1/bd/design_1/synth/design_1.v:13]
INFO: [Synth 8-6157] synthesizing module 'design_1_ad7606_sample_0_0' [E:/XilinxPrj/AXU2CG/course_64b/course_s2/22_ad7606_sg_dma_dp/vivado/dma_ad.runs/synth_1/.Xil/Vivado-13008-DESKTOP-0FF260C/realtime/design_1_ad7606_sample_0_0_stub.v:6]
INFO: [Synth 8-6155] done synthesizing module 'design_1_ad7606_sample_0_0' (1#1) [E:/XilinxPrj/AXU2CG/course_64b/course_s2/22_ad7606_sg_dma_dp/vivado/dma_ad.runs/synth_1/.Xil/Vivado-13008-DESKTOP-0FF260C/realtime/design_1_ad7606_sample_0_0_stub.v:6]
INFO: [Synth 8-6157] synthesizing module 'design_1_axi_dma_0_0' [E:/XilinxPrj/AXU2CG/course_64b/course_s2/22_ad7606_sg_dma_dp/vivado/dma_ad.runs/synth_1/.Xil/Vivado-13008-DESKTOP-0FF260C/realtime/design_1_axi_dma_0_0_stub.v:6]
INFO: [Synth 8-6155] done synthesizing module 'design_1_axi_dma_0_0' (2#1) [E:/XilinxPrj/AXU2CG/course_64b/course_s2/22_ad7606_sg_dma_dp/vivado/dma_ad.runs/synth_1/.Xil/Vivado-13008-DESKTOP-0FF260C/realtime/design_1_axi_dma_0_0_stub.v:6]
WARNING: [Synth 8-7071] port 's2mm_prmry_reset_out_n' of module 'design_1_axi_dma_0_0' is unconnected for instance 'axi_dma_0' [E:/XilinxPrj/AXU2CG/course_64b/course_s2/22_ad7606_sg_dma_dp/vivado/dma_ad.srcs/sources_1/bd/design_1/synth/design_1.v:258]
WARNING: [Synth 8-7071] port 'axi_dma_tstvec' of module 'design_1_axi_dma_0_0' is unconnected for instance 'axi_dma_0' [E:/XilinxPrj/AXU2CG/course_64b/course_s2/22_ad7606_sg_dma_dp/vivado/dma_ad.srcs/sources_1/bd/design_1/synth/design_1.v:258]
WARNING: [Synth 8-7023] instance 'axi_dma_0' of module 'design_1_axi_dma_0_0' has 73 connections declared, but only 71 given [E:/XilinxPrj/AXU2CG/course_64b/course_s2/22_ad7606_sg_dma_dp/vivado/dma_ad.srcs/sources_1/bd/design_1/synth/design_1.v:258]
INFO: [Synth 8-6157] synthesizing module 'design_1_axi_interconnect_0_0' [E:/XilinxPrj/AXU2CG/course_64b/course_s2/22_ad7606_sg_dma_dp/vivado/dma_ad.srcs/sources_1/bd/design_1/synth/design_1.v:615]
INFO: [Synth 8-6157] synthesizing module 'm00_couplers_imp_1CA5Z32' [E:/XilinxPrj/AXU2CG/course_64b/course_s2/22_ad7606_sg_dma_dp/vivado/dma_ad.srcs/sources_1/bd/design_1/synth/design_1.v:1894]
INFO: [Synth 8-6155] done synthesizing module 'm00_couplers_imp_1CA5Z32' (3#1) [E:/XilinxPrj/AXU2CG/course_64b/course_s2/22_ad7606_sg_dma_dp/vivado/dma_ad.srcs/sources_1/bd/design_1/synth/design_1.v:1894]
INFO: [Synth 8-6157] synthesizing module 's00_couplers_imp_O7FAN0' [E:/XilinxPrj/AXU2CG/course_64b/course_s2/22_ad7606_sg_dma_dp/vivado/dma_ad.srcs/sources_1/bd/design_1/synth/design_1.v:2739]
INFO: [Synth 8-6157] synthesizing module 'design_1_auto_us_0' [E:/XilinxPrj/AXU2CG/course_64b/course_s2/22_ad7606_sg_dma_dp/vivado/dma_ad.runs/synth_1/.Xil/Vivado-13008-DESKTOP-0FF260C/realtime/design_1_auto_us_0_stub.v:6]
INFO: [Synth 8-6155] done synthesizing module 'design_1_auto_us_0' (4#1) [E:/XilinxPrj/AXU2CG/course_64b/course_s2/22_ad7606_sg_dma_dp/vivado/dma_ad.runs/synth_1/.Xil/Vivado-13008-DESKTOP-0FF260C/realtime/design_1_auto_us_0_stub.v:6]
WARNING: [Synth 8-7071] port 'm_axi_awregion' of module 'design_1_auto_us_0' is unconnected for instance 'auto_us' [E:/XilinxPrj/AXU2CG/course_64b/course_s2/22_ad7606_sg_dma_dp/vivado/dma_ad.srcs/sources_1/bd/design_1/synth/design_1.v:2890]
WARNING: [Synth 8-7023] instance 'auto_us' of module 'design_1_auto_us_0' has 40 connections declared, but only 39 given [E:/XilinxPrj/AXU2CG/course_64b/course_s2/22_ad7606_sg_dma_dp/vivado/dma_ad.srcs/sources_1/bd/design_1/synth/design_1.v:2890]
INFO: [Synth 8-6155] done synthesizing module 's00_couplers_imp_O7FAN0' (5#1) [E:/XilinxPrj/AXU2CG/course_64b/course_s2/22_ad7606_sg_dma_dp/vivado/dma_ad.srcs/sources_1/bd/design_1/synth/design_1.v:2739]
INFO: [Synth 8-6157] synthesizing module 's01_couplers_imp_1F69D31' [E:/XilinxPrj/AXU2CG/course_64b/course_s2/22_ad7606_sg_dma_dp/vivado/dma_ad.srcs/sources_1/bd/design_1/synth/design_1.v:2932]
INFO: [Synth 8-6157] synthesizing module 'design_1_auto_us_1' [E:/XilinxPrj/AXU2CG/course_64b/course_s2/22_ad7606_sg_dma_dp/vivado/dma_ad.runs/synth_1/.Xil/Vivado-13008-DESKTOP-0FF260C/realtime/design_1_auto_us_1_stub.v:6]
INFO: [Synth 8-6155] done synthesizing module 'design_1_auto_us_1' (6#1) [E:/XilinxPrj/AXU2CG/course_64b/course_s2/22_ad7606_sg_dma_dp/vivado/dma_ad.runs/synth_1/.Xil/Vivado-13008-DESKTOP-0FF260C/realtime/design_1_auto_us_1_stub.v:6]
WARNING: [Synth 8-7071] port 'm_axi_awregion' of module 'design_1_auto_us_1' is unconnected for instance 'auto_us' [E:/XilinxPrj/AXU2CG/course_64b/course_s2/22_ad7606_sg_dma_dp/vivado/dma_ad.srcs/sources_1/bd/design_1/synth/design_1.v:3195]
WARNING: [Synth 8-7071] port 'm_axi_arregion' of module 'design_1_auto_us_1' is unconnected for instance 'auto_us' [E:/XilinxPrj/AXU2CG/course_64b/course_s2/22_ad7606_sg_dma_dp/vivado/dma_ad.srcs/sources_1/bd/design_1/synth/design_1.v:3195]
WARNING: [Synth 8-7023] instance 'auto_us' of module 'design_1_auto_us_1' has 72 connections declared, but only 70 given [E:/XilinxPrj/AXU2CG/course_64b/course_s2/22_ad7606_sg_dma_dp/vivado/dma_ad.srcs/sources_1/bd/design_1/synth/design_1.v:3195]
INFO: [Synth 8-6155] done synthesizing module 's01_couplers_imp_1F69D31' (7#1) [E:/XilinxPrj/AXU2CG/course_64b/course_s2/22_ad7606_sg_dma_dp/vivado/dma_ad.srcs/sources_1/bd/design_1/synth/design_1.v:2932]
INFO: [Synth 8-6157] synthesizing module 'design_1_xbar_0' [E:/XilinxPrj/AXU2CG/course_64b/course_s2/22_ad7606_sg_dma_dp/vivado/dma_ad.runs/synth_1/.Xil/Vivado-13008-DESKTOP-0FF260C/realtime/design_1_xbar_0_stub.v:6]
INFO: [Synth 8-6155] done synthesizing module 'design_1_xbar_0' (8#1) [E:/XilinxPrj/AXU2CG/course_64b/course_s2/22_ad7606_sg_dma_dp/vivado/dma_ad.runs/synth_1/.Xil/Vivado-13008-DESKTOP-0FF260C/realtime/design_1_xbar_0_stub.v:6]
WARNING: [Synth 8-7071] port 's_axi_bid' of module 'design_1_xbar_0' is unconnected for instance 'xbar' [E:/XilinxPrj/AXU2CG/course_64b/course_s2/22_ad7606_sg_dma_dp/vivado/dma_ad.srcs/sources_1/bd/design_1/synth/design_1.v:1256]
WARNING: [Synth 8-7071] port 's_axi_rid' of module 'design_1_xbar_0' is unconnected for instance 'xbar' [E:/XilinxPrj/AXU2CG/course_64b/course_s2/22_ad7606_sg_dma_dp/vivado/dma_ad.srcs/sources_1/bd/design_1/synth/design_1.v:1256]
WARNING: [Synth 8-7071] port 'm_axi_awregion' of module 'design_1_xbar_0' is unconnected for instance 'xbar' [E:/XilinxPrj/AXU2CG/course_64b/course_s2/22_ad7606_sg_dma_dp/vivado/dma_ad.srcs/sources_1/bd/design_1/synth/design_1.v:1256]
WARNING: [Synth 8-7071] port 'm_axi_arregion' of module 'design_1_xbar_0' is unconnected for instance 'xbar' [E:/XilinxPrj/AXU2CG/course_64b/course_s2/22_ad7606_sg_dma_dp/vivado/dma_ad.srcs/sources_1/bd/design_1/synth/design_1.v:1256]
WARNING: [Synth 8-7023] instance 'xbar' of module 'design_1_xbar_0' has 78 connections declared, but only 74 given [E:/XilinxPrj/AXU2CG/course_64b/course_s2/22_ad7606_sg_dma_dp/vivado/dma_ad.srcs/sources_1/bd/design_1/synth/design_1.v:1256]
INFO: [Synth 8-6155] done synthesizing module 'design_1_axi_interconnect_0_0' (9#1) [E:/XilinxPrj/AXU2CG/course_64b/course_s2/22_ad7606_sg_dma_dp/vivado/dma_ad.srcs/sources_1/bd/design_1/synth/design_1.v:615]
INFO: [Synth 8-6157] synthesizing module 'design_1_axis_register_slice_0_0' [E:/XilinxPrj/AXU2CG/course_64b/course_s2/22_ad7606_sg_dma_dp/vivado/dma_ad.runs/synth_1/.Xil/Vivado-13008-DESKTOP-0FF260C/realtime/design_1_axis_register_slice_0_0_stub.v:6]
INFO: [Synth 8-6155] done synthesizing module 'design_1_axis_register_slice_0_0' (10#1) [E:/XilinxPrj/AXU2CG/course_64b/course_s2/22_ad7606_sg_dma_dp/vivado/dma_ad.runs/synth_1/.Xil/Vivado-13008-DESKTOP-0FF260C/realtime/design_1_axis_register_slice_0_0_stub.v:6]
INFO: [Synth 8-6157] synthesizing module 'design_1_dac_50M_reset_0' [E:/XilinxPrj/AXU2CG/course_64b/course_s2/22_ad7606_sg_dma_dp/vivado/dma_ad.runs/synth_1/.Xil/Vivado-13008-DESKTOP-0FF260C/realtime/design_1_dac_50M_reset_0_stub.v:6]
INFO: [Synth 8-6155] done synthesizing module 'design_1_dac_50M_reset_0' (11#1) [E:/XilinxPrj/AXU2CG/course_64b/course_s2/22_ad7606_sg_dma_dp/vivado/dma_ad.runs/synth_1/.Xil/Vivado-13008-DESKTOP-0FF260C/realtime/design_1_dac_50M_reset_0_stub.v:6]
WARNING: [Synth 8-7071] port 'mb_reset' of module 'design_1_dac_50M_reset_0' is unconnected for instance 'dac_50M_reset' [E:/XilinxPrj/AXU2CG/course_64b/course_s2/22_ad7606_sg_dma_dp/vivado/dma_ad.srcs/sources_1/bd/design_1/synth/design_1.v:434]
WARNING: [Synth 8-7071] port 'bus_struct_reset' of module 'design_1_dac_50M_reset_0' is unconnected for instance 'dac_50M_reset' [E:/XilinxPrj/AXU2CG/course_64b/course_s2/22_ad7606_sg_dma_dp/vivado/dma_ad.srcs/sources_1/bd/design_1/synth/design_1.v:434]
WARNING: [Synth 8-7071] port 'peripheral_reset' of module 'design_1_dac_50M_reset_0' is unconnected for instance 'dac_50M_reset' [E:/XilinxPrj/AXU2CG/course_64b/course_s2/22_ad7606_sg_dma_dp/vivado/dma_ad.srcs/sources_1/bd/design_1/synth/design_1.v:434]
WARNING: [Synth 8-7071] port 'interconnect_aresetn' of module 'design_1_dac_50M_reset_0' is unconnected for instance 'dac_50M_reset' [E:/XilinxPrj/AXU2CG/course_64b/course_s2/22_ad7606_sg_dma_dp/vivado/dma_ad.srcs/sources_1/bd/design_1/synth/design_1.v:434]
WARNING: [Synth 8-7023] instance 'dac_50M_reset' of module 'design_1_dac_50M_reset_0' has 10 connections declared, but only 6 given [E:/XilinxPrj/AXU2CG/course_64b/course_s2/22_ad7606_sg_dma_dp/vivado/dma_ad.srcs/sources_1/bd/design_1/synth/design_1.v:434]
INFO: [Synth 8-6157] synthesizing module 'design_1_ps8_0_axi_periph_0' [E:/XilinxPrj/AXU2CG/course_64b/course_s2/22_ad7606_sg_dma_dp/vivado/dma_ad.srcs/sources_1/bd/design_1/synth/design_1.v:1333]
INFO: [Synth 8-6157] synthesizing module 'm00_couplers_imp_QJIMLI' [E:/XilinxPrj/AXU2CG/course_64b/course_s2/22_ad7606_sg_dma_dp/vivado/dma_ad.srcs/sources_1/bd/design_1/synth/design_1.v:2166]
INFO: [Synth 8-6155] done synthesizing module 'm00_couplers_imp_QJIMLI' (12#1) [E:/XilinxPrj/AXU2CG/course_64b/course_s2/22_ad7606_sg_dma_dp/vivado/dma_ad.srcs/sources_1/bd/design_1/synth/design_1.v:2166]
INFO: [Synth 8-6157] synthesizing module 'm01_couplers_imp_1D3SAH3' [E:/XilinxPrj/AXU2CG/course_64b/course_s2/22_ad7606_sg_dma_dp/vivado/dma_ad.srcs/sources_1/bd/design_1/synth/design_1.v:2312]
INFO: [Synth 8-6155] done synthesizing module 'm01_couplers_imp_1D3SAH3' (13#1) [E:/XilinxPrj/AXU2CG/course_64b/course_s2/22_ad7606_sg_dma_dp/vivado/dma_ad.srcs/sources_1/bd/design_1/synth/design_1.v:2312]
INFO: [Synth 8-6157] synthesizing module 's00_couplers_imp_1A7ZMW4' [E:/XilinxPrj/AXU2CG/course_64b/course_s2/22_ad7606_sg_dma_dp/vivado/dma_ad.srcs/sources_1/bd/design_1/synth/design_1.v:2437]
INFO: [Synth 8-6157] synthesizing module 'design_1_auto_pc_0' [E:/XilinxPrj/AXU2CG/course_64b/course_s2/22_ad7606_sg_dma_dp/vivado/dma_ad.runs/synth_1/.Xil/Vivado-13008-DESKTOP-0FF260C/realtime/design_1_auto_pc_0_stub.v:6]
INFO: [Synth 8-6155] done synthesizing module 'design_1_auto_pc_0' (14#1) [E:/XilinxPrj/AXU2CG/course_64b/course_s2/22_ad7606_sg_dma_dp/vivado/dma_ad.runs/synth_1/.Xil/Vivado-13008-DESKTOP-0FF260C/realtime/design_1_auto_pc_0_stub.v:6]
INFO: [Synth 8-6155] done synthesizing module 's00_couplers_imp_1A7ZMW4' (15#1) [E:/XilinxPrj/AXU2CG/course_64b/course_s2/22_ad7606_sg_dma_dp/vivado/dma_ad.srcs/sources_1/bd/design_1/synth/design_1.v:2437]
INFO: [Synth 8-6157] synthesizing module 'design_1_xbar_1' [E:/XilinxPrj/AXU2CG/course_64b/course_s2/22_ad7606_sg_dma_dp/vivado/dma_ad.runs/synth_1/.Xil/Vivado-13008-DESKTOP-0FF260C/realtime/design_1_xbar_1_stub.v:6]
INFO: [Synth 8-6155] done synthesizing module 'design_1_xbar_1' (16#1) [E:/XilinxPrj/AXU2CG/course_64b/course_s2/22_ad7606_sg_dma_dp/vivado/dma_ad.runs/synth_1/.Xil/Vivado-13008-DESKTOP-0FF260C/realtime/design_1_xbar_1_stub.v:6]
WARNING: [Synth 8-689] width (3) of port connection 'm_axi_arprot' does not match port width (6) of module 'design_1_xbar_1' [E:/XilinxPrj/AXU2CG/course_64b/course_s2/22_ad7606_sg_dma_dp/vivado/dma_ad.srcs/sources_1/bd/design_1/synth/design_1.v:1855]
WARNING: [Synth 8-689] width (3) of port connection 'm_axi_awprot' does not match port width (6) of module 'design_1_xbar_1' [E:/XilinxPrj/AXU2CG/course_64b/course_s2/22_ad7606_sg_dma_dp/vivado/dma_ad.srcs/sources_1/bd/design_1/synth/design_1.v:1859]
WARNING: [Synth 8-689] width (4) of port connection 'm_axi_wstrb' does not match port width (8) of module 'design_1_xbar_1' [E:/XilinxPrj/AXU2CG/course_64b/course_s2/22_ad7606_sg_dma_dp/vivado/dma_ad.srcs/sources_1/bd/design_1/synth/design_1.v:1871]
INFO: [Synth 8-6155] done synthesizing module 'design_1_ps8_0_axi_periph_0' (17#1) [E:/XilinxPrj/AXU2CG/course_64b/course_s2/22_ad7606_sg_dma_dp/vivado/dma_ad.srcs/sources_1/bd/design_1/synth/design_1.v:1333]
INFO: [Synth 8-6157] synthesizing module 'design_1_rst_ps8_0_149M_0' [E:/XilinxPrj/AXU2CG/course_64b/course_s2/22_ad7606_sg_dma_dp/vivado/dma_ad.runs/synth_1/.Xil/Vivado-13008-DESKTOP-0FF260C/realtime/design_1_rst_ps8_0_149M_0_stub.v:6]
INFO: [Synth 8-6155] done synthesizing module 'design_1_rst_ps8_0_149M_0' (18#1) [E:/XilinxPrj/AXU2CG/course_64b/course_s2/22_ad7606_sg_dma_dp/vivado/dma_ad.runs/synth_1/.Xil/Vivado-13008-DESKTOP-0FF260C/realtime/design_1_rst_ps8_0_149M_0_stub.v:6]
WARNING: [Synth 8-7071] port 'mb_reset' of module 'design_1_rst_ps8_0_149M_0' is unconnected for instance 'rst_ps8_0_149M' [E:/XilinxPrj/AXU2CG/course_64b/course_s2/22_ad7606_sg_dma_dp/vivado/dma_ad.srcs/sources_1/bd/design_1/synth/design_1.v:522]
WARNING: [Synth 8-7071] port 'bus_struct_reset' of module 'design_1_rst_ps8_0_149M_0' is unconnected for instance 'rst_ps8_0_149M' [E:/XilinxPrj/AXU2CG/course_64b/course_s2/22_ad7606_sg_dma_dp/vivado/dma_ad.srcs/sources_1/bd/design_1/synth/design_1.v:522]
WARNING: [Synth 8-7071] port 'peripheral_reset' of module 'design_1_rst_ps8_0_149M_0' is unconnected for instance 'rst_ps8_0_149M' [E:/XilinxPrj/AXU2CG/course_64b/course_s2/22_ad7606_sg_dma_dp/vivado/dma_ad.srcs/sources_1/bd/design_1/synth/design_1.v:522]
WARNING: [Synth 8-7023] instance 'rst_ps8_0_149M' of module 'design_1_rst_ps8_0_149M_0' has 10 connections declared, but only 7 given [E:/XilinxPrj/AXU2CG/course_64b/course_s2/22_ad7606_sg_dma_dp/vivado/dma_ad.srcs/sources_1/bd/design_1/synth/design_1.v:522]
INFO: [Synth 8-6157] synthesizing module 'design_1_zynq_ultra_ps_e_0_0' [E:/XilinxPrj/AXU2CG/course_64b/course_s2/22_ad7606_sg_dma_dp/vivado/dma_ad.runs/synth_1/.Xil/Vivado-13008-DESKTOP-0FF260C/realtime/design_1_zynq_ultra_ps_e_0_0_stub.v:6]
INFO: [Synth 8-6155] done synthesizing module 'design_1_zynq_ultra_ps_e_0_0' (19#1) [E:/XilinxPrj/AXU2CG/course_64b/course_s2/22_ad7606_sg_dma_dp/vivado/dma_ad.runs/synth_1/.Xil/Vivado-13008-DESKTOP-0FF260C/realtime/design_1_zynq_ultra_ps_e_0_0_stub.v:6]
WARNING: [Synth 8-7071] port 'maxigp2_awuser' of module 'design_1_zynq_ultra_ps_e_0_0' is unconnected for instance 'zynq_ultra_ps_e_0' [E:/XilinxPrj/AXU2CG/course_64b/course_s2/22_ad7606_sg_dma_dp/vivado/dma_ad.srcs/sources_1/bd/design_1/synth/design_1.v:530]
WARNING: [Synth 8-7071] port 'maxigp2_aruser' of module 'design_1_zynq_ultra_ps_e_0_0' is unconnected for instance 'zynq_ultra_ps_e_0' [E:/XilinxPrj/AXU2CG/course_64b/course_s2/22_ad7606_sg_dma_dp/vivado/dma_ad.srcs/sources_1/bd/design_1/synth/design_1.v:530]
WARNING: [Synth 8-7023] instance 'zynq_ultra_ps_e_0' of module 'design_1_zynq_ultra_ps_e_0_0' has 84 connections declared, but only 82 given [E:/XilinxPrj/AXU2CG/course_64b/course_s2/22_ad7606_sg_dma_dp/vivado/dma_ad.srcs/sources_1/bd/design_1/synth/design_1.v:530]
INFO: [Synth 8-6155] done synthesizing module 'design_1' (20#1) [E:/XilinxPrj/AXU2CG/course_64b/course_s2/22_ad7606_sg_dma_dp/vivado/dma_ad.srcs/sources_1/bd/design_1/synth/design_1.v:13]
INFO: [Synth 8-6155] done synthesizing module 'design_1_wrapper' (21#1) [E:/XilinxPrj/AXU2CG/course_64b/course_s2/22_ad7606_sg_dma_dp/vivado/dma_ad.srcs/sources_1/bd/design_1/hdl/design_1_wrapper.v:12]
---------------------------------------------------------------------------------
Finished RTL Elaboration : Time (s): cpu = 00:00:04 ; elapsed = 00:00:05 . Memory (MB): peak = 1547.969 ; gain = 134.363
---------------------------------------------------------------------------------
---------------------------------------------------------------------------------
Start Handling Custom Attributes
---------------------------------------------------------------------------------
---------------------------------------------------------------------------------
Finished Handling Custom Attributes : Time (s): cpu = 00:00:05 ; elapsed = 00:00:05 . Memory (MB): peak = 1565.840 ; gain = 152.234
---------------------------------------------------------------------------------
---------------------------------------------------------------------------------
Finished RTL Optimization Phase 1 : Time (s): cpu = 00:00:05 ; elapsed = 00:00:05 . Memory (MB): peak = 1565.840 ; gain = 152.234
---------------------------------------------------------------------------------
Netlist sorting complete. Time (s): cpu = 00:00:00 ; elapsed = 00:00:00.048 . Memory (MB): peak = 1565.840 ; gain = 0.000
INFO: [Project 1-570] Preparing netlist for logic optimization

Processing XDC Constraints
Initializing timing engine
Parsing XDC File [e:/XilinxPrj/AXU2CG/course_64b/course_s2/22_ad7606_sg_dma_dp/vivado/dma_ad.srcs/sources_1/bd/design_1/ip/design_1_zynq_ultra_ps_e_0_0/design_1_zynq_ultra_ps_e_0_0/design_1_zynq_ultra_ps_e_0_0_in_context.xdc] for cell 'design_1_i/zynq_ultra_ps_e_0'
WARNING: [Vivado 12-584] No ports matched ''. [e:/XilinxPrj/AXU2CG/course_64b/course_s2/22_ad7606_sg_dma_dp/vivado/dma_ad.srcs/sources_1/bd/design_1/ip/design_1_zynq_ultra_ps_e_0_0/design_1_zynq_ultra_ps_e_0_0/design_1_zynq_ultra_ps_e_0_0_in_context.xdc:2]
WARNING: [Vivado 12-584] No ports matched ''. [e:/XilinxPrj/AXU2CG/course_64b/course_s2/22_ad7606_sg_dma_dp/vivado/dma_ad.srcs/sources_1/bd/design_1/ip/design_1_zynq_ultra_ps_e_0_0/design_1_zynq_ultra_ps_e_0_0/design_1_zynq_ultra_ps_e_0_0_in_context.xdc:4]
Finished Parsing XDC File [e:/XilinxPrj/AXU2CG/course_64b/course_s2/22_ad7606_sg_dma_dp/vivado/dma_ad.srcs/sources_1/bd/design_1/ip/design_1_zynq_ultra_ps_e_0_0/design_1_zynq_ultra_ps_e_0_0/design_1_zynq_ultra_ps_e_0_0_in_context.xdc] for cell 'design_1_i/zynq_ultra_ps_e_0'
Parsing XDC File [e:/XilinxPrj/AXU2CG/course_64b/course_s2/22_ad7606_sg_dma_dp/vivado/dma_ad.srcs/sources_1/bd/design_1/ip/design_1_ad7606_sample_0_0/design_1_ad7606_sample_0_0/design_1_ad7606_sample_0_0_in_context.xdc] for cell 'design_1_i/ad7606_sample_0'
Finished Parsing XDC File [e:/XilinxPrj/AXU2CG/course_64b/course_s2/22_ad7606_sg_dma_dp/vivado/dma_ad.srcs/sources_1/bd/design_1/ip/design_1_ad7606_sample_0_0/design_1_ad7606_sample_0_0/design_1_ad7606_sample_0_0_in_context.xdc] for cell 'design_1_i/ad7606_sample_0'
Parsing XDC File [e:/XilinxPrj/AXU2CG/course_64b/course_s2/22_ad7606_sg_dma_dp/vivado/dma_ad.srcs/sources_1/bd/design_1/ip/design_1_axi_dma_0_0/design_1_axi_dma_0_0/design_1_axi_dma_0_0_in_context.xdc] for cell 'design_1_i/axi_dma_0'
Finished Parsing XDC File [e:/XilinxPrj/AXU2CG/course_64b/course_s2/22_ad7606_sg_dma_dp/vivado/dma_ad.srcs/sources_1/bd/design_1/ip/design_1_axi_dma_0_0/design_1_axi_dma_0_0/design_1_axi_dma_0_0_in_context.xdc] for cell 'design_1_i/axi_dma_0'
Parsing XDC File [e:/XilinxPrj/AXU2CG/course_64b/course_s2/22_ad7606_sg_dma_dp/vivado/dma_ad.srcs/sources_1/bd/design_1/ip/design_1_xbar_0/design_1_xbar_0/design_1_xbar_0_in_context.xdc] for cell 'design_1_i/axi_interconnect_0/xbar'
Finished Parsing XDC File [e:/XilinxPrj/AXU2CG/course_64b/course_s2/22_ad7606_sg_dma_dp/vivado/dma_ad.srcs/sources_1/bd/design_1/ip/design_1_xbar_0/design_1_xbar_0/design_1_xbar_0_in_context.xdc] for cell 'design_1_i/axi_interconnect_0/xbar'
Parsing XDC File [e:/XilinxPrj/AXU2CG/course_64b/course_s2/22_ad7606_sg_dma_dp/vivado/dma_ad.srcs/sources_1/bd/design_1/ip/design_1_auto_us_0/design_1_auto_us_0/design_1_auto_us_0_in_context.xdc] for cell 'design_1_i/axi_interconnect_0/s00_couplers/auto_us'
Finished Parsing XDC File [e:/XilinxPrj/AXU2CG/course_64b/course_s2/22_ad7606_sg_dma_dp/vivado/dma_ad.srcs/sources_1/bd/design_1/ip/design_1_auto_us_0/design_1_auto_us_0/design_1_auto_us_0_in_context.xdc] for cell 'design_1_i/axi_interconnect_0/s00_couplers/auto_us'
Parsing XDC File [e:/XilinxPrj/AXU2CG/course_64b/course_s2/22_ad7606_sg_dma_dp/vivado/dma_ad.srcs/sources_1/bd/design_1/ip/design_1_auto_us_1/design_1_auto_us_1/design_1_auto_us_1_in_context.xdc] for cell 'design_1_i/axi_interconnect_0/s01_couplers/auto_us'
Finished Parsing XDC File [e:/XilinxPrj/AXU2CG/course_64b/course_s2/22_ad7606_sg_dma_dp/vivado/dma_ad.srcs/sources_1/bd/design_1/ip/design_1_auto_us_1/design_1_auto_us_1/design_1_auto_us_1_in_context.xdc] for cell 'design_1_i/axi_interconnect_0/s01_couplers/auto_us'
Parsing XDC File [e:/XilinxPrj/AXU2CG/course_64b/course_s2/22_ad7606_sg_dma_dp/vivado/dma_ad.srcs/sources_1/bd/design_1/ip/design_1_axis_register_slice_0_0/design_1_axis_register_slice_0_0/design_1_axis_register_slice_0_0_in_context.xdc] for cell 'design_1_i/axis_register_slice_0'
Finished Parsing XDC File [e:/XilinxPrj/AXU2CG/course_64b/course_s2/22_ad7606_sg_dma_dp/vivado/dma_ad.srcs/sources_1/bd/design_1/ip/design_1_axis_register_slice_0_0/design_1_axis_register_slice_0_0/design_1_axis_register_slice_0_0_in_context.xdc] for cell 'design_1_i/axis_register_slice_0'
Parsing XDC File [e:/XilinxPrj/AXU2CG/course_64b/course_s2/22_ad7606_sg_dma_dp/vivado/dma_ad.srcs/sources_1/bd/design_1/ip/design_1_dac_50M_reset_0/design_1_dac_50M_reset_0/design_1_dac_50M_reset_0_in_context.xdc] for cell 'design_1_i/dac_50M_reset'
Finished Parsing XDC File [e:/XilinxPrj/AXU2CG/course_64b/course_s2/22_ad7606_sg_dma_dp/vivado/dma_ad.srcs/sources_1/bd/design_1/ip/design_1_dac_50M_reset_0/design_1_dac_50M_reset_0/design_1_dac_50M_reset_0_in_context.xdc] for cell 'design_1_i/dac_50M_reset'
Parsing XDC File [e:/XilinxPrj/AXU2CG/course_64b/course_s2/22_ad7606_sg_dma_dp/vivado/dma_ad.srcs/sources_1/bd/design_1/ip/design_1_xbar_1/design_1_xbar_1/design_1_xbar_1_in_context.xdc] for cell 'design_1_i/ps8_0_axi_periph/xbar'
Finished Parsing XDC File [e:/XilinxPrj/AXU2CG/course_64b/course_s2/22_ad7606_sg_dma_dp/vivado/dma_ad.srcs/sources_1/bd/design_1/ip/design_1_xbar_1/design_1_xbar_1/design_1_xbar_1_in_context.xdc] for cell 'design_1_i/ps8_0_axi_periph/xbar'
Parsing XDC File [e:/XilinxPrj/AXU2CG/course_64b/course_s2/22_ad7606_sg_dma_dp/vivado/dma_ad.srcs/sources_1/bd/design_1/ip/design_1_auto_pc_0/design_1_auto_pc_0/design_1_auto_pc_0_in_context.xdc] for cell 'design_1_i/ps8_0_axi_periph/s00_couplers/auto_pc'
Finished Parsing XDC File [e:/XilinxPrj/AXU2CG/course_64b/course_s2/22_ad7606_sg_dma_dp/vivado/dma_ad.srcs/sources_1/bd/design_1/ip/design_1_auto_pc_0/design_1_auto_pc_0/design_1_auto_pc_0_in_context.xdc] for cell 'design_1_i/ps8_0_axi_periph/s00_couplers/auto_pc'
Parsing XDC File [e:/XilinxPrj/AXU2CG/course_64b/course_s2/22_ad7606_sg_dma_dp/vivado/dma_ad.srcs/sources_1/bd/design_1/ip/design_1_rst_ps8_0_149M_0/design_1_rst_ps8_0_149M_0/design_1_rst_ps8_0_149M_0_in_context.xdc] for cell 'design_1_i/rst_ps8_0_149M'
Finished Parsing XDC File [e:/XilinxPrj/AXU2CG/course_64b/course_s2/22_ad7606_sg_dma_dp/vivado/dma_ad.srcs/sources_1/bd/design_1/ip/design_1_rst_ps8_0_149M_0/design_1_rst_ps8_0_149M_0/design_1_rst_ps8_0_149M_0_in_context.xdc] for cell 'design_1_i/rst_ps8_0_149M'
Parsing XDC File [E:/XilinxPrj/AXU2CG/course_64b/course_s2/22_ad7606_sg_dma_dp/vivado/dma_ad.srcs/constrs_1/new/ad7606.xdc]
Finished Parsing XDC File [E:/XilinxPrj/AXU2CG/course_64b/course_s2/22_ad7606_sg_dma_dp/vivado/dma_ad.srcs/constrs_1/new/ad7606.xdc]
INFO: [Project 1-236] Implementation specific constraints were found while reading constraint file [E:/XilinxPrj/AXU2CG/course_64b/course_s2/22_ad7606_sg_dma_dp/vivado/dma_ad.srcs/constrs_1/new/ad7606.xdc]. These constraints will be ignored for synthesis but will be used in implementation. Impacted constraints are listed in the file [.Xil/design_1_wrapper_propImpl.xdc].
Resolution: To avoid this warning, move constraints listed in [.Xil/design_1_wrapper_propImpl.xdc] to another XDC file and exclude this new file from synthesis with the used_in_synthesis property (File Properties dialog in GUI) and re-run elaboration/synthesis.
Parsing XDC File [E:/XilinxPrj/AXU2CG/course_64b/course_s2/22_ad7606_sg_dma_dp/vivado/dma_ad.srcs/constrs_1/new/system.xdc]
Finished Parsing XDC File [E:/XilinxPrj/AXU2CG/course_64b/course_s2/22_ad7606_sg_dma_dp/vivado/dma_ad.srcs/constrs_1/new/system.xdc]
Parsing XDC File [E:/XilinxPrj/AXU2CG/course_64b/course_s2/22_ad7606_sg_dma_dp/vivado/dma_ad.runs/synth_1/dont_touch.xdc]
Finished Parsing XDC File [E:/XilinxPrj/AXU2CG/course_64b/course_s2/22_ad7606_sg_dma_dp/vivado/dma_ad.runs/synth_1/dont_touch.xdc]
Completed Processing XDC Constraints

Netlist sorting complete. Time (s): cpu = 00:00:00 ; elapsed = 00:00:00 . Memory (MB): peak = 1629.980 ; gain = 0.000
INFO: [Project 1-111] Unisim Transformation Summary:
No Unisim elements were transformed.

Constraint Validation Runtime : Time (s): cpu = 00:00:00 ; elapsed = 00:00:00.005 . Memory (MB): peak = 1629.980 ; gain = 0.000
---------------------------------------------------------------------------------
Finished Constraint Validation : Time (s): cpu = 00:00:13 ; elapsed = 00:00:14 . Memory (MB): peak = 1629.980 ; gain = 216.375
---------------------------------------------------------------------------------
---------------------------------------------------------------------------------
Start Loading Part and Timing Information
---------------------------------------------------------------------------------
Loading part: xczu2cg-sfvc784-1-i
INFO: [Synth 8-6742] Reading net delay rules and data
---------------------------------------------------------------------------------
Finished Loading Part and Timing Information : Time (s): cpu = 00:00:13 ; elapsed = 00:00:14 . Memory (MB): peak = 1629.980 ; gain = 216.375
---------------------------------------------------------------------------------
---------------------------------------------------------------------------------
Start Applying 'set_property' XDC Constraints
---------------------------------------------------------------------------------
Applied set_property DONT_TOUCH = true for design_1_i. (constraint file  auto generated constraint, line ).
Applied set_property DONT_TOUCH = true for design_1_i/zynq_ultra_ps_e_0. (constraint file  auto generated constraint, line ).
Applied set_property DONT_TOUCH = true for design_1_i/ad7606_sample_0. (constraint file  auto generated constraint, line ).
Applied set_property DONT_TOUCH = true for design_1_i/axi_dma_0. (constraint file  auto generated constraint, line ).
Applied set_property DONT_TOUCH = true for design_1_i/axi_interconnect_0/xbar. (constraint file  auto generated constraint, line ).
Applied set_property DONT_TOUCH = true for design_1_i/axi_interconnect_0/s00_couplers/auto_us. (constraint file  auto generated constraint, line ).
Applied set_property DONT_TOUCH = true for design_1_i/axi_interconnect_0/s01_couplers/auto_us. (constraint file  auto generated constraint, line ).
Applied set_property DONT_TOUCH = true for design_1_i/axi_interconnect_0. (constraint file  auto generated constraint, line ).
Applied set_property DONT_TOUCH = true for design_1_i/axis_register_slice_0. (constraint file  auto generated constraint, line ).
Applied set_property DONT_TOUCH = true for design_1_i/dac_50M_reset. (constraint file  auto generated constraint, line ).
Applied set_property DONT_TOUCH = true for design_1_i/ps8_0_axi_periph/xbar. (constraint file  auto generated constraint, line ).
Applied set_property DONT_TOUCH = true for design_1_i/ps8_0_axi_periph/s00_couplers/auto_pc. (constraint file  auto generated constraint, line ).
Applied set_property DONT_TOUCH = true for design_1_i/ps8_0_axi_periph. (constraint file  auto generated constraint, line ).
Applied set_property DONT_TOUCH = true for design_1_i/rst_ps8_0_149M. (constraint file  auto generated constraint, line ).
---------------------------------------------------------------------------------
Finished applying 'set_property' XDC Constraints : Time (s): cpu = 00:00:13 ; elapsed = 00:00:14 . Memory (MB): peak = 1629.980 ; gain = 216.375
---------------------------------------------------------------------------------
---------------------------------------------------------------------------------
Finished RTL Optimization Phase 2 : Time (s): cpu = 00:00:14 ; elapsed = 00:00:14 . Memory (MB): peak = 1629.980 ; gain = 216.375
---------------------------------------------------------------------------------
---------------------------------------------------------------------------------
Start RTL Component Statistics 
---------------------------------------------------------------------------------
Detailed RTL Component Info : 
---------------------------------------------------------------------------------
Finished RTL Component Statistics 
---------------------------------------------------------------------------------
---------------------------------------------------------------------------------
Start Part Resource Summary
---------------------------------------------------------------------------------
Part Resources:
DSPs: 240 (col length:72)
BRAMs: 300 (col length: RAMB18 72 RAMB36 36)
---------------------------------------------------------------------------------
Finished Part Resource Summary
---------------------------------------------------------------------------------
---------------------------------------------------------------------------------
Start Cross Boundary and Area Optimization
---------------------------------------------------------------------------------
---------------------------------------------------------------------------------
Finished Cross Boundary and Area Optimization : Time (s): cpu = 00:00:15 ; elapsed = 00:00:15 . Memory (MB): peak = 1629.980 ; gain = 216.375
---------------------------------------------------------------------------------
---------------------------------------------------------------------------------
Start Applying XDC Timing Constraints
---------------------------------------------------------------------------------
---------------------------------------------------------------------------------
Finished Applying XDC Timing Constraints : Time (s): cpu = 00:00:25 ; elapsed = 00:00:26 . Memory (MB): peak = 2269.473 ; gain = 855.867
---------------------------------------------------------------------------------
---------------------------------------------------------------------------------
Start Timing Optimization
---------------------------------------------------------------------------------
---------------------------------------------------------------------------------
Finished Timing Optimization : Time (s): cpu = 00:00:25 ; elapsed = 00:00:26 . Memory (MB): peak = 2269.695 ; gain = 856.090
---------------------------------------------------------------------------------
---------------------------------------------------------------------------------
Start Technology Mapping
---------------------------------------------------------------------------------
---------------------------------------------------------------------------------
Finished Technology Mapping : Time (s): cpu = 00:00:25 ; elapsed = 00:00:26 . Memory (MB): peak = 2289.320 ; gain = 875.715
---------------------------------------------------------------------------------
---------------------------------------------------------------------------------
Start IO Insertion
---------------------------------------------------------------------------------
---------------------------------------------------------------------------------
Start Flattening Before IO Insertion
---------------------------------------------------------------------------------
---------------------------------------------------------------------------------
Finished Flattening Before IO Insertion
---------------------------------------------------------------------------------
---------------------------------------------------------------------------------
Start Final Netlist Cleanup
---------------------------------------------------------------------------------
---------------------------------------------------------------------------------
Finished Final Netlist Cleanup
---------------------------------------------------------------------------------
---------------------------------------------------------------------------------
Finished IO Insertion : Time (s): cpu = 00:00:30 ; elapsed = 00:00:31 . Memory (MB): peak = 2295.105 ; gain = 881.500
---------------------------------------------------------------------------------
---------------------------------------------------------------------------------
Start Renaming Generated Instances
---------------------------------------------------------------------------------
---------------------------------------------------------------------------------
Finished Renaming Generated Instances : Time (s): cpu = 00:00:30 ; elapsed = 00:00:31 . Memory (MB): peak = 2295.105 ; gain = 881.500
---------------------------------------------------------------------------------
---------------------------------------------------------------------------------
Start Rebuilding User Hierarchy
---------------------------------------------------------------------------------
---------------------------------------------------------------------------------
Finished Rebuilding User Hierarchy : Time (s): cpu = 00:00:30 ; elapsed = 00:00:31 . Memory (MB): peak = 2295.105 ; gain = 881.500
---------------------------------------------------------------------------------
---------------------------------------------------------------------------------
Start Renaming Generated Ports
---------------------------------------------------------------------------------
---------------------------------------------------------------------------------
Finished Renaming Generated Ports : Time (s): cpu = 00:00:30 ; elapsed = 00:00:31 . Memory (MB): peak = 2295.105 ; gain = 881.500
---------------------------------------------------------------------------------
---------------------------------------------------------------------------------
Start Handling Custom Attributes
---------------------------------------------------------------------------------
---------------------------------------------------------------------------------
Finished Handling Custom Attributes : Time (s): cpu = 00:00:30 ; elapsed = 00:00:31 . Memory (MB): peak = 2295.105 ; gain = 881.500
---------------------------------------------------------------------------------
---------------------------------------------------------------------------------
Start Renaming Generated Nets
---------------------------------------------------------------------------------
---------------------------------------------------------------------------------
Finished Renaming Generated Nets : Time (s): cpu = 00:00:30 ; elapsed = 00:00:31 . Memory (MB): peak = 2295.105 ; gain = 881.500
---------------------------------------------------------------------------------
---------------------------------------------------------------------------------
Start Writing Synthesis Report
---------------------------------------------------------------------------------

Report BlackBoxes: 
+------+---------------------------------+----------+
|      |BlackBox name                    |Instances |
+------+---------------------------------+----------+
|1     |design_1_xbar_0                  |         1|
|2     |design_1_auto_us_0               |         1|
|3     |design_1_auto_us_1               |         1|
|4     |design_1_xbar_1                  |         1|
|5     |design_1_auto_pc_0               |         1|
|6     |design_1_ad7606_sample_0_0       |         1|
|7     |design_1_axi_dma_0_0             |         1|
|8     |design_1_axis_register_slice_0_0 |         1|
|9     |design_1_dac_50M_reset_0         |         1|
|10    |design_1_rst_ps8_0_149M_0        |         1|
|11    |design_1_zynq_ultra_ps_e_0_0     |         1|
+------+---------------------------------+----------+

Report Cell Usage: 
+------+-------------------------------+------+
|      |Cell                           |Count |
+------+-------------------------------+------+
|1     |design_1_ad7606_sample_0       |     1|
|2     |design_1_auto_pc               |     1|
|3     |design_1_auto_us               |     2|
|5     |design_1_axi_dma_0             |     1|
|6     |design_1_axis_register_slice_0 |     1|
|7     |design_1_dac_50M_reset         |     1|
|8     |design_1_rst_ps8_0_149M        |     1|
|9     |design_1_xbar                  |     2|
|11    |design_1_zynq_ultra_ps_e_0     |     1|
|12    |IBUF                           |    18|
|13    |OBUF                           |     7|
+------+-------------------------------+------+
---------------------------------------------------------------------------------
Finished Writing Synthesis Report : Time (s): cpu = 00:00:30 ; elapsed = 00:00:31 . Memory (MB): peak = 2295.105 ; gain = 881.500
---------------------------------------------------------------------------------
Synthesis finished with 0 errors, 0 critical warnings and 0 warnings.
Synthesis Optimization Runtime : Time (s): cpu = 00:00:20 ; elapsed = 00:00:26 . Memory (MB): peak = 2295.105 ; gain = 817.359
Synthesis Optimization Complete : Time (s): cpu = 00:00:30 ; elapsed = 00:00:31 . Memory (MB): peak = 2295.105 ; gain = 881.500
INFO: [Project 1-571] Translating synthesized netlist
Netlist sorting complete. Time (s): cpu = 00:00:00 ; elapsed = 00:00:00.061 . Memory (MB): peak = 2307.152 ; gain = 0.000
INFO: [Netlist 29-17] Analyzing 18 Unisim elements for replacement
INFO: [Netlist 29-28] Unisim Transformation completed in 0 CPU seconds
INFO: [Project 1-570] Preparing netlist for logic optimization
INFO: [Opt 31-138] Pushed 0 inverter(s) to 0 load pin(s).
Netlist sorting complete. Time (s): cpu = 00:00:00 ; elapsed = 00:00:00 . Memory (MB): peak = 2328.945 ; gain = 0.000
INFO: [Project 1-111] Unisim Transformation Summary:
  A total of 18 instances were transformed.
  IBUF => IBUF (IBUFCTRL, INBUF): 18 instances

INFO: [Common 17-83] Releasing license: Synthesis
61 Infos, 31 Warnings, 0 Critical Warnings and 0 Errors encountered.
synth_design completed successfully
synth_design: Time (s): cpu = 00:00:39 ; elapsed = 00:00:42 . Memory (MB): peak = 2328.945 ; gain = 1257.402
INFO: [Common 17-1381] The checkpoint 'E:/XilinxPrj/AXU2CG/course_64b/course_s2/22_ad7606_sg_dma_dp/vivado/dma_ad.runs/synth_1/design_1_wrapper.dcp' has been generated.
INFO: [runtcl-4] Executing : report_utilization -file design_1_wrapper_utilization_synth.rpt -pb design_1_wrapper_utilization_synth.pb
INFO: [Common 17-206] Exiting Vivado at Fri Nov 13 11:51:44 2020...
